2021-05-17 21:59:11 : POST /member/loginInfo HTTP/1.1
Host: api.pandalive.co.kr
Connection: keep-alive
Content-Length: 675
sec-ch-ua: " Not A;Brand";v="99", "Chromium";v="90", "Google Chrome";v="90"
Accept: application/json, text/javascript, */*; q=0.01
sec-ch-ua-mobile: ?0
User-Agent: Mozilla/5.0 (Windows NT 10.0; Win64; x64) AppleWebKit/537.36 (KHTML, like Gecko) Chrome/90.0.4430.212 Safari/537.36
Content-Type: application/x-www-form-urlencoded; charset=UTF-8
Origin: https://www.pandalive.co.kr
Sec-Fetch-Site: same-site
Sec-Fetch-Mode: cors
Sec-Fetch-Dest: empty
Referer: https://www.pandalive.co.kr/
Accept-Encoding: gzip, deflate, br
Accept-Language: en-US,en;q=0.9
Cookie: sessKey=1763d7d283502993c1ee65ab014b978b73eeaed794eb39155269a433a46b7fb8; 3be3f8e358abbf54cec643229de77fc9e4f3f0bbc9b171580d45d13aaa374c16=LQgGDIV8qebntdAG6fplisjpzD%2FJjfRc0k4rRf%2BEZAul6Q0flEAu8W8XYiQYyesFdf40VclWfrSWQWaBRKKBYMQ9b5Y1Xmf3UwbrLnlFMhXdRLiObphuL%2BwdaEj%2FU3%2FFRetLvQ8hUD%2BNfC1X1oHup0Xh2FPe7o6tjgT0bVOYuyZOqHxRUn%2FOOdKqJYHhpCfj; partner=pandatv; userReferer=https%3A%2F%2Fwww.pandalive.co.kr%2Fmember%2Flogin; _ga_W91XDLC3YE=GS1.1.1621256349.1.0.1621256349.0; _ga=GA1.1.380515039.1621256350; _gcl_au=1.1.1832161944.1621256350

_i3nY6v7ot9WIAugPuZ6Pj3WlOU=_beHAYZpERF1Dexri4cIRn3TDqQMsaF7gfwZUndAPWBQpNtlxREia9kaS7dBDocPlayUwRDAFykrBvt6HnCTwJ2wkBy6HOgUQ8cPoIZTLrQnx8EE6ClcJhpQWvbBgrTWRBIDezkdMGpLQocFZqQKtax7PzkXSvoQIWcDw7SKtaw7PTgWQucSIABBcYSnlr2K2SkZw7pUE82Qp7TLlu165fxa1vdTxWbTp7SPtu2i2ixoPndOpWbDZ7tnV8E9yyxaynoMI7bTkmQRp8EGcykcBvtNHGYWlOU&Yt40SkS4eFP1sNLe4Dna=1621256349&AYohuyc98ugPuZ6Pj3WlOU=2ce94997850d6c12d0e40c0a9a74159c6505d501f35938493498ba9eb4413cb8&yQv1sB81otLfILAZU_XYXoaA=1763d7d283502993c1ee65ab014b978b73eeaed794eb39155269a433a46b7fb8&o3GVexFtLZADj4Idn1w0S34Bzo=398d456a2aec1c50470cab66390782422ada05b293439174f31da90ea252a438&YtK1kkS4aBf-Yxfc4Dna=webPc&y6RycBO1oZLfADX_9tKZXoaA=1.0.0
2021-05-17 21:59:14 : POST /member/login HTTP/1.1
Host: api.pandalive.co.kr
Connection: keep-alive
Content-Length: 783
sec-ch-ua: " Not A;Brand";v="99", "Chromium";v="90", "Google Chrome";v="90"
Accept: application/json, text/javascript, */*; q=0.01
sec-ch-ua-mobile: ?0
User-Agent: Mozilla/5.0 (Windows NT 10.0; Win64; x64) AppleWebKit/537.36 (KHTML, like Gecko) Chrome/90.0.4430.212 Safari/537.36
Content-Type: application/x-www-form-urlencoded; charset=UTF-8
Origin: https://www.pandalive.co.kr
Sec-Fetch-Site: same-site
Sec-Fetch-Mode: cors
Sec-Fetch-Dest: empty
Referer: https://www.pandalive.co.kr/
Accept-Encoding: gzip, deflate, br
Accept-Language: en-US,en;q=0.9
Cookie: sessKey=1763d7d283502993c1ee65ab014b978b73eeaed794eb39155269a433a46b7fb8; 3be3f8e358abbf54cec643229de77fc9e4f3f0bbc9b171580d45d13aaa374c16=LQgGDIV8qebntdAG6fplisjpzD%2FJjfRc0k4rRf%2BEZAul6Q0flEAu8W8XYiQYyesFdf40VclWfrSWQWaBRKKBYMQ9b5Y1Xmf3UwbrLnlFMhXdRLiObphuL%2BwdaEj%2FU3%2FFRetLvQ8hUD%2BNfC1X1oHup0Xh2FPe7o6tjgT0bVOYuyZOqHxRUn%2FOOdKqJYHhpCfj; partner=pandatv; userReferer=https%3A%2F%2Fwww.pandalive.co.kr%2Fmember%2Flogin; _ga_W91XDLC3YE=GS1.1.1621256349.1.0.1621256349.0; _ga=GA1.1.380515039.1621256350; _gcl_au=1.1.1832161944.1621256350; _ga_NGSHFJTQS1=GS1.1.1621256349.1.0.1621256349.0; appier_utmz=%7B%22csr%22%3A%22www.pandalive.co.kr%22%2C%22timestamp%22%3A1621256351%7D; _atrk_siteuid=FvsNJYApKKF8fSt5; _atrk_ssid=beWiAZ05DIEnVze0FvjSJn; _atrk_sessidx=1; appier_pv_counterPageView_fc1d=0; appier_page_isView_PageView_fc1d=1aa2f1a20984838737334bf0f37dd45a0236416bd2a1b7090bfd524ea7d546a6; appier_pv_counterViewTwoPages_a9a9=0; appier_page_isView_ViewTwoPages_a9a9=1aa2f1a20984838737334bf0f37dd45a0236416bd2a1b7090bfd524ea7d546a6; _wp_uid=1-0d1f45e6e73a0436cc49ed2acece3ba8-s1621256372.291294|windows_10|chrome-1n74zl1; iUUID=328ceb7ae16904eafb9437764fa423e1; innity.dmp.806.sess=1.1621256351320.1621256351320.1621256351320; innity.dmp.806.sess.id=128681486.806.1621256351320; innity.dmp.cks.appxs=1; innity.dmp.cks.innity=1

29X__Q4yowex4Bzo=dada5850&2wqZ_Q4yowex4Bzo=wnstjr123&AYUcv2W9f-yi4dNLpZWlOU=off&o36w9w_N3d85AZ_Q4yowex4Bzo=&_i3nY6v7ot9WIAugPuZ6Pj3WlOU=_beHAYZpERF1Dexri4cIRn3TDqQMsaF7gfwZUndAPWBQpNtlxREia9kaS7dBDocPlayUwRDAFykrBvt6HnCTwJ2wkBy6HOgUQ8cPoIZTLrQnx8EE6ClcJhpQWvbBgrTWRBIDezkdMGpLQocFZqQKtax7PzkXSvoQIWcDw7SKtaw7PTgWQucSIABBcYSnlr2K2SkZw7pUE82Qp7TLlu165fxa1vdTxWbTp7SPtu2i2ixoPndOpWbDZ7tnV8E9yyxaynoMI7bTkmQRp8EGcykcBvtNHGYWlOU&Yt40SkS4eFP1sNLe4Dna=1621256354&AYohuyc98ugPuZ6Pj3WlOU=2ce94997850d6c12d0e40c0a9a74159c6505d501f35938493498ba9eb4413cb8&yQv1sB81otLfILAZU_XYXoaA=1763d7d283502993c1ee65ab014b978b73eeaed794eb39155269a433a46b7fb8&o3GVexFtLZADj4Idn1w0S34Bzo=398d456a2aec1c50470cab66390782422ada05b293439174f31da90ea252a438&YtK1kkS4aBf-Yxfc4Dna=webPc&y6RycBO1oZLfADX_9tKZXoaA=1.0.0
2021-05-17 21:59:17 : POST /member/loginInfo HTTP/1.1
Host: api.pandalive.co.kr
Connection: keep-alive
Content-Length: 647
sec-ch-ua: " Not A;Brand";v="99", "Chromium";v="90", "Google Chrome";v="90"
Accept: application/json, text/javascript, */*; q=0.01
sec-ch-ua-mobile: ?0
User-Agent: Mozilla/5.0 (Windows NT 10.0; Win64; x64) AppleWebKit/537.36 (KHTML, like Gecko) Chrome/90.0.4430.212 Safari/537.36
Content-Type: application/x-www-form-urlencoded; charset=UTF-8
Origin: https://www.pandalive.co.kr
Sec-Fetch-Site: same-site
Sec-Fetch-Mode: cors
Sec-Fetch-Dest: empty
Referer: https://www.pandalive.co.kr/
Accept-Encoding: gzip, deflate, br
Accept-Language: en-US,en;q=0.9
Cookie: sessKey=1763d7d283502993c1ee65ab014b978b73eeaed794eb39155269a433a46b7fb8; partner=pandatv; _ga=GA1.1.380515039.1621256350; _gcl_au=1.1.1832161944.1621256350; appier_utmz=%7B%22csr%22%3A%22www.pandalive.co.kr%22%2C%22timestamp%22%3A1621256351%7D; _atrk_siteuid=FvsNJYApKKF8fSt5; _atrk_ssid=beWiAZ05DIEnVze0FvjSJn; _atrk_sessidx=1; appier_pv_counterPageView_fc1d=0; appier_page_isView_PageView_fc1d=1aa2f1a20984838737334bf0f37dd45a0236416bd2a1b7090bfd524ea7d546a6; appier_pv_counterViewTwoPages_a9a9=0; appier_page_isView_ViewTwoPages_a9a9=1aa2f1a20984838737334bf0f37dd45a0236416bd2a1b7090bfd524ea7d546a6; _wp_uid=1-0d1f45e6e73a0436cc49ed2acece3ba8-s1621256372.291294|windows_10|chrome-1n74zl1; iUUID=328ceb7ae16904eafb9437764fa423e1; innity.dmp.806.sess.id=128681486.806.1621256351320; innity.dmp.cks.appxs=1; innity.dmp.cks.innity=1; userLoginIdx=12836893; userLoginYN=Y; userLoginSaveYN=N; 3be3f8e358abbf54cec643229de77fc9e4f3f0bbc9b171580d45d13aaa374c16=FnC0KZf%2FUTX8Q0cN3SlAXEQYq6yow4KUag6yz9bnspq6qWH%2Fx5ivQqEARPfrPwnEL7LyLUCSoUZKUaFQ3KBnhwkKFivXMelrCTCVE0%2BWjTJVe9%2Fsdy7KDOvdHaEa%2B3VWIdjOolq5vo5rCJ0VcGDv7T5A4ocgztgoavEYmAJqyvfbC%2Fqf%2FbpHMGHZXwNcwjWR; userReferer=https%3A%2F%2Fwww.pandalive.co.kr%2F; _ga_W91XDLC3YE=GS1.1.1621256349.1.1.1621256356.0; _ga_NGSHFJTQS1=GS1.1.1621256349.1.1.1621256356.0; innity.dmp.806.sess=2.1621256351320.1621256351320.1621256357182

_i3nY6v7ot9WIAugPuZ6Pj3WlOU=NOgeFUtVIvyTLrQwwuDHcfxdw7cPAobUl7tVoOEhgPxaMvcOEX1U2qZO18IkejwrFWtR9Y2RU4yPs7C76v2ktTtHIGcEgqsMZrEEiilf9Go7l8eMhOsW18Ikez1rFooSE8BAg7SodrEkez2rFWtTIA18gntNxREhaiwVyvpQ6Wc6kqyUkrCjafxsx4cOx82717TWkrEFefwZy7cALh2C97To1rDhxSkp2GcO2hBEgrTWpCIDgSkXyvpOl8eDhb3XoaA&Yt40SkS4eFP1sNLe4Dna=1621256357&AYohuyc98ugPuZ6Pj3WlOU=4cdad63cc4f088f33087cac5115e7c356423102a606a658057f095c474eebbbd&yQv1sB81otLfILAZU_XYXoaA=1763d7d283502993c1ee65ab014b978b73eeaed794eb39155269a433a46b7fb8&o3GVexFtLZADj4Idn1w0S34Bzo=e64e4ad435e99b8c189a42ab067b6e715801667b9518dc9a676dd2315d4c267f&YtK1kkS4aBf-Yxfc4Dna=webPc&y6RycBO1oZLfADX_9tKZXoaA=1.0.0
2021-05-17 21:59:17 : POST /live/cache HTTP/1.1
Host: api.pandalive.co.kr
Connection: keep-alive
Content-Length: 898
sec-ch-ua: " Not A;Brand";v="99", "Chromium";v="90", "Google Chrome";v="90"
Accept: application/json, text/javascript, */*; q=0.01
sec-ch-ua-mobile: ?0
User-Agent: Mozilla/5.0 (Windows NT 10.0; Win64; x64) AppleWebKit/537.36 (KHTML, like Gecko) Chrome/90.0.4430.212 Safari/537.36
Content-Type: application/x-www-form-urlencoded; charset=UTF-8
Origin: https://www.pandalive.co.kr
Sec-Fetch-Site: same-site
Sec-Fetch-Mode: cors
Sec-Fetch-Dest: empty
Referer: https://www.pandalive.co.kr/
Accept-Encoding: gzip, deflate, br
Accept-Language: en-US,en;q=0.9
Cookie: sessKey=1763d7d283502993c1ee65ab014b978b73eeaed794eb39155269a433a46b7fb8; partner=pandatv; _ga=GA1.1.380515039.1621256350; _gcl_au=1.1.1832161944.1621256350; appier_utmz=%7B%22csr%22%3A%22www.pandalive.co.kr%22%2C%22timestamp%22%3A1621256351%7D; _atrk_siteuid=FvsNJYApKKF8fSt5; _atrk_ssid=beWiAZ05DIEnVze0FvjSJn; _atrk_sessidx=1; appier_pv_counterPageView_fc1d=0; appier_page_isView_PageView_fc1d=1aa2f1a20984838737334bf0f37dd45a0236416bd2a1b7090bfd524ea7d546a6; appier_pv_counterViewTwoPages_a9a9=0; appier_page_isView_ViewTwoPages_a9a9=1aa2f1a20984838737334bf0f37dd45a0236416bd2a1b7090bfd524ea7d546a6; _wp_uid=1-0d1f45e6e73a0436cc49ed2acece3ba8-s1621256372.291294|windows_10|chrome-1n74zl1; iUUID=328ceb7ae16904eafb9437764fa423e1; innity.dmp.806.sess.id=128681486.806.1621256351320; innity.dmp.cks.appxs=1; innity.dmp.cks.innity=1; userLoginIdx=12836893; userLoginYN=Y; userLoginSaveYN=N; 3be3f8e358abbf54cec643229de77fc9e4f3f0bbc9b171580d45d13aaa374c16=FnC0KZf%2FUTX8Q0cN3SlAXEQYq6yow4KUag6yz9bnspq6qWH%2Fx5ivQqEARPfrPwnEL7LyLUCSoUZKUaFQ3KBnhwkKFivXMelrCTCVE0%2BWjTJVe9%2Fsdy7KDOvdHaEa%2B3VWIdjOolq5vo5rCJ0VcGDv7T5A4ocgztgoavEYmAJqyvfbC%2Fqf%2FbpHMGHZXwNcwjWR; userReferer=https%3A%2F%2Fwww.pandalive.co.kr%2F; _ga_W91XDLC3YE=GS1.1.1621256349.1.1.1621256356.0; _ga_NGSHFJTQS1=GS1.1.1621256349.1.1.1621256356.0; innity.dmp.806.sess=2.1621256351320.1621256351320.1621256357182

NgxdaEY0ZX2DdK1XoaA=rankingLive1&Y6K2VQRw0MfwbPfZ4Dna=224&AYNUR1c5v-yi4dNLpZWlOU=126&PL2SAuzDQgv_a4_EcI4Nln1wgRx4Bzo=20&H5XAgw1OdK1zAu2GFv1uthl=ou76P0eRWn7_AeJZqSKtq27PzkUQo_7dGB8kqtMtrEG2ikUQWc7dGB8kqtMtrEG2ikUQhc7dnc5gO2WF7IFiSgUQhZ7dncDDqQRsNv4Bzo&_i3nY6v7ot9WIAugPuZ6Pj3WlOU=NOgeFUtVIvyTLrQwwuDHcfxdw7cPAobUl7tVoOEhgPxaMvcOEX1U2qZO18IkejwrFWtR9Y2RU4yPs7C76v2ktTtHIGcEgqsMZrEEiilf9Go7l8eMhOsW18Ikez1rFooSE8BAg7SodrEkez2rFWtTIA18gntNxREhaiwVyvpQ6Wc6kqyUkrCjafxsx4cOx82717TWkrEFefwZy7cALh2C97To1rDhxSkp2GcO2hBEgrTWpCIDgSkXyvpOl8eDhb3XoaA&Yt40SkS4eFP1sNLe4Dna=1621256357&AYohuyc98ugPuZ6Pj3WlOU=4cdad63cc4f088f33087cac5115e7c356423102a606a658057f095c474eebbbd&yQv1sB81otLfILAZU_XYXoaA=1763d7d283502993c1ee65ab014b978b73eeaed794eb39155269a433a46b7fb8&o3GVexFtLZADj4Idn1w0S34Bzo=e64e4ad435e99b8c189a42ab067b6e715801667b9518dc9a676dd2315d4c267f&YtK1kkS4aBf-Yxfc4Dna=webPc&y6RycBO1oZLfADX_9tKZXoaA=1.0.0
2021-05-17 21:59:17 : POST https://api.pandalive.co.kr/live/cache HTTP/1.1
NgxdaEY0ZX2DdK1XoaA=rankingLive1&Y6K2VQRw0MfwbPfZ4Dna=224&AYNUR1c5v-yi4dNLpZWlOU=126&PL2SAuzDQgv_a4_EcI4Nln1wgRx4Bzo=20&H5XAgw1OdK1zAu2GFv1uthl=ou76P0eRWn7_AeJZqSKtq27PzkUQo_7dGB8kqtMtrEG2ikUQWc7dGB8kqtMtrEG2ikUQhc7dnc5gO2WF7IFiSgUQhZ7dncDDqQRsNv4Bzo&_i3nY6v7ot9WIAugPuZ6Pj3WlOU=NOgeFUtVIvyTLrQwwuDHcfxdw7cPAobUl7tVoOEhgPxaMvcOEX1U2qZO18IkejwrFWtR9Y2RU4yPs7C76v2ktTtHIGcEgqsMZrEEiilf9Go7l8eMhOsW18Ikez1rFooSE8BAg7SodrEkez2rFWtTIA18gntNxREhaiwVyvpQ6Wc6kqyUkrCjafxsx4cOx82717TWkrEFefwZy7cALh2C97To1rDhxSkp2GcO2hBEgrTWpCIDgSkXyvpOl8eDhb3XoaA&Yt40SkS4eFP1sNLe4Dna=1621256357&AYohuyc98ugPuZ6Pj3WlOU=4cdad63cc4f088f33087cac5115e7c356423102a606a658057f095c474eebbbd&yQv1sB81otLfILAZU_XYXoaA=1763d7d283502993c1ee65ab014b978b73eeaed794eb39155269a433a46b7fb8&o3GVexFtLZADj4Idn1w0S34Bzo=e64e4ad435e99b8c189a42ab067b6e715801667b9518dc9a676dd2315d4c267f&YtK1kkS4aBf-Yxfc4Dna=webPc&y6RycBO1oZLfADX_9tKZXoaA=1.0.0
2021-05-17 21:59:18 : POST /live/cache HTTP/1.1
Host: api.pandalive.co.kr
Connection: keep-alive
Content-Length: 896
sec-ch-ua: " Not A;Brand";v="99", "Chromium";v="90", "Google Chrome";v="90"
Accept: application/json, text/javascript, */*; q=0.01
sec-ch-ua-mobile: ?0
User-Agent: Mozilla/5.0 (Windows NT 10.0; Win64; x64) AppleWebKit/537.36 (KHTML, like Gecko) Chrome/90.0.4430.212 Safari/537.36
Content-Type: application/x-www-form-urlencoded; charset=UTF-8
Origin: https://www.pandalive.co.kr
Sec-Fetch-Site: same-site
Sec-Fetch-Mode: cors
Sec-Fetch-Dest: empty
Referer: https://www.pandalive.co.kr/
Accept-Encoding: gzip, deflate, br
Accept-Language: en-US,en;q=0.9
Cookie: sessKey=1763d7d283502993c1ee65ab014b978b73eeaed794eb39155269a433a46b7fb8; partner=pandatv; _ga=GA1.1.380515039.1621256350; _gcl_au=1.1.1832161944.1621256350; appier_utmz=%7B%22csr%22%3A%22www.pandalive.co.kr%22%2C%22timestamp%22%3A1621256351%7D; _atrk_siteuid=FvsNJYApKKF8fSt5; _atrk_ssid=beWiAZ05DIEnVze0FvjSJn; _atrk_sessidx=1; appier_pv_counterPageView_fc1d=0; appier_page_isView_PageView_fc1d=1aa2f1a20984838737334bf0f37dd45a0236416bd2a1b7090bfd524ea7d546a6; appier_pv_counterViewTwoPages_a9a9=0; appier_page_isView_ViewTwoPages_a9a9=1aa2f1a20984838737334bf0f37dd45a0236416bd2a1b7090bfd524ea7d546a6; _wp_uid=1-0d1f45e6e73a0436cc49ed2acece3ba8-s1621256372.291294|windows_10|chrome-1n74zl1; iUUID=328ceb7ae16904eafb9437764fa423e1; innity.dmp.806.sess.id=128681486.806.1621256351320; innity.dmp.cks.appxs=1; innity.dmp.cks.innity=1; userLoginIdx=12836893; userLoginYN=Y; userLoginSaveYN=N; 3be3f8e358abbf54cec643229de77fc9e4f3f0bbc9b171580d45d13aaa374c16=FnC0KZf%2FUTX8Q0cN3SlAXEQYq6yow4KUag6yz9bnspq6qWH%2Fx5ivQqEARPfrPwnEL7LyLUCSoUZKUaFQ3KBnhwkKFivXMelrCTCVE0%2BWjTJVe9%2Fsdy7KDOvdHaEa%2B3VWIdjOolq5vo5rCJ0VcGDv7T5A4ocgztgoavEYmAJqyvfbC%2Fqf%2FbpHMGHZXwNcwjWR; userReferer=https%3A%2F%2Fwww.pandalive.co.kr%2F; _ga_W91XDLC3YE=GS1.1.1621256349.1.1.1621256356.0; _ga_NGSHFJTQS1=GS1.1.1621256349.1.1.1621256356.0; innity.dmp.806.sess=2.1621256351320.1621256351320.1621256357182

NgxdaEY0ZX2DdK1XoaA=mainLive&Y6K2VQRw0MfwbPfZ4Dna=224&AYNUR1c5v-yi4dNLpZWlOU=126&PL2SAuzDQgv_a4_EcI4Nln1wgRx4Bzo=15&H5XAgw1OdK1zAu2GFv1uthl=mDjxfmutVIvzTLOSKtaw7PTgdMGpLI7bTZmQRZODh2ilbOvpRM8bTwnQR18C7jPgh1noO2WBDcqSmx8C7aPghw7pVIv2TL8tON8IDDD3uthl&_i3nY6v7ot9WIAugPuZ6Pj3WlOU=NOgeFUtVIvyTLrQwwuDHcfxdw7cPAobUl7tVoOEhgPxaMvcOEX1U2qZO18IkejwrFWtR9Y2RU4yPs7C76v2ktTtHIGcEgqsMZrEEiilf9Go7l8eMhOsW18Ikez1rFooSE8BAg7SodrEkez2rFWtTIA18gntNxREhaiwVyvpQ6Wc6kqyUkrCjafxsx4cOx82717TWkrEFefwZy7cALh2C97To1rDhxSkp2GcO2hBEgrTWpCIDgSkXyvpOl8eDhb3XoaA&Yt40SkS4eFP1sNLe4Dna=1621256357&AYohuyc98ugPuZ6Pj3WlOU=4cdad63cc4f088f33087cac5115e7c356423102a606a658057f095c474eebbbd&yQv1sB81otLfILAZU_XYXoaA=1763d7d283502993c1ee65ab014b978b73eeaed794eb39155269a433a46b7fb8&o3GVexFtLZADj4Idn1w0S34Bzo=e64e4ad435e99b8c189a42ab067b6e715801667b9518dc9a676dd2315d4c267f&YtK1kkS4aBf-Yxfc4Dna=webPc&y6RycBO1oZLfADX_9tKZXoaA=1.0.0
2021-05-17 21:59:18 : POST https://api.pandalive.co.kr/live/cache HTTP/1.1
NgxdaEY0ZX2DdK1XoaA=mainLive&Y6K2VQRw0MfwbPfZ4Dna=224&AYNUR1c5v-yi4dNLpZWlOU=126&PL2SAuzDQgv_a4_EcI4Nln1wgRx4Bzo=15&H5XAgw1OdK1zAu2GFv1uthl=mDjxfmutVIvzTLOSKtaw7PTgdMGpLI7bTZmQRZODh2ilbOvpRM8bTwnQR18C7jPgh1noO2WBDcqSmx8C7aPghw7pVIv2TL8tON8IDDD3uthl&_i3nY6v7ot9WIAugPuZ6Pj3WlOU=NOgeFUtVIvyTLrQwwuDHcfxdw7cPAobUl7tVoOEhgPxaMvcOEX1U2qZO18IkejwrFWtR9Y2RU4yPs7C76v2ktTtHIGcEgqsMZrEEiilf9Go7l8eMhOsW18Ikez1rFooSE8BAg7SodrEkez2rFWtTIA18gntNxREhaiwVyvpQ6Wc6kqyUkrCjafxsx4cOx82717TWkrEFefwZy7cALh2C97To1rDhxSkp2GcO2hBEgrTWpCIDgSkXyvpOl8eDhb3XoaA&Yt40SkS4eFP1sNLe4Dna=1621256357&AYohuyc98ugPuZ6Pj3WlOU=4cdad63cc4f088f33087cac5115e7c356423102a606a658057f095c474eebbbd&yQv1sB81otLfILAZU_XYXoaA=1763d7d283502993c1ee65ab014b978b73eeaed794eb39155269a433a46b7fb8&o3GVexFtLZADj4Idn1w0S34Bzo=e64e4ad435e99b8c189a42ab067b6e715801667b9518dc9a676dd2315d4c267f&YtK1kkS4aBf-Yxfc4Dna=webPc&y6RycBO1oZLfADX_9tKZXoaA=1.0.0
