2021-05-17 19:58:50 : POST /member/loginInfo HTTP/1.1
Host: api.pandalive.co.kr
Connection: keep-alive
Content-Length: 676
sec-ch-ua: " Not A;Brand";v="99", "Chromium";v="90", "Google Chrome";v="90"
Accept: application/json, text/javascript, */*; q=0.01
sec-ch-ua-mobile: ?0
User-Agent: Mozilla/5.0 (Windows NT 10.0; Win64; x64) AppleWebKit/537.36 (KHTML, like Gecko) Chrome/90.0.4430.212 Safari/537.36
Content-Type: application/x-www-form-urlencoded; charset=UTF-8
Origin: https://www.pandalive.co.kr
Sec-Fetch-Site: same-site
Sec-Fetch-Mode: cors
Sec-Fetch-Dest: empty
Referer: https://www.pandalive.co.kr/
Accept-Encoding: gzip, deflate, br
Accept-Language: en-US,en;q=0.9
Cookie: sessKey=361ee8550819b8755b52b23892b278bca318681d83779be14b36dc5b9ea88a21; 3be3f8e358abbf54cec643229de77fc9e4f3f0bbc9b171580d45d13aaa374c16=XnmRsU%2BPeTiPulr547ZMjFsKbddc0XGXY5xyYieCSJRDN4VyBkrslm6qrNSAZvnDpM0d8NAgm7UlTPJzLm7JTVTN1avpG%2B5cPlPWgyVGjbfW31QAsQ5DJqR4cBzHvLz1TJguzMStM5psUp%2Bp4NQRBpB7cwWTS%2BBWUOCnUiVMJ3o%3D; partner=pandatv; userReferer=https%3A%2F%2Fwww.pandalive.co.kr%2Fmember%2Flogin; _ga_W91XDLC3YE=GS1.1.1621249129.1.0.1621249129.0; _ga=GA1.1.14456943.1621249130; _gcl_au=1.1.1878892174.1621249130; _ga_NGSHFJTQS1=GS1.1.1621249129.1.0.1621249129.0

_i3nY6v7ot9WIAugPuZ6Pj3WlOU=mDT0k2m_HRn3DtnyQguyfPQgUQ8Y7d7eUd4tNpu1F6ix_UGn6DWBRlaSnxB1hiSxaS4c6w81EZqQKtq27PTgYV3d9VX2FhrTWhewcBOghQopMI8CA17Sq1rDEVylrBvtEHnCTZNSP1bEFiykdMvtVInZTLbtNxrCHeikby7pVInyTLrQOtr2JxiwoavdQEp19kqyNxr17UClXSGn9Lob957SnxR27wClbQupUthcDgnSMtuDiZymra7pTQWBA57ZUw8DheTmrSTtHx8B6g7tkN8IGDD3uthl&Yt40SkS4eFP1sNLe4Dna=1621249130&AYohuyc98ugPuZ6Pj3WlOU=9419b533bcc95109828f74941d17a171dd28fa620c72900175d11a4a5dd3b9c5&yQv1sB81otLfILAZU_XYXoaA=361ee8550819b8755b52b23892b278bca318681d83779be14b36dc5b9ea88a21&o3GVexFtLZADj4Idn1w0S34Bzo=ecbf718a83f19f78a82605c4703acb3d780607950f8bbc516f0dfec9eee52c95&YtK1kkS4aBf-Yxfc4Dna=webPc&y6RycBO1oZLfADX_9tKZXoaA=1.0.0
2021-05-17 19:58:54 : POST /member/login HTTP/1.1
Host: api.pandalive.co.kr
Connection: keep-alive
Content-Length: 784
sec-ch-ua: " Not A;Brand";v="99", "Chromium";v="90", "Google Chrome";v="90"
Accept: application/json, text/javascript, */*; q=0.01
sec-ch-ua-mobile: ?0
User-Agent: Mozilla/5.0 (Windows NT 10.0; Win64; x64) AppleWebKit/537.36 (KHTML, like Gecko) Chrome/90.0.4430.212 Safari/537.36
Content-Type: application/x-www-form-urlencoded; charset=UTF-8
Origin: https://www.pandalive.co.kr
Sec-Fetch-Site: same-site
Sec-Fetch-Mode: cors
Sec-Fetch-Dest: empty
Referer: https://www.pandalive.co.kr/
Accept-Encoding: gzip, deflate, br
Accept-Language: en-US,en;q=0.9
Cookie: sessKey=361ee8550819b8755b52b23892b278bca318681d83779be14b36dc5b9ea88a21; 3be3f8e358abbf54cec643229de77fc9e4f3f0bbc9b171580d45d13aaa374c16=XnmRsU%2BPeTiPulr547ZMjFsKbddc0XGXY5xyYieCSJRDN4VyBkrslm6qrNSAZvnDpM0d8NAgm7UlTPJzLm7JTVTN1avpG%2B5cPlPWgyVGjbfW31QAsQ5DJqR4cBzHvLz1TJguzMStM5psUp%2Bp4NQRBpB7cwWTS%2BBWUOCnUiVMJ3o%3D; partner=pandatv; userReferer=https%3A%2F%2Fwww.pandalive.co.kr%2Fmember%2Flogin; _ga_W91XDLC3YE=GS1.1.1621249129.1.0.1621249129.0; _ga=GA1.1.14456943.1621249130; _gcl_au=1.1.1878892174.1621249130; _ga_NGSHFJTQS1=GS1.1.1621249129.1.0.1621249129.0; appier_utmz=%7B%22csr%22%3A%22www.pandalive.co.kr%22%2C%22timestamp%22%3A1621249131%7D; _atrk_siteuid=NqDPh4AvzN3WcTxr; _atrk_ssid=hwincYUuZZstl5wtbRkaBK; _atrk_sessidx=1; appier_pv_counterPageView_fc1d=0; appier_page_isView_PageView_fc1d=1aa2f1a20984838737334bf0f37dd45a0236416bd2a1b7090bfd524ea7d546a6; appier_pv_counterViewTwoPages_a9a9=0; appier_page_isView_ViewTwoPages_a9a9=1aa2f1a20984838737334bf0f37dd45a0236416bd2a1b7090bfd524ea7d546a6; _wp_uid=1-e9b8f37c090b577322998fe2d6548c4d-s1621249149.562550|windows_10|chrome-p6lm0a; iUUID=aa7080b83713979cb2d4680b82dd1df6; innity.dmp.806.sess=1.1621249131477.1621249131477.1621249131477; innity.dmp.806.sess.id=8455333.806.1621249131477; innity.dmp.cks.appxs=1; innity.dmp.cks.innity=1

29X__Q4yowex4Bzo=dada5850&2wqZ_Q4yowex4Bzo=wnstjr123&AYUcv2W9f-yi4dNLpZWlOU=off&o36w9w_N3d85AZ_Q4yowex4Bzo=&_i3nY6v7ot9WIAugPuZ6Pj3WlOU=mDT0k2m_HRn3DtnyQguyfPQgUQ8Y7d7eUd4tNpu1F6ix_UGn6DWBRlaSnxB1hiSxaS4c6w81EZqQKtq27PTgYV3d9VX2FhrTWhewcBOghQopMI8CA17Sq1rDEVylrBvtEHnCTZNSP1bEFiykdMvtVInZTLbtNxrCHeikby7pVInyTLrQOtr2JxiwoavdQEp19kqyNxr17UClXSGn9Lob957SnxR27wClbQupUthcDgnSMtuDiZymra7pTQWBA57ZUw8DheTmrSTtHx8B6g7tkN8IGDD3uthl&Yt40SkS4eFP1sNLe4Dna=1621249134&AYohuyc98ugPuZ6Pj3WlOU=9419b533bcc95109828f74941d17a171dd28fa620c72900175d11a4a5dd3b9c5&yQv1sB81otLfILAZU_XYXoaA=361ee8550819b8755b52b23892b278bca318681d83779be14b36dc5b9ea88a21&o3GVexFtLZADj4Idn1w0S34Bzo=ecbf718a83f19f78a82605c4703acb3d780607950f8bbc516f0dfec9eee52c95&YtK1kkS4aBf-Yxfc4Dna=webPc&y6RycBO1oZLfADX_9tKZXoaA=1.0.0
2021-05-17 19:58:57 : POST /member/loginInfo HTTP/1.1
Host: api.pandalive.co.kr
Connection: keep-alive
Content-Length: 651
sec-ch-ua: " Not A;Brand";v="99", "Chromium";v="90", "Google Chrome";v="90"
Accept: application/json, text/javascript, */*; q=0.01
sec-ch-ua-mobile: ?0
User-Agent: Mozilla/5.0 (Windows NT 10.0; Win64; x64) AppleWebKit/537.36 (KHTML, like Gecko) Chrome/90.0.4430.212 Safari/537.36
Content-Type: application/x-www-form-urlencoded; charset=UTF-8
Origin: https://www.pandalive.co.kr
Sec-Fetch-Site: same-site
Sec-Fetch-Mode: cors
Sec-Fetch-Dest: empty
Referer: https://www.pandalive.co.kr/
Accept-Encoding: gzip, deflate, br
Accept-Language: en-US,en;q=0.9
Cookie: sessKey=361ee8550819b8755b52b23892b278bca318681d83779be14b36dc5b9ea88a21; partner=pandatv; _ga=GA1.1.14456943.1621249130; _gcl_au=1.1.1878892174.1621249130; appier_utmz=%7B%22csr%22%3A%22www.pandalive.co.kr%22%2C%22timestamp%22%3A1621249131%7D; _atrk_siteuid=NqDPh4AvzN3WcTxr; _atrk_ssid=hwincYUuZZstl5wtbRkaBK; _atrk_sessidx=1; appier_pv_counterPageView_fc1d=0; appier_page_isView_PageView_fc1d=1aa2f1a20984838737334bf0f37dd45a0236416bd2a1b7090bfd524ea7d546a6; appier_pv_counterViewTwoPages_a9a9=0; appier_page_isView_ViewTwoPages_a9a9=1aa2f1a20984838737334bf0f37dd45a0236416bd2a1b7090bfd524ea7d546a6; _wp_uid=1-e9b8f37c090b577322998fe2d6548c4d-s1621249149.562550|windows_10|chrome-p6lm0a; iUUID=aa7080b83713979cb2d4680b82dd1df6; innity.dmp.806.sess.id=8455333.806.1621249131477; innity.dmp.cks.appxs=1; innity.dmp.cks.innity=1; userLoginIdx=12836893; userLoginYN=Y; userLoginSaveYN=N; 3be3f8e358abbf54cec643229de77fc9e4f3f0bbc9b171580d45d13aaa374c16=QtVFue4BNP9B34fg2KPm0E6kBkGZwz8XNVzlpPIEWGsG2X0CVbEEMbvS6IPqnevO5kauagDsk%2BaJ7w2YHuek3C9sqjtKVTOSHj8qm0SVqBhyeMzcZvJEKZCqeQ3TyxZMQ9D7%2Bc7aV%2F6CUHWKIQK3yieQu1q2WyzmzEfyPm5faP6ZRBTGurRHmZqa%2FkwdLeTX; userReferer=https%3A%2F%2Fwww.pandalive.co.kr%2F; _ga_NGSHFJTQS1=GS1.1.1621249129.1.1.1621249135.0; _ga_W91XDLC3YE=GS1.1.1621249129.1.1.1621249135.0; innity.dmp.806.sess=2.1621249131477.1621249131477.1621249136815

_i3nY6v7ot9WIAugPuZ6Pj3WlOU=HTtKdae5g82WF7I6Ffl_S4cL6W1BoNTworD9BCkaOucOQ81Ck4ZwY81giSgUQ8d7d7e9p3yV6u2FDTmrwfYEDbeJgbSOt8FiZikfM7oJpoBTDqQSsaF7iykdMvtVInZTLOtMxrCHeikby7pVInyTLrQOtr2JxiwoavdQEp19kqyNxr17UClXSGn9Lob957SnxR27wClbQupUthcDgnSMtuDiZymra7pTQWBA57ZUw8DheTmrSTtHAWb7ZNTNN8IGDD3uthl&Yt40SkS4eFP1sNLe4Dna=1621249136&AYohuyc98ugPuZ6Pj3WlOU=1bf009b82767dcc5162cd046068713335af09f631ebfc05810d7e292a266e266&yQv1sB81otLfILAZU_XYXoaA=361ee8550819b8755b52b23892b278bca318681d83779be14b36dc5b9ea88a21&o3GVexFtLZADj4Idn1w0S34Bzo=bae6c41e807eb949f18a05d854f012dd008bd3d51466eb1cb48a3dd9f19dcfde&YtK1kkS4aBf-Yxfc4Dna=webPc&y6RycBO1oZLfADX_9tKZXoaA=1.0.0
2021-05-17 19:58:57 : POST /live/cache HTTP/1.1
Host: api.pandalive.co.kr
Connection: keep-alive
Content-Length: 908
sec-ch-ua: " Not A;Brand";v="99", "Chromium";v="90", "Google Chrome";v="90"
Accept: application/json, text/javascript, */*; q=0.01
sec-ch-ua-mobile: ?0
User-Agent: Mozilla/5.0 (Windows NT 10.0; Win64; x64) AppleWebKit/537.36 (KHTML, like Gecko) Chrome/90.0.4430.212 Safari/537.36
Content-Type: application/x-www-form-urlencoded; charset=UTF-8
Origin: https://www.pandalive.co.kr
Sec-Fetch-Site: same-site
Sec-Fetch-Mode: cors
Sec-Fetch-Dest: empty
Referer: https://www.pandalive.co.kr/
Accept-Encoding: gzip, deflate, br
Accept-Language: en-US,en;q=0.9
Cookie: sessKey=361ee8550819b8755b52b23892b278bca318681d83779be14b36dc5b9ea88a21; partner=pandatv; _ga=GA1.1.14456943.1621249130; _gcl_au=1.1.1878892174.1621249130; appier_utmz=%7B%22csr%22%3A%22www.pandalive.co.kr%22%2C%22timestamp%22%3A1621249131%7D; _atrk_siteuid=NqDPh4AvzN3WcTxr; _atrk_ssid=hwincYUuZZstl5wtbRkaBK; _atrk_sessidx=1; appier_pv_counterPageView_fc1d=0; appier_page_isView_PageView_fc1d=1aa2f1a20984838737334bf0f37dd45a0236416bd2a1b7090bfd524ea7d546a6; appier_pv_counterViewTwoPages_a9a9=0; appier_page_isView_ViewTwoPages_a9a9=1aa2f1a20984838737334bf0f37dd45a0236416bd2a1b7090bfd524ea7d546a6; _wp_uid=1-e9b8f37c090b577322998fe2d6548c4d-s1621249149.562550|windows_10|chrome-p6lm0a; iUUID=aa7080b83713979cb2d4680b82dd1df6; innity.dmp.806.sess.id=8455333.806.1621249131477; innity.dmp.cks.appxs=1; innity.dmp.cks.innity=1; userLoginIdx=12836893; userLoginYN=Y; userLoginSaveYN=N; 3be3f8e358abbf54cec643229de77fc9e4f3f0bbc9b171580d45d13aaa374c16=QtVFue4BNP9B34fg2KPm0E6kBkGZwz8XNVzlpPIEWGsG2X0CVbEEMbvS6IPqnevO5kauagDsk%2BaJ7w2YHuek3C9sqjtKVTOSHj8qm0SVqBhyeMzcZvJEKZCqeQ3TyxZMQ9D7%2Bc7aV%2F6CUHWKIQK3yieQu1q2WyzmzEfyPm5faP6ZRBTGurRHmZqa%2FkwdLeTX; userReferer=https%3A%2F%2Fwww.pandalive.co.kr%2F; _ga_NGSHFJTQS1=GS1.1.1621249129.1.1.1621249135.0; _ga_W91XDLC3YE=GS1.1.1621249129.1.1.1621249135.0; innity.dmp.806.sess=2.1621249131477.1621249131477.1621249136815

NgxdaEY0ZX2DdK1XoaA=rankingLive1&Y6K2VQRw0MfwbPfZ4Dna=224&AYNUR1c5v-yi4dNLpZWlOU=126&PL2SAuzDQgv_a4_EcI4Nln1wgRx4Bzo=20&H5XAgw1OdK1zAu2GFv1uthl=RV7oMpoBDcqSmx8C7aPghU7oMpoBDcqSmx8C72PghQ8cJRAe5g80WFaEkeD0rFWtLQocFZNSPt7C7iOghMvpVIv2TLOSKtaw7PzkbBvtHHGYWlOU&_i3nY6v7ot9WIAugPuZ6Pj3WlOU=HTtKdae5g82WF7I6Ffl_S4cL6W1BoNTworD9BCkaOucOQ81Ck4ZwY81giSgUQ8d7d7e9p3yV6u2FDTmrwfYEDbeJgbSOt8FiZikfM7oJpoBTDqQSsaF7iykdMvtVInZTLOtMxrCHeikby7pVInyTLrQOtr2JxiwoavdQEp19kqyNxr17UClXSGn9Lob957SnxR27wClbQupUthcDgnSMtuDiZymra7pTQWBA57ZUw8DheTmrSTtHAWb7ZNTNN8IGDD3uthl&Yt40SkS4eFP1sNLe4Dna=1621249136&AYohuyc98ugPuZ6Pj3WlOU=1bf009b82767dcc5162cd046068713335af09f631ebfc05810d7e292a266e266&yQv1sB81otLfILAZU_XYXoaA=361ee8550819b8755b52b23892b278bca318681d83779be14b36dc5b9ea88a21&o3GVexFtLZADj4Idn1w0S34Bzo=bae6c41e807eb949f18a05d854f012dd008bd3d51466eb1cb48a3dd9f19dcfde&YtK1kkS4aBf-Yxfc4Dna=webPc&y6RycBO1oZLfADX_9tKZXoaA=1.0.0
2021-05-17 19:58:57 : POST https://api.pandalive.co.kr/live/cache HTTP/1.1
NgxdaEY0ZX2DdK1XoaA=rankingLive1&Y6K2VQRw0MfwbPfZ4Dna=224&AYNUR1c5v-yi4dNLpZWlOU=126&PL2SAuzDQgv_a4_EcI4Nln1wgRx4Bzo=20&H5XAgw1OdK1zAu2GFv1uthl=RV7oMpoBDcqSmx8C7aPghU7oMpoBDcqSmx8C72PghQ8cJRAe5g80WFaEkeD0rFWtLQocFZNSPt7C7iOghMvpVIv2TLOSKtaw7PzkbBvtHHGYWlOU&_i3nY6v7ot9WIAugPuZ6Pj3WlOU=HTtKdae5g82WF7I6Ffl_S4cL6W1BoNTworD9BCkaOucOQ81Ck4ZwY81giSgUQ8d7d7e9p3yV6u2FDTmrwfYEDbeJgbSOt8FiZikfM7oJpoBTDqQSsaF7iykdMvtVInZTLOtMxrCHeikby7pVInyTLrQOtr2JxiwoavdQEp19kqyNxr17UClXSGn9Lob957SnxR27wClbQupUthcDgnSMtuDiZymra7pTQWBA57ZUw8DheTmrSTtHAWb7ZNTNN8IGDD3uthl&Yt40SkS4eFP1sNLe4Dna=1621249136&AYohuyc98ugPuZ6Pj3WlOU=1bf009b82767dcc5162cd046068713335af09f631ebfc05810d7e292a266e266&yQv1sB81otLfILAZU_XYXoaA=361ee8550819b8755b52b23892b278bca318681d83779be14b36dc5b9ea88a21&o3GVexFtLZADj4Idn1w0S34Bzo=bae6c41e807eb949f18a05d854f012dd008bd3d51466eb1cb48a3dd9f19dcfde&YtK1kkS4aBf-Yxfc4Dna=webPc&y6RycBO1oZLfADX_9tKZXoaA=1.0.0
2021-05-17 19:58:57 : POST /live/cache HTTP/1.1
Host: api.pandalive.co.kr
Connection: keep-alive
Content-Length: 903
sec-ch-ua: " Not A;Brand";v="99", "Chromium";v="90", "Google Chrome";v="90"
Accept: application/json, text/javascript, */*; q=0.01
sec-ch-ua-mobile: ?0
User-Agent: Mozilla/5.0 (Windows NT 10.0; Win64; x64) AppleWebKit/537.36 (KHTML, like Gecko) Chrome/90.0.4430.212 Safari/537.36
Content-Type: application/x-www-form-urlencoded; charset=UTF-8
Origin: https://www.pandalive.co.kr
Sec-Fetch-Site: same-site
Sec-Fetch-Mode: cors
Sec-Fetch-Dest: empty
Referer: https://www.pandalive.co.kr/
Accept-Encoding: gzip, deflate, br
Accept-Language: en-US,en;q=0.9
Cookie: sessKey=361ee8550819b8755b52b23892b278bca318681d83779be14b36dc5b9ea88a21; partner=pandatv; _ga=GA1.1.14456943.1621249130; _gcl_au=1.1.1878892174.1621249130; appier_utmz=%7B%22csr%22%3A%22www.pandalive.co.kr%22%2C%22timestamp%22%3A1621249131%7D; _atrk_siteuid=NqDPh4AvzN3WcTxr; _atrk_ssid=hwincYUuZZstl5wtbRkaBK; _atrk_sessidx=1; appier_pv_counterPageView_fc1d=0; appier_page_isView_PageView_fc1d=1aa2f1a20984838737334bf0f37dd45a0236416bd2a1b7090bfd524ea7d546a6; appier_pv_counterViewTwoPages_a9a9=0; appier_page_isView_ViewTwoPages_a9a9=1aa2f1a20984838737334bf0f37dd45a0236416bd2a1b7090bfd524ea7d546a6; _wp_uid=1-e9b8f37c090b577322998fe2d6548c4d-s1621249149.562550|windows_10|chrome-p6lm0a; iUUID=aa7080b83713979cb2d4680b82dd1df6; innity.dmp.806.sess.id=8455333.806.1621249131477; innity.dmp.cks.appxs=1; innity.dmp.cks.innity=1; userLoginIdx=12836893; userLoginYN=Y; userLoginSaveYN=N; 3be3f8e358abbf54cec643229de77fc9e4f3f0bbc9b171580d45d13aaa374c16=QtVFue4BNP9B34fg2KPm0E6kBkGZwz8XNVzlpPIEWGsG2X0CVbEEMbvS6IPqnevO5kauagDsk%2BaJ7w2YHuek3C9sqjtKVTOSHj8qm0SVqBhyeMzcZvJEKZCqeQ3TyxZMQ9D7%2Bc7aV%2F6CUHWKIQK3yieQu1q2WyzmzEfyPm5faP6ZRBTGurRHmZqa%2FkwdLeTX; userReferer=https%3A%2F%2Fwww.pandalive.co.kr%2F; _ga_NGSHFJTQS1=GS1.1.1621249129.1.1.1621249135.0; _ga_W91XDLC3YE=GS1.1.1621249129.1.1.1621249135.0; innity.dmp.806.sess=2.1621249131477.1621249131477.1621249136815

NgxdaEY0ZX2DdK1XoaA=mainLive&Y6K2VQRw0MfwbPfZ4Dna=224&AYNUR1c5v-yi4dNLpZWlOU=126&PL2SAuzDQgv_a4_EcI4Nln1wgRx4Bzo=15&H5XAgw1OdK1zAu2GFv1uthl=PJSKtNy7PzkUQhY7dnBAc7TNtrEG2ikUQWc7d7eFZNSP1bE7tSgdRhqQM8bTLnQRtq1EIPgUQ8_7dnBAc7TNtrEG2ikUQhc7dvBEDqQwsNv4Bzo&_i3nY6v7ot9WIAugPuZ6Pj3WlOU=HTtKdae5g82WF7I6Ffl_S4cL6W1BoNTworD9BCkaOucOQ81Ck4ZwY81giSgUQ8d7d7e9p3yV6u2FDTmrwfYEDbeJgbSOt8FiZikfM7oJpoBTDqQSsaF7iykdMvtVInZTLOtMxrCHeikby7pVInyTLrQOtr2JxiwoavdQEp19kqyNxr17UClXSGn9Lob957SnxR27wClbQupUthcDgnSMtuDiZymra7pTQWBA57ZUw8DheTmrSTtHAWb7ZNTNN8IGDD3uthl&Yt40SkS4eFP1sNLe4Dna=1621249136&AYohuyc98ugPuZ6Pj3WlOU=1bf009b82767dcc5162cd046068713335af09f631ebfc05810d7e292a266e266&yQv1sB81otLfILAZU_XYXoaA=361ee8550819b8755b52b23892b278bca318681d83779be14b36dc5b9ea88a21&o3GVexFtLZADj4Idn1w0S34Bzo=bae6c41e807eb949f18a05d854f012dd008bd3d51466eb1cb48a3dd9f19dcfde&YtK1kkS4aBf-Yxfc4Dna=webPc&y6RycBO1oZLfADX_9tKZXoaA=1.0.0
2021-05-17 19:58:57 : POST https://api.pandalive.co.kr/live/cache HTTP/1.1
NgxdaEY0ZX2DdK1XoaA=mainLive&Y6K2VQRw0MfwbPfZ4Dna=224&AYNUR1c5v-yi4dNLpZWlOU=126&PL2SAuzDQgv_a4_EcI4Nln1wgRx4Bzo=15&H5XAgw1OdK1zAu2GFv1uthl=PJSKtNy7PzkUQhY7dnBAc7TNtrEG2ikUQWc7d7eFZNSP1bE7tSgdRhqQM8bTLnQRtq1EIPgUQ8_7dnBAc7TNtrEG2ikUQhc7dvBEDqQwsNv4Bzo&_i3nY6v7ot9WIAugPuZ6Pj3WlOU=HTtKdae5g82WF7I6Ffl_S4cL6W1BoNTworD9BCkaOucOQ81Ck4ZwY81giSgUQ8d7d7e9p3yV6u2FDTmrwfYEDbeJgbSOt8FiZikfM7oJpoBTDqQSsaF7iykdMvtVInZTLOtMxrCHeikby7pVInyTLrQOtr2JxiwoavdQEp19kqyNxr17UClXSGn9Lob957SnxR27wClbQupUthcDgnSMtuDiZymra7pTQWBA57ZUw8DheTmrSTtHAWb7ZNTNN8IGDD3uthl&Yt40SkS4eFP1sNLe4Dna=1621249136&AYohuyc98ugPuZ6Pj3WlOU=1bf009b82767dcc5162cd046068713335af09f631ebfc05810d7e292a266e266&yQv1sB81otLfILAZU_XYXoaA=361ee8550819b8755b52b23892b278bca318681d83779be14b36dc5b9ea88a21&o3GVexFtLZADj4Idn1w0S34Bzo=bae6c41e807eb949f18a05d854f012dd008bd3d51466eb1cb48a3dd9f19dcfde&YtK1kkS4aBf-Yxfc4Dna=webPc&y6RycBO1oZLfADX_9tKZXoaA=1.0.0
