2021-05-17 22:25:56 : POST /member/loginInfo HTTP/1.1
Host: api.pandalive.co.kr
Connection: keep-alive
Content-Length: 676
sec-ch-ua: " Not A;Brand";v="99", "Chromium";v="90", "Google Chrome";v="90"
Accept: application/json, text/javascript, */*; q=0.01
sec-ch-ua-mobile: ?0
User-Agent: Mozilla/5.0 (Windows NT 10.0; Win64; x64) AppleWebKit/537.36 (KHTML, like Gecko) Chrome/90.0.4430.212 Safari/537.36
Content-Type: application/x-www-form-urlencoded; charset=UTF-8
Origin: https://www.pandalive.co.kr
Sec-Fetch-Site: same-site
Sec-Fetch-Mode: cors
Sec-Fetch-Dest: empty
Referer: https://www.pandalive.co.kr/
Accept-Encoding: gzip, deflate, br
Accept-Language: en-US,en;q=0.9
Cookie: sessKey=64b695617bef4f4f4ae965d0cb292b83ec21c33ba31ec79c03c85cf7ca1034cf; 3be3f8e358abbf54cec643229de77fc9e4f3f0bbc9b171580d45d13aaa374c16=HrMveAjBrnjOHBcEUnCAPngIXlL9TrUkMzhQJ4qII8mcqpG5vRG1sW4dTr8VOQOy34MFsKSfxrmV614VxsbZs80z2YMcegOLOvF%2Fad1%2BwNkjwn6xMnG2Iy5%2FG1dP%2B4R9XShML2fLDed8tROWkKsLxFnvfDMvQ586f8%2Fy5q3tstAWzXSdv9KFQctRDAkTo41M; partner=pandatv; userReferer=https%3A%2F%2Fwww.pandalive.co.kr%2Fmember%2Flogin

_i3nY6v7ot9WIAugPuZ6Pj3WlOU=mDT0k2m_HRn3DtnyQguyfPQgUQ8Y7d7eUd4tNpu1F6ix_UGn6DWBRlaSnxB1hiSxaS4c6w81EZqQKtq27PTgYV3d9VX2FhrTWhewcBOghQopMI8CA17Sq1rDEVylrBvtEHnCTZNSP1bEFiykdMvtVInZTLrtLRODieikby7pVInyTLrQuoeDhiikstmoBDXB7kYSPpuCjcfxcS7d7DhcSdqSvgREJePkVQvd8Po1Aw7TUweDA9Sx_y4c7wWc9s7TmteDIeTmrSTtHIWcE1aSkN8IGDD3uthl&Yt40SkS4eFP1sNLe4Dna=1621257955&AYohuyc98ugPuZ6Pj3WlOU=c4b10cd4aae39afc42899b39e293b03d0f4e03c6a61014f7a375f26f6ffa6d57&yQv1sB81otLfILAZU_XYXoaA=64b695617bef4f4f4ae965d0cb292b83ec21c33ba31ec79c03c85cf7ca1034cf&o3GVexFtLZADj4Idn1w0S34Bzo=205a3278be032762d40e70b5255240f5e83335e7b2cb30a4360619a754e7e4a5&YtK1kkS4aBf-Yxfc4Dna=webPc&y6RycBO1oZLfADX_9tKZXoaA=1.0.0
2021-05-17 22:26:01 : POST /member/login HTTP/1.1
Host: api.pandalive.co.kr
Connection: keep-alive
Content-Length: 784
sec-ch-ua: " Not A;Brand";v="99", "Chromium";v="90", "Google Chrome";v="90"
Accept: application/json, text/javascript, */*; q=0.01
sec-ch-ua-mobile: ?0
User-Agent: Mozilla/5.0 (Windows NT 10.0; Win64; x64) AppleWebKit/537.36 (KHTML, like Gecko) Chrome/90.0.4430.212 Safari/537.36
Content-Type: application/x-www-form-urlencoded; charset=UTF-8
Origin: https://www.pandalive.co.kr
Sec-Fetch-Site: same-site
Sec-Fetch-Mode: cors
Sec-Fetch-Dest: empty
Referer: https://www.pandalive.co.kr/
Accept-Encoding: gzip, deflate, br
Accept-Language: en-US,en;q=0.9
Cookie: sessKey=64b695617bef4f4f4ae965d0cb292b83ec21c33ba31ec79c03c85cf7ca1034cf; 3be3f8e358abbf54cec643229de77fc9e4f3f0bbc9b171580d45d13aaa374c16=HrMveAjBrnjOHBcEUnCAPngIXlL9TrUkMzhQJ4qII8mcqpG5vRG1sW4dTr8VOQOy34MFsKSfxrmV614VxsbZs80z2YMcegOLOvF%2Fad1%2BwNkjwn6xMnG2Iy5%2FG1dP%2B4R9XShML2fLDed8tROWkKsLxFnvfDMvQ586f8%2Fy5q3tstAWzXSdv9KFQctRDAkTo41M; partner=pandatv; userReferer=https%3A%2F%2Fwww.pandalive.co.kr%2Fmember%2Flogin; _ga_W91XDLC3YE=GS1.1.1621257956.1.0.1621257956.0; _ga=GA1.1.551906907.1621257956; _gcl_au=1.1.1130896734.1621257956; _ga_NGSHFJTQS1=GS1.1.1621257956.1.0.1621257956.0; appier_utmz=%7B%22csr%22%3A%22www.pandalive.co.kr%22%2C%22timestamp%22%3A1621257957%7D; _atrk_siteuid=iRjEN2rP6bzyGbsR; _atrk_ssid=xFrXgM7UTtTxJJG2AEk6TQ; _atrk_sessidx=1; appier_pv_counterPageView_fc1d=0; appier_page_isView_PageView_fc1d=1aa2f1a20984838737334bf0f37dd45a0236416bd2a1b7090bfd524ea7d546a6; appier_pv_counterViewTwoPages_a9a9=0; appier_page_isView_ViewTwoPages_a9a9=1aa2f1a20984838737334bf0f37dd45a0236416bd2a1b7090bfd524ea7d546a6; _wp_uid=1-02486fe5eee3cb95b4be0e1792d52b58-s1621257978.923296|windows_10|chrome-188hqwn; iUUID=cff9937d48073061e40f7e8ad41a6cc4; innity.dmp.806.sess=1.1621257957622.1621257957622.1621257957622; innity.dmp.806.sess.id=237162962.806.1621257957622; innity.dmp.cks.appxs=1; innity.dmp.cks.innity=1

29X__Q4yowex4Bzo=dada5850&2wqZ_Q4yowex4Bzo=wnstjr123&AYUcv2W9f-yi4dNLpZWlOU=off&o36w9w_N3d85AZ_Q4yowex4Bzo=&_i3nY6v7ot9WIAugPuZ6Pj3WlOU=mDT0k2m_HRn3DtnyQguyfPQgUQ8Y7d7eUd4tNpu1F6ix_UGn6DWBRlaSnxB1hiSxaS4c6w81EZqQKtq27PTgYV3d9VX2FhrTWhewcBOghQopMI8CA17Sq1rDEVylrBvtEHnCTZNSP1bEFiykdMvtVInZTLrtLRODieikby7pVInyTLrQuoeDhiikstmoBDXB7kYSPpuCjcfxcS7d7DhcSdqSvgREJePkVQvd8Po1Aw7TUweDA9Sx_y4c7wWc9s7TmteDIeTmrSTtHIWcE1aSkN8IGDD3uthl&Yt40SkS4eFP1sNLe4Dna=1621257961&AYohuyc98ugPuZ6Pj3WlOU=c4b10cd4aae39afc42899b39e293b03d0f4e03c6a61014f7a375f26f6ffa6d57&yQv1sB81otLfILAZU_XYXoaA=64b695617bef4f4f4ae965d0cb292b83ec21c33ba31ec79c03c85cf7ca1034cf&o3GVexFtLZADj4Idn1w0S34Bzo=205a3278be032762d40e70b5255240f5e83335e7b2cb30a4360619a754e7e4a5&YtK1kkS4aBf-Yxfc4Dna=webPc&y6RycBO1oZLfADX_9tKZXoaA=1.0.0
2021-05-17 22:26:05 : POST /member/loginInfo HTTP/1.1
Host: api.pandalive.co.kr
Connection: keep-alive
Content-Length: 654
sec-ch-ua: " Not A;Brand";v="99", "Chromium";v="90", "Google Chrome";v="90"
Accept: application/json, text/javascript, */*; q=0.01
sec-ch-ua-mobile: ?0
User-Agent: Mozilla/5.0 (Windows NT 10.0; Win64; x64) AppleWebKit/537.36 (KHTML, like Gecko) Chrome/90.0.4430.212 Safari/537.36
Content-Type: application/x-www-form-urlencoded; charset=UTF-8
Origin: https://www.pandalive.co.kr
Sec-Fetch-Site: same-site
Sec-Fetch-Mode: cors
Sec-Fetch-Dest: empty
Referer: https://www.pandalive.co.kr/
Accept-Encoding: gzip, deflate, br
Accept-Language: en-US,en;q=0.9
Cookie: sessKey=64b695617bef4f4f4ae965d0cb292b83ec21c33ba31ec79c03c85cf7ca1034cf; partner=pandatv; _ga=GA1.1.551906907.1621257956; _gcl_au=1.1.1130896734.1621257956; appier_utmz=%7B%22csr%22%3A%22www.pandalive.co.kr%22%2C%22timestamp%22%3A1621257957%7D; _atrk_siteuid=iRjEN2rP6bzyGbsR; _atrk_ssid=xFrXgM7UTtTxJJG2AEk6TQ; _atrk_sessidx=1; appier_pv_counterPageView_fc1d=0; appier_page_isView_PageView_fc1d=1aa2f1a20984838737334bf0f37dd45a0236416bd2a1b7090bfd524ea7d546a6; appier_pv_counterViewTwoPages_a9a9=0; appier_page_isView_ViewTwoPages_a9a9=1aa2f1a20984838737334bf0f37dd45a0236416bd2a1b7090bfd524ea7d546a6; _wp_uid=1-02486fe5eee3cb95b4be0e1792d52b58-s1621257978.923296|windows_10|chrome-188hqwn; iUUID=cff9937d48073061e40f7e8ad41a6cc4; innity.dmp.806.sess.id=237162962.806.1621257957622; innity.dmp.cks.appxs=1; innity.dmp.cks.innity=1; userLoginIdx=12836893; userLoginYN=Y; userLoginSaveYN=N; 3be3f8e358abbf54cec643229de77fc9e4f3f0bbc9b171580d45d13aaa374c16=3MuHZ82zzXnfO9QMsuWGwKbkoadaEMqAeTNDOW956NONuNj3igyXIB%2BP3RQdbCw7oytoVaV0cM%2BRZlcl6bhm3oalMs6RlcaZGfzQsgsSa9hTkAAgtp5NgzrdGafFxFi7Lz56BTFffIaHfKxtAJp2u0%2Bo8UtX4IuanhdEbweNRHFeKAr01h6BVn3G4V0yM1JZ; userReferer=https%3A%2F%2Fwww.pandalive.co.kr%2F; _ga_W91XDLC3YE=GS1.1.1621257956.1.1.1621257962.0; _ga_NGSHFJTQS1=GS1.1.1621257956.1.1.1621257962.0; innity.dmp.806.sess=2.1621257957622.1621257957622.1621257964500

_i3nY6v7ot9WIAugPuZ6Pj3WlOU=ou7jzvrBvtQHnCTc4yMlO2aHiloVGoTMIcAoYSnpr2ABykntndALIBPdNSWN8I6DzjryEY69AzU_mQKtq1HU91rFWtOM8cHsatO7aEiljm_QWn7pAeJgOSP1bEFiSgUQhZ7dnB79atMtrEG2ikUQhY7d7ePlKtn1rE6B9lnt4oTEIcFk4TLpu1gciwrtnp8L8cStYSltBEKeSwqNGcQ2WbQdKtuk81H2fxr27pR6Wb9gKtmt7C7cOgh9npUEoBADqQosNv4Bzo&Yt40SkS4eFP1sNLe4Dna=1621257964&AYohuyc98ugPuZ6Pj3WlOU=0e2cc6355e4ac5e3763832812bbfb38cd765cc0fb8193270eb1480b3eeea8b43&yQv1sB81otLfILAZU_XYXoaA=64b695617bef4f4f4ae965d0cb292b83ec21c33ba31ec79c03c85cf7ca1034cf&o3GVexFtLZADj4Idn1w0S34Bzo=088874dac8c4d714455ab08d67fc3cbc2e4e19e3f3a2089239cde66d13391379&YtK1kkS4aBf-Yxfc4Dna=webPc&y6RycBO1oZLfADX_9tKZXoaA=1.0.0
2021-05-17 22:26:05 : POST /live/cache HTTP/1.1
Host: api.pandalive.co.kr
Connection: keep-alive
Content-Length: 910
sec-ch-ua: " Not A;Brand";v="99", "Chromium";v="90", "Google Chrome";v="90"
Accept: application/json, text/javascript, */*; q=0.01
sec-ch-ua-mobile: ?0
User-Agent: Mozilla/5.0 (Windows NT 10.0; Win64; x64) AppleWebKit/537.36 (KHTML, like Gecko) Chrome/90.0.4430.212 Safari/537.36
Content-Type: application/x-www-form-urlencoded; charset=UTF-8
Origin: https://www.pandalive.co.kr
Sec-Fetch-Site: same-site
Sec-Fetch-Mode: cors
Sec-Fetch-Dest: empty
Referer: https://www.pandalive.co.kr/
Accept-Encoding: gzip, deflate, br
Accept-Language: en-US,en;q=0.9
Cookie: sessKey=64b695617bef4f4f4ae965d0cb292b83ec21c33ba31ec79c03c85cf7ca1034cf; partner=pandatv; _ga=GA1.1.551906907.1621257956; _gcl_au=1.1.1130896734.1621257956; _atrk_siteuid=iRjEN2rP6bzyGbsR; _atrk_ssid=xFrXgM7UTtTxJJG2AEk6TQ; _wp_uid=1-02486fe5eee3cb95b4be0e1792d52b58-s1621257978.923296|windows_10|chrome-188hqwn; iUUID=cff9937d48073061e40f7e8ad41a6cc4; innity.dmp.806.sess.id=237162962.806.1621257957622; innity.dmp.cks.appxs=1; innity.dmp.cks.innity=1; userLoginIdx=12836893; userLoginYN=Y; userLoginSaveYN=N; 3be3f8e358abbf54cec643229de77fc9e4f3f0bbc9b171580d45d13aaa374c16=3MuHZ82zzXnfO9QMsuWGwKbkoadaEMqAeTNDOW956NONuNj3igyXIB%2BP3RQdbCw7oytoVaV0cM%2BRZlcl6bhm3oalMs6RlcaZGfzQsgsSa9hTkAAgtp5NgzrdGafFxFi7Lz56BTFffIaHfKxtAJp2u0%2Bo8UtX4IuanhdEbweNRHFeKAr01h6BVn3G4V0yM1JZ; userReferer=https%3A%2F%2Fwww.pandalive.co.kr%2F; _ga_W91XDLC3YE=GS1.1.1621257956.1.1.1621257962.0; _ga_NGSHFJTQS1=GS1.1.1621257956.1.1.1621257962.0; innity.dmp.806.sess=2.1621257957622.1621257957622.1621257964500; appier_utmz=%7B%22csr%22%3A%22www.pandalive.co.kr%22%2C%22timestamp%22%3A1621257957%2C%22lcsr%22%3A%22www.pandalive.co.kr%22%7D; appier_pv_counterPageView_fc1d=1; appier_page_isView_PageView_fc1d=9055efaad168a7c8a207dc9ba07d25d1e999861da0b3e1bbeeb36fc4ff1b4618; appier_pv_counterViewTwoPages_a9a9=1; appier_page_isView_ViewTwoPages_a9a9=9055efaad168a7c8a207dc9ba07d25d1e999861da0b3e1bbeeb36fc4ff1b4618; _atrk_sessidx=3

NgxdaEY0ZX2DdK1XoaA=rankingLive1&Y6K2VQRw0MfwbPfZ4Dna=224&AYNUR1c5v-yi4dNLpZWlOU=126&PL2SAuzDQgv_a4_EcI4Nln1wgRx4Bzo=20&H5XAgw1OdK1zAu2GFv1uthl=PJSKtNy7PzkUQhY7dncDDqQwsaF7iykdMGpLI7bTZmQRlbCKZilbOvpRM8bTonQR18Ekez0rFWtAVIzTDqQQsaFHximXwvpMI8BEDqQusNv4Bzo&_i3nY6v7ot9WIAugPuZ6Pj3WlOU=ou7jzvrBvtQHnCTc4yMlO2aHiloVGoTMIcAoYSnpr2ABykntndALIBPdNSWN8I6DzjryEY69AzU_mQKtq1HU91rFWtOM8cHsatO7aEiljm_QWn7pAeJgOSP1bEFiSgUQhZ7dnB79atMtrEG2ikUQhY7d7ePlKtn1rE6B9lnt4oTEIcFk4TLpu1gciwrtnp8L8cStYSltBEKeSwqNGcQ2WbQdKtuk81H2fxr27pR6Wb9gKtmt7C7cOgh9npUEoBADqQosNv4Bzo&Yt40SkS4eFP1sNLe4Dna=1621257965&AYohuyc98ugPuZ6Pj3WlOU=0e2cc6355e4ac5e3763832812bbfb38cd765cc0fb8193270eb1480b3eeea8b43&yQv1sB81otLfILAZU_XYXoaA=64b695617bef4f4f4ae965d0cb292b83ec21c33ba31ec79c03c85cf7ca1034cf&o3GVexFtLZADj4Idn1w0S34Bzo=088874dac8c4d714455ab08d67fc3cbc2e4e19e3f3a2089239cde66d13391379&YtK1kkS4aBf-Yxfc4Dna=webPc&y6RycBO1oZLfADX_9tKZXoaA=1.0.0
2021-05-17 22:26:05 : POST https://api.pandalive.co.kr/live/cache HTTP/1.1
NgxdaEY0ZX2DdK1XoaA=rankingLive1&Y6K2VQRw0MfwbPfZ4Dna=224&AYNUR1c5v-yi4dNLpZWlOU=126&PL2SAuzDQgv_a4_EcI4Nln1wgRx4Bzo=20&H5XAgw1OdK1zAu2GFv1uthl=PJSKtNy7PzkUQhY7dncDDqQwsaF7iykdMGpLI7bTZmQRlbCKZilbOvpRM8bTonQR18Ekez0rFWtAVIzTDqQQsaFHximXwvpMI8BEDqQusNv4Bzo&_i3nY6v7ot9WIAugPuZ6Pj3WlOU=ou7jzvrBvtQHnCTc4yMlO2aHiloVGoTMIcAoYSnpr2ABykntndALIBPdNSWN8I6DzjryEY69AzU_mQKtq1HU91rFWtOM8cHsatO7aEiljm_QWn7pAeJgOSP1bEFiSgUQhZ7dnB79atMtrEG2ikUQhY7d7ePlKtn1rE6B9lnt4oTEIcFk4TLpu1gciwrtnp8L8cStYSltBEKeSwqNGcQ2WbQdKtuk81H2fxr27pR6Wb9gKtmt7C7cOgh9npUEoBADqQosNv4Bzo&Yt40SkS4eFP1sNLe4Dna=1621257965&AYohuyc98ugPuZ6Pj3WlOU=0e2cc6355e4ac5e3763832812bbfb38cd765cc0fb8193270eb1480b3eeea8b43&yQv1sB81otLfILAZU_XYXoaA=64b695617bef4f4f4ae965d0cb292b83ec21c33ba31ec79c03c85cf7ca1034cf&o3GVexFtLZADj4Idn1w0S34Bzo=088874dac8c4d714455ab08d67fc3cbc2e4e19e3f3a2089239cde66d13391379&YtK1kkS4aBf-Yxfc4Dna=webPc&y6RycBO1oZLfADX_9tKZXoaA=1.0.0
2021-05-17 22:26:05 : POST /live/cache HTTP/1.1
Host: api.pandalive.co.kr
Connection: keep-alive
Content-Length: 905
sec-ch-ua: " Not A;Brand";v="99", "Chromium";v="90", "Google Chrome";v="90"
Accept: application/json, text/javascript, */*; q=0.01
sec-ch-ua-mobile: ?0
User-Agent: Mozilla/5.0 (Windows NT 10.0; Win64; x64) AppleWebKit/537.36 (KHTML, like Gecko) Chrome/90.0.4430.212 Safari/537.36
Content-Type: application/x-www-form-urlencoded; charset=UTF-8
Origin: https://www.pandalive.co.kr
Sec-Fetch-Site: same-site
Sec-Fetch-Mode: cors
Sec-Fetch-Dest: empty
Referer: https://www.pandalive.co.kr/
Accept-Encoding: gzip, deflate, br
Accept-Language: en-US,en;q=0.9
Cookie: sessKey=64b695617bef4f4f4ae965d0cb292b83ec21c33ba31ec79c03c85cf7ca1034cf; partner=pandatv; _ga=GA1.1.551906907.1621257956; _gcl_au=1.1.1130896734.1621257956; _atrk_siteuid=iRjEN2rP6bzyGbsR; _atrk_ssid=xFrXgM7UTtTxJJG2AEk6TQ; _wp_uid=1-02486fe5eee3cb95b4be0e1792d52b58-s1621257978.923296|windows_10|chrome-188hqwn; iUUID=cff9937d48073061e40f7e8ad41a6cc4; innity.dmp.806.sess.id=237162962.806.1621257957622; innity.dmp.cks.appxs=1; innity.dmp.cks.innity=1; userLoginIdx=12836893; userLoginYN=Y; userLoginSaveYN=N; 3be3f8e358abbf54cec643229de77fc9e4f3f0bbc9b171580d45d13aaa374c16=3MuHZ82zzXnfO9QMsuWGwKbkoadaEMqAeTNDOW956NONuNj3igyXIB%2BP3RQdbCw7oytoVaV0cM%2BRZlcl6bhm3oalMs6RlcaZGfzQsgsSa9hTkAAgtp5NgzrdGafFxFi7Lz56BTFffIaHfKxtAJp2u0%2Bo8UtX4IuanhdEbweNRHFeKAr01h6BVn3G4V0yM1JZ; userReferer=https%3A%2F%2Fwww.pandalive.co.kr%2F; _ga_W91XDLC3YE=GS1.1.1621257956.1.1.1621257962.0; _ga_NGSHFJTQS1=GS1.1.1621257956.1.1.1621257962.0; innity.dmp.806.sess=2.1621257957622.1621257957622.1621257964500; appier_utmz=%7B%22csr%22%3A%22www.pandalive.co.kr%22%2C%22timestamp%22%3A1621257957%2C%22lcsr%22%3A%22www.pandalive.co.kr%22%7D; appier_pv_counterPageView_fc1d=1; appier_page_isView_PageView_fc1d=9055efaad168a7c8a207dc9ba07d25d1e999861da0b3e1bbeeb36fc4ff1b4618; appier_pv_counterViewTwoPages_a9a9=1; appier_page_isView_ViewTwoPages_a9a9=9055efaad168a7c8a207dc9ba07d25d1e999861da0b3e1bbeeb36fc4ff1b4618; _atrk_sessidx=3

NgxdaEY0ZX2DdK1XoaA=mainLive&Y6K2VQRw0MfwbPfZ4Dna=224&AYNUR1c5v-yi4dNLpZWlOU=126&PL2SAuzDQgv_a4_EcI4Nln1wgRx4Bzo=15&H5XAgw1OdK1zAu2GFv1uthl=l4_57nS68cEgqtON8I9DzjdBvtKHnCFDqQNsaFHximXwvpMI8BEDqQusaFigSmrOutHIncFZNSPt7C7iOghQ8cJRAe5g80WFqDgtSghRoX4Dna&_i3nY6v7ot9WIAugPuZ6Pj3WlOU=ou7jzvrBvtQHnCTc4yMlO2aHiloVGoTMIcAoYSnpr2ABykntndALIBPdNSWN8I6DzjryEY69AzU_mQKtq1HU91rFWtOM8cHsatO7aEiljm_QWn7pAeJgOSP1bEFiSgUQhZ7dnB79atMtrEG2ikUQhY7d7ePlKtn1rE6B9lnt4oTEIcFk4TLpu1gciwrtnp8L8cStYSltBEKeSwqNGcQ2WbQdKtuk81H2fxr27pR6Wb9gKtmt7C7cOgh9npUEoBADqQosNv4Bzo&Yt40SkS4eFP1sNLe4Dna=1621257965&AYohuyc98ugPuZ6Pj3WlOU=0e2cc6355e4ac5e3763832812bbfb38cd765cc0fb8193270eb1480b3eeea8b43&yQv1sB81otLfILAZU_XYXoaA=64b695617bef4f4f4ae965d0cb292b83ec21c33ba31ec79c03c85cf7ca1034cf&o3GVexFtLZADj4Idn1w0S34Bzo=088874dac8c4d714455ab08d67fc3cbc2e4e19e3f3a2089239cde66d13391379&YtK1kkS4aBf-Yxfc4Dna=webPc&y6RycBO1oZLfADX_9tKZXoaA=1.0.0
2021-05-17 22:26:05 : POST https://api.pandalive.co.kr/live/cache HTTP/1.1
NgxdaEY0ZX2DdK1XoaA=mainLive&Y6K2VQRw0MfwbPfZ4Dna=224&AYNUR1c5v-yi4dNLpZWlOU=126&PL2SAuzDQgv_a4_EcI4Nln1wgRx4Bzo=15&H5XAgw1OdK1zAu2GFv1uthl=l4_57nS68cEgqtON8I9DzjdBvtKHnCFDqQNsaFHximXwvpMI8BEDqQusaFigSmrOutHIncFZNSPt7C7iOghQ8cJRAe5g80WFqDgtSghRoX4Dna&_i3nY6v7ot9WIAugPuZ6Pj3WlOU=ou7jzvrBvtQHnCTc4yMlO2aHiloVGoTMIcAoYSnpr2ABykntndALIBPdNSWN8I6DzjryEY69AzU_mQKtq1HU91rFWtOM8cHsatO7aEiljm_QWn7pAeJgOSP1bEFiSgUQhZ7dnB79atMtrEG2ikUQhY7d7ePlKtn1rE6B9lnt4oTEIcFk4TLpu1gciwrtnp8L8cStYSltBEKeSwqNGcQ2WbQdKtuk81H2fxr27pR6Wb9gKtmt7C7cOgh9npUEoBADqQosNv4Bzo&Yt40SkS4eFP1sNLe4Dna=1621257965&AYohuyc98ugPuZ6Pj3WlOU=0e2cc6355e4ac5e3763832812bbfb38cd765cc0fb8193270eb1480b3eeea8b43&yQv1sB81otLfILAZU_XYXoaA=64b695617bef4f4f4ae965d0cb292b83ec21c33ba31ec79c03c85cf7ca1034cf&o3GVexFtLZADj4Idn1w0S34Bzo=088874dac8c4d714455ab08d67fc3cbc2e4e19e3f3a2089239cde66d13391379&YtK1kkS4aBf-Yxfc4Dna=webPc&y6RycBO1oZLfADX_9tKZXoaA=1.0.0
