2021-05-24 16:57:59 : POST /member/loginInfo HTTP/1.1
Host: api.pandalive.co.kr
Connection: keep-alive
Content-Length: 664
sec-ch-ua: " Not A;Brand";v="99", "Chromium";v="90", "Google Chrome";v="90"
Accept: application/json, text/javascript, */*; q=0.01
sec-ch-ua-mobile: ?0
User-Agent: Mozilla/5.0 (Windows NT 10.0; Win64; x64) AppleWebKit/537.36 (KHTML, like Gecko) Chrome/90.0.4430.212 Safari/537.36
Content-Type: application/x-www-form-urlencoded; charset=UTF-8
Origin: https://www.pandalive.co.kr
Sec-Fetch-Site: same-site
Sec-Fetch-Mode: cors
Sec-Fetch-Dest: empty
Referer: https://www.pandalive.co.kr/
Accept-Encoding: gzip, deflate, br
Accept-Language: en-US,en;q=0.9
Cookie: sessKey=6cc0a5060ce7c8fae5672f1f85a6d7c258ee591116a02dbbab6c66921a82141c; 3be3f8e358abbf54cec643229de77fc9e4f3f0bbc9b171580d45d13aaa374c16=vyXgxupBoPdPQLsrNZc%2FH9OkuFgGNo0naCFb0pJmt1UD%2FJelocpwPtS1ZIcjJrrpfE4YtKrPVGYTiqcmr7EVb14wi3DFGm59iSSMGamEj3%2FH%2FPjO70yoFCDy0Xd7Lvr3s6GzQbyfSfEQ93EVRjob8eiCBhf6P2XjD%2F%2FoOfTcQw8PeyX2wS%2ByKZqBme8SzeeG; partner=pandatv; userReferer=https%3A%2F%2Fwww.pandalive.co.kr%2Fmember%2Flogin; _ga_W91XDLC3YE=GS1.1.1621843078.1.0.1621843078.0; _ga=GA1.1.659438094.1621843078; _gcl_au=1.1.8506709.1621843078

_i3nY6v7ot9WIAugPuZ6Pj3WlOU=YH7zM2Y0R2a3G5Pwgx4_Kdae5g82WF7I6Ffl_S4cL6W1BoNTworD9BCkaOucOQ81Ck4ZwY81giSgUQ8d7d7e9p3yV6u2FDTmrwfYEDbeJgbSOt8FiZikfM7oJpoBTDqQSsaF7iSgUQhZ7dnc6ZaSNVrEG2ikUQhY7d7eSdNtOtbC6FSkVyvo8182UhnyVsbE61ikcO7nQ6X17sqSvYb1IgflWy4pBHhB9s7ZwceC8yixqNvoL6W2FkYymt7C7cOghSnoLMWB6DqQosNv4Bzo&Yt40SkS4eFP1sNLe4Dna=1621843078&AYohuyc98ugPuZ6Pj3WlOU=30cc354bcf954781ffba33bee50ff9ecf9b1fd581a7dd2fe32a9fc0f08aac18d&yQv1sB81otLfILAZU_XYXoaA=6cc0a5060ce7c8fae5672f1f85a6d7c258ee591116a02dbbab6c66921a82141c&o3GVexFtLZADj4Idn1w0S34Bzo=9f993a2ab575ba917102ccbbfe888559a8e4370186fe261a64b74ecc250b1ab3&YtK1kkS4aBf-Yxfc4Dna=webPc&y6RycBO1oZLfADX_9tKZXoaA=1.0.0
2021-05-24 16:58:03 : POST /member/login HTTP/1.1
Host: api.pandalive.co.kr
Connection: keep-alive
Content-Length: 772
sec-ch-ua: " Not A;Brand";v="99", "Chromium";v="90", "Google Chrome";v="90"
Accept: application/json, text/javascript, */*; q=0.01
sec-ch-ua-mobile: ?0
User-Agent: Mozilla/5.0 (Windows NT 10.0; Win64; x64) AppleWebKit/537.36 (KHTML, like Gecko) Chrome/90.0.4430.212 Safari/537.36
Content-Type: application/x-www-form-urlencoded; charset=UTF-8
Origin: https://www.pandalive.co.kr
Sec-Fetch-Site: same-site
Sec-Fetch-Mode: cors
Sec-Fetch-Dest: empty
Referer: https://www.pandalive.co.kr/
Accept-Encoding: gzip, deflate, br
Accept-Language: en-US,en;q=0.9
Cookie: sessKey=6cc0a5060ce7c8fae5672f1f85a6d7c258ee591116a02dbbab6c66921a82141c; 3be3f8e358abbf54cec643229de77fc9e4f3f0bbc9b171580d45d13aaa374c16=vyXgxupBoPdPQLsrNZc%2FH9OkuFgGNo0naCFb0pJmt1UD%2FJelocpwPtS1ZIcjJrrpfE4YtKrPVGYTiqcmr7EVb14wi3DFGm59iSSMGamEj3%2FH%2FPjO70yoFCDy0Xd7Lvr3s6GzQbyfSfEQ93EVRjob8eiCBhf6P2XjD%2F%2FoOfTcQw8PeyX2wS%2ByKZqBme8SzeeG; partner=pandatv; userReferer=https%3A%2F%2Fwww.pandalive.co.kr%2Fmember%2Flogin; _ga_W91XDLC3YE=GS1.1.1621843078.1.0.1621843078.0; _ga=GA1.1.659438094.1621843078; _gcl_au=1.1.8506709.1621843078; _ga_NGSHFJTQS1=GS1.1.1621843078.1.0.1621843078.0; appier_utmz=%7B%22csr%22%3A%22www.pandalive.co.kr%22%2C%22timestamp%22%3A1621843079%7D; _atrk_siteuid=m2Nk6c7ysv9eiPqZ; _atrk_ssid=a4UTkg904FCkq0zC7t2wRn; _atrk_sessidx=1; appier_pv_counterPageView_fc1d=0; appier_page_isView_PageView_fc1d=1aa2f1a20984838737334bf0f37dd45a0236416bd2a1b7090bfd524ea7d546a6; appier_pv_counterViewTwoPages_a9a9=0; appier_page_isView_ViewTwoPages_a9a9=1aa2f1a20984838737334bf0f37dd45a0236416bd2a1b7090bfd524ea7d546a6; iUUID=0393a75e8b336b0e92093a561178e7ae; innity.dmp.806.sess=1.1621843079749.1621843079749.1621843079749; innity.dmp.806.sess.id=49332071.806.1621843079749; innity.dmp.cks.appxs=1; innity.dmp.cks.innity=1; _wp_uid=1-538e3d4872c576cd0be387f698102f00-s1621843092.560043|windows_10|chrome-1b26dia

29X__Q4yowex4Bzo=dada5850&2wqZ_Q4yowex4Bzo=wnstjr123&AYUcv2W9f-yi4dNLpZWlOU=off&o36w9w_N3d85AZ_Q4yowex4Bzo=&_i3nY6v7ot9WIAugPuZ6Pj3WlOU=YH7zM2Y0R2a3G5Pwgx4_Kdae5g82WF7I6Ffl_S4cL6W1BoNTworD9BCkaOucOQ81Ck4ZwY81giSgUQ8d7d7e9p3yV6u2FDTmrwfYEDbeJgbSOt8FiZikfM7oJpoBTDqQSsaF7iSgUQhZ7dnc6ZaSNVrEG2ikUQhY7d7eSdNtOtbC6FSkVyvo8182UhnyVsbE61ikcO7nQ6X17sqSvYb1IgflWy4pBHhB9s7ZwceC8yixqNvoL6W2FkYymt7C7cOghSnoLMWB6DqQosNv4Bzo&Yt40SkS4eFP1sNLe4Dna=1621843083&AYohuyc98ugPuZ6Pj3WlOU=30cc354bcf954781ffba33bee50ff9ecf9b1fd581a7dd2fe32a9fc0f08aac18d&yQv1sB81otLfILAZU_XYXoaA=6cc0a5060ce7c8fae5672f1f85a6d7c258ee591116a02dbbab6c66921a82141c&o3GVexFtLZADj4Idn1w0S34Bzo=9f993a2ab575ba917102ccbbfe888559a8e4370186fe261a64b74ecc250b1ab3&YtK1kkS4aBf-Yxfc4Dna=webPc&y6RycBO1oZLfADX_9tKZXoaA=1.0.0
2021-05-24 16:58:06 : POST /member/loginInfo HTTP/1.1
Host: api.pandalive.co.kr
Connection: keep-alive
Content-Length: 656
sec-ch-ua: " Not A;Brand";v="99", "Chromium";v="90", "Google Chrome";v="90"
Accept: application/json, text/javascript, */*; q=0.01
sec-ch-ua-mobile: ?0
User-Agent: Mozilla/5.0 (Windows NT 10.0; Win64; x64) AppleWebKit/537.36 (KHTML, like Gecko) Chrome/90.0.4430.212 Safari/537.36
Content-Type: application/x-www-form-urlencoded; charset=UTF-8
Origin: https://www.pandalive.co.kr
Sec-Fetch-Site: same-site
Sec-Fetch-Mode: cors
Sec-Fetch-Dest: empty
Referer: https://www.pandalive.co.kr/
Accept-Encoding: gzip, deflate, br
Accept-Language: en-US,en;q=0.9
Cookie: sessKey=6cc0a5060ce7c8fae5672f1f85a6d7c258ee591116a02dbbab6c66921a82141c; partner=pandatv; _ga=GA1.1.659438094.1621843078; _gcl_au=1.1.8506709.1621843078; _atrk_siteuid=m2Nk6c7ysv9eiPqZ; _atrk_ssid=a4UTkg904FCkq0zC7t2wRn; iUUID=0393a75e8b336b0e92093a561178e7ae; innity.dmp.806.sess.id=49332071.806.1621843079749; innity.dmp.cks.appxs=1; innity.dmp.cks.innity=1; _wp_uid=1-538e3d4872c576cd0be387f698102f00-s1621843092.560043|windows_10|chrome-1b26dia; userLoginIdx=12836893; userLoginYN=Y; userLoginSaveYN=N; 3be3f8e358abbf54cec643229de77fc9e4f3f0bbc9b171580d45d13aaa374c16=Lb6Xn%2F0avi7c1vzHGTJzicRNHbRbfujphGXHpPilV9uoUhu5zAeHu%2BzW2cssCytW7SfSv%2B5GzmObwIP5rd%2FbhPkj2Thp0M9BK%2Btv%2FsW92kzIwmfnwgZjqRvxC%2FtTaNPcJd9yIBfZTxd6s5SUNoJfeFWgW59VmDLEMYcmRMcflngmxNRAkjfEXVK04rv%2B7Vqq; userReferer=https%3A%2F%2Fwww.pandalive.co.kr%2F; _ga_W91XDLC3YE=GS1.1.1621843078.1.1.1621843084.0; _ga_NGSHFJTQS1=GS1.1.1621843078.1.1.1621843084.0; appier_utmz=%7B%22csr%22%3A%22www.pandalive.co.kr%22%2C%22timestamp%22%3A1621843079%2C%22lcsr%22%3A%22www.pandalive.co.kr%22%7D; appier_pv_counterPageView_fc1d=1; appier_page_isView_PageView_fc1d=9055efaad168a7c8a207dc9ba07d25d1e999861da0b3e1bbeeb36fc4ff1b4618; appier_pv_counterViewTwoPages_a9a9=1; appier_page_isView_ViewTwoPages_a9a9=9055efaad168a7c8a207dc9ba07d25d1e999861da0b3e1bbeeb36fc4ff1b4618; _atrk_sessidx=3; innity.dmp.806.sess=2.1621843079749.1621843079749.1621843085810

_i3nY6v7ot9WIAugPuZ6Pj3WlOU=mDDjxRWn76beJg8ywgbD85vkZwfoPtW2CsNZnpOE619kdymp85X28w4SPt7C7gPghQWYPLp1HdK1WN8Ia9e-aRhq7EWcDT8tLx8FF6SjVUvtVIv_TLrQP1bEFiykdMvtVInZTLbtk1OEHxikby7pVInyTLrQvwbDgeymsPvpU28BSxqywsB29DyksZ7pMMWbAs4Zlh8E8yyxYO4oT2XcPhatmhr161vmq27c8P8BFs7yPpR2IeTmrSTtHIoB897SmN8IGDD3uthl&Yt40SkS4eFP1sNLe4Dna=1621843085&AYohuyc98ugPuZ6Pj3WlOU=4836dbcf5788159507d943f9e4506f55d561957777a629d3e9a7d6d6dc2de31e&yQv1sB81otLfILAZU_XYXoaA=6cc0a5060ce7c8fae5672f1f85a6d7c258ee591116a02dbbab6c66921a82141c&o3GVexFtLZADj4Idn1w0S34Bzo=1317cddcacbb5ac0bbb1293cbb724756e42c96a631eb1a13aac793e6b75a6bd3&YtK1kkS4aBf-Yxfc4Dna=webPc&y6RycBO1oZLfADX_9tKZXoaA=1.0.0
2021-05-24 16:58:06 : POST /live/cache HTTP/1.1
Host: api.pandalive.co.kr
Connection: keep-alive
Content-Length: 917
sec-ch-ua: " Not A;Brand";v="99", "Chromium";v="90", "Google Chrome";v="90"
Accept: application/json, text/javascript, */*; q=0.01
sec-ch-ua-mobile: ?0
User-Agent: Mozilla/5.0 (Windows NT 10.0; Win64; x64) AppleWebKit/537.36 (KHTML, like Gecko) Chrome/90.0.4430.212 Safari/537.36
Content-Type: application/x-www-form-urlencoded; charset=UTF-8
Origin: https://www.pandalive.co.kr
Sec-Fetch-Site: same-site
Sec-Fetch-Mode: cors
Sec-Fetch-Dest: empty
Referer: https://www.pandalive.co.kr/
Accept-Encoding: gzip, deflate, br
Accept-Language: en-US,en;q=0.9
Cookie: sessKey=6cc0a5060ce7c8fae5672f1f85a6d7c258ee591116a02dbbab6c66921a82141c; partner=pandatv; _ga=GA1.1.659438094.1621843078; _gcl_au=1.1.8506709.1621843078; _atrk_siteuid=m2Nk6c7ysv9eiPqZ; _atrk_ssid=a4UTkg904FCkq0zC7t2wRn; iUUID=0393a75e8b336b0e92093a561178e7ae; innity.dmp.806.sess.id=49332071.806.1621843079749; innity.dmp.cks.appxs=1; innity.dmp.cks.innity=1; _wp_uid=1-538e3d4872c576cd0be387f698102f00-s1621843092.560043|windows_10|chrome-1b26dia; userLoginIdx=12836893; userLoginYN=Y; userLoginSaveYN=N; 3be3f8e358abbf54cec643229de77fc9e4f3f0bbc9b171580d45d13aaa374c16=Lb6Xn%2F0avi7c1vzHGTJzicRNHbRbfujphGXHpPilV9uoUhu5zAeHu%2BzW2cssCytW7SfSv%2B5GzmObwIP5rd%2FbhPkj2Thp0M9BK%2Btv%2FsW92kzIwmfnwgZjqRvxC%2FtTaNPcJd9yIBfZTxd6s5SUNoJfeFWgW59VmDLEMYcmRMcflngmxNRAkjfEXVK04rv%2B7Vqq; userReferer=https%3A%2F%2Fwww.pandalive.co.kr%2F; _ga_W91XDLC3YE=GS1.1.1621843078.1.1.1621843084.0; _ga_NGSHFJTQS1=GS1.1.1621843078.1.1.1621843084.0; appier_utmz=%7B%22csr%22%3A%22www.pandalive.co.kr%22%2C%22timestamp%22%3A1621843079%2C%22lcsr%22%3A%22www.pandalive.co.kr%22%7D; appier_pv_counterPageView_fc1d=1; appier_page_isView_PageView_fc1d=9055efaad168a7c8a207dc9ba07d25d1e999861da0b3e1bbeeb36fc4ff1b4618; appier_pv_counterViewTwoPages_a9a9=1; appier_page_isView_ViewTwoPages_a9a9=9055efaad168a7c8a207dc9ba07d25d1e999861da0b3e1bbeeb36fc4ff1b4618; _atrk_sessidx=3; innity.dmp.806.sess=2.1621843079749.1621843079749.1621843085810

NgxdaEY0ZX2DdK1XoaA=rankingLive1&Y6K2VQRw0MfwbPfZ4Dna=224&AYNUR1c5v-yi4dNLpZWlOU=126&PL2SAuzDQgv_a4_EcI4Nln1wgRx4Bzo=20&H5XAgw1OdK1zAu2GFv1uthl=YP8c5gO0WFaEkeD0rFooUQhcB57SodrEkezxrFhpVInyTLbtk1OEHxikby7pVI71TLOSoN8I6Dzjrwu_KH7bTPnQRtaEFiykdMGpLQocTDqQPsNv4Bzo&_i3nY6v7ot9WIAugPuZ6Pj3WlOU=mDDjxRWn76beJg8ywgbD85vkZwfoPtW2CsNZnpOE619kdymp85X28w4SPt7C7gPghQWYPLp1HdK1WN8Ia9e-aRhq7EWcDT8tLx8FF6SjVUvtVIv_TLrQP1bEFiykdMvtVInZTLbtk1OEHxikby7pVInyTLrQvwbDgeymsPvpU28BSxqywsB29DyksZ7pMMWbAs4Zlh8E8yyxYO4oT2XcPhatmhr161vmq27c8P8BFs7yPpR2IeTmrSTtHIoB897SmN8IGDD3uthl&Yt40SkS4eFP1sNLe4Dna=1621843086&AYohuyc98ugPuZ6Pj3WlOU=4836dbcf5788159507d943f9e4506f55d561957777a629d3e9a7d6d6dc2de31e&yQv1sB81otLfILAZU_XYXoaA=6cc0a5060ce7c8fae5672f1f85a6d7c258ee591116a02dbbab6c66921a82141c&o3GVexFtLZADj4Idn1w0S34Bzo=1317cddcacbb5ac0bbb1293cbb724756e42c96a631eb1a13aac793e6b75a6bd3&YtK1kkS4aBf-Yxfc4Dna=webPc&y6RycBO1oZLfADX_9tKZXoaA=1.0.0
2021-05-24 16:58:06 : POST https://api.pandalive.co.kr/live/cache HTTP/1.1
NgxdaEY0ZX2DdK1XoaA=rankingLive1&Y6K2VQRw0MfwbPfZ4Dna=224&AYNUR1c5v-yi4dNLpZWlOU=126&PL2SAuzDQgv_a4_EcI4Nln1wgRx4Bzo=20&H5XAgw1OdK1zAu2GFv1uthl=YP8c5gO0WFaEkeD0rFooUQhcB57SodrEkezxrFhpVInyTLbtk1OEHxikby7pVI71TLOSoN8I6Dzjrwu_KH7bTPnQRtaEFiykdMGpLQocTDqQPsNv4Bzo&_i3nY6v7ot9WIAugPuZ6Pj3WlOU=mDDjxRWn76beJg8ywgbD85vkZwfoPtW2CsNZnpOE619kdymp85X28w4SPt7C7gPghQWYPLp1HdK1WN8Ia9e-aRhq7EWcDT8tLx8FF6SjVUvtVIv_TLrQP1bEFiykdMvtVInZTLbtk1OEHxikby7pVInyTLrQvwbDgeymsPvpU28BSxqywsB29DyksZ7pMMWbAs4Zlh8E8yyxYO4oT2XcPhatmhr161vmq27c8P8BFs7yPpR2IeTmrSTtHIoB897SmN8IGDD3uthl&Yt40SkS4eFP1sNLe4Dna=1621843086&AYohuyc98ugPuZ6Pj3WlOU=4836dbcf5788159507d943f9e4506f55d561957777a629d3e9a7d6d6dc2de31e&yQv1sB81otLfILAZU_XYXoaA=6cc0a5060ce7c8fae5672f1f85a6d7c258ee591116a02dbbab6c66921a82141c&o3GVexFtLZADj4Idn1w0S34Bzo=1317cddcacbb5ac0bbb1293cbb724756e42c96a631eb1a13aac793e6b75a6bd3&YtK1kkS4aBf-Yxfc4Dna=webPc&y6RycBO1oZLfADX_9tKZXoaA=1.0.0
2021-05-24 16:58:06 : POST /live/cache HTTP/1.1
Host: api.pandalive.co.kr
Connection: keep-alive
Content-Length: 913
sec-ch-ua: " Not A;Brand";v="99", "Chromium";v="90", "Google Chrome";v="90"
Accept: application/json, text/javascript, */*; q=0.01
sec-ch-ua-mobile: ?0
User-Agent: Mozilla/5.0 (Windows NT 10.0; Win64; x64) AppleWebKit/537.36 (KHTML, like Gecko) Chrome/90.0.4430.212 Safari/537.36
Content-Type: application/x-www-form-urlencoded; charset=UTF-8
Origin: https://www.pandalive.co.kr
Sec-Fetch-Site: same-site
Sec-Fetch-Mode: cors
Sec-Fetch-Dest: empty
Referer: https://www.pandalive.co.kr/
Accept-Encoding: gzip, deflate, br
Accept-Language: en-US,en;q=0.9
Cookie: sessKey=6cc0a5060ce7c8fae5672f1f85a6d7c258ee591116a02dbbab6c66921a82141c; partner=pandatv; _ga=GA1.1.659438094.1621843078; _gcl_au=1.1.8506709.1621843078; _atrk_siteuid=m2Nk6c7ysv9eiPqZ; _atrk_ssid=a4UTkg904FCkq0zC7t2wRn; iUUID=0393a75e8b336b0e92093a561178e7ae; innity.dmp.806.sess.id=49332071.806.1621843079749; innity.dmp.cks.appxs=1; innity.dmp.cks.innity=1; _wp_uid=1-538e3d4872c576cd0be387f698102f00-s1621843092.560043|windows_10|chrome-1b26dia; userLoginIdx=12836893; userLoginYN=Y; userLoginSaveYN=N; 3be3f8e358abbf54cec643229de77fc9e4f3f0bbc9b171580d45d13aaa374c16=Lb6Xn%2F0avi7c1vzHGTJzicRNHbRbfujphGXHpPilV9uoUhu5zAeHu%2BzW2cssCytW7SfSv%2B5GzmObwIP5rd%2FbhPkj2Thp0M9BK%2Btv%2FsW92kzIwmfnwgZjqRvxC%2FtTaNPcJd9yIBfZTxd6s5SUNoJfeFWgW59VmDLEMYcmRMcflngmxNRAkjfEXVK04rv%2B7Vqq; userReferer=https%3A%2F%2Fwww.pandalive.co.kr%2F; _ga_W91XDLC3YE=GS1.1.1621843078.1.1.1621843084.0; _ga_NGSHFJTQS1=GS1.1.1621843078.1.1.1621843084.0; appier_utmz=%7B%22csr%22%3A%22www.pandalive.co.kr%22%2C%22timestamp%22%3A1621843079%2C%22lcsr%22%3A%22www.pandalive.co.kr%22%7D; appier_pv_counterPageView_fc1d=1; appier_page_isView_PageView_fc1d=9055efaad168a7c8a207dc9ba07d25d1e999861da0b3e1bbeeb36fc4ff1b4618; appier_pv_counterViewTwoPages_a9a9=1; appier_page_isView_ViewTwoPages_a9a9=9055efaad168a7c8a207dc9ba07d25d1e999861da0b3e1bbeeb36fc4ff1b4618; _atrk_sessidx=3; innity.dmp.806.sess=2.1621843079749.1621843079749.1621843085810

NgxdaEY0ZX2DdK1XoaA=mainLive&Y6K2VQRw0MfwbPfZ4Dna=224&AYNUR1c5v-yi4dNLpZWlOU=126&PL2SAuzDQgv_a4_EcI4Nln1wgRx4Bzo=15&H5XAgw1OdK1zAu2GFv1uthl=YP8bTomQRZrCFcylWOvpRM8bTwnQRtaEFiykdMGpLQocTDqQPsaFigSmrFutHIv1HYnQKtqy7PjlcBvt6HnC89NSnlbCgeSlcBvt9HnCFDqQpsNv4Bzo&_i3nY6v7ot9WIAugPuZ6Pj3WlOU=mDDjxRWn76beJg8ywgbD85vkZwfoPtW2CsNZnpOE619kdymp85X28w4SPt7C7gPghQWYPLp1HdK1WN8Ia9e-aRhq7EWcDT8tLx8FF6SjVUvtVIv_TLrQP1bEFiykdMvtVInZTLbtk1OEHxikby7pVInyTLrQvwbDgeymsPvpU28BSxqywsB29DyksZ7pMMWbAs4Zlh8E8yyxYO4oT2XcPhatmhr161vmq27c8P8BFs7yPpR2IeTmrSTtHIoB897SmN8IGDD3uthl&Yt40SkS4eFP1sNLe4Dna=1621843086&AYohuyc98ugPuZ6Pj3WlOU=4836dbcf5788159507d943f9e4506f55d561957777a629d3e9a7d6d6dc2de31e&yQv1sB81otLfILAZU_XYXoaA=6cc0a5060ce7c8fae5672f1f85a6d7c258ee591116a02dbbab6c66921a82141c&o3GVexFtLZADj4Idn1w0S34Bzo=1317cddcacbb5ac0bbb1293cbb724756e42c96a631eb1a13aac793e6b75a6bd3&YtK1kkS4aBf-Yxfc4Dna=webPc&y6RycBO1oZLfADX_9tKZXoaA=1.0.0
2021-05-24 16:58:06 : POST https://api.pandalive.co.kr/live/cache HTTP/1.1
NgxdaEY0ZX2DdK1XoaA=mainLive&Y6K2VQRw0MfwbPfZ4Dna=224&AYNUR1c5v-yi4dNLpZWlOU=126&PL2SAuzDQgv_a4_EcI4Nln1wgRx4Bzo=15&H5XAgw1OdK1zAu2GFv1uthl=YP8bTomQRZrCFcylWOvpRM8bTwnQRtaEFiykdMGpLQocTDqQPsaFigSmrFutHIv1HYnQKtqy7PjlcBvt6HnC89NSnlbCgeSlcBvt9HnCFDqQpsNv4Bzo&_i3nY6v7ot9WIAugPuZ6Pj3WlOU=mDDjxRWn76beJg8ywgbD85vkZwfoPtW2CsNZnpOE619kdymp85X28w4SPt7C7gPghQWYPLp1HdK1WN8Ia9e-aRhq7EWcDT8tLx8FF6SjVUvtVIv_TLrQP1bEFiykdMvtVInZTLbtk1OEHxikby7pVInyTLrQvwbDgeymsPvpU28BSxqywsB29DyksZ7pMMWbAs4Zlh8E8yyxYO4oT2XcPhatmhr161vmq27c8P8BFs7yPpR2IeTmrSTtHIoB897SmN8IGDD3uthl&Yt40SkS4eFP1sNLe4Dna=1621843086&AYohuyc98ugPuZ6Pj3WlOU=4836dbcf5788159507d943f9e4506f55d561957777a629d3e9a7d6d6dc2de31e&yQv1sB81otLfILAZU_XYXoaA=6cc0a5060ce7c8fae5672f1f85a6d7c258ee591116a02dbbab6c66921a82141c&o3GVexFtLZADj4Idn1w0S34Bzo=1317cddcacbb5ac0bbb1293cbb724756e42c96a631eb1a13aac793e6b75a6bd3&YtK1kkS4aBf-Yxfc4Dna=webPc&y6RycBO1oZLfADX_9tKZXoaA=1.0.0
