2021-05-17 22:17:00 : POST /member/loginInfo HTTP/1.1
Host: api.pandalive.co.kr
Connection: keep-alive
Content-Length: 671
sec-ch-ua: " Not A;Brand";v="99", "Chromium";v="90", "Google Chrome";v="90"
Accept: application/json, text/javascript, */*; q=0.01
sec-ch-ua-mobile: ?0
User-Agent: Mozilla/5.0 (Windows NT 10.0; Win64; x64) AppleWebKit/537.36 (KHTML, like Gecko) Chrome/90.0.4430.212 Safari/537.36
Content-Type: application/x-www-form-urlencoded; charset=UTF-8
Origin: https://www.pandalive.co.kr
Sec-Fetch-Site: same-site
Sec-Fetch-Mode: cors
Sec-Fetch-Dest: empty
Referer: https://www.pandalive.co.kr/
Accept-Encoding: gzip, deflate, br
Accept-Language: en-US,en;q=0.9
Cookie: sessKey=ef5d819d4dd164663fdfaef739123f5745e6c8e17f01e70d37a011654a940dd0; 3be3f8e358abbf54cec643229de77fc9e4f3f0bbc9b171580d45d13aaa374c16=RaLtckvYiificwezaB2Cm2wGvmixu9S%2BxmRKN7v2AZp9DPXCqaYh7dbha7EPUtiKijIlsidajWV4%2FjkGs6CVcgHIO2TThnstS3Lkx7O2%2BqP343gjlWwLHIqfiKo9zbPtLBODZzweM8nxoi5R36E%2FWFKRK7mMAPCLhiF7%2BjN4%2FfX4G3SKlzNmja2XY37KW2%2Bh; partner=pandatv; userReferer=https%3A%2F%2Fwww.pandalive.co.kr%2Fmember%2Flogin; _ga_W91XDLC3YE=GS1.1.1621257419.1.0.1621257419.0; _ga=GA1.1.1810483088.1621257420

_i3nY6v7ot9WIAugPuZ6Pj3WlOU=HTtJoI1GMYsZsv17Mfxgmhe7l8eAhOsWxu2iaCwoN7oA9oB7cYSMlREhciwntGpBDh2QdYtuwbE7tSgsRhq72qyUpn0w0CIkejx_amZ7d7eCcqSqhODglzkZJ8nPI7bT9nQRtaEFiykdMvtVInZTLOSNlODieikby7pVInyTLrQPle1FaimsV7oRMWcFcYtnleEj6fkdymoM6pbSx7ZMlODi29kbO7nOx81QdnZVcREI2ylYOGc99o16cNTVg81aDTmrSTtHMhcE5NtLN8IGDD3uthl&Yt40SkS4eFP1sNLe4Dna=1621257419&AYohuyc98ugPuZ6Pj3WlOU=82b3a3a6a0cacf7c0d3c005c9b1b1329e918d1935e43c85e47bdd8d0a6892e16&yQv1sB81otLfILAZU_XYXoaA=ef5d819d4dd164663fdfaef739123f5745e6c8e17f01e70d37a011654a940dd0&o3GVexFtLZADj4Idn1w0S34Bzo=ac4415d072ca66f96097382d38d464053e53275278682c5a3fb18c111681b193&YtK1kkS4aBf-Yxfc4Dna=webPc&y6RycBO1oZLfADX_9tKZXoaA=1.0.0
2021-05-17 22:17:05 : POST /member/login HTTP/1.1
Host: api.pandalive.co.kr
Connection: keep-alive
Content-Length: 779
sec-ch-ua: " Not A;Brand";v="99", "Chromium";v="90", "Google Chrome";v="90"
Accept: application/json, text/javascript, */*; q=0.01
sec-ch-ua-mobile: ?0
User-Agent: Mozilla/5.0 (Windows NT 10.0; Win64; x64) AppleWebKit/537.36 (KHTML, like Gecko) Chrome/90.0.4430.212 Safari/537.36
Content-Type: application/x-www-form-urlencoded; charset=UTF-8
Origin: https://www.pandalive.co.kr
Sec-Fetch-Site: same-site
Sec-Fetch-Mode: cors
Sec-Fetch-Dest: empty
Referer: https://www.pandalive.co.kr/
Accept-Encoding: gzip, deflate, br
Accept-Language: en-US,en;q=0.9
Cookie: sessKey=ef5d819d4dd164663fdfaef739123f5745e6c8e17f01e70d37a011654a940dd0; 3be3f8e358abbf54cec643229de77fc9e4f3f0bbc9b171580d45d13aaa374c16=RaLtckvYiificwezaB2Cm2wGvmixu9S%2BxmRKN7v2AZp9DPXCqaYh7dbha7EPUtiKijIlsidajWV4%2FjkGs6CVcgHIO2TThnstS3Lkx7O2%2BqP343gjlWwLHIqfiKo9zbPtLBODZzweM8nxoi5R36E%2FWFKRK7mMAPCLhiF7%2BjN4%2FfX4G3SKlzNmja2XY37KW2%2Bh; partner=pandatv; userReferer=https%3A%2F%2Fwww.pandalive.co.kr%2Fmember%2Flogin; _ga_W91XDLC3YE=GS1.1.1621257419.1.0.1621257419.0; _ga=GA1.1.1810483088.1621257420; _gcl_au=1.1.1254545516.1621257420; _ga_NGSHFJTQS1=GS1.1.1621257419.1.0.1621257419.0; appier_utmz=%7B%22csr%22%3A%22www.pandalive.co.kr%22%2C%22timestamp%22%3A1621257420%7D; _atrk_siteuid=4Dpzu8HDQI6TOsax; _atrk_ssid=ceiKavpQxQvnRaW6KnLyyA; _atrk_sessidx=1; appier_pv_counterPageView_fc1d=0; appier_page_isView_PageView_fc1d=1aa2f1a20984838737334bf0f37dd45a0236416bd2a1b7090bfd524ea7d546a6; appier_pv_counterViewTwoPages_a9a9=0; appier_page_isView_ViewTwoPages_a9a9=1aa2f1a20984838737334bf0f37dd45a0236416bd2a1b7090bfd524ea7d546a6; _wp_uid=1-d469adf697f7eb0d382d909df8d78e8d-s1621257442.335449|windows_10|chrome-r3e98g; iUUID=2618cbc0f0220c54a34350e027dea041; innity.dmp.806.sess=1.1621257421938.1621257421938.1621257421938; innity.dmp.806.sess.id=252025226.806.1621257421938; innity.dmp.cks.appxs=1; innity.dmp.cks.innity=1

29X__Q4yowex4Bzo=dada5850&2wqZ_Q4yowex4Bzo=wnstjr123&AYUcv2W9f-yi4dNLpZWlOU=off&o36w9w_N3d85AZ_Q4yowex4Bzo=&_i3nY6v7ot9WIAugPuZ6Pj3WlOU=HTtJoI1GMYsZsv17Mfxgmhe7l8eAhOsWxu2iaCwoN7oA9oB7cYSMlREhciwntGpBDh2QdYtuwbE7tSgsRhq72qyUpn0w0CIkejx_amZ7d7eCcqSqhODglzkZJ8nPI7bT9nQRtaEFiykdMvtVInZTLOSNlODieikby7pVInyTLrQPle1FaimsV7oRMWcFcYtnleEj6fkdymoM6pbSx7ZMlODi29kbO7nOx81QdnZVcREI2ylYOGc99o16cNTVg81aDTmrSTtHMhcE5NtLN8IGDD3uthl&Yt40SkS4eFP1sNLe4Dna=1621257424&AYohuyc98ugPuZ6Pj3WlOU=82b3a3a6a0cacf7c0d3c005c9b1b1329e918d1935e43c85e47bdd8d0a6892e16&yQv1sB81otLfILAZU_XYXoaA=ef5d819d4dd164663fdfaef739123f5745e6c8e17f01e70d37a011654a940dd0&o3GVexFtLZADj4Idn1w0S34Bzo=ac4415d072ca66f96097382d38d464053e53275278682c5a3fb18c111681b193&YtK1kkS4aBf-Yxfc4Dna=webPc&y6RycBO1oZLfADX_9tKZXoaA=1.0.0
2021-05-17 22:17:08 : POST /member/loginInfo HTTP/1.1
Host: api.pandalive.co.kr
Connection: keep-alive
Content-Length: 648
sec-ch-ua: " Not A;Brand";v="99", "Chromium";v="90", "Google Chrome";v="90"
Accept: application/json, text/javascript, */*; q=0.01
sec-ch-ua-mobile: ?0
User-Agent: Mozilla/5.0 (Windows NT 10.0; Win64; x64) AppleWebKit/537.36 (KHTML, like Gecko) Chrome/90.0.4430.212 Safari/537.36
Content-Type: application/x-www-form-urlencoded; charset=UTF-8
Origin: https://www.pandalive.co.kr
Sec-Fetch-Site: same-site
Sec-Fetch-Mode: cors
Sec-Fetch-Dest: empty
Referer: https://www.pandalive.co.kr/
Accept-Encoding: gzip, deflate, br
Accept-Language: en-US,en;q=0.9
Cookie: sessKey=ef5d819d4dd164663fdfaef739123f5745e6c8e17f01e70d37a011654a940dd0; partner=pandatv; _ga=GA1.1.1810483088.1621257420; _gcl_au=1.1.1254545516.1621257420; _atrk_siteuid=4Dpzu8HDQI6TOsax; _atrk_ssid=ceiKavpQxQvnRaW6KnLyyA; _wp_uid=1-d469adf697f7eb0d382d909df8d78e8d-s1621257442.335449|windows_10|chrome-r3e98g; iUUID=2618cbc0f0220c54a34350e027dea041; innity.dmp.806.sess.id=252025226.806.1621257421938; innity.dmp.cks.appxs=1; innity.dmp.cks.innity=1; userLoginIdx=12836893; userLoginYN=Y; userLoginSaveYN=N; 3be3f8e358abbf54cec643229de77fc9e4f3f0bbc9b171580d45d13aaa374c16=pLynIm0dY3OeohcHlyLLTuf8eIqzQs8NNNeoXv5AT%2B3X%2B9w6xW%2F6ktVpF6mNoAQgalzwYZIgl5GKK3r8peXQYdSV4ncJo5CT3BLi1h9DVzd40V7NuB0cau6%2BF6aC6LW7ndXLn4FUDMjfAQQxUeNo2VxebJvwmyjFrJf7jZE8G4lcgXa7P1zISN7zEhLqUl6g; userReferer=https%3A%2F%2Fwww.pandalive.co.kr%2F; _ga_W91XDLC3YE=GS1.1.1621257419.1.1.1621257426.0; _ga_NGSHFJTQS1=GS1.1.1621257419.1.1.1621257426.0; innity.dmp.806.sess=2.1621257421938.1621257421938.1621257427397; appier_utmz=%7B%22csr%22%3A%22www.pandalive.co.kr%22%2C%22timestamp%22%3A1621257420%2C%22lcsr%22%3A%22www.pandalive.co.kr%22%7D; appier_pv_counterPageView_fc1d=1; appier_page_isView_PageView_fc1d=9055efaad168a7c8a207dc9ba07d25d1e999861da0b3e1bbeeb36fc4ff1b4618; appier_pv_counterViewTwoPages_a9a9=1; appier_page_isView_ViewTwoPages_a9a9=9055efaad168a7c8a207dc9ba07d25d1e999861da0b3e1bbeeb36fc4ff1b4618; _atrk_sessidx=3

_i3nY6v7ot9WIAugPuZ6Pj3WlOU=2hbsZs7C76OghQ8d65oBStKSMheDHxiwawGcOEhcUxYSPdRE85fwXy4pLI7bTcnQRt7wHFvxfPfZ7l8eQp3-nsaF7cikbJ8oSM8CFsqskl8Ikej-rFWtLQ8e5gO1WFNDHaClZQ7pN2Wc5gO2WF7IFavxdU7n69WB9c7SPxRDhavkXw4pL2IBEsKTvcr1iaClZympNMWbC1qZUwB1919kYyGoRMo1RpNZkxbC95SxoRWn7EbeJg7tPhrCKtSgbRoX4Dna&Yt40SkS4eFP1sNLe4Dna=1621257427&AYohuyc98ugPuZ6Pj3WlOU=3a367c60879efaaab1c17f9fe7c33bb45f73c16a5db1f3b4d1a1d008c2cc8b55&yQv1sB81otLfILAZU_XYXoaA=ef5d819d4dd164663fdfaef739123f5745e6c8e17f01e70d37a011654a940dd0&o3GVexFtLZADj4Idn1w0S34Bzo=27ffd916a269ae135e38567b5c8df82c40eb4e4cefa9d81d66781045abf28144&YtK1kkS4aBf-Yxfc4Dna=webPc&y6RycBO1oZLfADX_9tKZXoaA=1.0.0
2021-05-17 22:17:08 : POST /live/cache HTTP/1.1
Host: api.pandalive.co.kr
Connection: keep-alive
Content-Length: 905
sec-ch-ua: " Not A;Brand";v="99", "Chromium";v="90", "Google Chrome";v="90"
Accept: application/json, text/javascript, */*; q=0.01
sec-ch-ua-mobile: ?0
User-Agent: Mozilla/5.0 (Windows NT 10.0; Win64; x64) AppleWebKit/537.36 (KHTML, like Gecko) Chrome/90.0.4430.212 Safari/537.36
Content-Type: application/x-www-form-urlencoded; charset=UTF-8
Origin: https://www.pandalive.co.kr
Sec-Fetch-Site: same-site
Sec-Fetch-Mode: cors
Sec-Fetch-Dest: empty
Referer: https://www.pandalive.co.kr/
Accept-Encoding: gzip, deflate, br
Accept-Language: en-US,en;q=0.9
Cookie: sessKey=ef5d819d4dd164663fdfaef739123f5745e6c8e17f01e70d37a011654a940dd0; partner=pandatv; _ga=GA1.1.1810483088.1621257420; _gcl_au=1.1.1254545516.1621257420; _atrk_siteuid=4Dpzu8HDQI6TOsax; _atrk_ssid=ceiKavpQxQvnRaW6KnLyyA; _wp_uid=1-d469adf697f7eb0d382d909df8d78e8d-s1621257442.335449|windows_10|chrome-r3e98g; iUUID=2618cbc0f0220c54a34350e027dea041; innity.dmp.806.sess.id=252025226.806.1621257421938; innity.dmp.cks.appxs=1; innity.dmp.cks.innity=1; userLoginIdx=12836893; userLoginYN=Y; userLoginSaveYN=N; 3be3f8e358abbf54cec643229de77fc9e4f3f0bbc9b171580d45d13aaa374c16=pLynIm0dY3OeohcHlyLLTuf8eIqzQs8NNNeoXv5AT%2B3X%2B9w6xW%2F6ktVpF6mNoAQgalzwYZIgl5GKK3r8peXQYdSV4ncJo5CT3BLi1h9DVzd40V7NuB0cau6%2BF6aC6LW7ndXLn4FUDMjfAQQxUeNo2VxebJvwmyjFrJf7jZE8G4lcgXa7P1zISN7zEhLqUl6g; userReferer=https%3A%2F%2Fwww.pandalive.co.kr%2F; _ga_W91XDLC3YE=GS1.1.1621257419.1.1.1621257426.0; _ga_NGSHFJTQS1=GS1.1.1621257419.1.1.1621257426.0; innity.dmp.806.sess=2.1621257421938.1621257421938.1621257427397; appier_utmz=%7B%22csr%22%3A%22www.pandalive.co.kr%22%2C%22timestamp%22%3A1621257420%2C%22lcsr%22%3A%22www.pandalive.co.kr%22%7D; appier_pv_counterPageView_fc1d=1; appier_page_isView_PageView_fc1d=9055efaad168a7c8a207dc9ba07d25d1e999861da0b3e1bbeeb36fc4ff1b4618; appier_pv_counterViewTwoPages_a9a9=1; appier_page_isView_ViewTwoPages_a9a9=9055efaad168a7c8a207dc9ba07d25d1e999861da0b3e1bbeeb36fc4ff1b4618; _atrk_sessidx=3

NgxdaEY0ZX2DdK1XoaA=rankingLive1&Y6K2VQRw0MfwbPfZ4Dna=224&AYNUR1c5v-yi4dNLpZWlOU=126&PL2SAuzDQgv_a4_EcI4Nln1wgRx4Bzo=20&H5XAgw1OdK1zAu2GFv1uthl=RNvpVIv2TLOSoN8IDDzjXUGoS68cEgqtON8IADzjdBvtKHnCFDqQNsaF7iykdMGpLQ8e5gO1WFNDHaClZQ7pN2Wc5gOZWF7Iak90rBvtIHGYWlOU&_i3nY6v7ot9WIAugPuZ6Pj3WlOU=2hbsZs7C76OghQ8d65oBStKSMheDHxiwawGcOEhcUxYSPdRE85fwXy4pLI7bTcnQRt7wHFvxfPfZ7l8eQp3-nsaF7cikbJ8oSM8CFsqskl8Ikej-rFWtLQ8e5gO1WFNDHaClZQ7pN2Wc5gO2WF7IFavxdU7n69WB9c7SPxRDhavkXw4pL2IBEsKTvcr1iaClZympNMWbC1qZUwB1919kYyGoRMo1RpNZkxbC95SxoRWn7EbeJg7tPhrCKtSgbRoX4Dna&Yt40SkS4eFP1sNLe4Dna=1621257427&AYohuyc98ugPuZ6Pj3WlOU=3a367c60879efaaab1c17f9fe7c33bb45f73c16a5db1f3b4d1a1d008c2cc8b55&yQv1sB81otLfILAZU_XYXoaA=ef5d819d4dd164663fdfaef739123f5745e6c8e17f01e70d37a011654a940dd0&o3GVexFtLZADj4Idn1w0S34Bzo=27ffd916a269ae135e38567b5c8df82c40eb4e4cefa9d81d66781045abf28144&YtK1kkS4aBf-Yxfc4Dna=webPc&y6RycBO1oZLfADX_9tKZXoaA=1.0.0
2021-05-17 22:17:08 : POST https://api.pandalive.co.kr/live/cache HTTP/1.1
NgxdaEY0ZX2DdK1XoaA=rankingLive1&Y6K2VQRw0MfwbPfZ4Dna=224&AYNUR1c5v-yi4dNLpZWlOU=126&PL2SAuzDQgv_a4_EcI4Nln1wgRx4Bzo=20&H5XAgw1OdK1zAu2GFv1uthl=RNvpVIv2TLOSoN8IDDzjXUGoS68cEgqtON8IADzjdBvtKHnCFDqQNsaF7iykdMGpLQ8e5gO1WFNDHaClZQ7pN2Wc5gOZWF7Iak90rBvtIHGYWlOU&_i3nY6v7ot9WIAugPuZ6Pj3WlOU=2hbsZs7C76OghQ8d65oBStKSMheDHxiwawGcOEhcUxYSPdRE85fwXy4pLI7bTcnQRt7wHFvxfPfZ7l8eQp3-nsaF7cikbJ8oSM8CFsqskl8Ikej-rFWtLQ8e5gO1WFNDHaClZQ7pN2Wc5gO2WF7IFavxdU7n69WB9c7SPxRDhavkXw4pL2IBEsKTvcr1iaClZympNMWbC1qZUwB1919kYyGoRMo1RpNZkxbC95SxoRWn7EbeJg7tPhrCKtSgbRoX4Dna&Yt40SkS4eFP1sNLe4Dna=1621257427&AYohuyc98ugPuZ6Pj3WlOU=3a367c60879efaaab1c17f9fe7c33bb45f73c16a5db1f3b4d1a1d008c2cc8b55&yQv1sB81otLfILAZU_XYXoaA=ef5d819d4dd164663fdfaef739123f5745e6c8e17f01e70d37a011654a940dd0&o3GVexFtLZADj4Idn1w0S34Bzo=27ffd916a269ae135e38567b5c8df82c40eb4e4cefa9d81d66781045abf28144&YtK1kkS4aBf-Yxfc4Dna=webPc&y6RycBO1oZLfADX_9tKZXoaA=1.0.0
2021-05-17 22:17:08 : POST /live/cache HTTP/1.1
Host: api.pandalive.co.kr
Connection: keep-alive
Content-Length: 905
sec-ch-ua: " Not A;Brand";v="99", "Chromium";v="90", "Google Chrome";v="90"
Accept: application/json, text/javascript, */*; q=0.01
sec-ch-ua-mobile: ?0
User-Agent: Mozilla/5.0 (Windows NT 10.0; Win64; x64) AppleWebKit/537.36 (KHTML, like Gecko) Chrome/90.0.4430.212 Safari/537.36
Content-Type: application/x-www-form-urlencoded; charset=UTF-8
Origin: https://www.pandalive.co.kr
Sec-Fetch-Site: same-site
Sec-Fetch-Mode: cors
Sec-Fetch-Dest: empty
Referer: https://www.pandalive.co.kr/
Accept-Encoding: gzip, deflate, br
Accept-Language: en-US,en;q=0.9
Cookie: sessKey=ef5d819d4dd164663fdfaef739123f5745e6c8e17f01e70d37a011654a940dd0; partner=pandatv; _ga=GA1.1.1810483088.1621257420; _gcl_au=1.1.1254545516.1621257420; _atrk_siteuid=4Dpzu8HDQI6TOsax; _atrk_ssid=ceiKavpQxQvnRaW6KnLyyA; _wp_uid=1-d469adf697f7eb0d382d909df8d78e8d-s1621257442.335449|windows_10|chrome-r3e98g; iUUID=2618cbc0f0220c54a34350e027dea041; innity.dmp.806.sess.id=252025226.806.1621257421938; innity.dmp.cks.appxs=1; innity.dmp.cks.innity=1; userLoginIdx=12836893; userLoginYN=Y; userLoginSaveYN=N; 3be3f8e358abbf54cec643229de77fc9e4f3f0bbc9b171580d45d13aaa374c16=pLynIm0dY3OeohcHlyLLTuf8eIqzQs8NNNeoXv5AT%2B3X%2B9w6xW%2F6ktVpF6mNoAQgalzwYZIgl5GKK3r8peXQYdSV4ncJo5CT3BLi1h9DVzd40V7NuB0cau6%2BF6aC6LW7ndXLn4FUDMjfAQQxUeNo2VxebJvwmyjFrJf7jZE8G4lcgXa7P1zISN7zEhLqUl6g; userReferer=https%3A%2F%2Fwww.pandalive.co.kr%2F; _ga_W91XDLC3YE=GS1.1.1621257419.1.1.1621257426.0; _ga_NGSHFJTQS1=GS1.1.1621257419.1.1.1621257426.0; innity.dmp.806.sess=2.1621257421938.1621257421938.1621257427397; appier_utmz=%7B%22csr%22%3A%22www.pandalive.co.kr%22%2C%22timestamp%22%3A1621257420%2C%22lcsr%22%3A%22www.pandalive.co.kr%22%7D; appier_pv_counterPageView_fc1d=1; appier_page_isView_PageView_fc1d=9055efaad168a7c8a207dc9ba07d25d1e999861da0b3e1bbeeb36fc4ff1b4618; appier_pv_counterViewTwoPages_a9a9=1; appier_page_isView_ViewTwoPages_a9a9=9055efaad168a7c8a207dc9ba07d25d1e999861da0b3e1bbeeb36fc4ff1b4618; _atrk_sessidx=3

NgxdaEY0ZX2DdK1XoaA=mainLive&Y6K2VQRw0MfwbPfZ4Dna=224&AYNUR1c5v-yi4dNLpZWlOU=126&PL2SAuzDQgv_a4_EcI4Nln1wgRx4Bzo=15&H5XAgw1OdK1zAu2GFv1uthl=YwoBB17tox8EIgSmryutHxoBB17tox8EIgSmrUutHQ8bTXnQRtaEFiykdMGpLQocTDqQPsaF76P0eRWn7_AeJs7SKtq27PjlcBvtHHnCFDqQNsNv4Bzo&_i3nY6v7ot9WIAugPuZ6Pj3WlOU=2hbsZs7C76OghQ8d65oBStKSMheDHxiwawGcOEhcUxYSPdRE85fwXy4pLI7bTcnQRt7wHFvxfPfZ7l8eQp3-nsaF7cikbJ8oSM8CFsqskl8Ikej-rFWtLQ8e5gO1WFNDHaClZQ7pN2Wc5gO2WF7IFavxdU7n69WB9c7SPxRDhavkXw4pL2IBEsKTvcr1iaClZympNMWbC1qZUwB1919kYyGoRMo1RpNZkxbC95SxoRWn7EbeJg7tPhrCKtSgbRoX4Dna&Yt40SkS4eFP1sNLe4Dna=1621257427&AYohuyc98ugPuZ6Pj3WlOU=3a367c60879efaaab1c17f9fe7c33bb45f73c16a5db1f3b4d1a1d008c2cc8b55&yQv1sB81otLfILAZU_XYXoaA=ef5d819d4dd164663fdfaef739123f5745e6c8e17f01e70d37a011654a940dd0&o3GVexFtLZADj4Idn1w0S34Bzo=27ffd916a269ae135e38567b5c8df82c40eb4e4cefa9d81d66781045abf28144&YtK1kkS4aBf-Yxfc4Dna=webPc&y6RycBO1oZLfADX_9tKZXoaA=1.0.0
2021-05-17 22:17:08 : POST https://api.pandalive.co.kr/live/cache HTTP/1.1
NgxdaEY0ZX2DdK1XoaA=mainLive&Y6K2VQRw0MfwbPfZ4Dna=224&AYNUR1c5v-yi4dNLpZWlOU=126&PL2SAuzDQgv_a4_EcI4Nln1wgRx4Bzo=15&H5XAgw1OdK1zAu2GFv1uthl=YwoBB17tox8EIgSmryutHxoBB17tox8EIgSmrUutHQ8bTXnQRtaEFiykdMGpLQocTDqQPsaF76P0eRWn7_AeJs7SKtq27PjlcBvtHHnCFDqQNsNv4Bzo&_i3nY6v7ot9WIAugPuZ6Pj3WlOU=2hbsZs7C76OghQ8d65oBStKSMheDHxiwawGcOEhcUxYSPdRE85fwXy4pLI7bTcnQRt7wHFvxfPfZ7l8eQp3-nsaF7cikbJ8oSM8CFsqskl8Ikej-rFWtLQ8e5gO1WFNDHaClZQ7pN2Wc5gO2WF7IFavxdU7n69WB9c7SPxRDhavkXw4pL2IBEsKTvcr1iaClZympNMWbC1qZUwB1919kYyGoRMo1RpNZkxbC95SxoRWn7EbeJg7tPhrCKtSgbRoX4Dna&Yt40SkS4eFP1sNLe4Dna=1621257427&AYohuyc98ugPuZ6Pj3WlOU=3a367c60879efaaab1c17f9fe7c33bb45f73c16a5db1f3b4d1a1d008c2cc8b55&yQv1sB81otLfILAZU_XYXoaA=ef5d819d4dd164663fdfaef739123f5745e6c8e17f01e70d37a011654a940dd0&o3GVexFtLZADj4Idn1w0S34Bzo=27ffd916a269ae135e38567b5c8df82c40eb4e4cefa9d81d66781045abf28144&YtK1kkS4aBf-Yxfc4Dna=webPc&y6RycBO1oZLfADX_9tKZXoaA=1.0.0
