2021-05-17 20:43:03 : POST /member/loginInfo HTTP/1.1
Host: api.pandalive.co.kr
Connection: keep-alive
Content-Length: 667
sec-ch-ua: " Not A;Brand";v="99", "Chromium";v="90", "Google Chrome";v="90"
Accept: application/json, text/javascript, */*; q=0.01
sec-ch-ua-mobile: ?0
User-Agent: Mozilla/5.0 (Windows NT 10.0; Win64; x64) AppleWebKit/537.36 (KHTML, like Gecko) Chrome/90.0.4430.212 Safari/537.36
Content-Type: application/x-www-form-urlencoded; charset=UTF-8
Origin: https://www.pandalive.co.kr
Sec-Fetch-Site: same-site
Sec-Fetch-Mode: cors
Sec-Fetch-Dest: empty
Referer: https://www.pandalive.co.kr/
Accept-Encoding: gzip, deflate, br
Accept-Language: en-US,en;q=0.9
Cookie: sessKey=18e52a739c7b21866efbd9fd86afe1927d2e5da815bc19e493f54c619a87be56; 3be3f8e358abbf54cec643229de77fc9e4f3f0bbc9b171580d45d13aaa374c16=QJsjNNBA8H6J9M6uQ0TM2IpBIJ%2FOJMTzFIXQXqW5j8P1O1Mj6Ykpk7tArxGByPyeyCt7%2FCUeM5Tzybs9c38QEHoMI0M8vbM5z3PTWnY9KhXngRA7bEghEs5RerBJId7Yo9cYIOE%2BbLzN9mDRr2U2B7%2FWfDoXQs2oD8s%2F1FIp84QGy9Vvdqj4vjYrA7iZPeOO; partner=pandatv; userReferer=https%3A%2F%2Fwww.pandalive.co.kr%2Fmember%2Flogin

_i3nY6v7ot9WIAugPuZ6Pj3WlOU=NOgfamcKcICZh3ZWAu1eIzvrBvtQHnCTc4yMlO2aHiloVGoTMIcAoYSnpr2ABykntndALIBPdNSWN8I6DzjryEY69AzU_mQKtq1HU91rFWtOM8cHsatO7aEiljm_QWn7pAeJgOSP18Ikez1rFWpLtWcAg7SodrEkez2rFWtR6W1T2NTwQrEIcvlZympUAW16cayWgrEJgvxZwup9w8c6c7ZuwBDJaPxVUudB5AB957SotRD8UCkXOupQ6pbEgrTWpCIDiykaM7nMl8eDhb3XoaA&Yt40SkS4eFP1sNLe4Dna=1621251782&AYohuyc98ugPuZ6Pj3WlOU=36b30b7f1f9028f43ddc5875b464591bc200f8e872fedde9f264146652607e05&yQv1sB81otLfILAZU_XYXoaA=18e52a739c7b21866efbd9fd86afe1927d2e5da815bc19e493f54c619a87be56&o3GVexFtLZADj4Idn1w0S34Bzo=744620307b6a919c5feaa7c4a582461b836e68b8bfdf08e1190c713d52facdb8&YtK1kkS4aBf-Yxfc4Dna=webPc&y6RycBO1oZLfADX_9tKZXoaA=1.0.0
2021-05-17 20:43:07 : POST /member/login HTTP/1.1
Host: api.pandalive.co.kr
Connection: keep-alive
Content-Length: 775
sec-ch-ua: " Not A;Brand";v="99", "Chromium";v="90", "Google Chrome";v="90"
Accept: application/json, text/javascript, */*; q=0.01
sec-ch-ua-mobile: ?0
User-Agent: Mozilla/5.0 (Windows NT 10.0; Win64; x64) AppleWebKit/537.36 (KHTML, like Gecko) Chrome/90.0.4430.212 Safari/537.36
Content-Type: application/x-www-form-urlencoded; charset=UTF-8
Origin: https://www.pandalive.co.kr
Sec-Fetch-Site: same-site
Sec-Fetch-Mode: cors
Sec-Fetch-Dest: empty
Referer: https://www.pandalive.co.kr/
Accept-Encoding: gzip, deflate, br
Accept-Language: en-US,en;q=0.9
Cookie: sessKey=18e52a739c7b21866efbd9fd86afe1927d2e5da815bc19e493f54c619a87be56; 3be3f8e358abbf54cec643229de77fc9e4f3f0bbc9b171580d45d13aaa374c16=QJsjNNBA8H6J9M6uQ0TM2IpBIJ%2FOJMTzFIXQXqW5j8P1O1Mj6Ykpk7tArxGByPyeyCt7%2FCUeM5Tzybs9c38QEHoMI0M8vbM5z3PTWnY9KhXngRA7bEghEs5RerBJId7Yo9cYIOE%2BbLzN9mDRr2U2B7%2FWfDoXQs2oD8s%2F1FIp84QGy9Vvdqj4vjYrA7iZPeOO; partner=pandatv; userReferer=https%3A%2F%2Fwww.pandalive.co.kr%2Fmember%2Flogin; _ga_W91XDLC3YE=GS1.1.1621251782.1.0.1621251782.0; _ga=GA1.1.1084883758.1621251783; _gcl_au=1.1.1491329012.1621251783; appier_utmz=%7B%22csr%22%3A%22www.pandalive.co.kr%22%2C%22timestamp%22%3A1621251783%7D; _atrk_siteuid=pJvhDY3anxtBSKf7; _atrk_ssid=9DmXLSBV9l9pacaXuA5Mj3; _atrk_sessidx=1; appier_pv_counterPageView_fc1d=0; appier_page_isView_PageView_fc1d=1aa2f1a20984838737334bf0f37dd45a0236416bd2a1b7090bfd524ea7d546a6; appier_pv_counterViewTwoPages_a9a9=0; appier_page_isView_ViewTwoPages_a9a9=1aa2f1a20984838737334bf0f37dd45a0236416bd2a1b7090bfd524ea7d546a6; _ga_NGSHFJTQS1=GS1.1.1621251782.1.0.1621251782.0; _wp_uid=1-a46f78c7b5dbba25164969bf9edd382c-s1621251804.446669|windows_10|chrome-1gyl4hx; iUUID=fb821b17ccd776061d521a5e9963b962; innity.dmp.806.sess=1.1621251784246.1621251784246.1621251784246; innity.dmp.806.sess.id=97310792.806.1621251784246; innity.dmp.cks.appxs=1; innity.dmp.cks.innity=1

29X__Q4yowex4Bzo=dada5850&2wqZ_Q4yowex4Bzo=wnstjr123&AYUcv2W9f-yi4dNLpZWlOU=off&o36w9w_N3d85AZ_Q4yowex4Bzo=&_i3nY6v7ot9WIAugPuZ6Pj3WlOU=NOgfamcKcICZh3ZWAu1eIzvrBvtQHnCTc4yMlO2aHiloVGoTMIcAoYSnpr2ABykntndALIBPdNSWN8I6DzjryEY69AzU_mQKtq1HU91rFWtOM8cHsatO7aEiljm_QWn7pAeJgOSP18Ikez1rFWpLtWcAg7SodrEkez2rFWtR6W1T2NTwQrEIcvlZympUAW16cayWgrEJgvxZwup9w8c6c7ZuwBDJaPxVUudB5AB957SotRD8UCkXOupQ6pbEgrTWpCIDiykaM7nMl8eDhb3XoaA&Yt40SkS4eFP1sNLe4Dna=1621251787&AYohuyc98ugPuZ6Pj3WlOU=36b30b7f1f9028f43ddc5875b464591bc200f8e872fedde9f264146652607e05&yQv1sB81otLfILAZU_XYXoaA=18e52a739c7b21866efbd9fd86afe1927d2e5da815bc19e493f54c619a87be56&o3GVexFtLZADj4Idn1w0S34Bzo=744620307b6a919c5feaa7c4a582461b836e68b8bfdf08e1190c713d52facdb8&YtK1kkS4aBf-Yxfc4Dna=webPc&y6RycBO1oZLfADX_9tKZXoaA=1.0.0
2021-05-17 20:43:09 : POST /member/loginInfo HTTP/1.1
Host: api.pandalive.co.kr
Connection: keep-alive
Content-Length: 656
sec-ch-ua: " Not A;Brand";v="99", "Chromium";v="90", "Google Chrome";v="90"
Accept: application/json, text/javascript, */*; q=0.01
sec-ch-ua-mobile: ?0
User-Agent: Mozilla/5.0 (Windows NT 10.0; Win64; x64) AppleWebKit/537.36 (KHTML, like Gecko) Chrome/90.0.4430.212 Safari/537.36
Content-Type: application/x-www-form-urlencoded; charset=UTF-8
Origin: https://www.pandalive.co.kr
Sec-Fetch-Site: same-site
Sec-Fetch-Mode: cors
Sec-Fetch-Dest: empty
Referer: https://www.pandalive.co.kr/
Accept-Encoding: gzip, deflate, br
Accept-Language: en-US,en;q=0.9
Cookie: sessKey=18e52a739c7b21866efbd9fd86afe1927d2e5da815bc19e493f54c619a87be56; partner=pandatv; _ga=GA1.1.1084883758.1621251783; _gcl_au=1.1.1491329012.1621251783; _atrk_siteuid=pJvhDY3anxtBSKf7; _atrk_ssid=9DmXLSBV9l9pacaXuA5Mj3; _wp_uid=1-a46f78c7b5dbba25164969bf9edd382c-s1621251804.446669|windows_10|chrome-1gyl4hx; iUUID=fb821b17ccd776061d521a5e9963b962; innity.dmp.806.sess=1.1621251784246.1621251784246.1621251784246; innity.dmp.806.sess.id=97310792.806.1621251784246; innity.dmp.cks.appxs=1; innity.dmp.cks.innity=1; userLoginIdx=12836893; userLoginYN=Y; userLoginSaveYN=N; 3be3f8e358abbf54cec643229de77fc9e4f3f0bbc9b171580d45d13aaa374c16=oDN%2F%2BBENw9amXMH7iIroUPiS5vzCqTlPvAZE4lU7Ww%2Fgh1PiwHhowZFV39t9Xg2KY3wM4yWX456%2FvBdKUO67JWOFrNwobl%2FX2QWxp45Qy7sFUPd%2Fi52GiV2ZIOg%2BpdbcROGnjZhBq4XqS9YAkqjLj4HZvgqF9LkHwJpWgoDog5riqG8m4mCPFa7o%2B0bWaprc; userReferer=https%3A%2F%2Fwww.pandalive.co.kr%2F; _ga_W91XDLC3YE=GS1.1.1621251782.1.1.1621251788.0; _ga_NGSHFJTQS1=GS1.1.1621251782.1.1.1621251788.0; appier_utmz=%7B%22csr%22%3A%22www.pandalive.co.kr%22%2C%22timestamp%22%3A1621251783%2C%22lcsr%22%3A%22www.pandalive.co.kr%22%7D; appier_pv_counterPageView_fc1d=1; appier_page_isView_PageView_fc1d=9055efaad168a7c8a207dc9ba07d25d1e999861da0b3e1bbeeb36fc4ff1b4618; appier_pv_counterViewTwoPages_a9a9=1; appier_page_isView_ViewTwoPages_a9a9=9055efaad168a7c8a207dc9ba07d25d1e999861da0b3e1bbeeb36fc4ff1b4618; _atrk_sessidx=3

_i3nY6v7ot9WIAugPuZ6Pj3WlOU=mDDjxRWn76beJg8ywgbD85vkZwfoPtW2CsNZnpOE619kdymp85X28w4SPt7C7gPghQWYPLp1HdK1WN8Ia9e-aRhq7EWcDT8tLx8FF6SjVUvtVIv_TLrQP1bEFiykdMvtVInZTLOTPVrEieikby7pVInyTLrQmhr17yymsa7pREpBAwYSklr1KgCwrx7pTMp1AsnSVY8EKgixnPuoTAA16onyugBDIxikbQmo8ohc8cnSMheCgeTmrSTtHIhB99aSLN8IGDD3uthl&Yt40SkS4eFP1sNLe4Dna=1621251789&AYohuyc98ugPuZ6Pj3WlOU=1fdcf224f40cc7656d79f26e4e9e1228d365dfd5bf6f384f1712f391ccbee6ff&yQv1sB81otLfILAZU_XYXoaA=18e52a739c7b21866efbd9fd86afe1927d2e5da815bc19e493f54c619a87be56&o3GVexFtLZADj4Idn1w0S34Bzo=26b34bdc9df09fc9e02a6bf8e3ad07847952263ffdb83dac6fce2db9a8777adf&YtK1kkS4aBf-Yxfc4Dna=webPc&y6RycBO1oZLfADX_9tKZXoaA=1.0.0
2021-05-17 20:43:09 : POST /live/cache HTTP/1.1
Host: api.pandalive.co.kr
Connection: keep-alive
Content-Length: 917
sec-ch-ua: " Not A;Brand";v="99", "Chromium";v="90", "Google Chrome";v="90"
Accept: application/json, text/javascript, */*; q=0.01
sec-ch-ua-mobile: ?0
User-Agent: Mozilla/5.0 (Windows NT 10.0; Win64; x64) AppleWebKit/537.36 (KHTML, like Gecko) Chrome/90.0.4430.212 Safari/537.36
Content-Type: application/x-www-form-urlencoded; charset=UTF-8
Origin: https://www.pandalive.co.kr
Sec-Fetch-Site: same-site
Sec-Fetch-Mode: cors
Sec-Fetch-Dest: empty
Referer: https://www.pandalive.co.kr/
Accept-Encoding: gzip, deflate, br
Accept-Language: en-US,en;q=0.9
Cookie: sessKey=18e52a739c7b21866efbd9fd86afe1927d2e5da815bc19e493f54c619a87be56; partner=pandatv; _ga=GA1.1.1084883758.1621251783; _gcl_au=1.1.1491329012.1621251783; _atrk_siteuid=pJvhDY3anxtBSKf7; _atrk_ssid=9DmXLSBV9l9pacaXuA5Mj3; _wp_uid=1-a46f78c7b5dbba25164969bf9edd382c-s1621251804.446669|windows_10|chrome-1gyl4hx; iUUID=fb821b17ccd776061d521a5e9963b962; innity.dmp.806.sess.id=97310792.806.1621251784246; innity.dmp.cks.appxs=1; innity.dmp.cks.innity=1; userLoginIdx=12836893; userLoginYN=Y; userLoginSaveYN=N; 3be3f8e358abbf54cec643229de77fc9e4f3f0bbc9b171580d45d13aaa374c16=oDN%2F%2BBENw9amXMH7iIroUPiS5vzCqTlPvAZE4lU7Ww%2Fgh1PiwHhowZFV39t9Xg2KY3wM4yWX456%2FvBdKUO67JWOFrNwobl%2FX2QWxp45Qy7sFUPd%2Fi52GiV2ZIOg%2BpdbcROGnjZhBq4XqS9YAkqjLj4HZvgqF9LkHwJpWgoDog5riqG8m4mCPFa7o%2B0bWaprc; userReferer=https%3A%2F%2Fwww.pandalive.co.kr%2F; _ga_W91XDLC3YE=GS1.1.1621251782.1.1.1621251788.0; _ga_NGSHFJTQS1=GS1.1.1621251782.1.1.1621251788.0; appier_utmz=%7B%22csr%22%3A%22www.pandalive.co.kr%22%2C%22timestamp%22%3A1621251783%2C%22lcsr%22%3A%22www.pandalive.co.kr%22%7D; appier_pv_counterPageView_fc1d=1; appier_page_isView_PageView_fc1d=9055efaad168a7c8a207dc9ba07d25d1e999861da0b3e1bbeeb36fc4ff1b4618; appier_pv_counterViewTwoPages_a9a9=1; appier_page_isView_ViewTwoPages_a9a9=9055efaad168a7c8a207dc9ba07d25d1e999861da0b3e1bbeeb36fc4ff1b4618; _atrk_sessidx=3; innity.dmp.806.sess=2.1621251784246.1621251784246.1621251789531

NgxdaEY0ZX2DdK1XoaA=rankingLive1&Y6K2VQRw0MfwbPfZ4Dna=224&AYNUR1c5v-yi4dNLpZWlOU=126&PL2SAuzDQgv_a4_EcI4Nln1wgRx4Bzo=20&H5XAgw1OdK1zAu2GFv1uthl=YP8bTXnQRtaEFiykdMGpLQocTDqQPsaF76P0eRWn7_AeJZqSKtay7PzkbBvt6HnCFDqQNsaFJiymcwvpMI8BEDqQusaFJiymcwvpMI8BEDqQVsNv4Bzo&_i3nY6v7ot9WIAugPuZ6Pj3WlOU=mDDjxRWn76beJg8ywgbD85vkZwfoPtW2CsNZnpOE619kdymp85X28w4SPt7C7gPghQWYPLp1HdK1WN8Ia9e-aRhq7EWcDT8tLx8FF6SjVUvtVIv_TLrQP1bEFiykdMvtVInZTLOTPVrEieikby7pVInyTLrQmhr17yymsa7pREpBAwYSklr1KgCwrx7pTMp1AsnSVY8EKgixnPuoTAA16onyugBDIxikbQmo8ohc8cnSMheCgeTmrSTtHIhB99aSLN8IGDD3uthl&Yt40SkS4eFP1sNLe4Dna=1621251789&AYohuyc98ugPuZ6Pj3WlOU=1fdcf224f40cc7656d79f26e4e9e1228d365dfd5bf6f384f1712f391ccbee6ff&yQv1sB81otLfILAZU_XYXoaA=18e52a739c7b21866efbd9fd86afe1927d2e5da815bc19e493f54c619a87be56&o3GVexFtLZADj4Idn1w0S34Bzo=26b34bdc9df09fc9e02a6bf8e3ad07847952263ffdb83dac6fce2db9a8777adf&YtK1kkS4aBf-Yxfc4Dna=webPc&y6RycBO1oZLfADX_9tKZXoaA=1.0.0
2021-05-17 20:43:09 : POST https://api.pandalive.co.kr/live/cache HTTP/1.1
NgxdaEY0ZX2DdK1XoaA=rankingLive1&Y6K2VQRw0MfwbPfZ4Dna=224&AYNUR1c5v-yi4dNLpZWlOU=126&PL2SAuzDQgv_a4_EcI4Nln1wgRx4Bzo=20&H5XAgw1OdK1zAu2GFv1uthl=YP8bTXnQRtaEFiykdMGpLQocTDqQPsaF76P0eRWn7_AeJZqSKtay7PzkbBvt6HnCFDqQNsaFJiymcwvpMI8BEDqQusaFJiymcwvpMI8BEDqQVsNv4Bzo&_i3nY6v7ot9WIAugPuZ6Pj3WlOU=mDDjxRWn76beJg8ywgbD85vkZwfoPtW2CsNZnpOE619kdymp85X28w4SPt7C7gPghQWYPLp1HdK1WN8Ia9e-aRhq7EWcDT8tLx8FF6SjVUvtVIv_TLrQP1bEFiykdMvtVInZTLOTPVrEieikby7pVInyTLrQmhr17yymsa7pREpBAwYSklr1KgCwrx7pTMp1AsnSVY8EKgixnPuoTAA16onyugBDIxikbQmo8ohc8cnSMheCgeTmrSTtHIhB99aSLN8IGDD3uthl&Yt40SkS4eFP1sNLe4Dna=1621251789&AYohuyc98ugPuZ6Pj3WlOU=1fdcf224f40cc7656d79f26e4e9e1228d365dfd5bf6f384f1712f391ccbee6ff&yQv1sB81otLfILAZU_XYXoaA=18e52a739c7b21866efbd9fd86afe1927d2e5da815bc19e493f54c619a87be56&o3GVexFtLZADj4Idn1w0S34Bzo=26b34bdc9df09fc9e02a6bf8e3ad07847952263ffdb83dac6fce2db9a8777adf&YtK1kkS4aBf-Yxfc4Dna=webPc&y6RycBO1oZLfADX_9tKZXoaA=1.0.0
2021-05-17 20:43:09 : POST /live/cache HTTP/1.1
Host: api.pandalive.co.kr
Connection: keep-alive
Content-Length: 913
sec-ch-ua: " Not A;Brand";v="99", "Chromium";v="90", "Google Chrome";v="90"
Accept: application/json, text/javascript, */*; q=0.01
sec-ch-ua-mobile: ?0
User-Agent: Mozilla/5.0 (Windows NT 10.0; Win64; x64) AppleWebKit/537.36 (KHTML, like Gecko) Chrome/90.0.4430.212 Safari/537.36
Content-Type: application/x-www-form-urlencoded; charset=UTF-8
Origin: https://www.pandalive.co.kr
Sec-Fetch-Site: same-site
Sec-Fetch-Mode: cors
Sec-Fetch-Dest: empty
Referer: https://www.pandalive.co.kr/
Accept-Encoding: gzip, deflate, br
Accept-Language: en-US,en;q=0.9
Cookie: sessKey=18e52a739c7b21866efbd9fd86afe1927d2e5da815bc19e493f54c619a87be56; partner=pandatv; _ga=GA1.1.1084883758.1621251783; _gcl_au=1.1.1491329012.1621251783; _atrk_siteuid=pJvhDY3anxtBSKf7; _atrk_ssid=9DmXLSBV9l9pacaXuA5Mj3; _wp_uid=1-a46f78c7b5dbba25164969bf9edd382c-s1621251804.446669|windows_10|chrome-1gyl4hx; iUUID=fb821b17ccd776061d521a5e9963b962; innity.dmp.806.sess.id=97310792.806.1621251784246; innity.dmp.cks.appxs=1; innity.dmp.cks.innity=1; userLoginIdx=12836893; userLoginYN=Y; userLoginSaveYN=N; 3be3f8e358abbf54cec643229de77fc9e4f3f0bbc9b171580d45d13aaa374c16=oDN%2F%2BBENw9amXMH7iIroUPiS5vzCqTlPvAZE4lU7Ww%2Fgh1PiwHhowZFV39t9Xg2KY3wM4yWX456%2FvBdKUO67JWOFrNwobl%2FX2QWxp45Qy7sFUPd%2Fi52GiV2ZIOg%2BpdbcROGnjZhBq4XqS9YAkqjLj4HZvgqF9LkHwJpWgoDog5riqG8m4mCPFa7o%2B0bWaprc; userReferer=https%3A%2F%2Fwww.pandalive.co.kr%2F; _ga_W91XDLC3YE=GS1.1.1621251782.1.1.1621251788.0; _ga_NGSHFJTQS1=GS1.1.1621251782.1.1.1621251788.0; appier_utmz=%7B%22csr%22%3A%22www.pandalive.co.kr%22%2C%22timestamp%22%3A1621251783%2C%22lcsr%22%3A%22www.pandalive.co.kr%22%7D; appier_pv_counterPageView_fc1d=1; appier_page_isView_PageView_fc1d=9055efaad168a7c8a207dc9ba07d25d1e999861da0b3e1bbeeb36fc4ff1b4618; appier_pv_counterViewTwoPages_a9a9=1; appier_page_isView_ViewTwoPages_a9a9=9055efaad168a7c8a207dc9ba07d25d1e999861da0b3e1bbeeb36fc4ff1b4618; _atrk_sessidx=3; innity.dmp.806.sess=2.1621251784246.1621251784246.1621251789531

NgxdaEY0ZX2DdK1XoaA=mainLive&Y6K2VQRw0MfwbPfZ4Dna=224&AYNUR1c5v-yi4dNLpZWlOU=126&PL2SAuzDQgv_a4_EcI4Nln1wgRx4Bzo=15&H5XAgw1OdK1zAu2GFv1uthl=Ysoc7c7tox8EIgSmrUutH6Wc5g8yWFaEkeD0rFhnLtWcAg7SodrEkeTxrFWtAVIzTDqQQsaFigSmrFutHIncFZNSP1bEFiykrBvtLHnCFDqQNsNv4Bzo&_i3nY6v7ot9WIAugPuZ6Pj3WlOU=mDDjxRWn76beJg8ywgbD85vkZwfoPtW2CsNZnpOE619kdymp85X28w4SPt7C7gPghQWYPLp1HdK1WN8Ia9e-aRhq7EWcDT8tLx8FF6SjVUvtVIv_TLrQP1bEFiykdMvtVInZTLOTPVrEieikby7pVInyTLrQmhr17yymsa7pREpBAwYSklr1KgCwrx7pTMp1AsnSVY8EKgixnPuoTAA16onyugBDIxikbQmo8ohc8cnSMheCgeTmrSTtHIhB99aSLN8IGDD3uthl&Yt40SkS4eFP1sNLe4Dna=1621251789&AYohuyc98ugPuZ6Pj3WlOU=1fdcf224f40cc7656d79f26e4e9e1228d365dfd5bf6f384f1712f391ccbee6ff&yQv1sB81otLfILAZU_XYXoaA=18e52a739c7b21866efbd9fd86afe1927d2e5da815bc19e493f54c619a87be56&o3GVexFtLZADj4Idn1w0S34Bzo=26b34bdc9df09fc9e02a6bf8e3ad07847952263ffdb83dac6fce2db9a8777adf&YtK1kkS4aBf-Yxfc4Dna=webPc&y6RycBO1oZLfADX_9tKZXoaA=1.0.0
2021-05-17 20:43:09 : POST https://api.pandalive.co.kr/live/cache HTTP/1.1
NgxdaEY0ZX2DdK1XoaA=mainLive&Y6K2VQRw0MfwbPfZ4Dna=224&AYNUR1c5v-yi4dNLpZWlOU=126&PL2SAuzDQgv_a4_EcI4Nln1wgRx4Bzo=15&H5XAgw1OdK1zAu2GFv1uthl=Ysoc7c7tox8EIgSmrUutH6Wc5g8yWFaEkeD0rFhnLtWcAg7SodrEkeTxrFWtAVIzTDqQQsaFigSmrFutHIncFZNSP1bEFiykrBvtLHnCFDqQNsNv4Bzo&_i3nY6v7ot9WIAugPuZ6Pj3WlOU=mDDjxRWn76beJg8ywgbD85vkZwfoPtW2CsNZnpOE619kdymp85X28w4SPt7C7gPghQWYPLp1HdK1WN8Ia9e-aRhq7EWcDT8tLx8FF6SjVUvtVIv_TLrQP1bEFiykdMvtVInZTLOTPVrEieikby7pVInyTLrQmhr17yymsa7pREpBAwYSklr1KgCwrx7pTMp1AsnSVY8EKgixnPuoTAA16onyugBDIxikbQmo8ohc8cnSMheCgeTmrSTtHIhB99aSLN8IGDD3uthl&Yt40SkS4eFP1sNLe4Dna=1621251789&AYohuyc98ugPuZ6Pj3WlOU=1fdcf224f40cc7656d79f26e4e9e1228d365dfd5bf6f384f1712f391ccbee6ff&yQv1sB81otLfILAZU_XYXoaA=18e52a739c7b21866efbd9fd86afe1927d2e5da815bc19e493f54c619a87be56&o3GVexFtLZADj4Idn1w0S34Bzo=26b34bdc9df09fc9e02a6bf8e3ad07847952263ffdb83dac6fce2db9a8777adf&YtK1kkS4aBf-Yxfc4Dna=webPc&y6RycBO1oZLfADX_9tKZXoaA=1.0.0
