2021-05-17 22:15:04 : POST /member/loginInfo HTTP/1.1
Host: api.pandalive.co.kr
Connection: keep-alive
Content-Length: 675
sec-ch-ua: " Not A;Brand";v="99", "Chromium";v="90", "Google Chrome";v="90"
Accept: application/json, text/javascript, */*; q=0.01
sec-ch-ua-mobile: ?0
User-Agent: Mozilla/5.0 (Windows NT 10.0; Win64; x64) AppleWebKit/537.36 (KHTML, like Gecko) Chrome/90.0.4430.212 Safari/537.36
Content-Type: application/x-www-form-urlencoded; charset=UTF-8
Origin: https://www.pandalive.co.kr
Sec-Fetch-Site: same-site
Sec-Fetch-Mode: cors
Sec-Fetch-Dest: empty
Referer: https://www.pandalive.co.kr/
Accept-Encoding: gzip, deflate, br
Accept-Language: en-US,en;q=0.9
Cookie: sessKey=9b8e6e901cfb5ce7353683824c7bdc9c123fac63775fc222f3c561ad1df1f5bc; 3be3f8e358abbf54cec643229de77fc9e4f3f0bbc9b171580d45d13aaa374c16=zhhYCnpXQM%2F87HL6PJ5jkqvJFgx4lnNTgmTxs8AGjgk%2BY%2BH7DAdeybGtC4PS91xuv0J%2FcWk01tbMd341tJht7evVsa%2FMaBftwEl8YUOFu4rmCULmIusb8y3GdWfO9FiWj11pAMTohBPJm8QwaQ%2BJko%2Fu%2FxVccpz%2Bwde2tpsiSJquYWOrFpdL23i2O1glBcA2; partner=pandatv; userReferer=https%3A%2F%2Fwww.pandalive.co.kr%2Fmember%2Flogin

_i3nY6v7ot9WIAugPuZ6Pj3WlOU=_beHAYZpERF1Dexri4cIRn3TDqQMsaF7gfwZUndAPWBQpNtlxREia9kaS7dBDocPlayUwRDAFykrBvt6HnCTwJ2wkBy6HOgUQ8cPoIZTLrQnx8EE6ClcJhpQWvbBgrTWRBIDezkdMGpLQocFZqQKtax7PzlbSnoQIWcDw7SKtaw7PTgqR4oBL81RdNZww8Dic9knRvpNEA1A1atndO2619kbOndUEp1T2ayNtbChxSlawnpS6I2AgnZvwbEK6Plo6vdUI7bTkmQRlrDHcCkaBvtNHGYWlOU&Yt40SkS4eFP1sNLe4Dna=1621257303&AYohuyc98ugPuZ6Pj3WlOU=45fa8442e1863c447f643ab1522480e23abd2a1be6511ab9aae16efa69bab487&yQv1sB81otLfILAZU_XYXoaA=9b8e6e901cfb5ce7353683824c7bdc9c123fac63775fc222f3c561ad1df1f5bc&o3GVexFtLZADj4Idn1w0S34Bzo=2ae4d93e89c844d16cc71623d113fc23ff1ca89d5e3c705f94b54d3e8f385716&YtK1kkS4aBf-Yxfc4Dna=webPc&y6RycBO1oZLfADX_9tKZXoaA=1.0.0
2021-05-17 22:15:08 : POST /member/login HTTP/1.1
Host: api.pandalive.co.kr
Connection: keep-alive
Content-Length: 783
sec-ch-ua: " Not A;Brand";v="99", "Chromium";v="90", "Google Chrome";v="90"
Accept: application/json, text/javascript, */*; q=0.01
sec-ch-ua-mobile: ?0
User-Agent: Mozilla/5.0 (Windows NT 10.0; Win64; x64) AppleWebKit/537.36 (KHTML, like Gecko) Chrome/90.0.4430.212 Safari/537.36
Content-Type: application/x-www-form-urlencoded; charset=UTF-8
Origin: https://www.pandalive.co.kr
Sec-Fetch-Site: same-site
Sec-Fetch-Mode: cors
Sec-Fetch-Dest: empty
Referer: https://www.pandalive.co.kr/
Accept-Encoding: gzip, deflate, br
Accept-Language: en-US,en;q=0.9
Cookie: sessKey=9b8e6e901cfb5ce7353683824c7bdc9c123fac63775fc222f3c561ad1df1f5bc; 3be3f8e358abbf54cec643229de77fc9e4f3f0bbc9b171580d45d13aaa374c16=zhhYCnpXQM%2F87HL6PJ5jkqvJFgx4lnNTgmTxs8AGjgk%2BY%2BH7DAdeybGtC4PS91xuv0J%2FcWk01tbMd341tJht7evVsa%2FMaBftwEl8YUOFu4rmCULmIusb8y3GdWfO9FiWj11pAMTohBPJm8QwaQ%2BJko%2Fu%2FxVccpz%2Bwde2tpsiSJquYWOrFpdL23i2O1glBcA2; partner=pandatv; userReferer=https%3A%2F%2Fwww.pandalive.co.kr%2Fmember%2Flogin; _wp_uid=1-2c2a586fc685b9ff9c08bf1eee8829ac-s1621257326.77560|windows_10|chrome-oy33se; appier_utmz=%7B%22csr%22%3A%22www.pandalive.co.kr%22%2C%22timestamp%22%3A1621257305%7D; _atrk_siteuid=Jf4RCr6IR4wqtE0F; _atrk_ssid=gwecP2akN9IARGKIbC9Q7d; _atrk_sessidx=1; appier_pv_counterPageView_fc1d=0; appier_page_isView_PageView_fc1d=1aa2f1a20984838737334bf0f37dd45a0236416bd2a1b7090bfd524ea7d546a6; appier_pv_counterViewTwoPages_a9a9=0; appier_page_isView_ViewTwoPages_a9a9=1aa2f1a20984838737334bf0f37dd45a0236416bd2a1b7090bfd524ea7d546a6; _gcl_au=1.1.1813789264.1621257305; _ga_NGSHFJTQS1=GS1.1.1621257304.1.0.1621257304.0; _ga=GA1.1.1803460088.1621257305; _ga_W91XDLC3YE=GS1.1.1621257304.1.0.1621257304.0; iUUID=c04717c640c91e42831e41aed82fa503; innity.dmp.806.sess=1.1621257305500.1621257305500.1621257305500; innity.dmp.806.sess.id=3182050.806.1621257305500; innity.dmp.cks.appxs=1; innity.dmp.cks.innity=1

29X__Q4yowex4Bzo=dada5850&2wqZ_Q4yowex4Bzo=wnstjr123&AYUcv2W9f-yi4dNLpZWlOU=off&o36w9w_N3d85AZ_Q4yowex4Bzo=&_i3nY6v7ot9WIAugPuZ6Pj3WlOU=_beHAYZpERF1Dexri4cIRn3TDqQMsaF7gfwZUndAPWBQpNtlxREia9kaS7dBDocPlayUwRDAFykrBvt6HnCTwJ2wkBy6HOgUQ8cPoIZTLrQnx8EE6ClcJhpQWvbBgrTWRBIDezkdMGpLQocFZqQKtax7PzlbSnoQIWcDw7SKtaw7PTgqR4oBL81RdNZww8Dic9knRvpNEA1A1atndO2619kbOndUEp1T2ayNtbChxSlawnpS6I2AgnZvwbEK6Plo6vdUI7bTkmQRlrDHcCkaBvtNHGYWlOU&Yt40SkS4eFP1sNLe4Dna=1621257308&AYohuyc98ugPuZ6Pj3WlOU=45fa8442e1863c447f643ab1522480e23abd2a1be6511ab9aae16efa69bab487&yQv1sB81otLfILAZU_XYXoaA=9b8e6e901cfb5ce7353683824c7bdc9c123fac63775fc222f3c561ad1df1f5bc&o3GVexFtLZADj4Idn1w0S34Bzo=2ae4d93e89c844d16cc71623d113fc23ff1ca89d5e3c705f94b54d3e8f385716&YtK1kkS4aBf-Yxfc4Dna=webPc&y6RycBO1oZLfADX_9tKZXoaA=1.0.0
2021-05-17 22:15:11 : POST /live/cache HTTP/1.1
Host: api.pandalive.co.kr
Connection: keep-alive
Content-Length: 920
sec-ch-ua: " Not A;Brand";v="99", "Chromium";v="90", "Google Chrome";v="90"
Accept: application/json, text/javascript, */*; q=0.01
sec-ch-ua-mobile: ?0
User-Agent: Mozilla/5.0 (Windows NT 10.0; Win64; x64) AppleWebKit/537.36 (KHTML, like Gecko) Chrome/90.0.4430.212 Safari/537.36
Content-Type: application/x-www-form-urlencoded; charset=UTF-8
Origin: https://www.pandalive.co.kr
Sec-Fetch-Site: same-site
Sec-Fetch-Mode: cors
Sec-Fetch-Dest: empty
Referer: https://www.pandalive.co.kr/
Accept-Encoding: gzip, deflate, br
Accept-Language: en-US,en;q=0.9
Cookie: sessKey=9b8e6e901cfb5ce7353683824c7bdc9c123fac63775fc222f3c561ad1df1f5bc; partner=pandatv; _wp_uid=1-2c2a586fc685b9ff9c08bf1eee8829ac-s1621257326.77560|windows_10|chrome-oy33se; appier_utmz=%7B%22csr%22%3A%22www.pandalive.co.kr%22%2C%22timestamp%22%3A1621257305%7D; _atrk_siteuid=Jf4RCr6IR4wqtE0F; _atrk_ssid=gwecP2akN9IARGKIbC9Q7d; _atrk_sessidx=1; appier_pv_counterPageView_fc1d=0; appier_page_isView_PageView_fc1d=1aa2f1a20984838737334bf0f37dd45a0236416bd2a1b7090bfd524ea7d546a6; appier_pv_counterViewTwoPages_a9a9=0; appier_page_isView_ViewTwoPages_a9a9=1aa2f1a20984838737334bf0f37dd45a0236416bd2a1b7090bfd524ea7d546a6; _gcl_au=1.1.1813789264.1621257305; _ga=GA1.1.1803460088.1621257305; iUUID=c04717c640c91e42831e41aed82fa503; innity.dmp.806.sess.id=3182050.806.1621257305500; innity.dmp.cks.appxs=1; innity.dmp.cks.innity=1; userLoginIdx=12836893; userLoginYN=Y; userLoginSaveYN=N; 3be3f8e358abbf54cec643229de77fc9e4f3f0bbc9b171580d45d13aaa374c16=wpcmYaUcs4UwDyugxRTmJJUJ6GogKEcPVftjxqnDQN5Js41tuBFLA8DH8i%2B2tyAb5uWU081Mx32J0mkaiP9pcxvoqKoYgErAtYa3ZK8LUz6HEo9ECHB3Dzt8ybKhAyIFUK8j5SLq0SzLEUL8nbOrmUn5%2Bo%2FQARmrKj%2F4JODPonhaX7KMB3UzHFV2ehC3quhl; userReferer=https%3A%2F%2Fwww.pandalive.co.kr%2F; _ga_W91XDLC3YE=GS1.1.1621257304.1.1.1621257309.0; _ga_NGSHFJTQS1=GS1.1.1621257304.1.1.1621257309.0; innity.dmp.806.sess=2.1621257305500.1621257305500.1621257310704

NgxdaEY0ZX2DdK1XoaA=rankingLive1&Y6K2VQRw0MfwbPfZ4Dna=224&AYNUR1c5v-yi4dNLpZWlOU=126&PL2SAuzDQgv_a4_EcI4Nln1wgRx4Bzo=20&H5XAgw1OdK1zAu2GFv1uthl=YLhcC17tox8EIgSmryutHQ8c5g8yWFaEkeD0rFhpVInyTLOSoN8IDDzjrMGpLQocFZNSP18Ikez1rFWtAVIzTDqQQsaFgcCkXwvpMI8BEDqQVsNv4Bzo&_i3nY6v7ot9WIAugPuZ6Pj3WlOU=PmQpFAIkej2rFWt6LXBBk4ZPhr1Haymst7o9DhcCcnZn181hcfxs2vcMQ8e5g8yWF7II9ewpK4dLH7bTsK2SoCIDeDkcQvqQxWcHZ7tqRbD7tSgkRhq7QocFZNSP1bEFiSgUQhZ7dvcCkatMtrEG2ikUQhY7d7eSh4tuw819FyxsPvoQEIcPhqSopB1iZClaynd61IcDcaykpe17yCw_QGnOt8BCsaSLhR2iePxqPGpU6ABQ6qykt7C7cOghU7pOIocBDqQosNv4Bzo&Yt40SkS4eFP1sNLe4Dna=1621257310&AYohuyc98ugPuZ6Pj3WlOU=d568c3b92be7ef2c45dc4d2aef78085f7ab44568911844dcaf2f0fa06faf2ff4&yQv1sB81otLfILAZU_XYXoaA=9b8e6e901cfb5ce7353683824c7bdc9c123fac63775fc222f3c561ad1df1f5bc&o3GVexFtLZADj4Idn1w0S34Bzo=e37f13e708f5b64534125624b534899018f776baa4b64058a2d200b248955218&YtK1kkS4aBf-Yxfc4Dna=webPc&y6RycBO1oZLfADX_9tKZXoaA=1.0.0
2021-05-17 22:15:11 : POST https://api.pandalive.co.kr/live/cache HTTP/1.1
NgxdaEY0ZX2DdK1XoaA=rankingLive1&Y6K2VQRw0MfwbPfZ4Dna=224&AYNUR1c5v-yi4dNLpZWlOU=126&PL2SAuzDQgv_a4_EcI4Nln1wgRx4Bzo=20&H5XAgw1OdK1zAu2GFv1uthl=YLhcC17tox8EIgSmryutHQ8c5g8yWFaEkeD0rFhpVInyTLOSoN8IDDzjrMGpLQocFZNSP18Ikez1rFWtAVIzTDqQQsaFgcCkXwvpMI8BEDqQVsNv4Bzo&_i3nY6v7ot9WIAugPuZ6Pj3WlOU=PmQpFAIkej2rFWt6LXBBk4ZPhr1Haymst7o9DhcCcnZn181hcfxs2vcMQ8e5g8yWF7II9ewpK4dLH7bTsK2SoCIDeDkcQvqQxWcHZ7tqRbD7tSgkRhq7QocFZNSP1bEFiSgUQhZ7dvcCkatMtrEG2ikUQhY7d7eSh4tuw819FyxsPvoQEIcPhqSopB1iZClaynd61IcDcaykpe17yCw_QGnOt8BCsaSLhR2iePxqPGpU6ABQ6qykt7C7cOghU7pOIocBDqQosNv4Bzo&Yt40SkS4eFP1sNLe4Dna=1621257310&AYohuyc98ugPuZ6Pj3WlOU=d568c3b92be7ef2c45dc4d2aef78085f7ab44568911844dcaf2f0fa06faf2ff4&yQv1sB81otLfILAZU_XYXoaA=9b8e6e901cfb5ce7353683824c7bdc9c123fac63775fc222f3c561ad1df1f5bc&o3GVexFtLZADj4Idn1w0S34Bzo=e37f13e708f5b64534125624b534899018f776baa4b64058a2d200b248955218&YtK1kkS4aBf-Yxfc4Dna=webPc&y6RycBO1oZLfADX_9tKZXoaA=1.0.0
2021-05-17 22:15:11 : POST /live/cache HTTP/1.1
Host: api.pandalive.co.kr
Connection: keep-alive
Content-Length: 904
sec-ch-ua: " Not A;Brand";v="99", "Chromium";v="90", "Google Chrome";v="90"
Accept: application/json, text/javascript, */*; q=0.01
sec-ch-ua-mobile: ?0
User-Agent: Mozilla/5.0 (Windows NT 10.0; Win64; x64) AppleWebKit/537.36 (KHTML, like Gecko) Chrome/90.0.4430.212 Safari/537.36
Content-Type: application/x-www-form-urlencoded; charset=UTF-8
Origin: https://www.pandalive.co.kr
Sec-Fetch-Site: same-site
Sec-Fetch-Mode: cors
Sec-Fetch-Dest: empty
Referer: https://www.pandalive.co.kr/
Accept-Encoding: gzip, deflate, br
Accept-Language: en-US,en;q=0.9
Cookie: sessKey=9b8e6e901cfb5ce7353683824c7bdc9c123fac63775fc222f3c561ad1df1f5bc; partner=pandatv; _wp_uid=1-2c2a586fc685b9ff9c08bf1eee8829ac-s1621257326.77560|windows_10|chrome-oy33se; appier_utmz=%7B%22csr%22%3A%22www.pandalive.co.kr%22%2C%22timestamp%22%3A1621257305%7D; _atrk_siteuid=Jf4RCr6IR4wqtE0F; _atrk_ssid=gwecP2akN9IARGKIbC9Q7d; _atrk_sessidx=1; appier_pv_counterPageView_fc1d=0; appier_page_isView_PageView_fc1d=1aa2f1a20984838737334bf0f37dd45a0236416bd2a1b7090bfd524ea7d546a6; appier_pv_counterViewTwoPages_a9a9=0; appier_page_isView_ViewTwoPages_a9a9=1aa2f1a20984838737334bf0f37dd45a0236416bd2a1b7090bfd524ea7d546a6; _gcl_au=1.1.1813789264.1621257305; _ga=GA1.1.1803460088.1621257305; iUUID=c04717c640c91e42831e41aed82fa503; innity.dmp.806.sess.id=3182050.806.1621257305500; innity.dmp.cks.appxs=1; innity.dmp.cks.innity=1; userLoginIdx=12836893; userLoginYN=Y; userLoginSaveYN=N; 3be3f8e358abbf54cec643229de77fc9e4f3f0bbc9b171580d45d13aaa374c16=wpcmYaUcs4UwDyugxRTmJJUJ6GogKEcPVftjxqnDQN5Js41tuBFLA8DH8i%2B2tyAb5uWU081Mx32J0mkaiP9pcxvoqKoYgErAtYa3ZK8LUz6HEo9ECHB3Dzt8ybKhAyIFUK8j5SLq0SzLEUL8nbOrmUn5%2Bo%2FQARmrKj%2F4JODPonhaX7KMB3UzHFV2ehC3quhl; userReferer=https%3A%2F%2Fwww.pandalive.co.kr%2F; _ga_W91XDLC3YE=GS1.1.1621257304.1.1.1621257309.0; _ga_NGSHFJTQS1=GS1.1.1621257304.1.1.1621257309.0; innity.dmp.806.sess=2.1621257305500.1621257305500.1621257310704

NgxdaEY0ZX2DdK1XoaA=mainLive&Y6K2VQRw0MfwbPfZ4Dna=224&AYNUR1c5v-yi4dNLpZWlOU=126&PL2SAuzDQgv_a4_EcI4Nln1wgRx4Bzo=15&H5XAgw1OdK1zAu2GFv1uthl=IgrEkejwrFWtLI7bTZmQR18C7jPghMvn7AbeJcaSnZrDGgSkYOvn72AeJg8Zq2BIkej0rF8oMl8eJhOsOpOEj6SkcQvoMl8eRhb3XoaA&_i3nY6v7ot9WIAugPuZ6Pj3WlOU=PmQpFAIkej2rFWt6LXBBk4ZPhr1Haymst7o9DhcCcnZn181hcfxs2vcMQ8e5g8yWF7II9ewpK4dLH7bTsK2SoCIDeDkcQvqQxWcHZ7tqRbD7tSgkRhq7QocFZNSP1bEFiSgUQhZ7dvcCkatMtrEG2ikUQhY7d7eSh4tuw819FyxsPvoQEIcPhqSopB1iZClaynd61IcDcaykpe17yCw_QGnOt8BCsaSLhR2iePxqPGpU6ABQ6qykt7C7cOghU7pOIocBDqQosNv4Bzo&Yt40SkS4eFP1sNLe4Dna=1621257310&AYohuyc98ugPuZ6Pj3WlOU=d568c3b92be7ef2c45dc4d2aef78085f7ab44568911844dcaf2f0fa06faf2ff4&yQv1sB81otLfILAZU_XYXoaA=9b8e6e901cfb5ce7353683824c7bdc9c123fac63775fc222f3c561ad1df1f5bc&o3GVexFtLZADj4Idn1w0S34Bzo=e37f13e708f5b64534125624b534899018f776baa4b64058a2d200b248955218&YtK1kkS4aBf-Yxfc4Dna=webPc&y6RycBO1oZLfADX_9tKZXoaA=1.0.0
2021-05-17 22:15:11 : POST https://api.pandalive.co.kr/live/cache HTTP/1.1
NgxdaEY0ZX2DdK1XoaA=mainLive&Y6K2VQRw0MfwbPfZ4Dna=224&AYNUR1c5v-yi4dNLpZWlOU=126&PL2SAuzDQgv_a4_EcI4Nln1wgRx4Bzo=15&H5XAgw1OdK1zAu2GFv1uthl=IgrEkejwrFWtLI7bTZmQR18C7jPghMvn7AbeJcaSnZrDGgSkYOvn72AeJg8Zq2BIkej0rF8oMl8eJhOsOpOEj6SkcQvoMl8eRhb3XoaA&_i3nY6v7ot9WIAugPuZ6Pj3WlOU=PmQpFAIkej2rFWt6LXBBk4ZPhr1Haymst7o9DhcCcnZn181hcfxs2vcMQ8e5g8yWF7II9ewpK4dLH7bTsK2SoCIDeDkcQvqQxWcHZ7tqRbD7tSgkRhq7QocFZNSP1bEFiSgUQhZ7dvcCkatMtrEG2ikUQhY7d7eSh4tuw819FyxsPvoQEIcPhqSopB1iZClaynd61IcDcaykpe17yCw_QGnOt8BCsaSLhR2iePxqPGpU6ABQ6qykt7C7cOghU7pOIocBDqQosNv4Bzo&Yt40SkS4eFP1sNLe4Dna=1621257310&AYohuyc98ugPuZ6Pj3WlOU=d568c3b92be7ef2c45dc4d2aef78085f7ab44568911844dcaf2f0fa06faf2ff4&yQv1sB81otLfILAZU_XYXoaA=9b8e6e901cfb5ce7353683824c7bdc9c123fac63775fc222f3c561ad1df1f5bc&o3GVexFtLZADj4Idn1w0S34Bzo=e37f13e708f5b64534125624b534899018f776baa4b64058a2d200b248955218&YtK1kkS4aBf-Yxfc4Dna=webPc&y6RycBO1oZLfADX_9tKZXoaA=1.0.0
2021-05-17 22:15:11 : POST /member/loginInfo HTTP/1.1
Host: api.pandalive.co.kr
Connection: keep-alive
Content-Length: 659
sec-ch-ua: " Not A;Brand";v="99", "Chromium";v="90", "Google Chrome";v="90"
Accept: application/json, text/javascript, */*; q=0.01
sec-ch-ua-mobile: ?0
User-Agent: Mozilla/5.0 (Windows NT 10.0; Win64; x64) AppleWebKit/537.36 (KHTML, like Gecko) Chrome/90.0.4430.212 Safari/537.36
Content-Type: application/x-www-form-urlencoded; charset=UTF-8
Origin: https://www.pandalive.co.kr
Sec-Fetch-Site: same-site
Sec-Fetch-Mode: cors
Sec-Fetch-Dest: empty
Referer: https://www.pandalive.co.kr/
Accept-Encoding: gzip, deflate, br
Accept-Language: en-US,en;q=0.9
Cookie: sessKey=9b8e6e901cfb5ce7353683824c7bdc9c123fac63775fc222f3c561ad1df1f5bc; partner=pandatv; _wp_uid=1-2c2a586fc685b9ff9c08bf1eee8829ac-s1621257326.77560|windows_10|chrome-oy33se; appier_utmz=%7B%22csr%22%3A%22www.pandalive.co.kr%22%2C%22timestamp%22%3A1621257305%7D; _atrk_siteuid=Jf4RCr6IR4wqtE0F; _atrk_ssid=gwecP2akN9IARGKIbC9Q7d; _atrk_sessidx=1; appier_pv_counterPageView_fc1d=0; appier_page_isView_PageView_fc1d=1aa2f1a20984838737334bf0f37dd45a0236416bd2a1b7090bfd524ea7d546a6; appier_pv_counterViewTwoPages_a9a9=0; appier_page_isView_ViewTwoPages_a9a9=1aa2f1a20984838737334bf0f37dd45a0236416bd2a1b7090bfd524ea7d546a6; _gcl_au=1.1.1813789264.1621257305; _ga=GA1.1.1803460088.1621257305; iUUID=c04717c640c91e42831e41aed82fa503; innity.dmp.806.sess.id=3182050.806.1621257305500; innity.dmp.cks.appxs=1; innity.dmp.cks.innity=1; userLoginIdx=12836893; userLoginYN=Y; userLoginSaveYN=N; 3be3f8e358abbf54cec643229de77fc9e4f3f0bbc9b171580d45d13aaa374c16=wpcmYaUcs4UwDyugxRTmJJUJ6GogKEcPVftjxqnDQN5Js41tuBFLA8DH8i%2B2tyAb5uWU081Mx32J0mkaiP9pcxvoqKoYgErAtYa3ZK8LUz6HEo9ECHB3Dzt8ybKhAyIFUK8j5SLq0SzLEUL8nbOrmUn5%2Bo%2FQARmrKj%2F4JODPonhaX7KMB3UzHFV2ehC3quhl; userReferer=https%3A%2F%2Fwww.pandalive.co.kr%2F; _ga_W91XDLC3YE=GS1.1.1621257304.1.1.1621257309.0; _ga_NGSHFJTQS1=GS1.1.1621257304.1.1.1621257309.0; innity.dmp.806.sess=2.1621257305500.1621257305500.1621257310704

_i3nY6v7ot9WIAugPuZ6Pj3WlOU=PmQpFAIkej2rFWt6LXBBk4ZPhr1Haymst7o9DhcCcnZn181hcfxs2vcMQ8e5g8yWF7II9ewpK4dLH7bTsK2SoCIDeDkcQvqQxWcHZ7tqRbD7tSgkRhq7QocFZNSP1bEFiSgUQhZ7dvcCkatMtrEG2ikUQhY7d7eSh4tuw819FyxsPvoQEIcPhqSopB1iZClaynd61IcDcaykpe17yCw_QGnOt8BCsaSLhR2iePxqPGpU6ABQ6qykt7C7cOghU7pOIocBDqQosNv4Bzo&Yt40SkS4eFP1sNLe4Dna=1621257310&AYohuyc98ugPuZ6Pj3WlOU=d568c3b92be7ef2c45dc4d2aef78085f7ab44568911844dcaf2f0fa06faf2ff4&yQv1sB81otLfILAZU_XYXoaA=9b8e6e901cfb5ce7353683824c7bdc9c123fac63775fc222f3c561ad1df1f5bc&o3GVexFtLZADj4Idn1w0S34Bzo=e37f13e708f5b64534125624b534899018f776baa4b64058a2d200b248955218&YtK1kkS4aBf-Yxfc4Dna=webPc&y6RycBO1oZLfADX_9tKZXoaA=1.0.0
