2021-05-17 20:06:13 : POST /member/loginInfo HTTP/1.1
Host: api.pandalive.co.kr
Connection: keep-alive
Content-Length: 668
sec-ch-ua: " Not A;Brand";v="99", "Chromium";v="90", "Google Chrome";v="90"
Accept: application/json, text/javascript, */*; q=0.01
sec-ch-ua-mobile: ?0
User-Agent: Mozilla/5.0 (Windows NT 10.0; Win64; x64) AppleWebKit/537.36 (KHTML, like Gecko) Chrome/90.0.4430.212 Safari/537.36
Content-Type: application/x-www-form-urlencoded; charset=UTF-8
Origin: https://www.pandalive.co.kr
Sec-Fetch-Site: same-site
Sec-Fetch-Mode: cors
Sec-Fetch-Dest: empty
Referer: https://www.pandalive.co.kr/
Accept-Encoding: gzip, deflate, br
Accept-Language: en-US,en;q=0.9
Cookie: sessKey=e5942f3e9db302617e49abc92857ee59f25c5f088902436abf7df798af0a269d; 3be3f8e358abbf54cec643229de77fc9e4f3f0bbc9b171580d45d13aaa374c16=CjrKZOakdjDsZAJqMi9z%2Bb%2BJQSU1Z3IuzCpvV9KLtuZP418sBKncp3Wd62QiJXi0NDavN6Nk0KaHRZY48dwY8gJlmZT2FAhH8yBbuXBTXdz4jeWiQ56iyVa1olZ1bdgmhBN78q64gbeeRoyn%2ByHR76uMCUYfi7I1uqDK9afIuAHNALkkeBufaXW%2B1qvGDrJI; partner=pandatv; userReferer=https%3A%2F%2Fwww.pandalive.co.kr%2Fmember%2Flogin

_i3nY6v7ot9WIAugPuZ6Pj3WlOU=2hr0SYRyDIzvbxudI5XzGLoQKtqw7PTgsP4oPEX1Fs7ZNlbC6BilptnpOMA1CZqZnpu16ySxcMvtVIv2TLrQmkv29kfwdRWn76pyMlmQRtNEgeSjZ17pJQWBH9NtWN8IcDzjrMGpLQ8e5gO1WFqEK6im_Q7pN2Wc5gO2WF7I9USlbOfpBLpb61qZVY817FPlaUvpLpob7ZqZMpuDG2fmZw4cS6obD9ayWwuCH69lcyvpLE82RA7ZndBEHViloRWn7EbeJZqSmhbChtSgbRoX4Dna&Yt40SkS4eFP1sNLe4Dna=1621249572&AYohuyc98ugPuZ6Pj3WlOU=1b04da0dafb5d80dbf99b15019c88982ef6d8533b65f088041befe9534629b5e&yQv1sB81otLfILAZU_XYXoaA=e5942f3e9db302617e49abc92857ee59f25c5f088902436abf7df798af0a269d&o3GVexFtLZADj4Idn1w0S34Bzo=00349b24399a6cb93ea4669fd3e1a349e5d02e9df534e8ce80a4ad958d231c5c&YtK1kkS4aBf-Yxfc4Dna=webPc&y6RycBO1oZLfADX_9tKZXoaA=1.0.0
2021-05-17 20:06:16 : POST /member/login HTTP/1.1
Host: api.pandalive.co.kr
Connection: keep-alive
Content-Length: 776
sec-ch-ua: " Not A;Brand";v="99", "Chromium";v="90", "Google Chrome";v="90"
Accept: application/json, text/javascript, */*; q=0.01
sec-ch-ua-mobile: ?0
User-Agent: Mozilla/5.0 (Windows NT 10.0; Win64; x64) AppleWebKit/537.36 (KHTML, like Gecko) Chrome/90.0.4430.212 Safari/537.36
Content-Type: application/x-www-form-urlencoded; charset=UTF-8
Origin: https://www.pandalive.co.kr
Sec-Fetch-Site: same-site
Sec-Fetch-Mode: cors
Sec-Fetch-Dest: empty
Referer: https://www.pandalive.co.kr/
Accept-Encoding: gzip, deflate, br
Accept-Language: en-US,en;q=0.9
Cookie: sessKey=e5942f3e9db302617e49abc92857ee59f25c5f088902436abf7df798af0a269d; 3be3f8e358abbf54cec643229de77fc9e4f3f0bbc9b171580d45d13aaa374c16=CjrKZOakdjDsZAJqMi9z%2Bb%2BJQSU1Z3IuzCpvV9KLtuZP418sBKncp3Wd62QiJXi0NDavN6Nk0KaHRZY48dwY8gJlmZT2FAhH8yBbuXBTXdz4jeWiQ56iyVa1olZ1bdgmhBN78q64gbeeRoyn%2ByHR76uMCUYfi7I1uqDK9afIuAHNALkkeBufaXW%2B1qvGDrJI; partner=pandatv; userReferer=https%3A%2F%2Fwww.pandalive.co.kr%2Fmember%2Flogin; _ga_W91XDLC3YE=GS1.1.1621249572.1.0.1621249572.0; _ga=GA1.1.494847973.1621249573; _gcl_au=1.1.1290062375.1621249573; appier_utmz=%7B%22csr%22%3A%22www.pandalive.co.kr%22%2C%22timestamp%22%3A1621249573%7D; _atrk_siteuid=yOOUH7wtNhcziwcw; _atrk_ssid=i3IWCorMvKz6kZackltuHX; _atrk_sessidx=1; appier_pv_counterPageView_fc1d=0; appier_page_isView_PageView_fc1d=1aa2f1a20984838737334bf0f37dd45a0236416bd2a1b7090bfd524ea7d546a6; appier_pv_counterViewTwoPages_a9a9=0; appier_page_isView_ViewTwoPages_a9a9=1aa2f1a20984838737334bf0f37dd45a0236416bd2a1b7090bfd524ea7d546a6; _ga_NGSHFJTQS1=GS1.1.1621249572.1.0.1621249572.0; _wp_uid=1-cafb0f4739aa07d3a809a409f57abad6-s1621249593.391861|windows_10|chrome-4etx2s; iUUID=0e5ca69952d6144fc3a2ca1831397b71; innity.dmp.806.sess=1.1621249574171.1621249574171.1621249574171; innity.dmp.806.sess.id=8635508.806.1621249574171; innity.dmp.cks.appxs=1; innity.dmp.cks.innity=1

29X__Q4yowex4Bzo=dada5850&2wqZ_Q4yowex4Bzo=wnstjr123&AYUcv2W9f-yi4dNLpZWlOU=off&o36w9w_N3d85AZ_Q4yowex4Bzo=&_i3nY6v7ot9WIAugPuZ6Pj3WlOU=2hr0SYRyDIzvbxudI5XzGLoQKtqw7PTgsP4oPEX1Fs7ZNlbC6BilptnpOMA1CZqZnpu16ySxcMvtVIv2TLrQmkv29kfwdRWn76pyMlmQRtNEgeSjZ17pJQWBH9NtWN8IcDzjrMGpLQ8e5gO1WFqEK6im_Q7pN2Wc5gO2WF7I9USlbOfpBLpb61qZVY817FPlaUvpLpob7ZqZMpuDG2fmZw4cS6obD9ayWwuCH69lcyvpLE82RA7ZndBEHViloRWn7EbeJZqSmhbChtSgbRoX4Dna&Yt40SkS4eFP1sNLe4Dna=1621249576&AYohuyc98ugPuZ6Pj3WlOU=1b04da0dafb5d80dbf99b15019c88982ef6d8533b65f088041befe9534629b5e&yQv1sB81otLfILAZU_XYXoaA=e5942f3e9db302617e49abc92857ee59f25c5f088902436abf7df798af0a269d&o3GVexFtLZADj4Idn1w0S34Bzo=00349b24399a6cb93ea4669fd3e1a349e5d02e9df534e8ce80a4ad958d231c5c&YtK1kkS4aBf-Yxfc4Dna=webPc&y6RycBO1oZLfADX_9tKZXoaA=1.0.0
2021-05-17 20:06:18 : POST /member/loginInfo HTTP/1.1
Host: api.pandalive.co.kr
Connection: keep-alive
Content-Length: 658
sec-ch-ua: " Not A;Brand";v="99", "Chromium";v="90", "Google Chrome";v="90"
Accept: application/json, text/javascript, */*; q=0.01
sec-ch-ua-mobile: ?0
User-Agent: Mozilla/5.0 (Windows NT 10.0; Win64; x64) AppleWebKit/537.36 (KHTML, like Gecko) Chrome/90.0.4430.212 Safari/537.36
Content-Type: application/x-www-form-urlencoded; charset=UTF-8
Origin: https://www.pandalive.co.kr
Sec-Fetch-Site: same-site
Sec-Fetch-Mode: cors
Sec-Fetch-Dest: empty
Referer: https://www.pandalive.co.kr/
Accept-Encoding: gzip, deflate, br
Accept-Language: en-US,en;q=0.9
Cookie: sessKey=e5942f3e9db302617e49abc92857ee59f25c5f088902436abf7df798af0a269d; partner=pandatv; _ga=GA1.1.494847973.1621249573; _gcl_au=1.1.1290062375.1621249573; appier_utmz=%7B%22csr%22%3A%22www.pandalive.co.kr%22%2C%22timestamp%22%3A1621249573%7D; _atrk_siteuid=yOOUH7wtNhcziwcw; _atrk_ssid=i3IWCorMvKz6kZackltuHX; _atrk_sessidx=1; appier_pv_counterPageView_fc1d=0; appier_page_isView_PageView_fc1d=1aa2f1a20984838737334bf0f37dd45a0236416bd2a1b7090bfd524ea7d546a6; appier_pv_counterViewTwoPages_a9a9=0; appier_page_isView_ViewTwoPages_a9a9=1aa2f1a20984838737334bf0f37dd45a0236416bd2a1b7090bfd524ea7d546a6; _wp_uid=1-cafb0f4739aa07d3a809a409f57abad6-s1621249593.391861|windows_10|chrome-4etx2s; iUUID=0e5ca69952d6144fc3a2ca1831397b71; innity.dmp.806.sess.id=8635508.806.1621249574171; innity.dmp.cks.appxs=1; innity.dmp.cks.innity=1; userLoginIdx=12836893; userLoginYN=Y; userLoginSaveYN=N; 3be3f8e358abbf54cec643229de77fc9e4f3f0bbc9b171580d45d13aaa374c16=ul8gJHpgfTLVqaWGkUkz%2FOFNoPx3FHudJ7TUI35WOqc%2B81ap7Pe9kJ6mr%2FJWdPgY1BPcuvXhMzcj8t%2F58H%2B1qh%2Fvm4ppM%2Bx4ezBzsEIg%2BL4awnRavsJCXQ0%2FONI%2F4ZL1c%2BVGzxol3dDTeA78d8LyDYroDb1UJnEHil2EKkQSyP4LlLJnDsC0Qcc8AFzzQTIM; userReferer=https%3A%2F%2Fwww.pandalive.co.kr%2F; _ga_W91XDLC3YE=GS1.1.1621249572.1.1.1621249578.0; _ga_NGSHFJTQS1=GS1.1.1621249572.1.1.1621249578.0; innity.dmp.806.sess=2.1621249574171.1621249574171.1621249578791

_i3nY6v7ot9WIAugPuZ6Pj3WlOU=l4rLhe7l8eAhOsWxu2iaCwoN7oA9oB7cYSMlREhciwntGpBDh2QdYtuwbE7tSgsRhq72qyUpn0w0CIkejx_amZ7d7eCcqSqhODglzkZJ8nPI7bT9nQRtaEFiykdMGpLQ8e5gO1WFNDK6im_Q7pN2Wc5gO2WF7I9USlbOfpBLpb61qZVY817FPlaUvpLpob7ZqZMpuDG2fmZw4cS6obD9ayWwuCH69lcyvpLE82RA7ZndBEHViloRWn7EbeJc7ToZbChtSgbRoX4Dna&Yt40SkS4eFP1sNLe4Dna=1621249578&AYohuyc98ugPuZ6Pj3WlOU=778308121e6102419dcbc568830d79a1543e7b72158d852af8422a6bcf51cd14&yQv1sB81otLfILAZU_XYXoaA=e5942f3e9db302617e49abc92857ee59f25c5f088902436abf7df798af0a269d&o3GVexFtLZADj4Idn1w0S34Bzo=297cfc38710f680ceb917c4deef391f0350b27444c65498390da5000ba32d905&YtK1kkS4aBf-Yxfc4Dna=webPc&y6RycBO1oZLfADX_9tKZXoaA=1.0.0
2021-05-17 20:06:19 : POST /live/cache HTTP/1.1
Host: api.pandalive.co.kr
Connection: keep-alive
Content-Length: 909
sec-ch-ua: " Not A;Brand";v="99", "Chromium";v="90", "Google Chrome";v="90"
Accept: application/json, text/javascript, */*; q=0.01
sec-ch-ua-mobile: ?0
User-Agent: Mozilla/5.0 (Windows NT 10.0; Win64; x64) AppleWebKit/537.36 (KHTML, like Gecko) Chrome/90.0.4430.212 Safari/537.36
Content-Type: application/x-www-form-urlencoded; charset=UTF-8
Origin: https://www.pandalive.co.kr
Sec-Fetch-Site: same-site
Sec-Fetch-Mode: cors
Sec-Fetch-Dest: empty
Referer: https://www.pandalive.co.kr/
Accept-Encoding: gzip, deflate, br
Accept-Language: en-US,en;q=0.9
Cookie: sessKey=e5942f3e9db302617e49abc92857ee59f25c5f088902436abf7df798af0a269d; partner=pandatv; _ga=GA1.1.494847973.1621249573; _gcl_au=1.1.1290062375.1621249573; appier_utmz=%7B%22csr%22%3A%22www.pandalive.co.kr%22%2C%22timestamp%22%3A1621249573%7D; _atrk_siteuid=yOOUH7wtNhcziwcw; _atrk_ssid=i3IWCorMvKz6kZackltuHX; _atrk_sessidx=1; appier_pv_counterPageView_fc1d=0; appier_page_isView_PageView_fc1d=1aa2f1a20984838737334bf0f37dd45a0236416bd2a1b7090bfd524ea7d546a6; appier_pv_counterViewTwoPages_a9a9=0; appier_page_isView_ViewTwoPages_a9a9=1aa2f1a20984838737334bf0f37dd45a0236416bd2a1b7090bfd524ea7d546a6; _wp_uid=1-cafb0f4739aa07d3a809a409f57abad6-s1621249593.391861|windows_10|chrome-4etx2s; iUUID=0e5ca69952d6144fc3a2ca1831397b71; innity.dmp.806.sess.id=8635508.806.1621249574171; innity.dmp.cks.appxs=1; innity.dmp.cks.innity=1; userLoginIdx=12836893; userLoginYN=Y; userLoginSaveYN=N; 3be3f8e358abbf54cec643229de77fc9e4f3f0bbc9b171580d45d13aaa374c16=ul8gJHpgfTLVqaWGkUkz%2FOFNoPx3FHudJ7TUI35WOqc%2B81ap7Pe9kJ6mr%2FJWdPgY1BPcuvXhMzcj8t%2F58H%2B1qh%2Fvm4ppM%2Bx4ezBzsEIg%2BL4awnRavsJCXQ0%2FONI%2F4ZL1c%2BVGzxol3dDTeA78d8LyDYroDb1UJnEHil2EKkQSyP4LlLJnDsC0Qcc8AFzzQTIM; userReferer=https%3A%2F%2Fwww.pandalive.co.kr%2F; _ga_W91XDLC3YE=GS1.1.1621249572.1.1.1621249578.0; _ga_NGSHFJTQS1=GS1.1.1621249572.1.1.1621249578.0; innity.dmp.806.sess=2.1621249574171.1621249574171.1621249578791

NgxdaEY0ZX2DdK1XoaA=rankingLive1&Y6K2VQRw0MfwbPfZ4Dna=224&AYNUR1c5v-yi4dNLpZWlOU=126&PL2SAuzDQgv_a4_EcI4Nln1wgRx4Bzo=20&H5XAgw1OdK1zAu2GFv1uthl=ou76P0eRWn7_AeJZqTWlCIDiSkUQh_7dncDDqQwsaFFtSgeRhq7QocTDqQPsaFjVilVUvpMI8BEDqQusaFjVilVUvpMI8BEDqQVsNv4Bzo&_i3nY6v7ot9WIAugPuZ6Pj3WlOU=l4rLhe7l8eAhOsWxu2iaCwoN7oA9oB7cYSMlREhciwntGpBDh2QdYtuwbE7tSgsRhq72qyUpn0w0CIkejx_amZ7d7eCcqSqhODglzkZJ8nPI7bT9nQRtaEFiykdMGpLQ8e5gO1WFNDK6im_Q7pN2Wc5gO2WF7I9USlbOfpBLpb61qZVY817FPlaUvpLpob7ZqZMpuDG2fmZw4cS6obD9ayWwuCH69lcyvpLE82RA7ZndBEHViloRWn7EbeJc7ToZbChtSgbRoX4Dna&Yt40SkS4eFP1sNLe4Dna=1621249578&AYohuyc98ugPuZ6Pj3WlOU=778308121e6102419dcbc568830d79a1543e7b72158d852af8422a6bcf51cd14&yQv1sB81otLfILAZU_XYXoaA=e5942f3e9db302617e49abc92857ee59f25c5f088902436abf7df798af0a269d&o3GVexFtLZADj4Idn1w0S34Bzo=297cfc38710f680ceb917c4deef391f0350b27444c65498390da5000ba32d905&YtK1kkS4aBf-Yxfc4Dna=webPc&y6RycBO1oZLfADX_9tKZXoaA=1.0.0
2021-05-17 20:06:19 : POST https://api.pandalive.co.kr/live/cache HTTP/1.1
NgxdaEY0ZX2DdK1XoaA=rankingLive1&Y6K2VQRw0MfwbPfZ4Dna=224&AYNUR1c5v-yi4dNLpZWlOU=126&PL2SAuzDQgv_a4_EcI4Nln1wgRx4Bzo=20&H5XAgw1OdK1zAu2GFv1uthl=ou76P0eRWn7_AeJZqTWlCIDiSkUQh_7dncDDqQwsaFFtSgeRhq7QocTDqQPsaFjVilVUvpMI8BEDqQusaFjVilVUvpMI8BEDqQVsNv4Bzo&_i3nY6v7ot9WIAugPuZ6Pj3WlOU=l4rLhe7l8eAhOsWxu2iaCwoN7oA9oB7cYSMlREhciwntGpBDh2QdYtuwbE7tSgsRhq72qyUpn0w0CIkejx_amZ7d7eCcqSqhODglzkZJ8nPI7bT9nQRtaEFiykdMGpLQ8e5gO1WFNDK6im_Q7pN2Wc5gO2WF7I9USlbOfpBLpb61qZVY817FPlaUvpLpob7ZqZMpuDG2fmZw4cS6obD9ayWwuCH69lcyvpLE82RA7ZndBEHViloRWn7EbeJc7ToZbChtSgbRoX4Dna&Yt40SkS4eFP1sNLe4Dna=1621249578&AYohuyc98ugPuZ6Pj3WlOU=778308121e6102419dcbc568830d79a1543e7b72158d852af8422a6bcf51cd14&yQv1sB81otLfILAZU_XYXoaA=e5942f3e9db302617e49abc92857ee59f25c5f088902436abf7df798af0a269d&o3GVexFtLZADj4Idn1w0S34Bzo=297cfc38710f680ceb917c4deef391f0350b27444c65498390da5000ba32d905&YtK1kkS4aBf-Yxfc4Dna=webPc&y6RycBO1oZLfADX_9tKZXoaA=1.0.0
2021-05-17 20:06:19 : POST /live/cache HTTP/1.1
Host: api.pandalive.co.kr
Connection: keep-alive
Content-Length: 903
sec-ch-ua: " Not A;Brand";v="99", "Chromium";v="90", "Google Chrome";v="90"
Accept: application/json, text/javascript, */*; q=0.01
sec-ch-ua-mobile: ?0
User-Agent: Mozilla/5.0 (Windows NT 10.0; Win64; x64) AppleWebKit/537.36 (KHTML, like Gecko) Chrome/90.0.4430.212 Safari/537.36
Content-Type: application/x-www-form-urlencoded; charset=UTF-8
Origin: https://www.pandalive.co.kr
Sec-Fetch-Site: same-site
Sec-Fetch-Mode: cors
Sec-Fetch-Dest: empty
Referer: https://www.pandalive.co.kr/
Accept-Encoding: gzip, deflate, br
Accept-Language: en-US,en;q=0.9
Cookie: sessKey=e5942f3e9db302617e49abc92857ee59f25c5f088902436abf7df798af0a269d; partner=pandatv; _ga=GA1.1.494847973.1621249573; _gcl_au=1.1.1290062375.1621249573; appier_utmz=%7B%22csr%22%3A%22www.pandalive.co.kr%22%2C%22timestamp%22%3A1621249573%7D; _atrk_siteuid=yOOUH7wtNhcziwcw; _atrk_ssid=i3IWCorMvKz6kZackltuHX; _atrk_sessidx=1; appier_pv_counterPageView_fc1d=0; appier_page_isView_PageView_fc1d=1aa2f1a20984838737334bf0f37dd45a0236416bd2a1b7090bfd524ea7d546a6; appier_pv_counterViewTwoPages_a9a9=0; appier_page_isView_ViewTwoPages_a9a9=1aa2f1a20984838737334bf0f37dd45a0236416bd2a1b7090bfd524ea7d546a6; _wp_uid=1-cafb0f4739aa07d3a809a409f57abad6-s1621249593.391861|windows_10|chrome-4etx2s; iUUID=0e5ca69952d6144fc3a2ca1831397b71; innity.dmp.806.sess.id=8635508.806.1621249574171; innity.dmp.cks.appxs=1; innity.dmp.cks.innity=1; userLoginIdx=12836893; userLoginYN=Y; userLoginSaveYN=N; 3be3f8e358abbf54cec643229de77fc9e4f3f0bbc9b171580d45d13aaa374c16=ul8gJHpgfTLVqaWGkUkz%2FOFNoPx3FHudJ7TUI35WOqc%2B81ap7Pe9kJ6mr%2FJWdPgY1BPcuvXhMzcj8t%2F58H%2B1qh%2Fvm4ppM%2Bx4ezBzsEIg%2BL4awnRavsJCXQ0%2FONI%2F4ZL1c%2BVGzxol3dDTeA78d8LyDYroDb1UJnEHil2EKkQSyP4LlLJnDsC0Qcc8AFzzQTIM; userReferer=https%3A%2F%2Fwww.pandalive.co.kr%2F; _ga_W91XDLC3YE=GS1.1.1621249572.1.1.1621249578.0; _ga_NGSHFJTQS1=GS1.1.1621249572.1.1.1621249578.0; innity.dmp.806.sess=2.1621249574171.1621249574171.1621249578791

NgxdaEY0ZX2DdK1XoaA=mainLive&Y6K2VQRw0MfwbPfZ4Dna=224&AYNUR1c5v-yi4dNLpZWlOU=126&PL2SAuzDQgv_a4_EcI4Nln1wgRx4Bzo=15&H5XAgw1OdK1zAu2GFv1uthl=I08C7aOghQ8cJRAe5g80WFqDgtSghRhqSpWB6oqSOt8DgtSgpRhqSpWB6oqSOt8DgtSgnRhqQM8bTcnQR18C7jPghQhp7l8eFhb3XoaA&_i3nY6v7ot9WIAugPuZ6Pj3WlOU=l4rLhe7l8eAhOsWxu2iaCwoN7oA9oB7cYSMlREhciwntGpBDh2QdYtuwbE7tSgsRhq72qyUpn0w0CIkejx_amZ7d7eCcqSqhODglzkZJ8nPI7bT9nQRtaEFiykdMGpLQ8e5gO1WFNDK6im_Q7pN2Wc5gO2WF7I9USlbOfpBLpb61qZVY817FPlaUvpLpob7ZqZMpuDG2fmZw4cS6obD9ayWwuCH69lcyvpLE82RA7ZndBEHViloRWn7EbeJc7ToZbChtSgbRoX4Dna&Yt40SkS4eFP1sNLe4Dna=1621249578&AYohuyc98ugPuZ6Pj3WlOU=778308121e6102419dcbc568830d79a1543e7b72158d852af8422a6bcf51cd14&yQv1sB81otLfILAZU_XYXoaA=e5942f3e9db302617e49abc92857ee59f25c5f088902436abf7df798af0a269d&o3GVexFtLZADj4Idn1w0S34Bzo=297cfc38710f680ceb917c4deef391f0350b27444c65498390da5000ba32d905&YtK1kkS4aBf-Yxfc4Dna=webPc&y6RycBO1oZLfADX_9tKZXoaA=1.0.0
2021-05-17 20:06:19 : POST https://api.pandalive.co.kr/live/cache HTTP/1.1
NgxdaEY0ZX2DdK1XoaA=mainLive&Y6K2VQRw0MfwbPfZ4Dna=224&AYNUR1c5v-yi4dNLpZWlOU=126&PL2SAuzDQgv_a4_EcI4Nln1wgRx4Bzo=15&H5XAgw1OdK1zAu2GFv1uthl=I08C7aOghQ8cJRAe5g80WFqDgtSghRhqSpWB6oqSOt8DgtSgpRhqSpWB6oqSOt8DgtSgnRhqQM8bTcnQR18C7jPghQhp7l8eFhb3XoaA&_i3nY6v7ot9WIAugPuZ6Pj3WlOU=l4rLhe7l8eAhOsWxu2iaCwoN7oA9oB7cYSMlREhciwntGpBDh2QdYtuwbE7tSgsRhq72qyUpn0w0CIkejx_amZ7d7eCcqSqhODglzkZJ8nPI7bT9nQRtaEFiykdMGpLQ8e5gO1WFNDK6im_Q7pN2Wc5gO2WF7I9USlbOfpBLpb61qZVY817FPlaUvpLpob7ZqZMpuDG2fmZw4cS6obD9ayWwuCH69lcyvpLE82RA7ZndBEHViloRWn7EbeJc7ToZbChtSgbRoX4Dna&Yt40SkS4eFP1sNLe4Dna=1621249578&AYohuyc98ugPuZ6Pj3WlOU=778308121e6102419dcbc568830d79a1543e7b72158d852af8422a6bcf51cd14&yQv1sB81otLfILAZU_XYXoaA=e5942f3e9db302617e49abc92857ee59f25c5f088902436abf7df798af0a269d&o3GVexFtLZADj4Idn1w0S34Bzo=297cfc38710f680ceb917c4deef391f0350b27444c65498390da5000ba32d905&YtK1kkS4aBf-Yxfc4Dna=webPc&y6RycBO1oZLfADX_9tKZXoaA=1.0.0
