2021-05-17 22:51:00 : POST /member/loginInfo HTTP/1.1
Host: api.pandalive.co.kr
Connection: keep-alive
Content-Length: 668
sec-ch-ua: " Not A;Brand";v="99", "Chromium";v="90", "Google Chrome";v="90"
Accept: application/json, text/javascript, */*; q=0.01
sec-ch-ua-mobile: ?0
User-Agent: Mozilla/5.0 (Windows NT 10.0; Win64; x64) AppleWebKit/537.36 (KHTML, like Gecko) Chrome/90.0.4430.212 Safari/537.36
Content-Type: application/x-www-form-urlencoded; charset=UTF-8
Origin: https://www.pandalive.co.kr
Sec-Fetch-Site: same-site
Sec-Fetch-Mode: cors
Sec-Fetch-Dest: empty
Referer: https://www.pandalive.co.kr/
Accept-Encoding: gzip, deflate, br
Accept-Language: en-US,en;q=0.9
Cookie: sessKey=257008bfaa3453b50b0c3e65f72143cfda334b0801ed6ab6b9f2010c4b2ae526; 3be3f8e358abbf54cec643229de77fc9e4f3f0bbc9b171580d45d13aaa374c16=u%2BuFHUC3fX4AuGDmL4PN0R8l5Xaz2VyL373UBl5X92gIMYj%2Bl%2BexDSTU1wmvCP6KEYStCg8KTZtXJpgVvMfv%2BjUvV%2FUVoIlblFc3x5eoRod4lU13uYc54B2JqomSMlcIe6HV4WELlj96pKS8WwQX6oRb81PvZtkeMEVMydhaCDrZ0MPtmmY2KbLLfYEZavfc; partner=pandatv; userReferer=https%3A%2F%2Fwww.pandalive.co.kr%2Fmember%2Flogin; _gcl_au=1.1.68431412.1621259459; _ga_NGSHFJTQS1=GS1.1.1621259459.1.0.1621259459.0; _ga=GA1.1.1713184910.1621259459; _ga_W91XDLC3YE=GS1.1.1621259459.1.0.1621259459.0

_i3nY6v7ot9WIAugPuZ6Pj3WlOU=2hr0SYRyDIzvbxudI5XzGLoQKtqw7PTgsP4oPEX1Fs7ZNlbC6BilptnpOMA1CZqZnpu16ySxcMvtVIv2TLrQmkv29kfwdRWn76pyMlmQRtNEgeSjZ17pJQWBH9NtWN8IcDzjrMGpLQ8e5gO1WFqCjaimZQ7pN2Wc5gO2WF7IIeiloPup79h2FcNSoduC71SwsZGcALoc7ZqyNpOE69PxqtGoMIhBPtqtUoO2FevkZQmpQAhcUdnZWUbEFZilbQWn7EbeJkNTPROEHtSgbRoX4Dna&Yt40SkS4eFP1sNLe4Dna=1621259459&AYohuyc98ugPuZ6Pj3WlOU=d448b8fd4e9d92013471c1b77a484b9ff1a482e70b12457a35ce6070be9a9f1c&yQv1sB81otLfILAZU_XYXoaA=257008bfaa3453b50b0c3e65f72143cfda334b0801ed6ab6b9f2010c4b2ae526&o3GVexFtLZADj4Idn1w0S34Bzo=e0046afa2f1ac9c7fcf18f983ac7443cd83949ef4b87381bcd0c1fbea7f3fa45&YtK1kkS4aBf-Yxfc4Dna=webPc&y6RycBO1oZLfADX_9tKZXoaA=1.0.0
2021-05-17 22:51:03 : POST /member/login HTTP/1.1
Host: api.pandalive.co.kr
Connection: keep-alive
Content-Length: 776
sec-ch-ua: " Not A;Brand";v="99", "Chromium";v="90", "Google Chrome";v="90"
Accept: application/json, text/javascript, */*; q=0.01
sec-ch-ua-mobile: ?0
User-Agent: Mozilla/5.0 (Windows NT 10.0; Win64; x64) AppleWebKit/537.36 (KHTML, like Gecko) Chrome/90.0.4430.212 Safari/537.36
Content-Type: application/x-www-form-urlencoded; charset=UTF-8
Origin: https://www.pandalive.co.kr
Sec-Fetch-Site: same-site
Sec-Fetch-Mode: cors
Sec-Fetch-Dest: empty
Referer: https://www.pandalive.co.kr/
Accept-Encoding: gzip, deflate, br
Accept-Language: en-US,en;q=0.9
Cookie: sessKey=257008bfaa3453b50b0c3e65f72143cfda334b0801ed6ab6b9f2010c4b2ae526; 3be3f8e358abbf54cec643229de77fc9e4f3f0bbc9b171580d45d13aaa374c16=u%2BuFHUC3fX4AuGDmL4PN0R8l5Xaz2VyL373UBl5X92gIMYj%2Bl%2BexDSTU1wmvCP6KEYStCg8KTZtXJpgVvMfv%2BjUvV%2FUVoIlblFc3x5eoRod4lU13uYc54B2JqomSMlcIe6HV4WELlj96pKS8WwQX6oRb81PvZtkeMEVMydhaCDrZ0MPtmmY2KbLLfYEZavfc; partner=pandatv; userReferer=https%3A%2F%2Fwww.pandalive.co.kr%2Fmember%2Flogin; _gcl_au=1.1.68431412.1621259459; _ga_NGSHFJTQS1=GS1.1.1621259459.1.0.1621259459.0; _ga=GA1.1.1713184910.1621259459; _ga_W91XDLC3YE=GS1.1.1621259459.1.0.1621259459.0; appier_utmz=%7B%22csr%22%3A%22www.pandalive.co.kr%22%2C%22timestamp%22%3A1621259460%7D; _atrk_siteuid=g3fTwn1JEanXi18L; _atrk_ssid=E96iXkYaIPHQ1IUOH6zYsb; _atrk_sessidx=1; appier_pv_counterPageView_fc1d=0; appier_page_isView_PageView_fc1d=1aa2f1a20984838737334bf0f37dd45a0236416bd2a1b7090bfd524ea7d546a6; appier_pv_counterViewTwoPages_a9a9=0; appier_page_isView_ViewTwoPages_a9a9=1aa2f1a20984838737334bf0f37dd45a0236416bd2a1b7090bfd524ea7d546a6; iUUID=5700ee3288b41b370ecb1133351e0d73; innity.dmp.806.sess=1.1621259460335.1621259460335.1621259460335; innity.dmp.806.sess.id=57197422.806.1621259460335; innity.dmp.cks.appxs=1; innity.dmp.cks.innity=1; _wp_uid=1-ca105a9cfa341a73b3edc2679aa4a28a-s1621259481.933341|windows_10|chrome-e17gm3

29X__Q4yowex4Bzo=dada5850&2wqZ_Q4yowex4Bzo=wnstjr123&AYUcv2W9f-yi4dNLpZWlOU=off&o36w9w_N3d85AZ_Q4yowex4Bzo=&_i3nY6v7ot9WIAugPuZ6Pj3WlOU=2hr0SYRyDIzvbxudI5XzGLoQKtqw7PTgsP4oPEX1Fs7ZNlbC6BilptnpOMA1CZqZnpu16ySxcMvtVIv2TLrQmkv29kfwdRWn76pyMlmQRtNEgeSjZ17pJQWBH9NtWN8IcDzjrMGpLQ8e5gO1WFqCjaimZQ7pN2Wc5gO2WF7IIeiloPup79h2FcNSoduC71SwsZGcALoc7ZqyNpOE69PxqtGoMIhBPtqtUoO2FevkZQmpQAhcUdnZWUbEFZilbQWn7EbeJkNTPROEHtSgbRoX4Dna&Yt40SkS4eFP1sNLe4Dna=1621259463&AYohuyc98ugPuZ6Pj3WlOU=d448b8fd4e9d92013471c1b77a484b9ff1a482e70b12457a35ce6070be9a9f1c&yQv1sB81otLfILAZU_XYXoaA=257008bfaa3453b50b0c3e65f72143cfda334b0801ed6ab6b9f2010c4b2ae526&o3GVexFtLZADj4Idn1w0S34Bzo=e0046afa2f1ac9c7fcf18f983ac7443cd83949ef4b87381bcd0c1fbea7f3fa45&YtK1kkS4aBf-Yxfc4Dna=webPc&y6RycBO1oZLfADX_9tKZXoaA=1.0.0
2021-05-17 22:51:06 : POST /member/loginInfo HTTP/1.1
Host: api.pandalive.co.kr
Connection: keep-alive
Content-Length: 651
sec-ch-ua: " Not A;Brand";v="99", "Chromium";v="90", "Google Chrome";v="90"
Accept: application/json, text/javascript, */*; q=0.01
sec-ch-ua-mobile: ?0
User-Agent: Mozilla/5.0 (Windows NT 10.0; Win64; x64) AppleWebKit/537.36 (KHTML, like Gecko) Chrome/90.0.4430.212 Safari/537.36
Content-Type: application/x-www-form-urlencoded; charset=UTF-8
Origin: https://www.pandalive.co.kr
Sec-Fetch-Site: same-site
Sec-Fetch-Mode: cors
Sec-Fetch-Dest: empty
Referer: https://www.pandalive.co.kr/
Accept-Encoding: gzip, deflate, br
Accept-Language: en-US,en;q=0.9
Cookie: sessKey=257008bfaa3453b50b0c3e65f72143cfda334b0801ed6ab6b9f2010c4b2ae526; partner=pandatv; _gcl_au=1.1.68431412.1621259459; _ga=GA1.1.1713184910.1621259459; appier_utmz=%7B%22csr%22%3A%22www.pandalive.co.kr%22%2C%22timestamp%22%3A1621259460%7D; _atrk_siteuid=g3fTwn1JEanXi18L; _atrk_ssid=E96iXkYaIPHQ1IUOH6zYsb; _atrk_sessidx=1; appier_pv_counterPageView_fc1d=0; appier_page_isView_PageView_fc1d=1aa2f1a20984838737334bf0f37dd45a0236416bd2a1b7090bfd524ea7d546a6; appier_pv_counterViewTwoPages_a9a9=0; appier_page_isView_ViewTwoPages_a9a9=1aa2f1a20984838737334bf0f37dd45a0236416bd2a1b7090bfd524ea7d546a6; iUUID=5700ee3288b41b370ecb1133351e0d73; innity.dmp.806.sess.id=57197422.806.1621259460335; innity.dmp.cks.appxs=1; innity.dmp.cks.innity=1; _wp_uid=1-ca105a9cfa341a73b3edc2679aa4a28a-s1621259481.933341|windows_10|chrome-e17gm3; userLoginIdx=12836893; userLoginYN=Y; userLoginSaveYN=N; 3be3f8e358abbf54cec643229de77fc9e4f3f0bbc9b171580d45d13aaa374c16=S54yibO6P7niSDj5%2FVbDZtSrC55Tew7HFc%2F5v6%2FYcG0xdsEaxwlm5bj65E8J64mHMe8zMak6316lN1zZ9Qp9%2F9CGNTtY6h%2Fq4xcBcZHy0Zh1CaBUfp%2BdraY%2FyRN5LQXQI%2FMgnA6xGH1iR7jsSMiRDM%2BQh5Bi0rUB2l7Aisc1SZgs%2Bvyc%2BTEQFQd8TgYbuElH; userReferer=https%3A%2F%2Fwww.pandalive.co.kr%2F; _ga_NGSHFJTQS1=GS1.1.1621259459.1.1.1621259465.0; _ga_W91XDLC3YE=GS1.1.1621259459.1.1.1621259465.0; innity.dmp.806.sess=2.1621259460335.1621259460335.1621259465626

_i3nY6v7ot9WIAugPuZ6Pj3WlOU=HTtKdae5g82WF7I6Ffl_S4cL6W1BoNTworD9BCkaOucOQ81Ck4ZwY81giSgUQ8d7d7e9p3yV6u2FDTmrwfYEDbeJgbSOt8FiZikfM7oJpoBTDqQSsaF7iykdMvtVInZTLrtllrCieikby7pVInyTLrQmtrDaFPkrVndLMocDw4TWc8261yxoPGpTQ82BkaSwkB18BylcQnoB58BQlayPteEie9kZUnp6LA1T6NSPZrDGeTmrSTtHpWbB57tmN8IGDD3uthl&Yt40SkS4eFP1sNLe4Dna=1621259465&AYohuyc98ugPuZ6Pj3WlOU=5d8f6c5d1b53148f70429b5c7c39ab8309264861658919638426474e95c20ed8&yQv1sB81otLfILAZU_XYXoaA=257008bfaa3453b50b0c3e65f72143cfda334b0801ed6ab6b9f2010c4b2ae526&o3GVexFtLZADj4Idn1w0S34Bzo=7753c2a4a703def3b7b43e146b17b0ba10f0059289cb0c3e43fc14c9d6b6e744&YtK1kkS4aBf-Yxfc4Dna=webPc&y6RycBO1oZLfADX_9tKZXoaA=1.0.0
2021-05-17 22:51:06 : POST /live/cache HTTP/1.1
Host: api.pandalive.co.kr
Connection: keep-alive
Content-Length: 906
sec-ch-ua: " Not A;Brand";v="99", "Chromium";v="90", "Google Chrome";v="90"
Accept: application/json, text/javascript, */*; q=0.01
sec-ch-ua-mobile: ?0
User-Agent: Mozilla/5.0 (Windows NT 10.0; Win64; x64) AppleWebKit/537.36 (KHTML, like Gecko) Chrome/90.0.4430.212 Safari/537.36
Content-Type: application/x-www-form-urlencoded; charset=UTF-8
Origin: https://www.pandalive.co.kr
Sec-Fetch-Site: same-site
Sec-Fetch-Mode: cors
Sec-Fetch-Dest: empty
Referer: https://www.pandalive.co.kr/
Accept-Encoding: gzip, deflate, br
Accept-Language: en-US,en;q=0.9
Cookie: sessKey=257008bfaa3453b50b0c3e65f72143cfda334b0801ed6ab6b9f2010c4b2ae526; partner=pandatv; _gcl_au=1.1.68431412.1621259459; _ga=GA1.1.1713184910.1621259459; appier_utmz=%7B%22csr%22%3A%22www.pandalive.co.kr%22%2C%22timestamp%22%3A1621259460%7D; _atrk_siteuid=g3fTwn1JEanXi18L; _atrk_ssid=E96iXkYaIPHQ1IUOH6zYsb; _atrk_sessidx=1; appier_pv_counterPageView_fc1d=0; appier_page_isView_PageView_fc1d=1aa2f1a20984838737334bf0f37dd45a0236416bd2a1b7090bfd524ea7d546a6; appier_pv_counterViewTwoPages_a9a9=0; appier_page_isView_ViewTwoPages_a9a9=1aa2f1a20984838737334bf0f37dd45a0236416bd2a1b7090bfd524ea7d546a6; iUUID=5700ee3288b41b370ecb1133351e0d73; innity.dmp.806.sess.id=57197422.806.1621259460335; innity.dmp.cks.appxs=1; innity.dmp.cks.innity=1; _wp_uid=1-ca105a9cfa341a73b3edc2679aa4a28a-s1621259481.933341|windows_10|chrome-e17gm3; userLoginIdx=12836893; userLoginYN=Y; userLoginSaveYN=N; 3be3f8e358abbf54cec643229de77fc9e4f3f0bbc9b171580d45d13aaa374c16=S54yibO6P7niSDj5%2FVbDZtSrC55Tew7HFc%2F5v6%2FYcG0xdsEaxwlm5bj65E8J64mHMe8zMak6316lN1zZ9Qp9%2F9CGNTtY6h%2Fq4xcBcZHy0Zh1CaBUfp%2BdraY%2FyRN5LQXQI%2FMgnA6xGH1iR7jsSMiRDM%2BQh5Bi0rUB2l7Aisc1SZgs%2Bvyc%2BTEQFQd8TgYbuElH; userReferer=https%3A%2F%2Fwww.pandalive.co.kr%2F; _ga_NGSHFJTQS1=GS1.1.1621259459.1.1.1621259465.0; _ga_W91XDLC3YE=GS1.1.1621259459.1.1.1621259465.0; innity.dmp.806.sess=2.1621259460335.1621259460335.1621259465626

NgxdaEY0ZX2DdK1XoaA=rankingLive1&Y6K2VQRw0MfwbPfZ4Dna=224&AYNUR1c5v-yi4dNLpZWlOU=126&PL2SAuzDQgv_a4_EcI4Nln1wgRx4Bzo=20&H5XAgw1OdK1zAu2GFv1uthl=l4dQvn7dAeJgOSP1bEFeTmrMTtHQ8bTXnQR18C7aOghyGnPpWBDcqSmx8C7aPghyGnPpWBDcqSmx8C72PghQ8cJRAe5g80WFaEGtSgsRoX4Dna&_i3nY6v7ot9WIAugPuZ6Pj3WlOU=HTtKdae5g82WF7I6Ffl_S4cL6W1BoNTworD9BCkaOucOQ81Ck4ZwY81giSgUQ8d7d7e9p3yV6u2FDTmrwfYEDbeJgbSOt8FiZikfM7oJpoBTDqQSsaF7iykdMvtVInZTLrtllrCieikby7pVInyTLrQmtrDaFPkrVndLMocDw4TWc8261yxoPGpTQ82BkaSwkB18BylcQnoB58BQlayPteEie9kZUnp6LA1T6NSPZrDGeTmrSTtHpWbB57tmN8IGDD3uthl&Yt40SkS4eFP1sNLe4Dna=1621259465&AYohuyc98ugPuZ6Pj3WlOU=5d8f6c5d1b53148f70429b5c7c39ab8309264861658919638426474e95c20ed8&yQv1sB81otLfILAZU_XYXoaA=257008bfaa3453b50b0c3e65f72143cfda334b0801ed6ab6b9f2010c4b2ae526&o3GVexFtLZADj4Idn1w0S34Bzo=7753c2a4a703def3b7b43e146b17b0ba10f0059289cb0c3e43fc14c9d6b6e744&YtK1kkS4aBf-Yxfc4Dna=webPc&y6RycBO1oZLfADX_9tKZXoaA=1.0.0
2021-05-17 22:51:06 : POST https://api.pandalive.co.kr/live/cache HTTP/1.1
NgxdaEY0ZX2DdK1XoaA=rankingLive1&Y6K2VQRw0MfwbPfZ4Dna=224&AYNUR1c5v-yi4dNLpZWlOU=126&PL2SAuzDQgv_a4_EcI4Nln1wgRx4Bzo=20&H5XAgw1OdK1zAu2GFv1uthl=l4dQvn7dAeJgOSP1bEFeTmrMTtHQ8bTXnQR18C7aOghyGnPpWBDcqSmx8C7aPghyGnPpWBDcqSmx8C72PghQ8cJRAe5g80WFaEGtSgsRoX4Dna&_i3nY6v7ot9WIAugPuZ6Pj3WlOU=HTtKdae5g82WF7I6Ffl_S4cL6W1BoNTworD9BCkaOucOQ81Ck4ZwY81giSgUQ8d7d7e9p3yV6u2FDTmrwfYEDbeJgbSOt8FiZikfM7oJpoBTDqQSsaF7iykdMvtVInZTLrtllrCieikby7pVInyTLrQmtrDaFPkrVndLMocDw4TWc8261yxoPGpTQ82BkaSwkB18BylcQnoB58BQlayPteEie9kZUnp6LA1T6NSPZrDGeTmrSTtHpWbB57tmN8IGDD3uthl&Yt40SkS4eFP1sNLe4Dna=1621259465&AYohuyc98ugPuZ6Pj3WlOU=5d8f6c5d1b53148f70429b5c7c39ab8309264861658919638426474e95c20ed8&yQv1sB81otLfILAZU_XYXoaA=257008bfaa3453b50b0c3e65f72143cfda334b0801ed6ab6b9f2010c4b2ae526&o3GVexFtLZADj4Idn1w0S34Bzo=7753c2a4a703def3b7b43e146b17b0ba10f0059289cb0c3e43fc14c9d6b6e744&YtK1kkS4aBf-Yxfc4Dna=webPc&y6RycBO1oZLfADX_9tKZXoaA=1.0.0
2021-05-17 22:51:06 : POST /live/cache HTTP/1.1
Host: api.pandalive.co.kr
Connection: keep-alive
Content-Length: 906
sec-ch-ua: " Not A;Brand";v="99", "Chromium";v="90", "Google Chrome";v="90"
Accept: application/json, text/javascript, */*; q=0.01
sec-ch-ua-mobile: ?0
User-Agent: Mozilla/5.0 (Windows NT 10.0; Win64; x64) AppleWebKit/537.36 (KHTML, like Gecko) Chrome/90.0.4430.212 Safari/537.36
Content-Type: application/x-www-form-urlencoded; charset=UTF-8
Origin: https://www.pandalive.co.kr
Sec-Fetch-Site: same-site
Sec-Fetch-Mode: cors
Sec-Fetch-Dest: empty
Referer: https://www.pandalive.co.kr/
Accept-Encoding: gzip, deflate, br
Accept-Language: en-US,en;q=0.9
Cookie: sessKey=257008bfaa3453b50b0c3e65f72143cfda334b0801ed6ab6b9f2010c4b2ae526; partner=pandatv; _gcl_au=1.1.68431412.1621259459; _ga=GA1.1.1713184910.1621259459; appier_utmz=%7B%22csr%22%3A%22www.pandalive.co.kr%22%2C%22timestamp%22%3A1621259460%7D; _atrk_siteuid=g3fTwn1JEanXi18L; _atrk_ssid=E96iXkYaIPHQ1IUOH6zYsb; _atrk_sessidx=1; appier_pv_counterPageView_fc1d=0; appier_page_isView_PageView_fc1d=1aa2f1a20984838737334bf0f37dd45a0236416bd2a1b7090bfd524ea7d546a6; appier_pv_counterViewTwoPages_a9a9=0; appier_page_isView_ViewTwoPages_a9a9=1aa2f1a20984838737334bf0f37dd45a0236416bd2a1b7090bfd524ea7d546a6; iUUID=5700ee3288b41b370ecb1133351e0d73; innity.dmp.806.sess.id=57197422.806.1621259460335; innity.dmp.cks.appxs=1; innity.dmp.cks.innity=1; _wp_uid=1-ca105a9cfa341a73b3edc2679aa4a28a-s1621259481.933341|windows_10|chrome-e17gm3; userLoginIdx=12836893; userLoginYN=Y; userLoginSaveYN=N; 3be3f8e358abbf54cec643229de77fc9e4f3f0bbc9b171580d45d13aaa374c16=S54yibO6P7niSDj5%2FVbDZtSrC55Tew7HFc%2F5v6%2FYcG0xdsEaxwlm5bj65E8J64mHMe8zMak6316lN1zZ9Qp9%2F9CGNTtY6h%2Fq4xcBcZHy0Zh1CaBUfp%2BdraY%2FyRN5LQXQI%2FMgnA6xGH1iR7jsSMiRDM%2BQh5Bi0rUB2l7Aisc1SZgs%2Bvyc%2BTEQFQd8TgYbuElH; userReferer=https%3A%2F%2Fwww.pandalive.co.kr%2F; _ga_NGSHFJTQS1=GS1.1.1621259459.1.1.1621259465.0; _ga_W91XDLC3YE=GS1.1.1621259459.1.1.1621259465.0; innity.dmp.806.sess=2.1621259460335.1621259460335.1621259465626

NgxdaEY0ZX2DdK1XoaA=mainLive&Y6K2VQRw0MfwbPfZ4Dna=224&AYNUR1c5v-yi4dNLpZWlOU=126&PL2SAuzDQgv_a4_EcI4Nln1wgRx4Bzo=15&H5XAgw1OdK1zAu2GFv1uthl=aWRtoB6sqSOt8DgtSgnRhq7QocFZNSP1bE7tSgdRhqLl8eBhOsmVbDK6SkcQvoMl8eRhOsWhByfDTmrHutH6Wc5gO0WFqDgtSgsRhqLl8eGhb3XoaA&_i3nY6v7ot9WIAugPuZ6Pj3WlOU=HTtKdae5g82WF7I6Ffl_S4cL6W1BoNTworD9BCkaOucOQ81Ck4ZwY81giSgUQ8d7d7e9p3yV6u2FDTmrwfYEDbeJgbSOt8FiZikfM7oJpoBTDqQSsaF7iykdMvtVInZTLrtllrCieikby7pVInyTLrQmtrDaFPkrVndLMocDw4TWc8261yxoPGpTQ82BkaSwkB18BylcQnoB58BQlayPteEie9kZUnp6LA1T6NSPZrDGeTmrSTtHpWbB57tmN8IGDD3uthl&Yt40SkS4eFP1sNLe4Dna=1621259465&AYohuyc98ugPuZ6Pj3WlOU=5d8f6c5d1b53148f70429b5c7c39ab8309264861658919638426474e95c20ed8&yQv1sB81otLfILAZU_XYXoaA=257008bfaa3453b50b0c3e65f72143cfda334b0801ed6ab6b9f2010c4b2ae526&o3GVexFtLZADj4Idn1w0S34Bzo=7753c2a4a703def3b7b43e146b17b0ba10f0059289cb0c3e43fc14c9d6b6e744&YtK1kkS4aBf-Yxfc4Dna=webPc&y6RycBO1oZLfADX_9tKZXoaA=1.0.0
2021-05-17 22:51:06 : POST https://api.pandalive.co.kr/live/cache HTTP/1.1
NgxdaEY0ZX2DdK1XoaA=mainLive&Y6K2VQRw0MfwbPfZ4Dna=224&AYNUR1c5v-yi4dNLpZWlOU=126&PL2SAuzDQgv_a4_EcI4Nln1wgRx4Bzo=15&H5XAgw1OdK1zAu2GFv1uthl=aWRtoB6sqSOt8DgtSgnRhq7QocFZNSP1bE7tSgdRhqLl8eBhOsmVbDK6SkcQvoMl8eRhOsWhByfDTmrHutH6Wc5gO0WFqDgtSgsRhqLl8eGhb3XoaA&_i3nY6v7ot9WIAugPuZ6Pj3WlOU=HTtKdae5g82WF7I6Ffl_S4cL6W1BoNTworD9BCkaOucOQ81Ck4ZwY81giSgUQ8d7d7e9p3yV6u2FDTmrwfYEDbeJgbSOt8FiZikfM7oJpoBTDqQSsaF7iykdMvtVInZTLrtllrCieikby7pVInyTLrQmtrDaFPkrVndLMocDw4TWc8261yxoPGpTQ82BkaSwkB18BylcQnoB58BQlayPteEie9kZUnp6LA1T6NSPZrDGeTmrSTtHpWbB57tmN8IGDD3uthl&Yt40SkS4eFP1sNLe4Dna=1621259465&AYohuyc98ugPuZ6Pj3WlOU=5d8f6c5d1b53148f70429b5c7c39ab8309264861658919638426474e95c20ed8&yQv1sB81otLfILAZU_XYXoaA=257008bfaa3453b50b0c3e65f72143cfda334b0801ed6ab6b9f2010c4b2ae526&o3GVexFtLZADj4Idn1w0S34Bzo=7753c2a4a703def3b7b43e146b17b0ba10f0059289cb0c3e43fc14c9d6b6e744&YtK1kkS4aBf-Yxfc4Dna=webPc&y6RycBO1oZLfADX_9tKZXoaA=1.0.0
