2021-05-17 22:03:31 : POST /member/loginInfo HTTP/1.1
Host: api.pandalive.co.kr
Connection: keep-alive
Content-Length: 668
sec-ch-ua: " Not A;Brand";v="99", "Chromium";v="90", "Google Chrome";v="90"
Accept: application/json, text/javascript, */*; q=0.01
sec-ch-ua-mobile: ?0
User-Agent: Mozilla/5.0 (Windows NT 10.0; Win64; x64) AppleWebKit/537.36 (KHTML, like Gecko) Chrome/90.0.4430.212 Safari/537.36
Content-Type: application/x-www-form-urlencoded; charset=UTF-8
Origin: https://www.pandalive.co.kr
Sec-Fetch-Site: same-site
Sec-Fetch-Mode: cors
Sec-Fetch-Dest: empty
Referer: https://www.pandalive.co.kr/
Accept-Encoding: gzip, deflate, br
Accept-Language: en-US,en;q=0.9
Cookie: sessKey=9e4b3013932d1fc628fd34ca9a3447832c425d879db97b8129f1ce005f52134e; 3be3f8e358abbf54cec643229de77fc9e4f3f0bbc9b171580d45d13aaa374c16=9Ng6c%2Ff6w5TQxaYtucqLdopfaiWANQKrzIOxhaz%2B1JylY57oQhKt1c20nEirkkEaWce50KlRHgYOibCjRJcMqxQD7cLIKxYWUCedBc4CJd1WGYPptrD77Xamtl70zIJb%2BY7fV1OL62FbhlTIAXlLdvNk4ATHmWitEWRDMTse8Tn7%2BObjANmRIHbKQAVSOo%2FE; partner=pandatv; userReferer=https%3A%2F%2Fwww.pandalive.co.kr%2Fmember%2Flogin

_i3nY6v7ot9WIAugPuZ6Pj3WlOU=2hr0SYRyDIzvbxudI5XzGLoQKtqw7PTgsP4oPEX1Fs7ZNlbC6BilptnpOMA1CZqZnpu16ySxcMvtVIv2TLrQmkv29kfwdRWn76pyMlmQRtNEgeSjZ17pJQWBH9NtWN8IcDzjrMGpLQ8e5gO1WFqEh2SlZQ7pN2Wc5gO2WF7Ia9CkcQ7oB5ocFsYyOduCGgymr27n79Xb85NZMtbD8DCkW1GoPEW26cYyNpb1AwSkYSucMAAcC9aSO1OE79ixVQWn7EbeJo7tLd8DGtSgbRoX4Dna&Yt40SkS4eFP1sNLe4Dna=1621256610&AYohuyc98ugPuZ6Pj3WlOU=b2105a918fef4da4b8bda5a33624da0f2a22a575b989fa5a1762f0ae24395070&yQv1sB81otLfILAZU_XYXoaA=9e4b3013932d1fc628fd34ca9a3447832c425d879db97b8129f1ce005f52134e&o3GVexFtLZADj4Idn1w0S34Bzo=e0e6787f740df83831acf9aafbe0a05e9522347305604b1e58fc4c47da088d6a&YtK1kkS4aBf-Yxfc4Dna=webPc&y6RycBO1oZLfADX_9tKZXoaA=1.0.0
2021-05-17 22:03:35 : POST /member/login HTTP/1.1
Host: api.pandalive.co.kr
Connection: keep-alive
Content-Length: 776
sec-ch-ua: " Not A;Brand";v="99", "Chromium";v="90", "Google Chrome";v="90"
Accept: application/json, text/javascript, */*; q=0.01
sec-ch-ua-mobile: ?0
User-Agent: Mozilla/5.0 (Windows NT 10.0; Win64; x64) AppleWebKit/537.36 (KHTML, like Gecko) Chrome/90.0.4430.212 Safari/537.36
Content-Type: application/x-www-form-urlencoded; charset=UTF-8
Origin: https://www.pandalive.co.kr
Sec-Fetch-Site: same-site
Sec-Fetch-Mode: cors
Sec-Fetch-Dest: empty
Referer: https://www.pandalive.co.kr/
Accept-Encoding: gzip, deflate, br
Accept-Language: en-US,en;q=0.9
Cookie: sessKey=9e4b3013932d1fc628fd34ca9a3447832c425d879db97b8129f1ce005f52134e; 3be3f8e358abbf54cec643229de77fc9e4f3f0bbc9b171580d45d13aaa374c16=9Ng6c%2Ff6w5TQxaYtucqLdopfaiWANQKrzIOxhaz%2B1JylY57oQhKt1c20nEirkkEaWce50KlRHgYOibCjRJcMqxQD7cLIKxYWUCedBc4CJd1WGYPptrD77Xamtl70zIJb%2BY7fV1OL62FbhlTIAXlLdvNk4ATHmWitEWRDMTse8Tn7%2BObjANmRIHbKQAVSOo%2FE; partner=pandatv; userReferer=https%3A%2F%2Fwww.pandalive.co.kr%2Fmember%2Flogin; _ga_W91XDLC3YE=GS1.1.1621256610.1.0.1621256610.0; _ga=GA1.1.183709419.1621256611; _gcl_au=1.1.1082006653.1621256611; appier_utmz=%7B%22csr%22%3A%22www.pandalive.co.kr%22%2C%22timestamp%22%3A1621256611%7D; _atrk_siteuid=DGNlUcs6XhB0lfBo; _atrk_ssid=TIucsckwL97LX4a2pStTWP; _atrk_sessidx=1; appier_pv_counterPageView_fc1d=0; appier_page_isView_PageView_fc1d=1aa2f1a20984838737334bf0f37dd45a0236416bd2a1b7090bfd524ea7d546a6; appier_pv_counterViewTwoPages_a9a9=0; appier_page_isView_ViewTwoPages_a9a9=1aa2f1a20984838737334bf0f37dd45a0236416bd2a1b7090bfd524ea7d546a6; iUUID=48b8d1edf312fb9834e9e69ddb72f690; innity.dmp.806.sess=1.1621256611811.1621256611811.1621256611811; innity.dmp.806.sess.id=37457573.806.1621256611811; innity.dmp.cks.appxs=1; innity.dmp.cks.innity=1; _ga_NGSHFJTQS1=GS1.1.1621256610.1.0.1621256610.0; _wp_uid=1-60b5ee6b20ad15296efcc8d011e67df8-s1621256633.177419|windows_10|chrome-75tgds

29X__Q4yowex4Bzo=dada5850&2wqZ_Q4yowex4Bzo=wnstjr123&AYUcv2W9f-yi4dNLpZWlOU=off&o36w9w_N3d85AZ_Q4yowex4Bzo=&_i3nY6v7ot9WIAugPuZ6Pj3WlOU=2hr0SYRyDIzvbxudI5XzGLoQKtqw7PTgsP4oPEX1Fs7ZNlbC6BilptnpOMA1CZqZnpu16ySxcMvtVIv2TLrQmkv29kfwdRWn76pyMlmQRtNEgeSjZ17pJQWBH9NtWN8IcDzjrMGpLQ8e5gO1WFqEh2SlZQ7pN2Wc5gO2WF7Ia9CkcQ7oB5ocFsYyOduCGgymr27n79Xb85NZMtbD8DCkW1GoPEW26cYyNpb1AwSkYSucMAAcC9aSO1OE79ixVQWn7EbeJo7tLd8DGtSgbRoX4Dna&Yt40SkS4eFP1sNLe4Dna=1621256615&AYohuyc98ugPuZ6Pj3WlOU=b2105a918fef4da4b8bda5a33624da0f2a22a575b989fa5a1762f0ae24395070&yQv1sB81otLfILAZU_XYXoaA=9e4b3013932d1fc628fd34ca9a3447832c425d879db97b8129f1ce005f52134e&o3GVexFtLZADj4Idn1w0S34Bzo=e0e6787f740df83831acf9aafbe0a05e9522347305604b1e58fc4c47da088d6a&YtK1kkS4aBf-Yxfc4Dna=webPc&y6RycBO1oZLfADX_9tKZXoaA=1.0.0
2021-05-17 22:03:37 : POST /member/loginInfo HTTP/1.1
Host: api.pandalive.co.kr
Connection: keep-alive
Content-Length: 650
sec-ch-ua: " Not A;Brand";v="99", "Chromium";v="90", "Google Chrome";v="90"
Accept: application/json, text/javascript, */*; q=0.01
sec-ch-ua-mobile: ?0
User-Agent: Mozilla/5.0 (Windows NT 10.0; Win64; x64) AppleWebKit/537.36 (KHTML, like Gecko) Chrome/90.0.4430.212 Safari/537.36
Content-Type: application/x-www-form-urlencoded; charset=UTF-8
Origin: https://www.pandalive.co.kr
Sec-Fetch-Site: same-site
Sec-Fetch-Mode: cors
Sec-Fetch-Dest: empty
Referer: https://www.pandalive.co.kr/
Accept-Encoding: gzip, deflate, br
Accept-Language: en-US,en;q=0.9
Cookie: sessKey=9e4b3013932d1fc628fd34ca9a3447832c425d879db97b8129f1ce005f52134e; partner=pandatv; _ga=GA1.1.183709419.1621256611; _gcl_au=1.1.1082006653.1621256611; _atrk_siteuid=DGNlUcs6XhB0lfBo; _atrk_ssid=TIucsckwL97LX4a2pStTWP; iUUID=48b8d1edf312fb9834e9e69ddb72f690; innity.dmp.806.sess.id=37457573.806.1621256611811; innity.dmp.cks.appxs=1; innity.dmp.cks.innity=1; _wp_uid=1-60b5ee6b20ad15296efcc8d011e67df8-s1621256633.177419|windows_10|chrome-75tgds; userLoginIdx=12836893; userLoginYN=Y; userLoginSaveYN=N; 3be3f8e358abbf54cec643229de77fc9e4f3f0bbc9b171580d45d13aaa374c16=hEDAQerOzquTGaA09KL5J0VqXMM4qKgnUM%2BuvozfZnCKqDYpxsXPR2nqlyByE%2BN%2Biikj%2Fiure8jfC7VGiDysMyb2wgcG21nIRB4G%2BGrPl3r8nsLy0UC71w6VOT7bYCkwUC2EJAbqJ5Yp%2F%2BaPClD3sEPwrg3JeFfz7hX%2FGdVdMbZ7FEZI%2BEsJtZ6gpjmOehfc; userReferer=https%3A%2F%2Fwww.pandalive.co.kr%2F; _ga_W91XDLC3YE=GS1.1.1621256610.1.1.1621256615.0; _ga_NGSHFJTQS1=GS1.1.1621256610.1.1.1621256615.0; innity.dmp.806.sess=2.1621256611811.1621256611811.1621256616994; appier_utmz=%7B%22csr%22%3A%22www.pandalive.co.kr%22%2C%22timestamp%22%3A1621256611%2C%22lcsr%22%3A%22www.pandalive.co.kr%22%7D; appier_pv_counterPageView_fc1d=1; appier_page_isView_PageView_fc1d=9055efaad168a7c8a207dc9ba07d25d1e999861da0b3e1bbeeb36fc4ff1b4618; appier_pv_counterViewTwoPages_a9a9=1; appier_page_isView_ViewTwoPages_a9a9=9055efaad168a7c8a207dc9ba07d25d1e999861da0b3e1bbeeb36fc4ff1b4618; _atrk_sessidx=3

_i3nY6v7ot9WIAugPuZ6Pj3WlOU=A4W3a37tSgZRhq7MX2AoayU0rDa9ylWOmpQAIcCk7yuobEABCwoPmoBLocTDqQwsaF72u2sVu_6Pbe5g8ZNQRx7PTgaOvpJ6hBETOSM7qCHeTmr9utHIncFZqQKtax7PDlayvoQIWcDw7SKtaw7PTgoVnpMIWBPtNSPhR2g2fmbOGn7wWbTp4TLVb1ieylqRnpTxoBBk7ykxR2Hcyxn6vpREA1EonSnROEgiCkrV7cUI7bTkmQRd8EKZSlaBvtNHGYWlOU&Yt40SkS4eFP1sNLe4Dna=1621256617&AYohuyc98ugPuZ6Pj3WlOU=cf4381d8d1703db1f459ccfdf5fcf249a4316ddecbc5d18f26b5c2c1cc8a14ac&yQv1sB81otLfILAZU_XYXoaA=9e4b3013932d1fc628fd34ca9a3447832c425d879db97b8129f1ce005f52134e&o3GVexFtLZADj4Idn1w0S34Bzo=5be6637dd8e6c75c4ec8eddd261416b368d34fe51edcf7e94e4d9acbb6a6af08&YtK1kkS4aBf-Yxfc4Dna=webPc&y6RycBO1oZLfADX_9tKZXoaA=1.0.0
2021-05-17 22:03:37 : POST /live/cache HTTP/1.1
Host: api.pandalive.co.kr
Connection: keep-alive
Content-Length: 897
sec-ch-ua: " Not A;Brand";v="99", "Chromium";v="90", "Google Chrome";v="90"
Accept: application/json, text/javascript, */*; q=0.01
sec-ch-ua-mobile: ?0
User-Agent: Mozilla/5.0 (Windows NT 10.0; Win64; x64) AppleWebKit/537.36 (KHTML, like Gecko) Chrome/90.0.4430.212 Safari/537.36
Content-Type: application/x-www-form-urlencoded; charset=UTF-8
Origin: https://www.pandalive.co.kr
Sec-Fetch-Site: same-site
Sec-Fetch-Mode: cors
Sec-Fetch-Dest: empty
Referer: https://www.pandalive.co.kr/
Accept-Encoding: gzip, deflate, br
Accept-Language: en-US,en;q=0.9
Cookie: sessKey=9e4b3013932d1fc628fd34ca9a3447832c425d879db97b8129f1ce005f52134e; partner=pandatv; _ga=GA1.1.183709419.1621256611; _gcl_au=1.1.1082006653.1621256611; _atrk_siteuid=DGNlUcs6XhB0lfBo; _atrk_ssid=TIucsckwL97LX4a2pStTWP; iUUID=48b8d1edf312fb9834e9e69ddb72f690; innity.dmp.806.sess.id=37457573.806.1621256611811; innity.dmp.cks.appxs=1; innity.dmp.cks.innity=1; _wp_uid=1-60b5ee6b20ad15296efcc8d011e67df8-s1621256633.177419|windows_10|chrome-75tgds; userLoginIdx=12836893; userLoginYN=Y; userLoginSaveYN=N; 3be3f8e358abbf54cec643229de77fc9e4f3f0bbc9b171580d45d13aaa374c16=hEDAQerOzquTGaA09KL5J0VqXMM4qKgnUM%2BuvozfZnCKqDYpxsXPR2nqlyByE%2BN%2Biikj%2Fiure8jfC7VGiDysMyb2wgcG21nIRB4G%2BGrPl3r8nsLy0UC71w6VOT7bYCkwUC2EJAbqJ5Yp%2F%2BaPClD3sEPwrg3JeFfz7hX%2FGdVdMbZ7FEZI%2BEsJtZ6gpjmOehfc; userReferer=https%3A%2F%2Fwww.pandalive.co.kr%2F; _ga_W91XDLC3YE=GS1.1.1621256610.1.1.1621256615.0; _ga_NGSHFJTQS1=GS1.1.1621256610.1.1.1621256615.0; innity.dmp.806.sess=2.1621256611811.1621256611811.1621256616994; appier_utmz=%7B%22csr%22%3A%22www.pandalive.co.kr%22%2C%22timestamp%22%3A1621256611%2C%22lcsr%22%3A%22www.pandalive.co.kr%22%7D; appier_pv_counterPageView_fc1d=1; appier_page_isView_PageView_fc1d=9055efaad168a7c8a207dc9ba07d25d1e999861da0b3e1bbeeb36fc4ff1b4618; appier_pv_counterViewTwoPages_a9a9=1; appier_page_isView_ViewTwoPages_a9a9=9055efaad168a7c8a207dc9ba07d25d1e999861da0b3e1bbeeb36fc4ff1b4618; _atrk_sessidx=3

NgxdaEY0ZX2DdK1XoaA=mainLive&Y6K2VQRw0MfwbPfZ4Dna=224&AYNUR1c5v-yi4dNLpZWlOU=126&PL2SAuzDQgv_a4_EcI4Nln1wgRx4Bzo=15&H5XAgw1OdK1zAu2GFv1uthl=oujcSlYwvpMI8BEDqQusaFFtSgeRhq76AzGhrTWBBID6ikUQ8d7dvBEDqQRsaFjcSlYwvpMI8BEDqQVsaF7iykrBvtLHnCFDqQNsNv4Bzo&_i3nY6v7ot9WIAugPuZ6Pj3WlOU=A4W3a37tSgZRhq7MX2AoayU0rDa9ylWOmpQAIcCk7yuobEABCwoPmoBLocTDqQwsaF72u2sVu_6Pbe5g8ZNQRx7PTgaOvpJ6hBETOSM7qCHeTmr9utHIncFZqQKtax7PDlayvoQIWcDw7SKtaw7PTgoVnpMIWBPtNSPhR2g2fmbOGn7wWbTp4TLVb1ieylqRnpTxoBBk7ykxR2Hcyxn6vpREA1EonSnROEgiCkrV7cUI7bTkmQRd8EKZSlaBvtNHGYWlOU&Yt40SkS4eFP1sNLe4Dna=1621256617&AYohuyc98ugPuZ6Pj3WlOU=cf4381d8d1703db1f459ccfdf5fcf249a4316ddecbc5d18f26b5c2c1cc8a14ac&yQv1sB81otLfILAZU_XYXoaA=9e4b3013932d1fc628fd34ca9a3447832c425d879db97b8129f1ce005f52134e&o3GVexFtLZADj4Idn1w0S34Bzo=5be6637dd8e6c75c4ec8eddd261416b368d34fe51edcf7e94e4d9acbb6a6af08&YtK1kkS4aBf-Yxfc4Dna=webPc&y6RycBO1oZLfADX_9tKZXoaA=1.0.0
2021-05-17 22:03:37 : POST https://api.pandalive.co.kr/live/cache HTTP/1.1
NgxdaEY0ZX2DdK1XoaA=mainLive&Y6K2VQRw0MfwbPfZ4Dna=224&AYNUR1c5v-yi4dNLpZWlOU=126&PL2SAuzDQgv_a4_EcI4Nln1wgRx4Bzo=15&H5XAgw1OdK1zAu2GFv1uthl=oujcSlYwvpMI8BEDqQusaFFtSgeRhq76AzGhrTWBBID6ikUQ8d7dvBEDqQRsaFjcSlYwvpMI8BEDqQVsaF7iykrBvtLHnCFDqQNsNv4Bzo&_i3nY6v7ot9WIAugPuZ6Pj3WlOU=A4W3a37tSgZRhq7MX2AoayU0rDa9ylWOmpQAIcCk7yuobEABCwoPmoBLocTDqQwsaF72u2sVu_6Pbe5g8ZNQRx7PTgaOvpJ6hBETOSM7qCHeTmr9utHIncFZqQKtax7PDlayvoQIWcDw7SKtaw7PTgoVnpMIWBPtNSPhR2g2fmbOGn7wWbTp4TLVb1ieylqRnpTxoBBk7ykxR2Hcyxn6vpREA1EonSnROEgiCkrV7cUI7bTkmQRd8EKZSlaBvtNHGYWlOU&Yt40SkS4eFP1sNLe4Dna=1621256617&AYohuyc98ugPuZ6Pj3WlOU=cf4381d8d1703db1f459ccfdf5fcf249a4316ddecbc5d18f26b5c2c1cc8a14ac&yQv1sB81otLfILAZU_XYXoaA=9e4b3013932d1fc628fd34ca9a3447832c425d879db97b8129f1ce005f52134e&o3GVexFtLZADj4Idn1w0S34Bzo=5be6637dd8e6c75c4ec8eddd261416b368d34fe51edcf7e94e4d9acbb6a6af08&YtK1kkS4aBf-Yxfc4Dna=webPc&y6RycBO1oZLfADX_9tKZXoaA=1.0.0
2021-05-17 22:03:37 : POST /live/cache HTTP/1.1
Host: api.pandalive.co.kr
Connection: keep-alive
Content-Length: 910
sec-ch-ua: " Not A;Brand";v="99", "Chromium";v="90", "Google Chrome";v="90"
Accept: application/json, text/javascript, */*; q=0.01
sec-ch-ua-mobile: ?0
User-Agent: Mozilla/5.0 (Windows NT 10.0; Win64; x64) AppleWebKit/537.36 (KHTML, like Gecko) Chrome/90.0.4430.212 Safari/537.36
Content-Type: application/x-www-form-urlencoded; charset=UTF-8
Origin: https://www.pandalive.co.kr
Sec-Fetch-Site: same-site
Sec-Fetch-Mode: cors
Sec-Fetch-Dest: empty
Referer: https://www.pandalive.co.kr/
Accept-Encoding: gzip, deflate, br
Accept-Language: en-US,en;q=0.9
Cookie: sessKey=9e4b3013932d1fc628fd34ca9a3447832c425d879db97b8129f1ce005f52134e; partner=pandatv; _ga=GA1.1.183709419.1621256611; _gcl_au=1.1.1082006653.1621256611; _atrk_siteuid=DGNlUcs6XhB0lfBo; _atrk_ssid=TIucsckwL97LX4a2pStTWP; iUUID=48b8d1edf312fb9834e9e69ddb72f690; innity.dmp.806.sess.id=37457573.806.1621256611811; innity.dmp.cks.appxs=1; innity.dmp.cks.innity=1; _wp_uid=1-60b5ee6b20ad15296efcc8d011e67df8-s1621256633.177419|windows_10|chrome-75tgds; userLoginIdx=12836893; userLoginYN=Y; userLoginSaveYN=N; 3be3f8e358abbf54cec643229de77fc9e4f3f0bbc9b171580d45d13aaa374c16=hEDAQerOzquTGaA09KL5J0VqXMM4qKgnUM%2BuvozfZnCKqDYpxsXPR2nqlyByE%2BN%2Biikj%2Fiure8jfC7VGiDysMyb2wgcG21nIRB4G%2BGrPl3r8nsLy0UC71w6VOT7bYCkwUC2EJAbqJ5Yp%2F%2BaPClD3sEPwrg3JeFfz7hX%2FGdVdMbZ7FEZI%2BEsJtZ6gpjmOehfc; userReferer=https%3A%2F%2Fwww.pandalive.co.kr%2F; _ga_W91XDLC3YE=GS1.1.1621256610.1.1.1621256615.0; _ga_NGSHFJTQS1=GS1.1.1621256610.1.1.1621256615.0; innity.dmp.806.sess=2.1621256611811.1621256611811.1621256616994; appier_utmz=%7B%22csr%22%3A%22www.pandalive.co.kr%22%2C%22timestamp%22%3A1621256611%2C%22lcsr%22%3A%22www.pandalive.co.kr%22%7D; appier_pv_counterPageView_fc1d=1; appier_page_isView_PageView_fc1d=9055efaad168a7c8a207dc9ba07d25d1e999861da0b3e1bbeeb36fc4ff1b4618; appier_pv_counterViewTwoPages_a9a9=1; appier_page_isView_ViewTwoPages_a9a9=9055efaad168a7c8a207dc9ba07d25d1e999861da0b3e1bbeeb36fc4ff1b4618; _atrk_sessidx=3

NgxdaEY0ZX2DdK1XoaA=rankingLive1&Y6K2VQRw0MfwbPfZ4Dna=224&AYNUR1c5v-yi4dNLpZWlOU=126&PL2SAuzDQgv_a4_EcI4Nln1wgRx4Bzo=20&H5XAgw1OdK1zAu2GFv1uthl=BSDh2SlZQ7pN2Wc5gOZWF7IFiykdMGpLQocTDqQPsaFjcSlYwvpMI8BEDqQusaFFtSgeRhqLI8bTcnQRtq1EIPgUQ8_7dnc5gO2WFaEGtSghRoX4Dna&_i3nY6v7ot9WIAugPuZ6Pj3WlOU=A4W3a37tSgZRhq7MX2AoayU0rDa9ylWOmpQAIcCk7yuobEABCwoPmoBLocTDqQwsaF72u2sVu_6Pbe5g8ZNQRx7PTgaOvpJ6hBETOSM7qCHeTmr9utHIncFZqQKtax7PDlayvoQIWcDw7SKtaw7PTgoVnpMIWBPtNSPhR2g2fmbOGn7wWbTp4TLVb1ieylqRnpTxoBBk7ykxR2Hcyxn6vpREA1EonSnROEgiCkrV7cUI7bTkmQRd8EKZSlaBvtNHGYWlOU&Yt40SkS4eFP1sNLe4Dna=1621256617&AYohuyc98ugPuZ6Pj3WlOU=cf4381d8d1703db1f459ccfdf5fcf249a4316ddecbc5d18f26b5c2c1cc8a14ac&yQv1sB81otLfILAZU_XYXoaA=9e4b3013932d1fc628fd34ca9a3447832c425d879db97b8129f1ce005f52134e&o3GVexFtLZADj4Idn1w0S34Bzo=5be6637dd8e6c75c4ec8eddd261416b368d34fe51edcf7e94e4d9acbb6a6af08&YtK1kkS4aBf-Yxfc4Dna=webPc&y6RycBO1oZLfADX_9tKZXoaA=1.0.0
2021-05-17 22:03:37 : POST https://api.pandalive.co.kr/live/cache HTTP/1.1
NgxdaEY0ZX2DdK1XoaA=rankingLive1&Y6K2VQRw0MfwbPfZ4Dna=224&AYNUR1c5v-yi4dNLpZWlOU=126&PL2SAuzDQgv_a4_EcI4Nln1wgRx4Bzo=20&H5XAgw1OdK1zAu2GFv1uthl=BSDh2SlZQ7pN2Wc5gOZWF7IFiykdMGpLQocTDqQPsaFjcSlYwvpMI8BEDqQusaFFtSgeRhqLI8bTcnQRtq1EIPgUQ8_7dnc5gO2WFaEGtSghRoX4Dna&_i3nY6v7ot9WIAugPuZ6Pj3WlOU=A4W3a37tSgZRhq7MX2AoayU0rDa9ylWOmpQAIcCk7yuobEABCwoPmoBLocTDqQwsaF72u2sVu_6Pbe5g8ZNQRx7PTgaOvpJ6hBETOSM7qCHeTmr9utHIncFZqQKtax7PDlayvoQIWcDw7SKtaw7PTgoVnpMIWBPtNSPhR2g2fmbOGn7wWbTp4TLVb1ieylqRnpTxoBBk7ykxR2Hcyxn6vpREA1EonSnROEgiCkrV7cUI7bTkmQRd8EKZSlaBvtNHGYWlOU&Yt40SkS4eFP1sNLe4Dna=1621256617&AYohuyc98ugPuZ6Pj3WlOU=cf4381d8d1703db1f459ccfdf5fcf249a4316ddecbc5d18f26b5c2c1cc8a14ac&yQv1sB81otLfILAZU_XYXoaA=9e4b3013932d1fc628fd34ca9a3447832c425d879db97b8129f1ce005f52134e&o3GVexFtLZADj4Idn1w0S34Bzo=5be6637dd8e6c75c4ec8eddd261416b368d34fe51edcf7e94e4d9acbb6a6af08&YtK1kkS4aBf-Yxfc4Dna=webPc&y6RycBO1oZLfADX_9tKZXoaA=1.0.0
