2021-05-17 20:28:03 : POST /member/loginInfo HTTP/1.1
Host: api.pandalive.co.kr
Connection: keep-alive
Content-Length: 664
sec-ch-ua: " Not A;Brand";v="99", "Chromium";v="90", "Google Chrome";v="90"
Accept: application/json, text/javascript, */*; q=0.01
sec-ch-ua-mobile: ?0
User-Agent: Mozilla/5.0 (Windows NT 10.0; Win64; x64) AppleWebKit/537.36 (KHTML, like Gecko) Chrome/90.0.4430.212 Safari/537.36
Content-Type: application/x-www-form-urlencoded; charset=UTF-8
Origin: https://www.pandalive.co.kr
Sec-Fetch-Site: same-site
Sec-Fetch-Mode: cors
Sec-Fetch-Dest: empty
Referer: https://www.pandalive.co.kr/
Accept-Encoding: gzip, deflate, br
Accept-Language: en-US,en;q=0.9
Cookie: sessKey=874eca58fbfaf8ce7df2866809369c0308e34173d0106f06b85d2988b857c9ed; 3be3f8e358abbf54cec643229de77fc9e4f3f0bbc9b171580d45d13aaa374c16=HqjztFVWwFMqCdj0ZRs5wXYVdE%2FqHwZXC9ed1D%2FGUujfoUoZykGwRdHubNKMpQYXZkNDGmGD5F3I830ij1gvnuYv8SAkPpQ2hOqkJCgz%2F4Y4OCQmPWfOTrHNlAYCF4MjnMrGZ6XpYEl8fnuoS9ZuyF7yDlke5zOlRC5mvQ5TsT%2FciU5WbWi5nVANX30CTeR0; partner=pandatv; userReferer=https%3A%2F%2Fwww.pandalive.co.kr%2Fmember%2Flogin; _ga_W91XDLC3YE=GS1.1.1621250882.1.0.1621250882.0; _ga=GA1.1.363740793.1621250883; _gcl_au=1.1.542692859.1621250883

_i3nY6v7ot9WIAugPuZ6Pj3WlOU=YH7zM2Y0R2a3G5Pwgx4_Kdae5g82WF7I6Ffl_S4cL6W1BoNTworD9BCkaOucOQ81Ck4ZwY81giSgUQ8d7d7e9p3yV6u2FDTmrwfYEDbeJgbSOt8FiZikfM7oJpoBTDqQSsaF7iSgUQhZ7dvcF9NSMtrEG2ikUQhY7d7eRt4TvYrDJevmW9vp95obTxNSucbEgiyxa17pPEW17ZaSPpuCIcimd5voRt8cPpYtUoeCAFPxrZfnQMI2Qpatlt7C7cOghOGnUQWBDDqQosNv4Bzo&Yt40SkS4eFP1sNLe4Dna=1621250882&AYohuyc98ugPuZ6Pj3WlOU=4b35c9c4525f49a1f46373b7102eb3a48ff8b2712298b01b9c3921fbf56378a7&yQv1sB81otLfILAZU_XYXoaA=874eca58fbfaf8ce7df2866809369c0308e34173d0106f06b85d2988b857c9ed&o3GVexFtLZADj4Idn1w0S34Bzo=894133996fd8a4f795795b655c69e241bcb4e375b415062d7aa2e6766fb9472b&YtK1kkS4aBf-Yxfc4Dna=webPc&y6RycBO1oZLfADX_9tKZXoaA=1.0.0
2021-05-17 20:28:09 : POST /member/login HTTP/1.1
Host: api.pandalive.co.kr
Connection: keep-alive
Content-Length: 772
sec-ch-ua: " Not A;Brand";v="99", "Chromium";v="90", "Google Chrome";v="90"
Accept: application/json, text/javascript, */*; q=0.01
sec-ch-ua-mobile: ?0
User-Agent: Mozilla/5.0 (Windows NT 10.0; Win64; x64) AppleWebKit/537.36 (KHTML, like Gecko) Chrome/90.0.4430.212 Safari/537.36
Content-Type: application/x-www-form-urlencoded; charset=UTF-8
Origin: https://www.pandalive.co.kr
Sec-Fetch-Site: same-site
Sec-Fetch-Mode: cors
Sec-Fetch-Dest: empty
Referer: https://www.pandalive.co.kr/
Accept-Encoding: gzip, deflate, br
Accept-Language: en-US,en;q=0.9
Cookie: sessKey=874eca58fbfaf8ce7df2866809369c0308e34173d0106f06b85d2988b857c9ed; 3be3f8e358abbf54cec643229de77fc9e4f3f0bbc9b171580d45d13aaa374c16=HqjztFVWwFMqCdj0ZRs5wXYVdE%2FqHwZXC9ed1D%2FGUujfoUoZykGwRdHubNKMpQYXZkNDGmGD5F3I830ij1gvnuYv8SAkPpQ2hOqkJCgz%2F4Y4OCQmPWfOTrHNlAYCF4MjnMrGZ6XpYEl8fnuoS9ZuyF7yDlke5zOlRC5mvQ5TsT%2FciU5WbWi5nVANX30CTeR0; partner=pandatv; userReferer=https%3A%2F%2Fwww.pandalive.co.kr%2Fmember%2Flogin; _ga_W91XDLC3YE=GS1.1.1621250882.1.0.1621250882.0; _ga=GA1.1.363740793.1621250883; _gcl_au=1.1.542692859.1621250883; appier_utmz=%7B%22csr%22%3A%22www.pandalive.co.kr%22%2C%22timestamp%22%3A1621250883%7D; _atrk_siteuid=lSupPLPrlaS1exCL; _atrk_ssid=nC0KUkG6XMGRWzgYv7F9lM; _atrk_sessidx=1; appier_pv_counterPageView_fc1d=0; appier_page_isView_PageView_fc1d=1aa2f1a20984838737334bf0f37dd45a0236416bd2a1b7090bfd524ea7d546a6; appier_pv_counterViewTwoPages_a9a9=0; appier_page_isView_ViewTwoPages_a9a9=1aa2f1a20984838737334bf0f37dd45a0236416bd2a1b7090bfd524ea7d546a6; _ga_NGSHFJTQS1=GS1.1.1621250882.1.0.1621250882.0; _wp_uid=1-5fa64516c2ee74be30df86cd553a45ba-s1621250903.631971|windows_10|chrome-xl4ixv; iUUID=78954061db5702443ec2f4f692a0e649; innity.dmp.806.sess=1.1621250884585.1621250884585.1621250884585; innity.dmp.806.sess.id=268719735.806.1621250884585; innity.dmp.cks.appxs=1; innity.dmp.cks.innity=1

29X__Q4yowex4Bzo=dada5850&2wqZ_Q4yowex4Bzo=wnstjr123&AYUcv2W9f-yi4dNLpZWlOU=off&o36w9w_N3d85AZ_Q4yowex4Bzo=&_i3nY6v7ot9WIAugPuZ6Pj3WlOU=YH7zM2Y0R2a3G5Pwgx4_Kdae5g82WF7I6Ffl_S4cL6W1BoNTworD9BCkaOucOQ81Ck4ZwY81giSgUQ8d7d7e9p3yV6u2FDTmrwfYEDbeJgbSOt8FiZikfM7oJpoBTDqQSsaF7iSgUQhZ7dvcF9NSMtrEG2ikUQhY7d7eRt4TvYrDJevmW9vp95obTxNSucbEgiyxa17pPEW17ZaSPpuCIcimd5voRt8cPpYtUoeCAFPxrZfnQMI2Qpatlt7C7cOghOGnUQWBDDqQosNv4Bzo&Yt40SkS4eFP1sNLe4Dna=1621250889&AYohuyc98ugPuZ6Pj3WlOU=4b35c9c4525f49a1f46373b7102eb3a48ff8b2712298b01b9c3921fbf56378a7&yQv1sB81otLfILAZU_XYXoaA=874eca58fbfaf8ce7df2866809369c0308e34173d0106f06b85d2988b857c9ed&o3GVexFtLZADj4Idn1w0S34Bzo=894133996fd8a4f795795b655c69e241bcb4e375b415062d7aa2e6766fb9472b&YtK1kkS4aBf-Yxfc4Dna=webPc&y6RycBO1oZLfADX_9tKZXoaA=1.0.0
2021-05-17 20:28:12 : POST /member/loginInfo HTTP/1.1
Host: api.pandalive.co.kr
Connection: keep-alive
Content-Length: 650
sec-ch-ua: " Not A;Brand";v="99", "Chromium";v="90", "Google Chrome";v="90"
Accept: application/json, text/javascript, */*; q=0.01
sec-ch-ua-mobile: ?0
User-Agent: Mozilla/5.0 (Windows NT 10.0; Win64; x64) AppleWebKit/537.36 (KHTML, like Gecko) Chrome/90.0.4430.212 Safari/537.36
Content-Type: application/x-www-form-urlencoded; charset=UTF-8
Origin: https://www.pandalive.co.kr
Sec-Fetch-Site: same-site
Sec-Fetch-Mode: cors
Sec-Fetch-Dest: empty
Referer: https://www.pandalive.co.kr/
Accept-Encoding: gzip, deflate, br
Accept-Language: en-US,en;q=0.9
Cookie: sessKey=874eca58fbfaf8ce7df2866809369c0308e34173d0106f06b85d2988b857c9ed; partner=pandatv; _ga=GA1.1.363740793.1621250883; _gcl_au=1.1.542692859.1621250883; appier_utmz=%7B%22csr%22%3A%22www.pandalive.co.kr%22%2C%22timestamp%22%3A1621250883%7D; _atrk_siteuid=lSupPLPrlaS1exCL; _atrk_ssid=nC0KUkG6XMGRWzgYv7F9lM; _atrk_sessidx=1; appier_pv_counterPageView_fc1d=0; appier_page_isView_PageView_fc1d=1aa2f1a20984838737334bf0f37dd45a0236416bd2a1b7090bfd524ea7d546a6; appier_pv_counterViewTwoPages_a9a9=0; appier_page_isView_ViewTwoPages_a9a9=1aa2f1a20984838737334bf0f37dd45a0236416bd2a1b7090bfd524ea7d546a6; _wp_uid=1-5fa64516c2ee74be30df86cd553a45ba-s1621250903.631971|windows_10|chrome-xl4ixv; iUUID=78954061db5702443ec2f4f692a0e649; innity.dmp.806.sess.id=268719735.806.1621250884585; innity.dmp.cks.appxs=1; innity.dmp.cks.innity=1; userLoginIdx=12836893; userLoginYN=Y; userLoginSaveYN=N; 3be3f8e358abbf54cec643229de77fc9e4f3f0bbc9b171580d45d13aaa374c16=Kcvx%2BOjzHbTzB6pIg5h2fU03O%2Fya2tj3U%2FozjEyjlOanJbYE%2BbTEXBD%2FEQQZz6LMF08LkuHE8DtHnB2yk5aMvSk6IZYf3DNqliIEsX97VmQcKqKIkAvVr6X5XGRhmLkF5HqFCCSSDcHmWk8mkkhvTkp3E20Dus4bdr45rrm4O5laYX5m8%2FTzyCr6gX0bPmUM; userReferer=https%3A%2F%2Fwww.pandalive.co.kr%2F; _ga_W91XDLC3YE=GS1.1.1621250882.1.1.1621250891.0; _ga_NGSHFJTQS1=GS1.1.1621250882.1.1.1621250891.0; innity.dmp.806.sess=2.1621250884585.1621250884585.1621250892058

_i3nY6v7ot9WIAugPuZ6Pj3WlOU=A4W3a37tSgZRhq7MX2AoayU0rDa9ylWOmpQAIcCk7yuobEABCwoPmoBLocTDqQwsaF72u2sVu_6Pbe5g8ZNQRx7PTgaOvpJ6hBETOSM7qCHeTmr9utHIncFZqQKtax7Pzkc9GpQIWcDw7SKtaw7PTgpx4n8wWB7gKTlR8E95ymrZGpB1ocEZNZnZrEHcixWMnpLEXb9k7TPV8DIxSknVmoADpbPdnZWceCig9woVnoTI7bTkmQRxrCixClZBvtNHGYWlOU&Yt40SkS4eFP1sNLe4Dna=1621250892&AYohuyc98ugPuZ6Pj3WlOU=191d336f351bef47d6b4bfba4091823fe4dfdf9b65b69cc5607ceb0f3b8bec7b&yQv1sB81otLfILAZU_XYXoaA=874eca58fbfaf8ce7df2866809369c0308e34173d0106f06b85d2988b857c9ed&o3GVexFtLZADj4Idn1w0S34Bzo=97eae406c7475e698341046609d794ec3afe85f42c3f6d08b89d80d85371e444&YtK1kkS4aBf-Yxfc4Dna=webPc&y6RycBO1oZLfADX_9tKZXoaA=1.0.0
2021-05-17 20:28:12 : POST /live/cache HTTP/1.1
Host: api.pandalive.co.kr
Connection: keep-alive
Content-Length: 901
sec-ch-ua: " Not A;Brand";v="99", "Chromium";v="90", "Google Chrome";v="90"
Accept: application/json, text/javascript, */*; q=0.01
sec-ch-ua-mobile: ?0
User-Agent: Mozilla/5.0 (Windows NT 10.0; Win64; x64) AppleWebKit/537.36 (KHTML, like Gecko) Chrome/90.0.4430.212 Safari/537.36
Content-Type: application/x-www-form-urlencoded; charset=UTF-8
Origin: https://www.pandalive.co.kr
Sec-Fetch-Site: same-site
Sec-Fetch-Mode: cors
Sec-Fetch-Dest: empty
Referer: https://www.pandalive.co.kr/
Accept-Encoding: gzip, deflate, br
Accept-Language: en-US,en;q=0.9
Cookie: sessKey=874eca58fbfaf8ce7df2866809369c0308e34173d0106f06b85d2988b857c9ed; partner=pandatv; _ga=GA1.1.363740793.1621250883; _gcl_au=1.1.542692859.1621250883; appier_utmz=%7B%22csr%22%3A%22www.pandalive.co.kr%22%2C%22timestamp%22%3A1621250883%7D; _atrk_siteuid=lSupPLPrlaS1exCL; _atrk_ssid=nC0KUkG6XMGRWzgYv7F9lM; _atrk_sessidx=1; appier_pv_counterPageView_fc1d=0; appier_page_isView_PageView_fc1d=1aa2f1a20984838737334bf0f37dd45a0236416bd2a1b7090bfd524ea7d546a6; appier_pv_counterViewTwoPages_a9a9=0; appier_page_isView_ViewTwoPages_a9a9=1aa2f1a20984838737334bf0f37dd45a0236416bd2a1b7090bfd524ea7d546a6; _wp_uid=1-5fa64516c2ee74be30df86cd553a45ba-s1621250903.631971|windows_10|chrome-xl4ixv; iUUID=78954061db5702443ec2f4f692a0e649; innity.dmp.806.sess.id=268719735.806.1621250884585; innity.dmp.cks.appxs=1; innity.dmp.cks.innity=1; userLoginIdx=12836893; userLoginYN=Y; userLoginSaveYN=N; 3be3f8e358abbf54cec643229de77fc9e4f3f0bbc9b171580d45d13aaa374c16=Kcvx%2BOjzHbTzB6pIg5h2fU03O%2Fya2tj3U%2FozjEyjlOanJbYE%2BbTEXBD%2FEQQZz6LMF08LkuHE8DtHnB2yk5aMvSk6IZYf3DNqliIEsX97VmQcKqKIkAvVr6X5XGRhmLkF5HqFCCSSDcHmWk8mkkhvTkp3E20Dus4bdr45rrm4O5laYX5m8%2FTzyCr6gX0bPmUM; userReferer=https%3A%2F%2Fwww.pandalive.co.kr%2F; _ga_W91XDLC3YE=GS1.1.1621250882.1.1.1621250891.0; _ga_NGSHFJTQS1=GS1.1.1621250882.1.1.1621250891.0; innity.dmp.806.sess=2.1621250884585.1621250884585.1621250892058

NgxdaEY0ZX2DdK1XoaA=rankingLive1&Y6K2VQRw0MfwbPfZ4Dna=224&AYNUR1c5v-yi4dNLpZWlOU=126&PL2SAuzDQgv_a4_EcI4Nln1wgRx4Bzo=20&H5XAgw1OdK1zAu2GFv1uthl=ouFeSmrFutHIv1HYnQKtqy7PzkbBvt6HnCFDqQpsaFFtSg_RhqLMWbFsqSOt8DgtSgpRhqLMWbFsqSOt8DgtSgnRhq7QocTDqQPsNv4Bzo&_i3nY6v7ot9WIAugPuZ6Pj3WlOU=A4W3a37tSgZRhq7MX2AoayU0rDa9ylWOmpQAIcCk7yuobEABCwoPmoBLocTDqQwsaF72u2sVu_6Pbe5g8ZNQRx7PTgaOvpJ6hBETOSM7qCHeTmr9utHIncFZqQKtax7Pzkc9GpQIWcDw7SKtaw7PTgpx4n8wWB7gKTlR8E95ymrZGpB1ocEZNZnZrEHcixWMnpLEXb9k7TPV8DIxSknVmoADpbPdnZWceCig9woVnoTI7bTkmQRxrCixClZBvtNHGYWlOU&Yt40SkS4eFP1sNLe4Dna=1621250892&AYohuyc98ugPuZ6Pj3WlOU=191d336f351bef47d6b4bfba4091823fe4dfdf9b65b69cc5607ceb0f3b8bec7b&yQv1sB81otLfILAZU_XYXoaA=874eca58fbfaf8ce7df2866809369c0308e34173d0106f06b85d2988b857c9ed&o3GVexFtLZADj4Idn1w0S34Bzo=97eae406c7475e698341046609d794ec3afe85f42c3f6d08b89d80d85371e444&YtK1kkS4aBf-Yxfc4Dna=webPc&y6RycBO1oZLfADX_9tKZXoaA=1.0.0
2021-05-17 20:28:12 : POST https://api.pandalive.co.kr/live/cache HTTP/1.1
NgxdaEY0ZX2DdK1XoaA=rankingLive1&Y6K2VQRw0MfwbPfZ4Dna=224&AYNUR1c5v-yi4dNLpZWlOU=126&PL2SAuzDQgv_a4_EcI4Nln1wgRx4Bzo=20&H5XAgw1OdK1zAu2GFv1uthl=ouFeSmrFutHIv1HYnQKtqy7PzkbBvt6HnCFDqQpsaFFtSg_RhqLMWbFsqSOt8DgtSgpRhqLMWbFsqSOt8DgtSgnRhq7QocTDqQPsNv4Bzo&_i3nY6v7ot9WIAugPuZ6Pj3WlOU=A4W3a37tSgZRhq7MX2AoayU0rDa9ylWOmpQAIcCk7yuobEABCwoPmoBLocTDqQwsaF72u2sVu_6Pbe5g8ZNQRx7PTgaOvpJ6hBETOSM7qCHeTmr9utHIncFZqQKtax7Pzkc9GpQIWcDw7SKtaw7PTgpx4n8wWB7gKTlR8E95ymrZGpB1ocEZNZnZrEHcixWMnpLEXb9k7TPV8DIxSknVmoADpbPdnZWceCig9woVnoTI7bTkmQRxrCixClZBvtNHGYWlOU&Yt40SkS4eFP1sNLe4Dna=1621250892&AYohuyc98ugPuZ6Pj3WlOU=191d336f351bef47d6b4bfba4091823fe4dfdf9b65b69cc5607ceb0f3b8bec7b&yQv1sB81otLfILAZU_XYXoaA=874eca58fbfaf8ce7df2866809369c0308e34173d0106f06b85d2988b857c9ed&o3GVexFtLZADj4Idn1w0S34Bzo=97eae406c7475e698341046609d794ec3afe85f42c3f6d08b89d80d85371e444&YtK1kkS4aBf-Yxfc4Dna=webPc&y6RycBO1oZLfADX_9tKZXoaA=1.0.0
2021-05-17 20:28:12 : POST /live/cache HTTP/1.1
Host: api.pandalive.co.kr
Connection: keep-alive
Content-Length: 905
sec-ch-ua: " Not A;Brand";v="99", "Chromium";v="90", "Google Chrome";v="90"
Accept: application/json, text/javascript, */*; q=0.01
sec-ch-ua-mobile: ?0
User-Agent: Mozilla/5.0 (Windows NT 10.0; Win64; x64) AppleWebKit/537.36 (KHTML, like Gecko) Chrome/90.0.4430.212 Safari/537.36
Content-Type: application/x-www-form-urlencoded; charset=UTF-8
Origin: https://www.pandalive.co.kr
Sec-Fetch-Site: same-site
Sec-Fetch-Mode: cors
Sec-Fetch-Dest: empty
Referer: https://www.pandalive.co.kr/
Accept-Encoding: gzip, deflate, br
Accept-Language: en-US,en;q=0.9
Cookie: sessKey=874eca58fbfaf8ce7df2866809369c0308e34173d0106f06b85d2988b857c9ed; partner=pandatv; _ga=GA1.1.363740793.1621250883; _gcl_au=1.1.542692859.1621250883; appier_utmz=%7B%22csr%22%3A%22www.pandalive.co.kr%22%2C%22timestamp%22%3A1621250883%7D; _atrk_siteuid=lSupPLPrlaS1exCL; _atrk_ssid=nC0KUkG6XMGRWzgYv7F9lM; _atrk_sessidx=1; appier_pv_counterPageView_fc1d=0; appier_page_isView_PageView_fc1d=1aa2f1a20984838737334bf0f37dd45a0236416bd2a1b7090bfd524ea7d546a6; appier_pv_counterViewTwoPages_a9a9=0; appier_page_isView_ViewTwoPages_a9a9=1aa2f1a20984838737334bf0f37dd45a0236416bd2a1b7090bfd524ea7d546a6; _wp_uid=1-5fa64516c2ee74be30df86cd553a45ba-s1621250903.631971|windows_10|chrome-xl4ixv; iUUID=78954061db5702443ec2f4f692a0e649; innity.dmp.806.sess.id=268719735.806.1621250884585; innity.dmp.cks.appxs=1; innity.dmp.cks.innity=1; userLoginIdx=12836893; userLoginYN=Y; userLoginSaveYN=N; 3be3f8e358abbf54cec643229de77fc9e4f3f0bbc9b171580d45d13aaa374c16=Kcvx%2BOjzHbTzB6pIg5h2fU03O%2Fya2tj3U%2FozjEyjlOanJbYE%2BbTEXBD%2FEQQZz6LMF08LkuHE8DtHnB2yk5aMvSk6IZYf3DNqliIEsX97VmQcKqKIkAvVr6X5XGRhmLkF5HqFCCSSDcHmWk8mkkhvTkp3E20Dus4bdr45rrm4O5laYX5m8%2FTzyCr6gX0bPmUM; userReferer=https%3A%2F%2Fwww.pandalive.co.kr%2F; _ga_W91XDLC3YE=GS1.1.1621250882.1.1.1621250891.0; _ga_NGSHFJTQS1=GS1.1.1621250882.1.1.1621250891.0; innity.dmp.806.sess=2.1621250884585.1621250884585.1621250892058

NgxdaEY0ZX2DdK1XoaA=mainLive&Y6K2VQRw0MfwbPfZ4Dna=224&AYNUR1c5v-yi4dNLpZWlOU=126&PL2SAuzDQgv_a4_EcI4Nln1wgRx4Bzo=15&H5XAgw1OdK1zAu2GFv1uthl=aWLl8eBhOsMx8C7PPghM7pUQWBDcqSmx8C7aPghQ8cJRAe5g80WFaEkeD0rF8oMl8eUhOsPxrCF6SkcQvoMl8ePhOsW1bEFiykdMGp7l8eFhb3XoaA&_i3nY6v7ot9WIAugPuZ6Pj3WlOU=A4W3a37tSgZRhq7MX2AoayU0rDa9ylWOmpQAIcCk7yuobEABCwoPmoBLocTDqQwsaF72u2sVu_6Pbe5g8ZNQRx7PTgaOvpJ6hBETOSM7qCHeTmr9utHIncFZqQKtax7Pzkc9GpQIWcDw7SKtaw7PTgpx4n8wWB7gKTlR8E95ymrZGpB1ocEZNZnZrEHcixWMnpLEXb9k7TPV8DIxSknVmoADpbPdnZWceCig9woVnoTI7bTkmQRxrCixClZBvtNHGYWlOU&Yt40SkS4eFP1sNLe4Dna=1621250892&AYohuyc98ugPuZ6Pj3WlOU=191d336f351bef47d6b4bfba4091823fe4dfdf9b65b69cc5607ceb0f3b8bec7b&yQv1sB81otLfILAZU_XYXoaA=874eca58fbfaf8ce7df2866809369c0308e34173d0106f06b85d2988b857c9ed&o3GVexFtLZADj4Idn1w0S34Bzo=97eae406c7475e698341046609d794ec3afe85f42c3f6d08b89d80d85371e444&YtK1kkS4aBf-Yxfc4Dna=webPc&y6RycBO1oZLfADX_9tKZXoaA=1.0.0
2021-05-17 20:28:12 : POST https://api.pandalive.co.kr/live/cache HTTP/1.1
NgxdaEY0ZX2DdK1XoaA=mainLive&Y6K2VQRw0MfwbPfZ4Dna=224&AYNUR1c5v-yi4dNLpZWlOU=126&PL2SAuzDQgv_a4_EcI4Nln1wgRx4Bzo=15&H5XAgw1OdK1zAu2GFv1uthl=aWLl8eBhOsMx8C7PPghM7pUQWBDcqSmx8C7aPghQ8cJRAe5g80WFaEkeD0rF8oMl8eUhOsPxrCF6SkcQvoMl8ePhOsW1bEFiykdMGp7l8eFhb3XoaA&_i3nY6v7ot9WIAugPuZ6Pj3WlOU=A4W3a37tSgZRhq7MX2AoayU0rDa9ylWOmpQAIcCk7yuobEABCwoPmoBLocTDqQwsaF72u2sVu_6Pbe5g8ZNQRx7PTgaOvpJ6hBETOSM7qCHeTmr9utHIncFZqQKtax7Pzkc9GpQIWcDw7SKtaw7PTgpx4n8wWB7gKTlR8E95ymrZGpB1ocEZNZnZrEHcixWMnpLEXb9k7TPV8DIxSknVmoADpbPdnZWceCig9woVnoTI7bTkmQRxrCixClZBvtNHGYWlOU&Yt40SkS4eFP1sNLe4Dna=1621250892&AYohuyc98ugPuZ6Pj3WlOU=191d336f351bef47d6b4bfba4091823fe4dfdf9b65b69cc5607ceb0f3b8bec7b&yQv1sB81otLfILAZU_XYXoaA=874eca58fbfaf8ce7df2866809369c0308e34173d0106f06b85d2988b857c9ed&o3GVexFtLZADj4Idn1w0S34Bzo=97eae406c7475e698341046609d794ec3afe85f42c3f6d08b89d80d85371e444&YtK1kkS4aBf-Yxfc4Dna=webPc&y6RycBO1oZLfADX_9tKZXoaA=1.0.0
