2021-05-17 20:20:06 : POST /member/loginInfo HTTP/1.1
Host: api.pandalive.co.kr
Connection: keep-alive
Content-Length: 675
sec-ch-ua: " Not A;Brand";v="99", "Chromium";v="90", "Google Chrome";v="90"
Accept: application/json, text/javascript, */*; q=0.01
sec-ch-ua-mobile: ?0
User-Agent: Mozilla/5.0 (Windows NT 10.0; Win64; x64) AppleWebKit/537.36 (KHTML, like Gecko) Chrome/90.0.4430.212 Safari/537.36
Content-Type: application/x-www-form-urlencoded; charset=UTF-8
Origin: https://www.pandalive.co.kr
Sec-Fetch-Site: same-site
Sec-Fetch-Mode: cors
Sec-Fetch-Dest: empty
Referer: https://www.pandalive.co.kr/
Accept-Encoding: gzip, deflate, br
Accept-Language: en-US,en;q=0.9
Cookie: sessKey=00f2cb31d26388ff947f217737d2f901c387bf17069aa17b6d768a10953fd3e0; 3be3f8e358abbf54cec643229de77fc9e4f3f0bbc9b171580d45d13aaa374c16=YjIvWnB4jTyKt54fDTMxmOLR5nuipgH2%2Bj%2FVWnqgFZVY8A%2F4m9N%2ByCcK8fUzHRs7q453FJ4eWe5XwnxbqzT%2Bk1NrRYm%2BHvg4cF%2F%2FZkkG4yw1wTtc%2FIpUJiMY%2Blc6yBBhT0g8bVSAtMMJ%2BYPkVg1VxY%2FbuMYGKZu2GxneSWnlWOf52DOmc7Yivs%2F1Srea%2BwTH; partner=pandatv; userReferer=https%3A%2F%2Fwww.pandalive.co.kr%2Fmember%2Flogin; _ga_W91XDLC3YE=GS1.1.1621250405.1.0.1621250405.0; _ga=GA1.1.1543822246.1621250406; _gcl_au=1.1.905860232.1621250406; appier_utmz=%7B%22csr%22%3A%22www.pandalive.co.kr%22%2C%22timestamp%22%3A1621250406%7D; _atrk_siteuid=yJS5augjo5834-6z; _atrk_ssid=cSNAGoopo-SJFL-g-mHIal; _atrk_sessidx=1; appier_pv_counterPageView_fc1d=0; appier_page_isView_PageView_fc1d=1aa2f1a20984838737334bf0f37dd45a0236416bd2a1b7090bfd524ea7d546a6; appier_pv_counterViewTwoPages_a9a9=0; appier_page_isView_ViewTwoPages_a9a9=1aa2f1a20984838737334bf0f37dd45a0236416bd2a1b7090bfd524ea7d546a6; _ga_NGSHFJTQS1=GS1.1.1621250405.1.0.1621250405.0

_i3nY6v7ot9WIAugPuZ6Pj3WlOU=_beHAYZpERF1Dexri4cIRn3TDqQMsaF7gfwZUndAPWBQpNtlxREia9kaS7dBDocPlayUwRDAFykrBvt6HnCTwJ2wkBy6HOgUQ8cPoIZTLrQnx8EE6ClcJhpQWvbBgrTWRBIDezkdMGpLQocFZqQKtax7PzlbUGpQIWcDw7SKtaw7PTgdwmp91IcA9NSOxeCIZyxYQmoMMX26wNSLx817yymaS4pLp81DoYtnZODgeSxXU7nB1pb7kqtoluEhe9wbyfpLI7bTkmQRpbEH2SkWBvtNHGYWlOU&Yt40SkS4eFP1sNLe4Dna=1621250406&AYohuyc98ugPuZ6Pj3WlOU=24b9edfa061b43cfb1c2a993f39ea37a74554ee52a6cee7394c65ff607330e92&yQv1sB81otLfILAZU_XYXoaA=00f2cb31d26388ff947f217737d2f901c387bf17069aa17b6d768a10953fd3e0&o3GVexFtLZADj4Idn1w0S34Bzo=fbbd91e5b76d98c51709fa3ae5541883e57d6f080f434e4a5f27ca2473a85913&YtK1kkS4aBf-Yxfc4Dna=webPc&y6RycBO1oZLfADX_9tKZXoaA=1.0.0
2021-05-17 20:20:10 : POST /member/login HTTP/1.1
Host: api.pandalive.co.kr
Connection: keep-alive
Content-Length: 783
sec-ch-ua: " Not A;Brand";v="99", "Chromium";v="90", "Google Chrome";v="90"
Accept: application/json, text/javascript, */*; q=0.01
sec-ch-ua-mobile: ?0
User-Agent: Mozilla/5.0 (Windows NT 10.0; Win64; x64) AppleWebKit/537.36 (KHTML, like Gecko) Chrome/90.0.4430.212 Safari/537.36
Content-Type: application/x-www-form-urlencoded; charset=UTF-8
Origin: https://www.pandalive.co.kr
Sec-Fetch-Site: same-site
Sec-Fetch-Mode: cors
Sec-Fetch-Dest: empty
Referer: https://www.pandalive.co.kr/
Accept-Encoding: gzip, deflate, br
Accept-Language: en-US,en;q=0.9
Cookie: sessKey=00f2cb31d26388ff947f217737d2f901c387bf17069aa17b6d768a10953fd3e0; 3be3f8e358abbf54cec643229de77fc9e4f3f0bbc9b171580d45d13aaa374c16=YjIvWnB4jTyKt54fDTMxmOLR5nuipgH2%2Bj%2FVWnqgFZVY8A%2F4m9N%2ByCcK8fUzHRs7q453FJ4eWe5XwnxbqzT%2Bk1NrRYm%2BHvg4cF%2F%2FZkkG4yw1wTtc%2FIpUJiMY%2Blc6yBBhT0g8bVSAtMMJ%2BYPkVg1VxY%2FbuMYGKZu2GxneSWnlWOf52DOmc7Yivs%2F1Srea%2BwTH; partner=pandatv; userReferer=https%3A%2F%2Fwww.pandalive.co.kr%2Fmember%2Flogin; _ga_W91XDLC3YE=GS1.1.1621250405.1.0.1621250405.0; _ga=GA1.1.1543822246.1621250406; _gcl_au=1.1.905860232.1621250406; appier_utmz=%7B%22csr%22%3A%22www.pandalive.co.kr%22%2C%22timestamp%22%3A1621250406%7D; _atrk_siteuid=yJS5augjo5834-6z; _atrk_ssid=cSNAGoopo-SJFL-g-mHIal; _atrk_sessidx=1; appier_pv_counterPageView_fc1d=0; appier_page_isView_PageView_fc1d=1aa2f1a20984838737334bf0f37dd45a0236416bd2a1b7090bfd524ea7d546a6; appier_pv_counterViewTwoPages_a9a9=0; appier_page_isView_ViewTwoPages_a9a9=1aa2f1a20984838737334bf0f37dd45a0236416bd2a1b7090bfd524ea7d546a6; _ga_NGSHFJTQS1=GS1.1.1621250405.1.0.1621250405.0; _wp_uid=1-8d2a0ce923d6ce3ab279bbb0ac9e7390-s1621250426.378854|windows_10|chrome-rxud5j; iUUID=293281ed0ab7c6d10afaa7b8837b0974; innity.dmp.806.sess=1.1621250407268.1621250407268.1621250407268; innity.dmp.806.sess.id=242586433.806.1621250407268; innity.dmp.cks.appxs=1; innity.dmp.cks.innity=1

29X__Q4yowex4Bzo=dada5850&2wqZ_Q4yowex4Bzo=wnstjr123&AYUcv2W9f-yi4dNLpZWlOU=off&o36w9w_N3d85AZ_Q4yowex4Bzo=&_i3nY6v7ot9WIAugPuZ6Pj3WlOU=_beHAYZpERF1Dexri4cIRn3TDqQMsaF7gfwZUndAPWBQpNtlxREia9kaS7dBDocPlayUwRDAFykrBvt6HnCTwJ2wkBy6HOgUQ8cPoIZTLrQnx8EE6ClcJhpQWvbBgrTWRBIDezkdMGpLQocFZqQKtax7PzlbUGpQIWcDw7SKtaw7PTgdwmp91IcA9NSOxeCIZyxYQmoMMX26wNSLx817yymaS4pLp81DoYtnZODgeSxXU7nB1pb7kqtoluEhe9wbyfpLI7bTkmQRpbEH2SkWBvtNHGYWlOU&Yt40SkS4eFP1sNLe4Dna=1621250410&AYohuyc98ugPuZ6Pj3WlOU=24b9edfa061b43cfb1c2a993f39ea37a74554ee52a6cee7394c65ff607330e92&yQv1sB81otLfILAZU_XYXoaA=00f2cb31d26388ff947f217737d2f901c387bf17069aa17b6d768a10953fd3e0&o3GVexFtLZADj4Idn1w0S34Bzo=fbbd91e5b76d98c51709fa3ae5541883e57d6f080f434e4a5f27ca2473a85913&YtK1kkS4aBf-Yxfc4Dna=webPc&y6RycBO1oZLfADX_9tKZXoaA=1.0.0
2021-05-17 20:20:12 : POST /live/cache HTTP/1.1
Host: api.pandalive.co.kr
Connection: keep-alive
Content-Length: 902
sec-ch-ua: " Not A;Brand";v="99", "Chromium";v="90", "Google Chrome";v="90"
Accept: application/json, text/javascript, */*; q=0.01
sec-ch-ua-mobile: ?0
User-Agent: Mozilla/5.0 (Windows NT 10.0; Win64; x64) AppleWebKit/537.36 (KHTML, like Gecko) Chrome/90.0.4430.212 Safari/537.36
Content-Type: application/x-www-form-urlencoded; charset=UTF-8
Origin: https://www.pandalive.co.kr
Sec-Fetch-Site: same-site
Sec-Fetch-Mode: cors
Sec-Fetch-Dest: empty
Referer: https://www.pandalive.co.kr/
Accept-Encoding: gzip, deflate, br
Accept-Language: en-US,en;q=0.9
Cookie: sessKey=00f2cb31d26388ff947f217737d2f901c387bf17069aa17b6d768a10953fd3e0; partner=pandatv; _ga=GA1.1.1543822246.1621250406; _gcl_au=1.1.905860232.1621250406; appier_utmz=%7B%22csr%22%3A%22www.pandalive.co.kr%22%2C%22timestamp%22%3A1621250406%7D; _atrk_siteuid=yJS5augjo5834-6z; _atrk_ssid=cSNAGoopo-SJFL-g-mHIal; _atrk_sessidx=1; appier_pv_counterPageView_fc1d=0; appier_page_isView_PageView_fc1d=1aa2f1a20984838737334bf0f37dd45a0236416bd2a1b7090bfd524ea7d546a6; appier_pv_counterViewTwoPages_a9a9=0; appier_page_isView_ViewTwoPages_a9a9=1aa2f1a20984838737334bf0f37dd45a0236416bd2a1b7090bfd524ea7d546a6; _wp_uid=1-8d2a0ce923d6ce3ab279bbb0ac9e7390-s1621250426.378854|windows_10|chrome-rxud5j; iUUID=293281ed0ab7c6d10afaa7b8837b0974; innity.dmp.806.sess.id=242586433.806.1621250407268; innity.dmp.cks.appxs=1; innity.dmp.cks.innity=1; userLoginIdx=12836893; userLoginYN=Y; userLoginSaveYN=N; 3be3f8e358abbf54cec643229de77fc9e4f3f0bbc9b171580d45d13aaa374c16=OC0%2FYdukLTht%2BTSYT8m5nd52zG0Gd2wgnEfccFs4z0xASYamI3%2FOsRtMDeqAYns5oSSvsPjf%2BSV3gLZIVU0NCNEJe6hyUtuSEk%2BmeqAk3UmEQnLD%2BgpS%2BlDA5DTg0T0NU6Q5W8y7nMwTKMdXuRhjMqMQmOG%2B%2FBuCkyIEzq%2BKNmkyMkpkrizOGgvVz8zxD7gS; userReferer=https%3A%2F%2Fwww.pandalive.co.kr%2F; _ga_W91XDLC3YE=GS1.1.1621250405.1.1.1621250411.0; _ga_NGSHFJTQS1=GS1.1.1621250405.1.1.1621250411.0; innity.dmp.806.sess=2.1621250407268.1621250407268.1621250412136

NgxdaEY0ZX2DdK1XoaA=mainLive&Y6K2VQRw0MfwbPfZ4Dna=224&AYNUR1c5v-yi4dNLpZWlOU=126&PL2SAuzDQgv_a4_EcI4Nln1wgRx4Bzo=15&H5XAgw1OdK1zAu2GFv1uthl=PJSKtaw7PjlcBvtHHnCTsn0ps7C7NPghOnpPQWBDcqSmx8C72Pghw7pVIv2TLrQP1bEFiykrBvtLHnCEkNtPh8EgeSlcBvt9HnCFDqQpsNv4Bzo&_i3nY6v7ot9WIAugPuZ6Pj3WlOU=A4W3a37tSgZRhq7MX2AoayU0rDa9ylWOmpQAIcCk7yuobEABCwoPmoBLocTDqQwsaF72u2sVu_6Pbe5g8ZNQRx7PTgaOvpJ6hBETOSM7qCHeTmr9utHIncFZqQKtax7PjkaUGpQIWcDw7SKtaw7PTgdwmp91IcA9NSOxeCIZyxYQmoMMX26wNSLx817yymaS4pLp81DoYtnZODgeSxXU7nB1pb7kqtoluEhe9wbyfpLI7bTkmQRZrDiaylWBvtNHGYWlOU&Yt40SkS4eFP1sNLe4Dna=1621250412&AYohuyc98ugPuZ6Pj3WlOU=18eb04c5befafc819d9c738c726ab8118ed0ffce9e885af06ad68f2ff75dbc78&yQv1sB81otLfILAZU_XYXoaA=00f2cb31d26388ff947f217737d2f901c387bf17069aa17b6d768a10953fd3e0&o3GVexFtLZADj4Idn1w0S34Bzo=25c41fa79ad5cadf34bea81e677b423e07cefc4f74de98b199a7c260d54420b7&YtK1kkS4aBf-Yxfc4Dna=webPc&y6RycBO1oZLfADX_9tKZXoaA=1.0.0
2021-05-17 20:20:12 : POST /live/cache HTTP/1.1
Host: api.pandalive.co.kr
Connection: keep-alive
Content-Length: 901
sec-ch-ua: " Not A;Brand";v="99", "Chromium";v="90", "Google Chrome";v="90"
Accept: application/json, text/javascript, */*; q=0.01
sec-ch-ua-mobile: ?0
User-Agent: Mozilla/5.0 (Windows NT 10.0; Win64; x64) AppleWebKit/537.36 (KHTML, like Gecko) Chrome/90.0.4430.212 Safari/537.36
Content-Type: application/x-www-form-urlencoded; charset=UTF-8
Origin: https://www.pandalive.co.kr
Sec-Fetch-Site: same-site
Sec-Fetch-Mode: cors
Sec-Fetch-Dest: empty
Referer: https://www.pandalive.co.kr/
Accept-Encoding: gzip, deflate, br
Accept-Language: en-US,en;q=0.9
Cookie: sessKey=00f2cb31d26388ff947f217737d2f901c387bf17069aa17b6d768a10953fd3e0; partner=pandatv; _ga=GA1.1.1543822246.1621250406; _gcl_au=1.1.905860232.1621250406; appier_utmz=%7B%22csr%22%3A%22www.pandalive.co.kr%22%2C%22timestamp%22%3A1621250406%7D; _atrk_siteuid=yJS5augjo5834-6z; _atrk_ssid=cSNAGoopo-SJFL-g-mHIal; _atrk_sessidx=1; appier_pv_counterPageView_fc1d=0; appier_page_isView_PageView_fc1d=1aa2f1a20984838737334bf0f37dd45a0236416bd2a1b7090bfd524ea7d546a6; appier_pv_counterViewTwoPages_a9a9=0; appier_page_isView_ViewTwoPages_a9a9=1aa2f1a20984838737334bf0f37dd45a0236416bd2a1b7090bfd524ea7d546a6; _wp_uid=1-8d2a0ce923d6ce3ab279bbb0ac9e7390-s1621250426.378854|windows_10|chrome-rxud5j; iUUID=293281ed0ab7c6d10afaa7b8837b0974; innity.dmp.806.sess.id=242586433.806.1621250407268; innity.dmp.cks.appxs=1; innity.dmp.cks.innity=1; userLoginIdx=12836893; userLoginYN=Y; userLoginSaveYN=N; 3be3f8e358abbf54cec643229de77fc9e4f3f0bbc9b171580d45d13aaa374c16=OC0%2FYdukLTht%2BTSYT8m5nd52zG0Gd2wgnEfccFs4z0xASYamI3%2FOsRtMDeqAYns5oSSvsPjf%2BSV3gLZIVU0NCNEJe6hyUtuSEk%2BmeqAk3UmEQnLD%2BgpS%2BlDA5DTg0T0NU6Q5W8y7nMwTKMdXuRhjMqMQmOG%2B%2FBuCkyIEzq%2BKNmkyMkpkrizOGgvVz8zxD7gS; userReferer=https%3A%2F%2Fwww.pandalive.co.kr%2F; _ga_W91XDLC3YE=GS1.1.1621250405.1.1.1621250411.0; _ga_NGSHFJTQS1=GS1.1.1621250405.1.1.1621250411.0; innity.dmp.806.sess=2.1621250407268.1621250407268.1621250412136

NgxdaEY0ZX2DdK1XoaA=rankingLive1&Y6K2VQRw0MfwbPfZ4Dna=224&AYNUR1c5v-yi4dNLpZWlOU=126&PL2SAuzDQgv_a4_EcI4Nln1wgRx4Bzo=20&H5XAgw1OdK1zAu2GFv1uthl=ouFeSmrFutHQ8bTXnQRtq1EIPgUQ8_7d7eFZqQKtax7PzkbBvt6HnCFDqQNsaFgcyldwvpMI8BEDqQusaFgcyldwvpMI8BEDqQVsNv4Bzo&_i3nY6v7ot9WIAugPuZ6Pj3WlOU=A4W3a37tSgZRhq7MX2AoayU0rDa9ylWOmpQAIcCk7yuobEABCwoPmoBLocTDqQwsaF72u2sVu_6Pbe5g8ZNQRx7PTgaOvpJ6hBETOSM7qCHeTmr9utHIncFZqQKtax7PjkaUGpQIWcDw7SKtaw7PTgdwmp91IcA9NSOxeCIZyxYQmoMMX26wNSLx817yymaS4pLp81DoYtnZODgeSxXU7nB1pb7kqtoluEhe9wbyfpLI7bTkmQRZrDiaylWBvtNHGYWlOU&Yt40SkS4eFP1sNLe4Dna=1621250412&AYohuyc98ugPuZ6Pj3WlOU=18eb04c5befafc819d9c738c726ab8118ed0ffce9e885af06ad68f2ff75dbc78&yQv1sB81otLfILAZU_XYXoaA=00f2cb31d26388ff947f217737d2f901c387bf17069aa17b6d768a10953fd3e0&o3GVexFtLZADj4Idn1w0S34Bzo=25c41fa79ad5cadf34bea81e677b423e07cefc4f74de98b199a7c260d54420b7&YtK1kkS4aBf-Yxfc4Dna=webPc&y6RycBO1oZLfADX_9tKZXoaA=1.0.0
2021-05-17 20:20:12 : POST https://api.pandalive.co.kr/live/cache HTTP/1.1
NgxdaEY0ZX2DdK1XoaA=rankingLive1&Y6K2VQRw0MfwbPfZ4Dna=224&AYNUR1c5v-yi4dNLpZWlOU=126&PL2SAuzDQgv_a4_EcI4Nln1wgRx4Bzo=20&H5XAgw1OdK1zAu2GFv1uthl=ouFeSmrFutHQ8bTXnQRtq1EIPgUQ8_7d7eFZqQKtax7PzkbBvt6HnCFDqQNsaFgcyldwvpMI8BEDqQusaFgcyldwvpMI8BEDqQVsNv4Bzo&_i3nY6v7ot9WIAugPuZ6Pj3WlOU=A4W3a37tSgZRhq7MX2AoayU0rDa9ylWOmpQAIcCk7yuobEABCwoPmoBLocTDqQwsaF72u2sVu_6Pbe5g8ZNQRx7PTgaOvpJ6hBETOSM7qCHeTmr9utHIncFZqQKtax7PjkaUGpQIWcDw7SKtaw7PTgdwmp91IcA9NSOxeCIZyxYQmoMMX26wNSLx817yymaS4pLp81DoYtnZODgeSxXU7nB1pb7kqtoluEhe9wbyfpLI7bTkmQRZrDiaylWBvtNHGYWlOU&Yt40SkS4eFP1sNLe4Dna=1621250412&AYohuyc98ugPuZ6Pj3WlOU=18eb04c5befafc819d9c738c726ab8118ed0ffce9e885af06ad68f2ff75dbc78&yQv1sB81otLfILAZU_XYXoaA=00f2cb31d26388ff947f217737d2f901c387bf17069aa17b6d768a10953fd3e0&o3GVexFtLZADj4Idn1w0S34Bzo=25c41fa79ad5cadf34bea81e677b423e07cefc4f74de98b199a7c260d54420b7&YtK1kkS4aBf-Yxfc4Dna=webPc&y6RycBO1oZLfADX_9tKZXoaA=1.0.0
2021-05-17 20:20:12 : POST https://api.pandalive.co.kr/live/cache HTTP/1.1
NgxdaEY0ZX2DdK1XoaA=mainLive&Y6K2VQRw0MfwbPfZ4Dna=224&AYNUR1c5v-yi4dNLpZWlOU=126&PL2SAuzDQgv_a4_EcI4Nln1wgRx4Bzo=15&H5XAgw1OdK1zAu2GFv1uthl=PJSKtaw7PjlcBvtHHnCTsn0ps7C7NPghOnpPQWBDcqSmx8C72Pghw7pVIv2TLrQP1bEFiykrBvtLHnCEkNtPh8EgeSlcBvt9HnCFDqQpsNv4Bzo&_i3nY6v7ot9WIAugPuZ6Pj3WlOU=A4W3a37tSgZRhq7MX2AoayU0rDa9ylWOmpQAIcCk7yuobEABCwoPmoBLocTDqQwsaF72u2sVu_6Pbe5g8ZNQRx7PTgaOvpJ6hBETOSM7qCHeTmr9utHIncFZqQKtax7PjkaUGpQIWcDw7SKtaw7PTgdwmp91IcA9NSOxeCIZyxYQmoMMX26wNSLx817yymaS4pLp81DoYtnZODgeSxXU7nB1pb7kqtoluEhe9wbyfpLI7bTkmQRZrDiaylWBvtNHGYWlOU&Yt40SkS4eFP1sNLe4Dna=1621250412&AYohuyc98ugPuZ6Pj3WlOU=18eb04c5befafc819d9c738c726ab8118ed0ffce9e885af06ad68f2ff75dbc78&yQv1sB81otLfILAZU_XYXoaA=00f2cb31d26388ff947f217737d2f901c387bf17069aa17b6d768a10953fd3e0&o3GVexFtLZADj4Idn1w0S34Bzo=25c41fa79ad5cadf34bea81e677b423e07cefc4f74de98b199a7c260d54420b7&YtK1kkS4aBf-Yxfc4Dna=webPc&y6RycBO1oZLfADX_9tKZXoaA=1.0.0
2021-05-17 20:20:12 : POST /member/loginInfo HTTP/1.1
Host: api.pandalive.co.kr
Connection: keep-alive
Content-Length: 650
sec-ch-ua: " Not A;Brand";v="99", "Chromium";v="90", "Google Chrome";v="90"
Accept: application/json, text/javascript, */*; q=0.01
sec-ch-ua-mobile: ?0
User-Agent: Mozilla/5.0 (Windows NT 10.0; Win64; x64) AppleWebKit/537.36 (KHTML, like Gecko) Chrome/90.0.4430.212 Safari/537.36
Content-Type: application/x-www-form-urlencoded; charset=UTF-8
Origin: https://www.pandalive.co.kr
Sec-Fetch-Site: same-site
Sec-Fetch-Mode: cors
Sec-Fetch-Dest: empty
Referer: https://www.pandalive.co.kr/
Accept-Encoding: gzip, deflate, br
Accept-Language: en-US,en;q=0.9
Cookie: sessKey=00f2cb31d26388ff947f217737d2f901c387bf17069aa17b6d768a10953fd3e0; partner=pandatv; _ga=GA1.1.1543822246.1621250406; _gcl_au=1.1.905860232.1621250406; appier_utmz=%7B%22csr%22%3A%22www.pandalive.co.kr%22%2C%22timestamp%22%3A1621250406%7D; _atrk_siteuid=yJS5augjo5834-6z; _atrk_ssid=cSNAGoopo-SJFL-g-mHIal; _atrk_sessidx=1; appier_pv_counterPageView_fc1d=0; appier_page_isView_PageView_fc1d=1aa2f1a20984838737334bf0f37dd45a0236416bd2a1b7090bfd524ea7d546a6; appier_pv_counterViewTwoPages_a9a9=0; appier_page_isView_ViewTwoPages_a9a9=1aa2f1a20984838737334bf0f37dd45a0236416bd2a1b7090bfd524ea7d546a6; _wp_uid=1-8d2a0ce923d6ce3ab279bbb0ac9e7390-s1621250426.378854|windows_10|chrome-rxud5j; iUUID=293281ed0ab7c6d10afaa7b8837b0974; innity.dmp.806.sess.id=242586433.806.1621250407268; innity.dmp.cks.appxs=1; innity.dmp.cks.innity=1; userLoginIdx=12836893; userLoginYN=Y; userLoginSaveYN=N; 3be3f8e358abbf54cec643229de77fc9e4f3f0bbc9b171580d45d13aaa374c16=OC0%2FYdukLTht%2BTSYT8m5nd52zG0Gd2wgnEfccFs4z0xASYamI3%2FOsRtMDeqAYns5oSSvsPjf%2BSV3gLZIVU0NCNEJe6hyUtuSEk%2BmeqAk3UmEQnLD%2BgpS%2BlDA5DTg0T0NU6Q5W8y7nMwTKMdXuRhjMqMQmOG%2B%2FBuCkyIEzq%2BKNmkyMkpkrizOGgvVz8zxD7gS; userReferer=https%3A%2F%2Fwww.pandalive.co.kr%2F; _ga_W91XDLC3YE=GS1.1.1621250405.1.1.1621250411.0; _ga_NGSHFJTQS1=GS1.1.1621250405.1.1.1621250411.0; innity.dmp.806.sess=2.1621250407268.1621250407268.1621250412136

_i3nY6v7ot9WIAugPuZ6Pj3WlOU=A4W3a37tSgZRhq7MX2AoayU0rDa9ylWOmpQAIcCk7yuobEABCwoPmoBLocTDqQwsaF72u2sVu_6Pbe5g8ZNQRx7PTgaOvpJ6hBETOSM7qCHeTmr9utHIncFZqQKtax7PjkaUGpQIWcDw7SKtaw7PTgdwmp91IcA9NSOxeCIZyxYQmoMMX26wNSLx817yymaS4pLp81DoYtnZODgeSxXU7nB1pb7kqtoluEhe9wbyfpLI7bTkmQRZrDiaylWBvtNHGYWlOU&Yt40SkS4eFP1sNLe4Dna=1621250412&AYohuyc98ugPuZ6Pj3WlOU=18eb04c5befafc819d9c738c726ab8118ed0ffce9e885af06ad68f2ff75dbc78&yQv1sB81otLfILAZU_XYXoaA=00f2cb31d26388ff947f217737d2f901c387bf17069aa17b6d768a10953fd3e0&o3GVexFtLZADj4Idn1w0S34Bzo=25c41fa79ad5cadf34bea81e677b423e07cefc4f74de98b199a7c260d54420b7&YtK1kkS4aBf-Yxfc4Dna=webPc&y6RycBO1oZLfADX_9tKZXoaA=1.0.0
