2021-05-17 20:34:25 : POST /member/loginInfo HTTP/1.1
Host: api.pandalive.co.kr
Connection: keep-alive
Content-Length: 668
sec-ch-ua: " Not A;Brand";v="99", "Chromium";v="90", "Google Chrome";v="90"
Accept: application/json, text/javascript, */*; q=0.01
sec-ch-ua-mobile: ?0
User-Agent: Mozilla/5.0 (Windows NT 10.0; Win64; x64) AppleWebKit/537.36 (KHTML, like Gecko) Chrome/90.0.4430.212 Safari/537.36
Content-Type: application/x-www-form-urlencoded; charset=UTF-8
Origin: https://www.pandalive.co.kr
Sec-Fetch-Site: same-site
Sec-Fetch-Mode: cors
Sec-Fetch-Dest: empty
Referer: https://www.pandalive.co.kr/
Accept-Encoding: gzip, deflate, br
Accept-Language: en-US,en;q=0.9
Cookie: sessKey=412db4f4bf4a75a0e98a352a97b35700de3e901c098786d717506fb7a4fd6af6; 3be3f8e358abbf54cec643229de77fc9e4f3f0bbc9b171580d45d13aaa374c16=PDD%2FyagUVqxqCzRNgN5X%2BbTPDPH75DAYIZpvE%2BVSHhPlvKPWJb68hC4%2BrL9lEczj%2FmkRpmRADI4%2FwM9hZHTXHln26q1U70a5XEHtD%2BOZJ6gZMQ%2Fr0H%2B2cpJHN6qgWUALN5LlWE51IwaW0q2w%2B4CtG281Tmen19wgPv58c3s8FnAjU3P8wAgR8lQEjkUJobHb; partner=pandatv; userReferer=https%3A%2F%2Fwww.pandalive.co.kr%2Fmember%2Flogin

_i3nY6v7ot9WIAugPuZ6Pj3WlOU=2hr0SYRyDIzvbxudI5XzGLoQKtqw7PTgsP4oPEX1Fs7ZNlbC6BilptnpOMA1CZqZnpu16ySxcMvtVIv2TLrQmkv29kfwdRWn76pyMlmQRtNEgeSjZ17pJQWBH9NtWN8IcDzjrMGpLQ8e5gO1WFaDJeikZQ7pN2Wc5gO2WF7II2fwYUucPMIBTxntPhODgZyxY5noTpocSdNSkhREa9vkd17oOIIB6cnSMpr2JVixdO4oSMpBPhKtuk829Dik_QWn7EbeJcNtMd8EHtSgbRoX4Dna&Yt40SkS4eFP1sNLe4Dna=1621251264&AYohuyc98ugPuZ6Pj3WlOU=75857118fb5cdb6f78587932e5db20a65d635415aec9605580e79651442ad682&yQv1sB81otLfILAZU_XYXoaA=412db4f4bf4a75a0e98a352a97b35700de3e901c098786d717506fb7a4fd6af6&o3GVexFtLZADj4Idn1w0S34Bzo=13b4fd3cfb001fea706fb1c5c947494f0e70e7607ff1f127134ae1ce159eb518&YtK1kkS4aBf-Yxfc4Dna=webPc&y6RycBO1oZLfADX_9tKZXoaA=1.0.0
2021-05-17 20:34:29 : POST /member/login HTTP/1.1
Host: api.pandalive.co.kr
Connection: keep-alive
Content-Length: 776
sec-ch-ua: " Not A;Brand";v="99", "Chromium";v="90", "Google Chrome";v="90"
Accept: application/json, text/javascript, */*; q=0.01
sec-ch-ua-mobile: ?0
User-Agent: Mozilla/5.0 (Windows NT 10.0; Win64; x64) AppleWebKit/537.36 (KHTML, like Gecko) Chrome/90.0.4430.212 Safari/537.36
Content-Type: application/x-www-form-urlencoded; charset=UTF-8
Origin: https://www.pandalive.co.kr
Sec-Fetch-Site: same-site
Sec-Fetch-Mode: cors
Sec-Fetch-Dest: empty
Referer: https://www.pandalive.co.kr/
Accept-Encoding: gzip, deflate, br
Accept-Language: en-US,en;q=0.9
Cookie: sessKey=412db4f4bf4a75a0e98a352a97b35700de3e901c098786d717506fb7a4fd6af6; 3be3f8e358abbf54cec643229de77fc9e4f3f0bbc9b171580d45d13aaa374c16=PDD%2FyagUVqxqCzRNgN5X%2BbTPDPH75DAYIZpvE%2BVSHhPlvKPWJb68hC4%2BrL9lEczj%2FmkRpmRADI4%2FwM9hZHTXHln26q1U70a5XEHtD%2BOZJ6gZMQ%2Fr0H%2B2cpJHN6qgWUALN5LlWE51IwaW0q2w%2B4CtG281Tmen19wgPv58c3s8FnAjU3P8wAgR8lQEjkUJobHb; partner=pandatv; userReferer=https%3A%2F%2Fwww.pandalive.co.kr%2Fmember%2Flogin; _ga_W91XDLC3YE=GS1.1.1621251265.1.0.1621251265.0; _ga=GA1.1.402134662.1621251265; _gcl_au=1.1.522993603.1621251265; _ga_NGSHFJTQS1=GS1.1.1621251265.1.0.1621251265.0; appier_utmz=%7B%22csr%22%3A%22www.pandalive.co.kr%22%2C%22timestamp%22%3A1621251266%7D; _atrk_siteuid=FUgOC9JVtpjj9dDo; _atrk_ssid=EksPvRmigAbfFxOPDQvASQ; _atrk_sessidx=1; appier_pv_counterPageView_fc1d=0; appier_page_isView_PageView_fc1d=1aa2f1a20984838737334bf0f37dd45a0236416bd2a1b7090bfd524ea7d546a6; appier_pv_counterViewTwoPages_a9a9=0; appier_page_isView_ViewTwoPages_a9a9=1aa2f1a20984838737334bf0f37dd45a0236416bd2a1b7090bfd524ea7d546a6; _wp_uid=1-b019a8d3475249c4b505d820b35ae94a-s1621251286.434638|windows_10|chrome-103i95j; iUUID=dbd01aac5dc02d2376505fad36188cd6; innity.dmp.806.sess=1.1621251266368.1621251266368.1621251266368; innity.dmp.806.sess.id=184531315.806.1621251266368; innity.dmp.cks.appxs=1; innity.dmp.cks.innity=1

29X__Q4yowex4Bzo=dada5850&2wqZ_Q4yowex4Bzo=wnstjr123&AYUcv2W9f-yi4dNLpZWlOU=off&o36w9w_N3d85AZ_Q4yowex4Bzo=&_i3nY6v7ot9WIAugPuZ6Pj3WlOU=2hr0SYRyDIzvbxudI5XzGLoQKtqw7PTgsP4oPEX1Fs7ZNlbC6BilptnpOMA1CZqZnpu16ySxcMvtVIv2TLrQmkv29kfwdRWn76pyMlmQRtNEgeSjZ17pJQWBH9NtWN8IcDzjrMGpLQ8e5gO1WFaDJeikZQ7pN2Wc5gO2WF7II2fwYUucPMIBTxntPhODgZyxY5noTpocSdNSkhREa9vkd17oOIIB6cnSMpr2JVixdO4oSMpBPhKtuk829Dik_QWn7EbeJcNtMd8EHtSgbRoX4Dna&Yt40SkS4eFP1sNLe4Dna=1621251269&AYohuyc98ugPuZ6Pj3WlOU=75857118fb5cdb6f78587932e5db20a65d635415aec9605580e79651442ad682&yQv1sB81otLfILAZU_XYXoaA=412db4f4bf4a75a0e98a352a97b35700de3e901c098786d717506fb7a4fd6af6&o3GVexFtLZADj4Idn1w0S34Bzo=13b4fd3cfb001fea706fb1c5c947494f0e70e7607ff1f127134ae1ce159eb518&YtK1kkS4aBf-Yxfc4Dna=webPc&y6RycBO1oZLfADX_9tKZXoaA=1.0.0
2021-05-17 20:34:32 : POST /member/loginInfo HTTP/1.1
Host: api.pandalive.co.kr
Connection: keep-alive
Content-Length: 650
sec-ch-ua: " Not A;Brand";v="99", "Chromium";v="90", "Google Chrome";v="90"
Accept: application/json, text/javascript, */*; q=0.01
sec-ch-ua-mobile: ?0
User-Agent: Mozilla/5.0 (Windows NT 10.0; Win64; x64) AppleWebKit/537.36 (KHTML, like Gecko) Chrome/90.0.4430.212 Safari/537.36
Content-Type: application/x-www-form-urlencoded; charset=UTF-8
Origin: https://www.pandalive.co.kr
Sec-Fetch-Site: same-site
Sec-Fetch-Mode: cors
Sec-Fetch-Dest: empty
Referer: https://www.pandalive.co.kr/
Accept-Encoding: gzip, deflate, br
Accept-Language: en-US,en;q=0.9
Cookie: sessKey=412db4f4bf4a75a0e98a352a97b35700de3e901c098786d717506fb7a4fd6af6; partner=pandatv; _ga=GA1.1.402134662.1621251265; _gcl_au=1.1.522993603.1621251265; appier_utmz=%7B%22csr%22%3A%22www.pandalive.co.kr%22%2C%22timestamp%22%3A1621251266%7D; _atrk_siteuid=FUgOC9JVtpjj9dDo; _atrk_ssid=EksPvRmigAbfFxOPDQvASQ; _atrk_sessidx=1; appier_pv_counterPageView_fc1d=0; appier_page_isView_PageView_fc1d=1aa2f1a20984838737334bf0f37dd45a0236416bd2a1b7090bfd524ea7d546a6; appier_pv_counterViewTwoPages_a9a9=0; appier_page_isView_ViewTwoPages_a9a9=1aa2f1a20984838737334bf0f37dd45a0236416bd2a1b7090bfd524ea7d546a6; _wp_uid=1-b019a8d3475249c4b505d820b35ae94a-s1621251286.434638|windows_10|chrome-103i95j; iUUID=dbd01aac5dc02d2376505fad36188cd6; innity.dmp.806.sess.id=184531315.806.1621251266368; innity.dmp.cks.appxs=1; innity.dmp.cks.innity=1; userLoginIdx=12836893; userLoginYN=Y; userLoginSaveYN=N; 3be3f8e358abbf54cec643229de77fc9e4f3f0bbc9b171580d45d13aaa374c16=fG0nt13gAVW4jI0etTbHPq%2FUTro1r1jiyd4ZZLi6t6gGwpEM7Rd58%2FW8dmhXJdLDp7aXBe%2F7zlSMDeUEOjItmRn34DxWF28cG9SsHUXGTq%2BLgVmctJAM7FOowR7Z9Q0mN9JMgjMXKv5SVb53g6oVvg1sTupPeC3Gz1xnaNlBxvAy0NC8dkXtp%2BW7ad%2BpHzHA; userReferer=https%3A%2F%2Fwww.pandalive.co.kr%2F; _ga_W91XDLC3YE=GS1.1.1621251265.1.1.1621251270.0; _ga_NGSHFJTQS1=GS1.1.1621251265.1.1.1621251270.0; innity.dmp.806.sess=2.1621251266368.1621251266368.1621251271640

_i3nY6v7ot9WIAugPuZ6Pj3WlOU=A4W3a37tSgZRhq7MX2AoayU0rDa9ylWOmpQAIcCk7yuobEABCwoPmoBLocTDqQwsaF72u2sVu_6Pbe5g8ZNQRx7PTgaOvpJ6hBETOSM7qCHeTmr9utHIncFZqQKtax7PjkVQ7pQIWcDw7SKtaw7PTgYy4dRAA1BcYtWcBDF6Clc1GcRthB79NSvwbEK69koVfpLxWBCgYtkxBEiciwW97cLMXB8cKtuseDA9SwpR7pPI7bTkmQRZrCGximXBvtNHGYWlOU&Yt40SkS4eFP1sNLe4Dna=1621251271&AYohuyc98ugPuZ6Pj3WlOU=83881616fe91d7a47123eb0a9270bfd472576d54ea924f4969a32b91679c7cca&yQv1sB81otLfILAZU_XYXoaA=412db4f4bf4a75a0e98a352a97b35700de3e901c098786d717506fb7a4fd6af6&o3GVexFtLZADj4Idn1w0S34Bzo=170f2936c7e011b677c833265c9836706871f7a1e8f93c0bfe8da71a29f805bd&YtK1kkS4aBf-Yxfc4Dna=webPc&y6RycBO1oZLfADX_9tKZXoaA=1.0.0
2021-05-17 20:34:32 : POST /live/cache HTTP/1.1
Host: api.pandalive.co.kr
Connection: keep-alive
Content-Length: 899
sec-ch-ua: " Not A;Brand";v="99", "Chromium";v="90", "Google Chrome";v="90"
Accept: application/json, text/javascript, */*; q=0.01
sec-ch-ua-mobile: ?0
User-Agent: Mozilla/5.0 (Windows NT 10.0; Win64; x64) AppleWebKit/537.36 (KHTML, like Gecko) Chrome/90.0.4430.212 Safari/537.36
Content-Type: application/x-www-form-urlencoded; charset=UTF-8
Origin: https://www.pandalive.co.kr
Sec-Fetch-Site: same-site
Sec-Fetch-Mode: cors
Sec-Fetch-Dest: empty
Referer: https://www.pandalive.co.kr/
Accept-Encoding: gzip, deflate, br
Accept-Language: en-US,en;q=0.9
Cookie: sessKey=412db4f4bf4a75a0e98a352a97b35700de3e901c098786d717506fb7a4fd6af6; partner=pandatv; _ga=GA1.1.402134662.1621251265; _gcl_au=1.1.522993603.1621251265; appier_utmz=%7B%22csr%22%3A%22www.pandalive.co.kr%22%2C%22timestamp%22%3A1621251266%7D; _atrk_siteuid=FUgOC9JVtpjj9dDo; _atrk_ssid=EksPvRmigAbfFxOPDQvASQ; _atrk_sessidx=1; appier_pv_counterPageView_fc1d=0; appier_page_isView_PageView_fc1d=1aa2f1a20984838737334bf0f37dd45a0236416bd2a1b7090bfd524ea7d546a6; appier_pv_counterViewTwoPages_a9a9=0; appier_page_isView_ViewTwoPages_a9a9=1aa2f1a20984838737334bf0f37dd45a0236416bd2a1b7090bfd524ea7d546a6; _wp_uid=1-b019a8d3475249c4b505d820b35ae94a-s1621251286.434638|windows_10|chrome-103i95j; iUUID=dbd01aac5dc02d2376505fad36188cd6; innity.dmp.806.sess.id=184531315.806.1621251266368; innity.dmp.cks.appxs=1; innity.dmp.cks.innity=1; userLoginIdx=12836893; userLoginYN=Y; userLoginSaveYN=N; 3be3f8e358abbf54cec643229de77fc9e4f3f0bbc9b171580d45d13aaa374c16=fG0nt13gAVW4jI0etTbHPq%2FUTro1r1jiyd4ZZLi6t6gGwpEM7Rd58%2FW8dmhXJdLDp7aXBe%2F7zlSMDeUEOjItmRn34DxWF28cG9SsHUXGTq%2BLgVmctJAM7FOowR7Z9Q0mN9JMgjMXKv5SVb53g6oVvg1sTupPeC3Gz1xnaNlBxvAy0NC8dkXtp%2BW7ad%2BpHzHA; userReferer=https%3A%2F%2Fwww.pandalive.co.kr%2F; _ga_W91XDLC3YE=GS1.1.1621251265.1.1.1621251270.0; _ga_NGSHFJTQS1=GS1.1.1621251265.1.1.1621251270.0; innity.dmp.806.sess=2.1621251266368.1621251266368.1621251271640

NgxdaEY0ZX2DdK1XoaA=mainLive&Y6K2VQRw0MfwbPfZ4Dna=224&AYNUR1c5v-yi4dNLpZWlOU=126&PL2SAuzDQgv_a4_EcI4Nln1wgRx4Bzo=15&H5XAgw1OdK1zAu2GFv1uthl=m5ikUQ8d7d7eFZNSPt7C7iOghMvn7SAeJc7ToxrDGgSkYOvn72AeJc7ToxrDGgSkYOvn7AAeJg8Zq2BIkej0rFhpVInyTL8tON8IDDD3uthl&_i3nY6v7ot9WIAugPuZ6Pj3WlOU=A4W3a37tSgZRhq7MX2AoayU0rDa9ylWOmpQAIcCk7yuobEABCwoPmoBLocTDqQwsaF72u2sVu_6Pbe5g8ZNQRx7PTgaOvpJ6hBETOSM7qCHeTmr9utHIncFZqQKtax7PjkVQ7pQIWcDw7SKtaw7PTgYy4dRAA1BcYtWcBDF6Clc1GcRthB79NSvwbEK69koVfpLxWBCgYtkxBEiciwW97cLMXB8cKtuseDA9SwpR7pPI7bTkmQRZrCGximXBvtNHGYWlOU&Yt40SkS4eFP1sNLe4Dna=1621251271&AYohuyc98ugPuZ6Pj3WlOU=83881616fe91d7a47123eb0a9270bfd472576d54ea924f4969a32b91679c7cca&yQv1sB81otLfILAZU_XYXoaA=412db4f4bf4a75a0e98a352a97b35700de3e901c098786d717506fb7a4fd6af6&o3GVexFtLZADj4Idn1w0S34Bzo=170f2936c7e011b677c833265c9836706871f7a1e8f93c0bfe8da71a29f805bd&YtK1kkS4aBf-Yxfc4Dna=webPc&y6RycBO1oZLfADX_9tKZXoaA=1.0.0
2021-05-17 20:34:32 : POST /live/cache HTTP/1.1
Host: api.pandalive.co.kr
Connection: keep-alive
Content-Length: 910
sec-ch-ua: " Not A;Brand";v="99", "Chromium";v="90", "Google Chrome";v="90"
Accept: application/json, text/javascript, */*; q=0.01
sec-ch-ua-mobile: ?0
User-Agent: Mozilla/5.0 (Windows NT 10.0; Win64; x64) AppleWebKit/537.36 (KHTML, like Gecko) Chrome/90.0.4430.212 Safari/537.36
Content-Type: application/x-www-form-urlencoded; charset=UTF-8
Origin: https://www.pandalive.co.kr
Sec-Fetch-Site: same-site
Sec-Fetch-Mode: cors
Sec-Fetch-Dest: empty
Referer: https://www.pandalive.co.kr/
Accept-Encoding: gzip, deflate, br
Accept-Language: en-US,en;q=0.9
Cookie: sessKey=412db4f4bf4a75a0e98a352a97b35700de3e901c098786d717506fb7a4fd6af6; partner=pandatv; _ga=GA1.1.402134662.1621251265; _gcl_au=1.1.522993603.1621251265; appier_utmz=%7B%22csr%22%3A%22www.pandalive.co.kr%22%2C%22timestamp%22%3A1621251266%7D; _atrk_siteuid=FUgOC9JVtpjj9dDo; _atrk_ssid=EksPvRmigAbfFxOPDQvASQ; _atrk_sessidx=1; appier_pv_counterPageView_fc1d=0; appier_page_isView_PageView_fc1d=1aa2f1a20984838737334bf0f37dd45a0236416bd2a1b7090bfd524ea7d546a6; appier_pv_counterViewTwoPages_a9a9=0; appier_page_isView_ViewTwoPages_a9a9=1aa2f1a20984838737334bf0f37dd45a0236416bd2a1b7090bfd524ea7d546a6; _wp_uid=1-b019a8d3475249c4b505d820b35ae94a-s1621251286.434638|windows_10|chrome-103i95j; iUUID=dbd01aac5dc02d2376505fad36188cd6; innity.dmp.806.sess.id=184531315.806.1621251266368; innity.dmp.cks.appxs=1; innity.dmp.cks.innity=1; userLoginIdx=12836893; userLoginYN=Y; userLoginSaveYN=N; 3be3f8e358abbf54cec643229de77fc9e4f3f0bbc9b171580d45d13aaa374c16=fG0nt13gAVW4jI0etTbHPq%2FUTro1r1jiyd4ZZLi6t6gGwpEM7Rd58%2FW8dmhXJdLDp7aXBe%2F7zlSMDeUEOjItmRn34DxWF28cG9SsHUXGTq%2BLgVmctJAM7FOowR7Z9Q0mN9JMgjMXKv5SVb53g6oVvg1sTupPeC3Gz1xnaNlBxvAy0NC8dkXtp%2BW7ad%2BpHzHA; userReferer=https%3A%2F%2Fwww.pandalive.co.kr%2F; _ga_W91XDLC3YE=GS1.1.1621251265.1.1.1621251270.0; _ga_NGSHFJTQS1=GS1.1.1621251265.1.1.1621251270.0; innity.dmp.806.sess=2.1621251266368.1621251266368.1621251271640

NgxdaEY0ZX2DdK1XoaA=rankingLive1&Y6K2VQRw0MfwbPfZ4Dna=224&AYNUR1c5v-yi4dNLpZWlOU=126&PL2SAuzDQgv_a4_EcI4Nln1wgRx4Bzo=20&H5XAgw1OdK1zAu2GFv1uthl=BfEGtSghRhqLl8eGhOsWhByfDTmrHutHQ8bTomQRxrCGgilbOvpRM8bTonQRxrCGgilbOvpRM8bTwnQRtaEFiykdMGpLQ8e5gO1WFaEGtSgsRoX4Dna&_i3nY6v7ot9WIAugPuZ6Pj3WlOU=A4W3a37tSgZRhq7MX2AoayU0rDa9ylWOmpQAIcCk7yuobEABCwoPmoBLocTDqQwsaF72u2sVu_6Pbe5g8ZNQRx7PTgaOvpJ6hBETOSM7qCHeTmr9utHIncFZqQKtax7PjkVQ7pQIWcDw7SKtaw7PTgYy4dRAA1BcYtWcBDF6Clc1GcRthB79NSvwbEK69koVfpLxWBCgYtkxBEiciwW97cLMXB8cKtuseDA9SwpR7pPI7bTkmQRZrCGximXBvtNHGYWlOU&Yt40SkS4eFP1sNLe4Dna=1621251271&AYohuyc98ugPuZ6Pj3WlOU=83881616fe91d7a47123eb0a9270bfd472576d54ea924f4969a32b91679c7cca&yQv1sB81otLfILAZU_XYXoaA=412db4f4bf4a75a0e98a352a97b35700de3e901c098786d717506fb7a4fd6af6&o3GVexFtLZADj4Idn1w0S34Bzo=170f2936c7e011b677c833265c9836706871f7a1e8f93c0bfe8da71a29f805bd&YtK1kkS4aBf-Yxfc4Dna=webPc&y6RycBO1oZLfADX_9tKZXoaA=1.0.0
2021-05-17 20:34:32 : POST https://api.pandalive.co.kr/live/cache HTTP/1.1
NgxdaEY0ZX2DdK1XoaA=mainLive&Y6K2VQRw0MfwbPfZ4Dna=224&AYNUR1c5v-yi4dNLpZWlOU=126&PL2SAuzDQgv_a4_EcI4Nln1wgRx4Bzo=15&H5XAgw1OdK1zAu2GFv1uthl=m5ikUQ8d7d7eFZNSPt7C7iOghMvn7SAeJc7ToxrDGgSkYOvn72AeJc7ToxrDGgSkYOvn7AAeJg8Zq2BIkej0rFhpVInyTL8tON8IDDD3uthl&_i3nY6v7ot9WIAugPuZ6Pj3WlOU=A4W3a37tSgZRhq7MX2AoayU0rDa9ylWOmpQAIcCk7yuobEABCwoPmoBLocTDqQwsaF72u2sVu_6Pbe5g8ZNQRx7PTgaOvpJ6hBETOSM7qCHeTmr9utHIncFZqQKtax7PjkVQ7pQIWcDw7SKtaw7PTgYy4dRAA1BcYtWcBDF6Clc1GcRthB79NSvwbEK69koVfpLxWBCgYtkxBEiciwW97cLMXB8cKtuseDA9SwpR7pPI7bTkmQRZrCGximXBvtNHGYWlOU&Yt40SkS4eFP1sNLe4Dna=1621251271&AYohuyc98ugPuZ6Pj3WlOU=83881616fe91d7a47123eb0a9270bfd472576d54ea924f4969a32b91679c7cca&yQv1sB81otLfILAZU_XYXoaA=412db4f4bf4a75a0e98a352a97b35700de3e901c098786d717506fb7a4fd6af6&o3GVexFtLZADj4Idn1w0S34Bzo=170f2936c7e011b677c833265c9836706871f7a1e8f93c0bfe8da71a29f805bd&YtK1kkS4aBf-Yxfc4Dna=webPc&y6RycBO1oZLfADX_9tKZXoaA=1.0.0
2021-05-17 20:34:32 : POST https://api.pandalive.co.kr/live/cache HTTP/1.1
NgxdaEY0ZX2DdK1XoaA=rankingLive1&Y6K2VQRw0MfwbPfZ4Dna=224&AYNUR1c5v-yi4dNLpZWlOU=126&PL2SAuzDQgv_a4_EcI4Nln1wgRx4Bzo=20&H5XAgw1OdK1zAu2GFv1uthl=BfEGtSghRhqLl8eGhOsWhByfDTmrHutHQ8bTomQRxrCGgilbOvpRM8bTonQRxrCGgilbOvpRM8bTwnQRtaEFiykdMGpLQ8e5gO1WFaEGtSgsRoX4Dna&_i3nY6v7ot9WIAugPuZ6Pj3WlOU=A4W3a37tSgZRhq7MX2AoayU0rDa9ylWOmpQAIcCk7yuobEABCwoPmoBLocTDqQwsaF72u2sVu_6Pbe5g8ZNQRx7PTgaOvpJ6hBETOSM7qCHeTmr9utHIncFZqQKtax7PjkVQ7pQIWcDw7SKtaw7PTgYy4dRAA1BcYtWcBDF6Clc1GcRthB79NSvwbEK69koVfpLxWBCgYtkxBEiciwW97cLMXB8cKtuseDA9SwpR7pPI7bTkmQRZrCGximXBvtNHGYWlOU&Yt40SkS4eFP1sNLe4Dna=1621251271&AYohuyc98ugPuZ6Pj3WlOU=83881616fe91d7a47123eb0a9270bfd472576d54ea924f4969a32b91679c7cca&yQv1sB81otLfILAZU_XYXoaA=412db4f4bf4a75a0e98a352a97b35700de3e901c098786d717506fb7a4fd6af6&o3GVexFtLZADj4Idn1w0S34Bzo=170f2936c7e011b677c833265c9836706871f7a1e8f93c0bfe8da71a29f805bd&YtK1kkS4aBf-Yxfc4Dna=webPc&y6RycBO1oZLfADX_9tKZXoaA=1.0.0
