2021-05-17 21:22:27 : POST /member/loginInfo HTTP/1.1
Host: api.pandalive.co.kr
Connection: keep-alive
Content-Length: 674
sec-ch-ua: " Not A;Brand";v="99", "Chromium";v="90", "Google Chrome";v="90"
Accept: application/json, text/javascript, */*; q=0.01
sec-ch-ua-mobile: ?0
User-Agent: Mozilla/5.0 (Windows NT 10.0; Win64; x64) AppleWebKit/537.36 (KHTML, like Gecko) Chrome/90.0.4430.212 Safari/537.36
Content-Type: application/x-www-form-urlencoded; charset=UTF-8
Origin: https://www.pandalive.co.kr
Sec-Fetch-Site: same-site
Sec-Fetch-Mode: cors
Sec-Fetch-Dest: empty
Referer: https://www.pandalive.co.kr/
Accept-Encoding: gzip, deflate, br
Accept-Language: en-US,en;q=0.9
Cookie: sessKey=868a56892b451125897e05432712541ff54ff7399878a21a54a24c2877c7fb7b; 3be3f8e358abbf54cec643229de77fc9e4f3f0bbc9b171580d45d13aaa374c16=jjLdAzrwvTE9Jk0nIa%2B80%2BnZLsa8l7CJt1uX3UlF1zttdS8kAttV4KdpsxHfkfoldt8DrUdoK5qmGlgA%2BQE1QfMyGDx5OIlGHYfXLFy%2BIwkaUanjDWKsaFUqr%2FckJnBAusg5kWHwD87ExGP7SiQn8oHbuXFtCq59pdkgMTC8Tbgp9xk0Brx%2BRo29vjeK33sb; partner=pandatv; userReferer=https%3A%2F%2Fwww.pandalive.co.kr%2Fmember%2Flogin

_i3nY6v7ot9WIAugPuZ6Pj3WlOU=ou7lf-mmf_KdaZQh40UARF1DTmrwTtHIv2UtNtvgeEi6vl_57dO6o1CkaSwcREF29kqx4dS2XcFgrTWxBIDeT2_PfcJLpZTDqQUkvzhDzjrS7pNWvB8cqsPh8FKaSgUQ8-7d7eFZNSP1bEFiSgUQhZ7dnb9cNtMtrEG2ikUQhY7d7eT2qyuYO2jZymbSfoNMpBAc4SoxeCjximVSnoB1pBAwnZOlrDGgClbSGoQQW189NTMtrEg6ylrR7nT2WBU6qtlt7C7cOgh5npOE8c8DqQosNv4Bzo&Yt40SkS4eFP1sNLe4Dna=1621254147&AYohuyc98ugPuZ6Pj3WlOU=c06b1fe03806700949fbe3a17e3dc78934ef0ba1fadd9cbaad42b33f4e9f8318&yQv1sB81otLfILAZU_XYXoaA=868a56892b451125897e05432712541ff54ff7399878a21a54a24c2877c7fb7b&o3GVexFtLZADj4Idn1w0S34Bzo=834be56f930bd4a406c7c5eedef3272091c9a3fcf36c947599c1b8a0fe93d1ef&YtK1kkS4aBf-Yxfc4Dna=webPc&y6RycBO1oZLfADX_9tKZXoaA=1.0.0
2021-05-17 21:22:31 : POST /member/login HTTP/1.1
Host: api.pandalive.co.kr
Connection: keep-alive
Content-Length: 782
sec-ch-ua: " Not A;Brand";v="99", "Chromium";v="90", "Google Chrome";v="90"
Accept: application/json, text/javascript, */*; q=0.01
sec-ch-ua-mobile: ?0
User-Agent: Mozilla/5.0 (Windows NT 10.0; Win64; x64) AppleWebKit/537.36 (KHTML, like Gecko) Chrome/90.0.4430.212 Safari/537.36
Content-Type: application/x-www-form-urlencoded; charset=UTF-8
Origin: https://www.pandalive.co.kr
Sec-Fetch-Site: same-site
Sec-Fetch-Mode: cors
Sec-Fetch-Dest: empty
Referer: https://www.pandalive.co.kr/
Accept-Encoding: gzip, deflate, br
Accept-Language: en-US,en;q=0.9
Cookie: sessKey=868a56892b451125897e05432712541ff54ff7399878a21a54a24c2877c7fb7b; 3be3f8e358abbf54cec643229de77fc9e4f3f0bbc9b171580d45d13aaa374c16=jjLdAzrwvTE9Jk0nIa%2B80%2BnZLsa8l7CJt1uX3UlF1zttdS8kAttV4KdpsxHfkfoldt8DrUdoK5qmGlgA%2BQE1QfMyGDx5OIlGHYfXLFy%2BIwkaUanjDWKsaFUqr%2FckJnBAusg5kWHwD87ExGP7SiQn8oHbuXFtCq59pdkgMTC8Tbgp9xk0Brx%2BRo29vjeK33sb; partner=pandatv; userReferer=https%3A%2F%2Fwww.pandalive.co.kr%2Fmember%2Flogin; _ga_W91XDLC3YE=GS1.1.1621254147.1.0.1621254147.0; _ga=GA1.1.1994396977.1621254147; _gcl_au=1.1.974714664.1621254148; appier_utmz=%7B%22csr%22%3A%22www.pandalive.co.kr%22%2C%22timestamp%22%3A1621254148%7D; _atrk_siteuid=GpQa4vkyJkCzNavt; _atrk_ssid=vdWr0_H83rpOZq09NkSDTM; _atrk_sessidx=1; appier_pv_counterPageView_fc1d=0; appier_page_isView_PageView_fc1d=1aa2f1a20984838737334bf0f37dd45a0236416bd2a1b7090bfd524ea7d546a6; appier_pv_counterViewTwoPages_a9a9=0; appier_page_isView_ViewTwoPages_a9a9=1aa2f1a20984838737334bf0f37dd45a0236416bd2a1b7090bfd524ea7d546a6; _ga_NGSHFJTQS1=GS1.1.1621254147.1.0.1621254147.0; iUUID=ef498730ccc3c1389fe95a577eff50f9; innity.dmp.806.sess=1.1621254148484.1621254148484.1621254148484; innity.dmp.806.sess.id=111665104.806.1621254148484; innity.dmp.cks.appxs=1; innity.dmp.cks.innity=1; _wp_uid=1-185b96f4d27474dab9d4c27a0cc4d5f5-s1621254169.910977|windows_10|chrome-ke72w5

29X__Q4yowex4Bzo=dada5850&2wqZ_Q4yowex4Bzo=wnstjr123&AYUcv2W9f-yi4dNLpZWlOU=off&o36w9w_N3d85AZ_Q4yowex4Bzo=&_i3nY6v7ot9WIAugPuZ6Pj3WlOU=ou7lf-mmf_KdaZQh40UARF1DTmrwTtHIv2UtNtvgeEi6vl_57dO6o1CkaSwcREF29kqx4dS2XcFgrTWxBIDeT2_PfcJLpZTDqQUkvzhDzjrS7pNWvB8cqsPh8FKaSgUQ8-7d7eFZNSP1bEFiSgUQhZ7dnb9cNtMtrEG2ikUQhY7d7eT2qyuYO2jZymbSfoNMpBAc4SoxeCjximVSnoB1pBAwnZOlrDGgClbSGoQQW189NTMtrEg6ylrR7nT2WBU6qtlt7C7cOgh5npOE8c8DqQosNv4Bzo&Yt40SkS4eFP1sNLe4Dna=1621254151&AYohuyc98ugPuZ6Pj3WlOU=c06b1fe03806700949fbe3a17e3dc78934ef0ba1fadd9cbaad42b33f4e9f8318&yQv1sB81otLfILAZU_XYXoaA=868a56892b451125897e05432712541ff54ff7399878a21a54a24c2877c7fb7b&o3GVexFtLZADj4Idn1w0S34Bzo=834be56f930bd4a406c7c5eedef3272091c9a3fcf36c947599c1b8a0fe93d1ef&YtK1kkS4aBf-Yxfc4Dna=webPc&y6RycBO1oZLfADX_9tKZXoaA=1.0.0
2021-05-17 21:22:34 : POST /member/loginInfo HTTP/1.1
Host: api.pandalive.co.kr
Connection: keep-alive
Content-Length: 659
sec-ch-ua: " Not A;Brand";v="99", "Chromium";v="90", "Google Chrome";v="90"
Accept: application/json, text/javascript, */*; q=0.01
sec-ch-ua-mobile: ?0
User-Agent: Mozilla/5.0 (Windows NT 10.0; Win64; x64) AppleWebKit/537.36 (KHTML, like Gecko) Chrome/90.0.4430.212 Safari/537.36
Content-Type: application/x-www-form-urlencoded; charset=UTF-8
Origin: https://www.pandalive.co.kr
Sec-Fetch-Site: same-site
Sec-Fetch-Mode: cors
Sec-Fetch-Dest: empty
Referer: https://www.pandalive.co.kr/
Accept-Encoding: gzip, deflate, br
Accept-Language: en-US,en;q=0.9
Cookie: sessKey=868a56892b451125897e05432712541ff54ff7399878a21a54a24c2877c7fb7b; partner=pandatv; _ga=GA1.1.1994396977.1621254147; _gcl_au=1.1.974714664.1621254148; appier_utmz=%7B%22csr%22%3A%22www.pandalive.co.kr%22%2C%22timestamp%22%3A1621254148%7D; _atrk_siteuid=GpQa4vkyJkCzNavt; _atrk_ssid=vdWr0_H83rpOZq09NkSDTM; _atrk_sessidx=1; appier_pv_counterPageView_fc1d=0; appier_page_isView_PageView_fc1d=1aa2f1a20984838737334bf0f37dd45a0236416bd2a1b7090bfd524ea7d546a6; appier_pv_counterViewTwoPages_a9a9=0; appier_page_isView_ViewTwoPages_a9a9=1aa2f1a20984838737334bf0f37dd45a0236416bd2a1b7090bfd524ea7d546a6; iUUID=ef498730ccc3c1389fe95a577eff50f9; innity.dmp.806.sess.id=111665104.806.1621254148484; innity.dmp.cks.appxs=1; innity.dmp.cks.innity=1; _wp_uid=1-185b96f4d27474dab9d4c27a0cc4d5f5-s1621254169.910977|windows_10|chrome-ke72w5; userLoginIdx=12836893; userLoginYN=Y; userLoginSaveYN=N; 3be3f8e358abbf54cec643229de77fc9e4f3f0bbc9b171580d45d13aaa374c16=hL3vCNoidYf%2B4lzPoM9Z7OHozE0Gf%2BX5NxeRJm366hvlOVdiNiCpScI4jUwlH3nLmUEfvhZ9ndYnJ%2FX395DfJ7BmhWn7wOPuCtfHmiBgPSOaK5Do%2F4zmsfqvRAF9FIgsrEaJ%2BNyISA1v%2B8MbbxmiR3dovw3NLshA2z4fP62kFc%2B2R%2Bz5%2FqW6FdjfCAFRUZVy; userReferer=https%3A%2F%2Fwww.pandalive.co.kr%2F; _ga_NGSHFJTQS1=GS1.1.1621254147.1.1.1621254153.0; _ga_W91XDLC3YE=GS1.1.1621254147.1.1.1621254153.0; innity.dmp.806.sess=2.1621254148484.1621254148484.1621254154270

_i3nY6v7ot9WIAugPuZ6Pj3WlOU=PmQpFAIkej2rFWt6LXBBk4ZPhr1Haymst7o9DhcCcnZn181hcfxs2vcMQ8e5g8yWF7II9ewpK4dLH7bTsK2SoCIDeDkcQvqQxWcHZ7tqRbD7tSgkRhq7QocFZNSP1bEFiSgUQhZ7dnB8cNtMtrEG2ikUQhY7d7eT2qyuYO2jZymbSfoNMpBAc4SoxeCjximVSnoB1pBAwnZOlrDGgClbSGoQQW189NTMtrEg6ylrR7nT2WBU6qtlt7C7cOghM7nPEWB9DqQosNv4Bzo&Yt40SkS4eFP1sNLe4Dna=1621254154&AYohuyc98ugPuZ6Pj3WlOU=e5d2d3f1be50f823b0d8eccffe5e0eaf4d0fe469da015cffd26e1d1f31b64868&yQv1sB81otLfILAZU_XYXoaA=868a56892b451125897e05432712541ff54ff7399878a21a54a24c2877c7fb7b&o3GVexFtLZADj4Idn1w0S34Bzo=1b32139183da178ecddf16ea861cd71f11f73bbaf7f53661aff9cdac4a1c4ea5&YtK1kkS4aBf-Yxfc4Dna=webPc&y6RycBO1oZLfADX_9tKZXoaA=1.0.0
2021-05-17 21:22:34 : POST /live/cache HTTP/1.1
Host: api.pandalive.co.kr
Connection: keep-alive
Content-Length: 908
sec-ch-ua: " Not A;Brand";v="99", "Chromium";v="90", "Google Chrome";v="90"
Accept: application/json, text/javascript, */*; q=0.01
sec-ch-ua-mobile: ?0
User-Agent: Mozilla/5.0 (Windows NT 10.0; Win64; x64) AppleWebKit/537.36 (KHTML, like Gecko) Chrome/90.0.4430.212 Safari/537.36
Content-Type: application/x-www-form-urlencoded; charset=UTF-8
Origin: https://www.pandalive.co.kr
Sec-Fetch-Site: same-site
Sec-Fetch-Mode: cors
Sec-Fetch-Dest: empty
Referer: https://www.pandalive.co.kr/
Accept-Encoding: gzip, deflate, br
Accept-Language: en-US,en;q=0.9
Cookie: sessKey=868a56892b451125897e05432712541ff54ff7399878a21a54a24c2877c7fb7b; partner=pandatv; _ga=GA1.1.1994396977.1621254147; _gcl_au=1.1.974714664.1621254148; appier_utmz=%7B%22csr%22%3A%22www.pandalive.co.kr%22%2C%22timestamp%22%3A1621254148%7D; _atrk_siteuid=GpQa4vkyJkCzNavt; _atrk_ssid=vdWr0_H83rpOZq09NkSDTM; _atrk_sessidx=1; appier_pv_counterPageView_fc1d=0; appier_page_isView_PageView_fc1d=1aa2f1a20984838737334bf0f37dd45a0236416bd2a1b7090bfd524ea7d546a6; appier_pv_counterViewTwoPages_a9a9=0; appier_page_isView_ViewTwoPages_a9a9=1aa2f1a20984838737334bf0f37dd45a0236416bd2a1b7090bfd524ea7d546a6; iUUID=ef498730ccc3c1389fe95a577eff50f9; innity.dmp.806.sess.id=111665104.806.1621254148484; innity.dmp.cks.appxs=1; innity.dmp.cks.innity=1; _wp_uid=1-185b96f4d27474dab9d4c27a0cc4d5f5-s1621254169.910977|windows_10|chrome-ke72w5; userLoginIdx=12836893; userLoginYN=Y; userLoginSaveYN=N; 3be3f8e358abbf54cec643229de77fc9e4f3f0bbc9b171580d45d13aaa374c16=hL3vCNoidYf%2B4lzPoM9Z7OHozE0Gf%2BX5NxeRJm366hvlOVdiNiCpScI4jUwlH3nLmUEfvhZ9ndYnJ%2FX395DfJ7BmhWn7wOPuCtfHmiBgPSOaK5Do%2F4zmsfqvRAF9FIgsrEaJ%2BNyISA1v%2B8MbbxmiR3dovw3NLshA2z4fP62kFc%2B2R%2Bz5%2FqW6FdjfCAFRUZVy; userReferer=https%3A%2F%2Fwww.pandalive.co.kr%2F; _ga_NGSHFJTQS1=GS1.1.1621254147.1.1.1621254153.0; _ga_W91XDLC3YE=GS1.1.1621254147.1.1.1621254153.0; innity.dmp.806.sess=2.1621254148484.1621254148484.1621254154270

NgxdaEY0ZX2DdK1XoaA=rankingLive1&Y6K2VQRw0MfwbPfZ4Dna=224&AYNUR1c5v-yi4dNLpZWlOU=126&PL2SAuzDQgv_a4_EcI4Nln1wgRx4Bzo=20&H5XAgw1OdK1zAu2GFv1uthl=Isq1EIPgUQ8_7dnB8cNtMtrEG2ikUQWc7dnc5gO2WFaEkeD0rFWtLI7bTZmQR18EkejwrFhpNl8eJhOsNZrEH6SkcQvoMl8eRhb3XoaA&_i3nY6v7ot9WIAugPuZ6Pj3WlOU=PmQpFAIkej2rFWt6LXBBk4ZPhr1Haymst7o9DhcCcnZn181hcfxs2vcMQ8e5g8yWF7II9ewpK4dLH7bTsK2SoCIDeDkcQvqQxWcHZ7tqRbD7tSgkRhq7QocFZNSP1bEFiSgUQhZ7dnB8cNtMtrEG2ikUQhY7d7eT2qyuYO2jZymbSfoNMpBAc4SoxeCjximVSnoB1pBAwnZOlrDGgClbSGoQQW189NTMtrEg6ylrR7nT2WBU6qtlt7C7cOghM7nPEWB9DqQosNv4Bzo&Yt40SkS4eFP1sNLe4Dna=1621254154&AYohuyc98ugPuZ6Pj3WlOU=e5d2d3f1be50f823b0d8eccffe5e0eaf4d0fe469da015cffd26e1d1f31b64868&yQv1sB81otLfILAZU_XYXoaA=868a56892b451125897e05432712541ff54ff7399878a21a54a24c2877c7fb7b&o3GVexFtLZADj4Idn1w0S34Bzo=1b32139183da178ecddf16ea861cd71f11f73bbaf7f53661aff9cdac4a1c4ea5&YtK1kkS4aBf-Yxfc4Dna=webPc&y6RycBO1oZLfADX_9tKZXoaA=1.0.0
2021-05-17 21:22:34 : POST https://api.pandalive.co.kr/live/cache HTTP/1.1
NgxdaEY0ZX2DdK1XoaA=rankingLive1&Y6K2VQRw0MfwbPfZ4Dna=224&AYNUR1c5v-yi4dNLpZWlOU=126&PL2SAuzDQgv_a4_EcI4Nln1wgRx4Bzo=20&H5XAgw1OdK1zAu2GFv1uthl=Isq1EIPgUQ8_7dnB8cNtMtrEG2ikUQWc7dnc5gO2WFaEkeD0rFWtLI7bTZmQR18EkejwrFhpNl8eJhOsNZrEH6SkcQvoMl8eRhb3XoaA&_i3nY6v7ot9WIAugPuZ6Pj3WlOU=PmQpFAIkej2rFWt6LXBBk4ZPhr1Haymst7o9DhcCcnZn181hcfxs2vcMQ8e5g8yWF7II9ewpK4dLH7bTsK2SoCIDeDkcQvqQxWcHZ7tqRbD7tSgkRhq7QocFZNSP1bEFiSgUQhZ7dnB8cNtMtrEG2ikUQhY7d7eT2qyuYO2jZymbSfoNMpBAc4SoxeCjximVSnoB1pBAwnZOlrDGgClbSGoQQW189NTMtrEg6ylrR7nT2WBU6qtlt7C7cOghM7nPEWB9DqQosNv4Bzo&Yt40SkS4eFP1sNLe4Dna=1621254154&AYohuyc98ugPuZ6Pj3WlOU=e5d2d3f1be50f823b0d8eccffe5e0eaf4d0fe469da015cffd26e1d1f31b64868&yQv1sB81otLfILAZU_XYXoaA=868a56892b451125897e05432712541ff54ff7399878a21a54a24c2877c7fb7b&o3GVexFtLZADj4Idn1w0S34Bzo=1b32139183da178ecddf16ea861cd71f11f73bbaf7f53661aff9cdac4a1c4ea5&YtK1kkS4aBf-Yxfc4Dna=webPc&y6RycBO1oZLfADX_9tKZXoaA=1.0.0
2021-05-17 21:22:34 : POST /live/cache HTTP/1.1
Host: api.pandalive.co.kr
Connection: keep-alive
Content-Length: 916
sec-ch-ua: " Not A;Brand";v="99", "Chromium";v="90", "Google Chrome";v="90"
Accept: application/json, text/javascript, */*; q=0.01
sec-ch-ua-mobile: ?0
User-Agent: Mozilla/5.0 (Windows NT 10.0; Win64; x64) AppleWebKit/537.36 (KHTML, like Gecko) Chrome/90.0.4430.212 Safari/537.36
Content-Type: application/x-www-form-urlencoded; charset=UTF-8
Origin: https://www.pandalive.co.kr
Sec-Fetch-Site: same-site
Sec-Fetch-Mode: cors
Sec-Fetch-Dest: empty
Referer: https://www.pandalive.co.kr/
Accept-Encoding: gzip, deflate, br
Accept-Language: en-US,en;q=0.9
Cookie: sessKey=868a56892b451125897e05432712541ff54ff7399878a21a54a24c2877c7fb7b; partner=pandatv; _ga=GA1.1.1994396977.1621254147; _gcl_au=1.1.974714664.1621254148; appier_utmz=%7B%22csr%22%3A%22www.pandalive.co.kr%22%2C%22timestamp%22%3A1621254148%7D; _atrk_siteuid=GpQa4vkyJkCzNavt; _atrk_ssid=vdWr0_H83rpOZq09NkSDTM; _atrk_sessidx=1; appier_pv_counterPageView_fc1d=0; appier_page_isView_PageView_fc1d=1aa2f1a20984838737334bf0f37dd45a0236416bd2a1b7090bfd524ea7d546a6; appier_pv_counterViewTwoPages_a9a9=0; appier_page_isView_ViewTwoPages_a9a9=1aa2f1a20984838737334bf0f37dd45a0236416bd2a1b7090bfd524ea7d546a6; iUUID=ef498730ccc3c1389fe95a577eff50f9; innity.dmp.806.sess.id=111665104.806.1621254148484; innity.dmp.cks.appxs=1; innity.dmp.cks.innity=1; _wp_uid=1-185b96f4d27474dab9d4c27a0cc4d5f5-s1621254169.910977|windows_10|chrome-ke72w5; userLoginIdx=12836893; userLoginYN=Y; userLoginSaveYN=N; 3be3f8e358abbf54cec643229de77fc9e4f3f0bbc9b171580d45d13aaa374c16=hL3vCNoidYf%2B4lzPoM9Z7OHozE0Gf%2BX5NxeRJm366hvlOVdiNiCpScI4jUwlH3nLmUEfvhZ9ndYnJ%2FX395DfJ7BmhWn7wOPuCtfHmiBgPSOaK5Do%2F4zmsfqvRAF9FIgsrEaJ%2BNyISA1v%2B8MbbxmiR3dovw3NLshA2z4fP62kFc%2B2R%2Bz5%2FqW6FdjfCAFRUZVy; userReferer=https%3A%2F%2Fwww.pandalive.co.kr%2F; _ga_NGSHFJTQS1=GS1.1.1621254147.1.1.1621254153.0; _ga_W91XDLC3YE=GS1.1.1621254147.1.1.1621254153.0; innity.dmp.806.sess=2.1621254148484.1621254148484.1621254154270

NgxdaEY0ZX2DdK1XoaA=mainLive&Y6K2VQRw0MfwbPfZ4Dna=224&AYNUR1c5v-yi4dNLpZWlOU=126&PL2SAuzDQgv_a4_EcI4Nln1wgRx4Bzo=15&H5XAgw1OdK1zAu2GFv1uthl=Y5Wc5g8yWFaDjgylZQ7pN2Wc5gOZWFaEkeD0rFhoSMoBAg7SodrEkeTxrFWtAVIzTDqQQsaFFtSg_RhqQM8bTLnQRtaEFiykdMGpLQocTDqQPsNv4Bzo&_i3nY6v7ot9WIAugPuZ6Pj3WlOU=PmQpFAIkej2rFWt6LXBBk4ZPhr1Haymst7o9DhcCcnZn181hcfxs2vcMQ8e5g8yWF7II9ewpK4dLH7bTsK2SoCIDeDkcQvqQxWcHZ7tqRbD7tSgkRhq7QocFZNSP1bEFiSgUQhZ7dnB8cNtMtrEG2ikUQhY7d7eT2qyuYO2jZymbSfoNMpBAc4SoxeCjximVSnoB1pBAwnZOlrDGgClbSGoQQW189NTMtrEg6ylrR7nT2WBU6qtlt7C7cOghM7nPEWB9DqQosNv4Bzo&Yt40SkS4eFP1sNLe4Dna=1621254154&AYohuyc98ugPuZ6Pj3WlOU=e5d2d3f1be50f823b0d8eccffe5e0eaf4d0fe469da015cffd26e1d1f31b64868&yQv1sB81otLfILAZU_XYXoaA=868a56892b451125897e05432712541ff54ff7399878a21a54a24c2877c7fb7b&o3GVexFtLZADj4Idn1w0S34Bzo=1b32139183da178ecddf16ea861cd71f11f73bbaf7f53661aff9cdac4a1c4ea5&YtK1kkS4aBf-Yxfc4Dna=webPc&y6RycBO1oZLfADX_9tKZXoaA=1.0.0
2021-05-17 21:22:34 : POST https://api.pandalive.co.kr/live/cache HTTP/1.1
NgxdaEY0ZX2DdK1XoaA=mainLive&Y6K2VQRw0MfwbPfZ4Dna=224&AYNUR1c5v-yi4dNLpZWlOU=126&PL2SAuzDQgv_a4_EcI4Nln1wgRx4Bzo=15&H5XAgw1OdK1zAu2GFv1uthl=Y5Wc5g8yWFaDjgylZQ7pN2Wc5gOZWFaEkeD0rFhoSMoBAg7SodrEkeTxrFWtAVIzTDqQQsaFFtSg_RhqQM8bTLnQRtaEFiykdMGpLQocTDqQPsNv4Bzo&_i3nY6v7ot9WIAugPuZ6Pj3WlOU=PmQpFAIkej2rFWt6LXBBk4ZPhr1Haymst7o9DhcCcnZn181hcfxs2vcMQ8e5g8yWF7II9ewpK4dLH7bTsK2SoCIDeDkcQvqQxWcHZ7tqRbD7tSgkRhq7QocFZNSP1bEFiSgUQhZ7dnB8cNtMtrEG2ikUQhY7d7eT2qyuYO2jZymbSfoNMpBAc4SoxeCjximVSnoB1pBAwnZOlrDGgClbSGoQQW189NTMtrEg6ylrR7nT2WBU6qtlt7C7cOghM7nPEWB9DqQosNv4Bzo&Yt40SkS4eFP1sNLe4Dna=1621254154&AYohuyc98ugPuZ6Pj3WlOU=e5d2d3f1be50f823b0d8eccffe5e0eaf4d0fe469da015cffd26e1d1f31b64868&yQv1sB81otLfILAZU_XYXoaA=868a56892b451125897e05432712541ff54ff7399878a21a54a24c2877c7fb7b&o3GVexFtLZADj4Idn1w0S34Bzo=1b32139183da178ecddf16ea861cd71f11f73bbaf7f53661aff9cdac4a1c4ea5&YtK1kkS4aBf-Yxfc4Dna=webPc&y6RycBO1oZLfADX_9tKZXoaA=1.0.0
