2021-05-17 21:55:34 : POST /member/loginInfo HTTP/1.1
Host: api.pandalive.co.kr
Connection: keep-alive
Content-Length: 668
sec-ch-ua: " Not A;Brand";v="99", "Chromium";v="90", "Google Chrome";v="90"
Accept: application/json, text/javascript, */*; q=0.01
sec-ch-ua-mobile: ?0
User-Agent: Mozilla/5.0 (Windows NT 10.0; Win64; x64) AppleWebKit/537.36 (KHTML, like Gecko) Chrome/90.0.4430.212 Safari/537.36
Content-Type: application/x-www-form-urlencoded; charset=UTF-8
Origin: https://www.pandalive.co.kr
Sec-Fetch-Site: same-site
Sec-Fetch-Mode: cors
Sec-Fetch-Dest: empty
Referer: https://www.pandalive.co.kr/
Accept-Encoding: gzip, deflate, br
Accept-Language: en-US,en;q=0.9
Cookie: sessKey=59ff30205c869e70627daca793c64709c14f8e9aaae3503d6e9786748e400587; 3be3f8e358abbf54cec643229de77fc9e4f3f0bbc9b171580d45d13aaa374c16=g7HDelP7%2Fx2TbSfeocdLC3vVMCHj8wtMAfTAJ0NR9mKYUGGl%2BKpa%2BgfVQFZQph3ay%2BDI8QvXYsD89uTU8RcjS4RLlGidNWSOZkpvOPxG%2FSNmB2IqVi0Tqh4oMMb%2FMab%2BASblq%2FTsNcBNmUl35m8wRu%2FSN%2FcQz6%2FhzY32zetWIM%2B%2BoSLMiOrAQMVScue6j0II; partner=pandatv; userReferer=https%3A%2F%2Fwww.pandalive.co.kr%2Fmember%2Flogin; _gcl_au=1.1.1362303240.1621256134

_i3nY6v7ot9WIAugPuZ6Pj3WlOU=2hr0SYRyDIzvbxudI5XzGLoQKtqw7PTgsP4oPEX1Fs7ZNlbC6BilptnpOMA1CZqZnpu16ySxcMvtVIv2TLrQmkv29kfwdRWn76pyMlmQRtNEgeSjZ17pJQWBH9NtWN8IcDzjrMGpLQ8e5gO1WFaDigSlZQ7pN2Wc5gO2WF7IjxildMGoAsoB8wNTLRr1Ia9kdwnpALX2UA7ZldeDgcfmd1GoREIc617yvwe1jeSld17cU2obStNSo1OEA1fmZQWn7EbeJ9NtMtrChtSgbRoX4Dna&Yt40SkS4eFP1sNLe4Dna=1621256133&AYohuyc98ugPuZ6Pj3WlOU=65cb2cfaab185ae621767a6d9bdddcbf2e3a4fccfee6ddea90251b6020228b8c&yQv1sB81otLfILAZU_XYXoaA=59ff30205c869e70627daca793c64709c14f8e9aaae3503d6e9786748e400587&o3GVexFtLZADj4Idn1w0S34Bzo=0f96987b126f0025c65334026128d7c607865175cfee8e57b4a8055229079244&YtK1kkS4aBf-Yxfc4Dna=webPc&y6RycBO1oZLfADX_9tKZXoaA=1.0.0
2021-05-17 21:55:38 : POST /member/login HTTP/1.1
Host: api.pandalive.co.kr
Connection: keep-alive
Content-Length: 776
sec-ch-ua: " Not A;Brand";v="99", "Chromium";v="90", "Google Chrome";v="90"
Accept: application/json, text/javascript, */*; q=0.01
sec-ch-ua-mobile: ?0
User-Agent: Mozilla/5.0 (Windows NT 10.0; Win64; x64) AppleWebKit/537.36 (KHTML, like Gecko) Chrome/90.0.4430.212 Safari/537.36
Content-Type: application/x-www-form-urlencoded; charset=UTF-8
Origin: https://www.pandalive.co.kr
Sec-Fetch-Site: same-site
Sec-Fetch-Mode: cors
Sec-Fetch-Dest: empty
Referer: https://www.pandalive.co.kr/
Accept-Encoding: gzip, deflate, br
Accept-Language: en-US,en;q=0.9
Cookie: sessKey=59ff30205c869e70627daca793c64709c14f8e9aaae3503d6e9786748e400587; 3be3f8e358abbf54cec643229de77fc9e4f3f0bbc9b171580d45d13aaa374c16=g7HDelP7%2Fx2TbSfeocdLC3vVMCHj8wtMAfTAJ0NR9mKYUGGl%2BKpa%2BgfVQFZQph3ay%2BDI8QvXYsD89uTU8RcjS4RLlGidNWSOZkpvOPxG%2FSNmB2IqVi0Tqh4oMMb%2FMab%2BASblq%2FTsNcBNmUl35m8wRu%2FSN%2FcQz6%2FhzY32zetWIM%2B%2BoSLMiOrAQMVScue6j0II; partner=pandatv; userReferer=https%3A%2F%2Fwww.pandalive.co.kr%2Fmember%2Flogin; _gcl_au=1.1.1362303240.1621256134; _ga_NGSHFJTQS1=GS1.1.1621256133.1.0.1621256133.0; _ga=GA1.1.1941993942.1621256134; _ga_W91XDLC3YE=GS1.1.1621256133.1.0.1621256133.0; appier_utmz=%7B%22csr%22%3A%22www.pandalive.co.kr%22%2C%22timestamp%22%3A1621256134%7D; _atrk_siteuid=h4yCKgk1vV7w6TwP; _atrk_ssid=v1WwvN8fe6BrHLgYg_ddaH; _atrk_sessidx=1; appier_pv_counterPageView_fc1d=0; appier_page_isView_PageView_fc1d=1aa2f1a20984838737334bf0f37dd45a0236416bd2a1b7090bfd524ea7d546a6; appier_pv_counterViewTwoPages_a9a9=0; appier_page_isView_ViewTwoPages_a9a9=1aa2f1a20984838737334bf0f37dd45a0236416bd2a1b7090bfd524ea7d546a6; _wp_uid=1-6ea0d9e9ca52ce75e64417291db1e0ab-s1621256156.306329|windows_10|chrome-63xzs8; iUUID=fbb1a3bf618edf595110990f3ec35b53; innity.dmp.806.sess=1.1621256134830.1621256134830.1621256134830; innity.dmp.806.sess.id=29087851.806.1621256134830; innity.dmp.cks.appxs=1; innity.dmp.cks.innity=1

29X__Q4yowex4Bzo=dada5850&2wqZ_Q4yowex4Bzo=wnstjr123&AYUcv2W9f-yi4dNLpZWlOU=off&o36w9w_N3d85AZ_Q4yowex4Bzo=&_i3nY6v7ot9WIAugPuZ6Pj3WlOU=2hr0SYRyDIzvbxudI5XzGLoQKtqw7PTgsP4oPEX1Fs7ZNlbC6BilptnpOMA1CZqZnpu16ySxcMvtVIv2TLrQmkv29kfwdRWn76pyMlmQRtNEgeSjZ17pJQWBH9NtWN8IcDzjrMGpLQ8e5gO1WFaDigSlZQ7pN2Wc5gO2WF7IjxildMGoAsoB8wNTLRr1Ia9kdwnpALX2UA7ZldeDgcfmd1GoREIc617yvwe1jeSld17cU2obStNSo1OEA1fmZQWn7EbeJ9NtMtrChtSgbRoX4Dna&Yt40SkS4eFP1sNLe4Dna=1621256138&AYohuyc98ugPuZ6Pj3WlOU=65cb2cfaab185ae621767a6d9bdddcbf2e3a4fccfee6ddea90251b6020228b8c&yQv1sB81otLfILAZU_XYXoaA=59ff30205c869e70627daca793c64709c14f8e9aaae3503d6e9786748e400587&o3GVexFtLZADj4Idn1w0S34Bzo=0f96987b126f0025c65334026128d7c607865175cfee8e57b4a8055229079244&YtK1kkS4aBf-Yxfc4Dna=webPc&y6RycBO1oZLfADX_9tKZXoaA=1.0.0
2021-05-17 21:55:42 : POST /member/loginInfo HTTP/1.1
Host: api.pandalive.co.kr
Connection: keep-alive
Content-Length: 658
sec-ch-ua: " Not A;Brand";v="99", "Chromium";v="90", "Google Chrome";v="90"
Accept: application/json, text/javascript, */*; q=0.01
sec-ch-ua-mobile: ?0
User-Agent: Mozilla/5.0 (Windows NT 10.0; Win64; x64) AppleWebKit/537.36 (KHTML, like Gecko) Chrome/90.0.4430.212 Safari/537.36
Content-Type: application/x-www-form-urlencoded; charset=UTF-8
Origin: https://www.pandalive.co.kr
Sec-Fetch-Site: same-site
Sec-Fetch-Mode: cors
Sec-Fetch-Dest: empty
Referer: https://www.pandalive.co.kr/
Accept-Encoding: gzip, deflate, br
Accept-Language: en-US,en;q=0.9
Cookie: sessKey=59ff30205c869e70627daca793c64709c14f8e9aaae3503d6e9786748e400587; partner=pandatv; _gcl_au=1.1.1362303240.1621256134; _ga=GA1.1.1941993942.1621256134; appier_utmz=%7B%22csr%22%3A%22www.pandalive.co.kr%22%2C%22timestamp%22%3A1621256134%7D; _atrk_siteuid=h4yCKgk1vV7w6TwP; _atrk_ssid=v1WwvN8fe6BrHLgYg_ddaH; _atrk_sessidx=1; appier_pv_counterPageView_fc1d=0; appier_page_isView_PageView_fc1d=1aa2f1a20984838737334bf0f37dd45a0236416bd2a1b7090bfd524ea7d546a6; appier_pv_counterViewTwoPages_a9a9=0; appier_page_isView_ViewTwoPages_a9a9=1aa2f1a20984838737334bf0f37dd45a0236416bd2a1b7090bfd524ea7d546a6; _wp_uid=1-6ea0d9e9ca52ce75e64417291db1e0ab-s1621256156.306329|windows_10|chrome-63xzs8; iUUID=fbb1a3bf618edf595110990f3ec35b53; innity.dmp.806.sess.id=29087851.806.1621256134830; innity.dmp.cks.appxs=1; innity.dmp.cks.innity=1; userLoginIdx=12836893; userLoginYN=Y; userLoginSaveYN=N; 3be3f8e358abbf54cec643229de77fc9e4f3f0bbc9b171580d45d13aaa374c16=%2BmE9C37AUY%2FVCdNbd56cFCYClmKAw2TYd%2BWAxxid6QHnxofD0pKEEvXu4IkmRlS3hw1HFiTUrYPEzGRxQBIROks1ijnB3wyPRiDOi8E16I7ZTMBJ2xZd856nlqUxKVwkz2yHMNMQvTori9S%2FbmLWWgwqnsu6rKfn8EU060%2B3rE2rUCuvGZiypcm%2FYkZmW4CA; userReferer=https%3A%2F%2Fwww.pandalive.co.kr%2F; _ga_W91XDLC3YE=GS1.1.1621256133.1.1.1621256140.0; _ga_NGSHFJTQS1=GS1.1.1621256133.1.1.1621256140.0; innity.dmp.806.sess=2.1621256134830.1621256134830.1621256141982

_i3nY6v7ot9WIAugPuZ6Pj3WlOU=l4rLhe7l8eAhOsWxu2iaCwoN7oA9oB7cYSMlREhciwntGpBDh2QdYtuwbE7tSgsRhq72qyUpn0w0CIkejx_amZ7d7eCcqSqhODglzkZJ8nPI7bT9nQRtaEFiykdMGpLQ8e5gO1WFqEIgSlZQ7pN2Wc5gO2WF7IjxildMGoAsoB8wNTLRr1Ia9kdwnpALX2UA7ZldeDgcfmd1GoREIc617yvwe1jeSld17cU2obStNSo1OEA1fmZQWn7EbeJ1qtOR8DhtSgbRoX4Dna&Yt40SkS4eFP1sNLe4Dna=1621256142&AYohuyc98ugPuZ6Pj3WlOU=875d36a19cb319d87a2bb57e468b0e7f901172434f8c0d6bded38824f7ed782c&yQv1sB81otLfILAZU_XYXoaA=59ff30205c869e70627daca793c64709c14f8e9aaae3503d6e9786748e400587&o3GVexFtLZADj4Idn1w0S34Bzo=4fe8ec509f9a3c19b5115d4ba3e9031a7ca7616cea2569b4a68dfa96e5bb8081&YtK1kkS4aBf-Yxfc4Dna=webPc&y6RycBO1oZLfADX_9tKZXoaA=1.0.0
2021-05-17 21:55:42 : POST /live/cache HTTP/1.1
Host: api.pandalive.co.kr
Connection: keep-alive
Content-Length: 917
sec-ch-ua: " Not A;Brand";v="99", "Chromium";v="90", "Google Chrome";v="90"
Accept: application/json, text/javascript, */*; q=0.01
sec-ch-ua-mobile: ?0
User-Agent: Mozilla/5.0 (Windows NT 10.0; Win64; x64) AppleWebKit/537.36 (KHTML, like Gecko) Chrome/90.0.4430.212 Safari/537.36
Content-Type: application/x-www-form-urlencoded; charset=UTF-8
Origin: https://www.pandalive.co.kr
Sec-Fetch-Site: same-site
Sec-Fetch-Mode: cors
Sec-Fetch-Dest: empty
Referer: https://www.pandalive.co.kr/
Accept-Encoding: gzip, deflate, br
Accept-Language: en-US,en;q=0.9
Cookie: sessKey=59ff30205c869e70627daca793c64709c14f8e9aaae3503d6e9786748e400587; partner=pandatv; _gcl_au=1.1.1362303240.1621256134; _ga=GA1.1.1941993942.1621256134; _atrk_siteuid=h4yCKgk1vV7w6TwP; _atrk_ssid=v1WwvN8fe6BrHLgYg_ddaH; _wp_uid=1-6ea0d9e9ca52ce75e64417291db1e0ab-s1621256156.306329|windows_10|chrome-63xzs8; iUUID=fbb1a3bf618edf595110990f3ec35b53; innity.dmp.806.sess.id=29087851.806.1621256134830; innity.dmp.cks.appxs=1; innity.dmp.cks.innity=1; userLoginIdx=12836893; userLoginYN=Y; userLoginSaveYN=N; 3be3f8e358abbf54cec643229de77fc9e4f3f0bbc9b171580d45d13aaa374c16=%2BmE9C37AUY%2FVCdNbd56cFCYClmKAw2TYd%2BWAxxid6QHnxofD0pKEEvXu4IkmRlS3hw1HFiTUrYPEzGRxQBIROks1ijnB3wyPRiDOi8E16I7ZTMBJ2xZd856nlqUxKVwkz2yHMNMQvTori9S%2FbmLWWgwqnsu6rKfn8EU060%2B3rE2rUCuvGZiypcm%2FYkZmW4CA; userReferer=https%3A%2F%2Fwww.pandalive.co.kr%2F; _ga_W91XDLC3YE=GS1.1.1621256133.1.1.1621256140.0; _ga_NGSHFJTQS1=GS1.1.1621256133.1.1.1621256140.0; innity.dmp.806.sess=2.1621256134830.1621256134830.1621256141982; appier_utmz=%7B%22csr%22%3A%22www.pandalive.co.kr%22%2C%22timestamp%22%3A1621256134%2C%22lcsr%22%3A%22www.pandalive.co.kr%22%7D; appier_pv_counterPageView_fc1d=1; appier_page_isView_PageView_fc1d=9055efaad168a7c8a207dc9ba07d25d1e999861da0b3e1bbeeb36fc4ff1b4618; appier_pv_counterViewTwoPages_a9a9=1; appier_page_isView_ViewTwoPages_a9a9=9055efaad168a7c8a207dc9ba07d25d1e999861da0b3e1bbeeb36fc4ff1b4618; _atrk_sessidx=3

NgxdaEY0ZX2DdK1XoaA=rankingLive1&Y6K2VQRw0MfwbPfZ4Dna=224&AYNUR1c5v-yi4dNLpZWlOU=126&PL2SAuzDQgv_a4_EcI4Nln1wgRx4Bzo=20&H5XAgw1OdK1zAu2GFv1uthl=aWLI8bTLnQRx8Dg2ilbOvpRM8bTonQRtaEFiykdMGpLI7bTZmQR18C7aOghQ8cJRAe5g80WFaEGtSgsRhqM2Wc9sqSOt8DgtSgnRhqLl8eGhb3XoaA&_i3nY6v7ot9WIAugPuZ6Pj3WlOU=l4rLhe7l8eAhOsWxu2iaCwoN7oA9oB7cYSMlREhciwntGpBDh2QdYtuwbE7tSgsRhq72qyUpn0w0CIkejx_amZ7d7eCcqSqhODglzkZJ8nPI7bT9nQRtaEFiykdMGpLQ8e5gO1WFqEIgSlZQ7pN2Wc5gO2WF7IjxildMGoAsoB8wNTLRr1Ia9kdwnpALX2UA7ZldeDgcfmd1GoREIc617yvwe1jeSld17cU2obStNSo1OEA1fmZQWn7EbeJ1qtOR8DhtSgbRoX4Dna&Yt40SkS4eFP1sNLe4Dna=1621256142&AYohuyc98ugPuZ6Pj3WlOU=875d36a19cb319d87a2bb57e468b0e7f901172434f8c0d6bded38824f7ed782c&yQv1sB81otLfILAZU_XYXoaA=59ff30205c869e70627daca793c64709c14f8e9aaae3503d6e9786748e400587&o3GVexFtLZADj4Idn1w0S34Bzo=4fe8ec509f9a3c19b5115d4ba3e9031a7ca7616cea2569b4a68dfa96e5bb8081&YtK1kkS4aBf-Yxfc4Dna=webPc&y6RycBO1oZLfADX_9tKZXoaA=1.0.0
2021-05-17 21:55:42 : POST https://api.pandalive.co.kr/live/cache HTTP/1.1
NgxdaEY0ZX2DdK1XoaA=rankingLive1&Y6K2VQRw0MfwbPfZ4Dna=224&AYNUR1c5v-yi4dNLpZWlOU=126&PL2SAuzDQgv_a4_EcI4Nln1wgRx4Bzo=20&H5XAgw1OdK1zAu2GFv1uthl=aWLI8bTLnQRx8Dg2ilbOvpRM8bTonQRtaEFiykdMGpLI7bTZmQR18C7aOghQ8cJRAe5g80WFaEGtSgsRhqM2Wc9sqSOt8DgtSgnRhqLl8eGhb3XoaA&_i3nY6v7ot9WIAugPuZ6Pj3WlOU=l4rLhe7l8eAhOsWxu2iaCwoN7oA9oB7cYSMlREhciwntGpBDh2QdYtuwbE7tSgsRhq72qyUpn0w0CIkejx_amZ7d7eCcqSqhODglzkZJ8nPI7bT9nQRtaEFiykdMGpLQ8e5gO1WFqEIgSlZQ7pN2Wc5gO2WF7IjxildMGoAsoB8wNTLRr1Ia9kdwnpALX2UA7ZldeDgcfmd1GoREIc617yvwe1jeSld17cU2obStNSo1OEA1fmZQWn7EbeJ1qtOR8DhtSgbRoX4Dna&Yt40SkS4eFP1sNLe4Dna=1621256142&AYohuyc98ugPuZ6Pj3WlOU=875d36a19cb319d87a2bb57e468b0e7f901172434f8c0d6bded38824f7ed782c&yQv1sB81otLfILAZU_XYXoaA=59ff30205c869e70627daca793c64709c14f8e9aaae3503d6e9786748e400587&o3GVexFtLZADj4Idn1w0S34Bzo=4fe8ec509f9a3c19b5115d4ba3e9031a7ca7616cea2569b4a68dfa96e5bb8081&YtK1kkS4aBf-Yxfc4Dna=webPc&y6RycBO1oZLfADX_9tKZXoaA=1.0.0
2021-05-17 21:55:43 : POST /live/cache HTTP/1.1
Host: api.pandalive.co.kr
Connection: keep-alive
Content-Length: 909
sec-ch-ua: " Not A;Brand";v="99", "Chromium";v="90", "Google Chrome";v="90"
Accept: application/json, text/javascript, */*; q=0.01
sec-ch-ua-mobile: ?0
User-Agent: Mozilla/5.0 (Windows NT 10.0; Win64; x64) AppleWebKit/537.36 (KHTML, like Gecko) Chrome/90.0.4430.212 Safari/537.36
Content-Type: application/x-www-form-urlencoded; charset=UTF-8
Origin: https://www.pandalive.co.kr
Sec-Fetch-Site: same-site
Sec-Fetch-Mode: cors
Sec-Fetch-Dest: empty
Referer: https://www.pandalive.co.kr/
Accept-Encoding: gzip, deflate, br
Accept-Language: en-US,en;q=0.9
Cookie: sessKey=59ff30205c869e70627daca793c64709c14f8e9aaae3503d6e9786748e400587; partner=pandatv; _gcl_au=1.1.1362303240.1621256134; _ga=GA1.1.1941993942.1621256134; _atrk_siteuid=h4yCKgk1vV7w6TwP; _atrk_ssid=v1WwvN8fe6BrHLgYg_ddaH; _wp_uid=1-6ea0d9e9ca52ce75e64417291db1e0ab-s1621256156.306329|windows_10|chrome-63xzs8; iUUID=fbb1a3bf618edf595110990f3ec35b53; innity.dmp.806.sess.id=29087851.806.1621256134830; innity.dmp.cks.appxs=1; innity.dmp.cks.innity=1; userLoginIdx=12836893; userLoginYN=Y; userLoginSaveYN=N; 3be3f8e358abbf54cec643229de77fc9e4f3f0bbc9b171580d45d13aaa374c16=%2BmE9C37AUY%2FVCdNbd56cFCYClmKAw2TYd%2BWAxxid6QHnxofD0pKEEvXu4IkmRlS3hw1HFiTUrYPEzGRxQBIROks1ijnB3wyPRiDOi8E16I7ZTMBJ2xZd856nlqUxKVwkz2yHMNMQvTori9S%2FbmLWWgwqnsu6rKfn8EU060%2B3rE2rUCuvGZiypcm%2FYkZmW4CA; userReferer=https%3A%2F%2Fwww.pandalive.co.kr%2F; _ga_W91XDLC3YE=GS1.1.1621256133.1.1.1621256140.0; _ga_NGSHFJTQS1=GS1.1.1621256133.1.1.1621256140.0; innity.dmp.806.sess=2.1621256134830.1621256134830.1621256141982; appier_utmz=%7B%22csr%22%3A%22www.pandalive.co.kr%22%2C%22timestamp%22%3A1621256134%2C%22lcsr%22%3A%22www.pandalive.co.kr%22%7D; appier_pv_counterPageView_fc1d=1; appier_page_isView_PageView_fc1d=9055efaad168a7c8a207dc9ba07d25d1e999861da0b3e1bbeeb36fc4ff1b4618; appier_pv_counterViewTwoPages_a9a9=1; appier_page_isView_ViewTwoPages_a9a9=9055efaad168a7c8a207dc9ba07d25d1e999861da0b3e1bbeeb36fc4ff1b4618; _atrk_sessidx=3

NgxdaEY0ZX2DdK1XoaA=mainLive&Y6K2VQRw0MfwbPfZ4Dna=224&AYNUR1c5v-yi4dNLpZWlOU=126&PL2SAuzDQgv_a4_EcI4Nln1wgRx4Bzo=15&H5XAgw1OdK1zAu2GFv1uthl=l4ZOvn7MAeJZqTW3BID6ikUQh_7dvc9cqtMtrEG2ikUQhc7d7eFZNSP18Ikez1rF8pRM8BAg7SodrEkeTxrFWtAVIzTDqQQsaFFtSg_RoX4Dna&_i3nY6v7ot9WIAugPuZ6Pj3WlOU=l4rLhe7l8eAhOsWxu2iaCwoN7oA9oB7cYSMlREhciwntGpBDh2QdYtuwbE7tSgsRhq72qyUpn0w0CIkejx_amZ7d7eCcqSqhODglzkZJ8nPI7bT9nQRtaEFiykdMGpLQ8e5gO1WFqEIgSlZQ7pN2Wc5gO2WF7IjxildMGoAsoB8wNTLRr1Ia9kdwnpALX2UA7ZldeDgcfmd1GoREIc617yvwe1jeSld17cU2obStNSo1OEA1fmZQWn7EbeJ1qtOR8DhtSgbRoX4Dna&Yt40SkS4eFP1sNLe4Dna=1621256142&AYohuyc98ugPuZ6Pj3WlOU=875d36a19cb319d87a2bb57e468b0e7f901172434f8c0d6bded38824f7ed782c&yQv1sB81otLfILAZU_XYXoaA=59ff30205c869e70627daca793c64709c14f8e9aaae3503d6e9786748e400587&o3GVexFtLZADj4Idn1w0S34Bzo=4fe8ec509f9a3c19b5115d4ba3e9031a7ca7616cea2569b4a68dfa96e5bb8081&YtK1kkS4aBf-Yxfc4Dna=webPc&y6RycBO1oZLfADX_9tKZXoaA=1.0.0
2021-05-17 21:55:43 : POST https://api.pandalive.co.kr/live/cache HTTP/1.1
NgxdaEY0ZX2DdK1XoaA=mainLive&Y6K2VQRw0MfwbPfZ4Dna=224&AYNUR1c5v-yi4dNLpZWlOU=126&PL2SAuzDQgv_a4_EcI4Nln1wgRx4Bzo=15&H5XAgw1OdK1zAu2GFv1uthl=l4ZOvn7MAeJZqTW3BID6ikUQh_7dvc9cqtMtrEG2ikUQhc7d7eFZNSP18Ikez1rF8pRM8BAg7SodrEkeTxrFWtAVIzTDqQQsaFFtSg_RoX4Dna&_i3nY6v7ot9WIAugPuZ6Pj3WlOU=l4rLhe7l8eAhOsWxu2iaCwoN7oA9oB7cYSMlREhciwntGpBDh2QdYtuwbE7tSgsRhq72qyUpn0w0CIkejx_amZ7d7eCcqSqhODglzkZJ8nPI7bT9nQRtaEFiykdMGpLQ8e5gO1WFqEIgSlZQ7pN2Wc5gO2WF7IjxildMGoAsoB8wNTLRr1Ia9kdwnpALX2UA7ZldeDgcfmd1GoREIc617yvwe1jeSld17cU2obStNSo1OEA1fmZQWn7EbeJ1qtOR8DhtSgbRoX4Dna&Yt40SkS4eFP1sNLe4Dna=1621256142&AYohuyc98ugPuZ6Pj3WlOU=875d36a19cb319d87a2bb57e468b0e7f901172434f8c0d6bded38824f7ed782c&yQv1sB81otLfILAZU_XYXoaA=59ff30205c869e70627daca793c64709c14f8e9aaae3503d6e9786748e400587&o3GVexFtLZADj4Idn1w0S34Bzo=4fe8ec509f9a3c19b5115d4ba3e9031a7ca7616cea2569b4a68dfa96e5bb8081&YtK1kkS4aBf-Yxfc4Dna=webPc&y6RycBO1oZLfADX_9tKZXoaA=1.0.0
