2021-05-17 21:09:03 : POST /member/loginInfo HTTP/1.1
Host: api.pandalive.co.kr
Connection: keep-alive
Content-Length: 671
sec-ch-ua: " Not A;Brand";v="99", "Chromium";v="90", "Google Chrome";v="90"
Accept: application/json, text/javascript, */*; q=0.01
sec-ch-ua-mobile: ?0
User-Agent: Mozilla/5.0 (Windows NT 10.0; Win64; x64) AppleWebKit/537.36 (KHTML, like Gecko) Chrome/90.0.4430.212 Safari/537.36
Content-Type: application/x-www-form-urlencoded; charset=UTF-8
Origin: https://www.pandalive.co.kr
Sec-Fetch-Site: same-site
Sec-Fetch-Mode: cors
Sec-Fetch-Dest: empty
Referer: https://www.pandalive.co.kr/
Accept-Encoding: gzip, deflate, br
Accept-Language: en-US,en;q=0.9
Cookie: sessKey=bb7669b40f599b514fc6be0372eb6f2018841ca38e4b2714233e56fa6a574448; 3be3f8e358abbf54cec643229de77fc9e4f3f0bbc9b171580d45d13aaa374c16=TUF60yCP2ckNW56KWAkW%2BrlP4%2F8j50aHO570mwQDS%2Bnzy%2BXna4BDHioYo%2FHmEspNSivh9Jwaas0yovXZOOM1JvHkLZjBEp%2B4vTm4YYzlynQLosMoFzpvY2WpEO3EDiWPNMV96Xw4quzcS9H%2FpVWUlW0ryZ497ESG%2BAaL%2FQMeVvE%2BY0vgBLChCrYEet3dxerg; partner=pandatv; userReferer=https%3A%2F%2Fwww.pandalive.co.kr%2Fmember%2Flogin; _ga_W91XDLC3YE=GS1.1.1621253343.1.0.1621253343.0; _ga=GA1.1.831979280.1621253343; _gcl_au=1.1.507821996.1621253343

_i3nY6v7ot9WIAugPuZ6Pj3WlOU=HTtJoI1GMYsZsv17Mfxgmhe7l8eAhOsWxu2iaCwoN7oA9oB7cYSMlREhciwntGpBDh2QdYtuwbE7tSgsRhq72qyUpn0w0CIkejx_amZ7d7eCcqSqhODglzkZJ8nPI7bT9nQRtaEFiykdMGp7l8eFhOsndOEh6SkcQvoMl8eBhOsWVbDHaClZOuo61ABAsYSntbDgZSkrV7cTEW2SdNtlVrEFeSxYQ4cNxhcFsnympB1Hgilra7nQ2pcBg4TmdOD7DPgUQoZ7dvb7ZqtON8IGDD3uthl&Yt40SkS4eFP1sNLe4Dna=1621253343&AYohuyc98ugPuZ6Pj3WlOU=30d4fac9d6db08b27f004dec6313ba1675bd3cc441f591bfd20da1a0b2786082&yQv1sB81otLfILAZU_XYXoaA=bb7669b40f599b514fc6be0372eb6f2018841ca38e4b2714233e56fa6a574448&o3GVexFtLZADj4Idn1w0S34Bzo=24103488fe6e11717ad8e98767fdae108aa8a9e902d7e241cdd53254602a5e03&YtK1kkS4aBf-Yxfc4Dna=webPc&y6RycBO1oZLfADX_9tKZXoaA=1.0.0
2021-05-17 21:09:08 : POST /member/login HTTP/1.1
Host: api.pandalive.co.kr
Connection: keep-alive
Content-Length: 779
sec-ch-ua: " Not A;Brand";v="99", "Chromium";v="90", "Google Chrome";v="90"
Accept: application/json, text/javascript, */*; q=0.01
sec-ch-ua-mobile: ?0
User-Agent: Mozilla/5.0 (Windows NT 10.0; Win64; x64) AppleWebKit/537.36 (KHTML, like Gecko) Chrome/90.0.4430.212 Safari/537.36
Content-Type: application/x-www-form-urlencoded; charset=UTF-8
Origin: https://www.pandalive.co.kr
Sec-Fetch-Site: same-site
Sec-Fetch-Mode: cors
Sec-Fetch-Dest: empty
Referer: https://www.pandalive.co.kr/
Accept-Encoding: gzip, deflate, br
Accept-Language: en-US,en;q=0.9
Cookie: sessKey=bb7669b40f599b514fc6be0372eb6f2018841ca38e4b2714233e56fa6a574448; 3be3f8e358abbf54cec643229de77fc9e4f3f0bbc9b171580d45d13aaa374c16=TUF60yCP2ckNW56KWAkW%2BrlP4%2F8j50aHO570mwQDS%2Bnzy%2BXna4BDHioYo%2FHmEspNSivh9Jwaas0yovXZOOM1JvHkLZjBEp%2B4vTm4YYzlynQLosMoFzpvY2WpEO3EDiWPNMV96Xw4quzcS9H%2FpVWUlW0ryZ497ESG%2BAaL%2FQMeVvE%2BY0vgBLChCrYEet3dxerg; partner=pandatv; userReferer=https%3A%2F%2Fwww.pandalive.co.kr%2Fmember%2Flogin; _ga_W91XDLC3YE=GS1.1.1621253343.1.0.1621253343.0; _ga=GA1.1.831979280.1621253343; _gcl_au=1.1.507821996.1621253343; appier_utmz=%7B%22csr%22%3A%22www.pandalive.co.kr%22%2C%22timestamp%22%3A1621253343%7D; _atrk_siteuid=gYCeoCFwSnnOtxIw; _atrk_ssid=pqF4tuG0d-34y6F02ROGEa; _atrk_sessidx=1; appier_pv_counterPageView_fc1d=0; appier_page_isView_PageView_fc1d=1aa2f1a20984838737334bf0f37dd45a0236416bd2a1b7090bfd524ea7d546a6; appier_pv_counterViewTwoPages_a9a9=0; appier_page_isView_ViewTwoPages_a9a9=1aa2f1a20984838737334bf0f37dd45a0236416bd2a1b7090bfd524ea7d546a6; _ga_NGSHFJTQS1=GS1.1.1621253343.1.0.1621253343.0; iUUID=3d215aeeb66fcceb2c4bc904a2953cf7; innity.dmp.806.sess=1.1621253344369.1621253344369.1621253344369; innity.dmp.806.sess.id=172594593.806.1621253344369; innity.dmp.cks.appxs=1; innity.dmp.cks.innity=1; _wp_uid=1-e4d5bdada71033f37e61aacc7d558571-s1621253366.505977|windows_10|chrome-4homfs

29X__Q4yowex4Bzo=dada5850&2wqZ_Q4yowex4Bzo=wnstjr123&AYUcv2W9f-yi4dNLpZWlOU=off&o36w9w_N3d85AZ_Q4yowex4Bzo=&_i3nY6v7ot9WIAugPuZ6Pj3WlOU=HTtJoI1GMYsZsv17Mfxgmhe7l8eAhOsWxu2iaCwoN7oA9oB7cYSMlREhciwntGpBDh2QdYtuwbE7tSgsRhq72qyUpn0w0CIkejx_amZ7d7eCcqSqhODglzkZJ8nPI7bT9nQRtaEFiykdMGp7l8eFhOsndOEh6SkcQvoMl8eBhOsWVbDHaClZOuo61ABAsYSntbDgZSkrV7cTEW2SdNtlVrEFeSxYQ4cNxhcFsnympB1Hgilra7nQ2pcBg4TmdOD7DPgUQoZ7dvb7ZqtON8IGDD3uthl&Yt40SkS4eFP1sNLe4Dna=1621253348&AYohuyc98ugPuZ6Pj3WlOU=30d4fac9d6db08b27f004dec6313ba1675bd3cc441f591bfd20da1a0b2786082&yQv1sB81otLfILAZU_XYXoaA=bb7669b40f599b514fc6be0372eb6f2018841ca38e4b2714233e56fa6a574448&o3GVexFtLZADj4Idn1w0S34Bzo=24103488fe6e11717ad8e98767fdae108aa8a9e902d7e241cdd53254602a5e03&YtK1kkS4aBf-Yxfc4Dna=webPc&y6RycBO1oZLfADX_9tKZXoaA=1.0.0
2021-05-17 21:09:10 : POST /live/cache HTTP/1.1
Host: api.pandalive.co.kr
Connection: keep-alive
Content-Length: 903
sec-ch-ua: " Not A;Brand";v="99", "Chromium";v="90", "Google Chrome";v="90"
Accept: application/json, text/javascript, */*; q=0.01
sec-ch-ua-mobile: ?0
User-Agent: Mozilla/5.0 (Windows NT 10.0; Win64; x64) AppleWebKit/537.36 (KHTML, like Gecko) Chrome/90.0.4430.212 Safari/537.36
Content-Type: application/x-www-form-urlencoded; charset=UTF-8
Origin: https://www.pandalive.co.kr
Sec-Fetch-Site: same-site
Sec-Fetch-Mode: cors
Sec-Fetch-Dest: empty
Referer: https://www.pandalive.co.kr/
Accept-Encoding: gzip, deflate, br
Accept-Language: en-US,en;q=0.9
Cookie: sessKey=bb7669b40f599b514fc6be0372eb6f2018841ca38e4b2714233e56fa6a574448; partner=pandatv; _ga=GA1.1.831979280.1621253343; _gcl_au=1.1.507821996.1621253343; appier_utmz=%7B%22csr%22%3A%22www.pandalive.co.kr%22%2C%22timestamp%22%3A1621253343%7D; _atrk_siteuid=gYCeoCFwSnnOtxIw; _atrk_ssid=pqF4tuG0d-34y6F02ROGEa; _atrk_sessidx=1; appier_pv_counterPageView_fc1d=0; appier_page_isView_PageView_fc1d=1aa2f1a20984838737334bf0f37dd45a0236416bd2a1b7090bfd524ea7d546a6; appier_pv_counterViewTwoPages_a9a9=0; appier_page_isView_ViewTwoPages_a9a9=1aa2f1a20984838737334bf0f37dd45a0236416bd2a1b7090bfd524ea7d546a6; iUUID=3d215aeeb66fcceb2c4bc904a2953cf7; innity.dmp.806.sess.id=172594593.806.1621253344369; innity.dmp.cks.appxs=1; innity.dmp.cks.innity=1; _wp_uid=1-e4d5bdada71033f37e61aacc7d558571-s1621253366.505977|windows_10|chrome-4homfs; userLoginIdx=12836893; userLoginYN=Y; userLoginSaveYN=N; 3be3f8e358abbf54cec643229de77fc9e4f3f0bbc9b171580d45d13aaa374c16=PdCkVUFjO019Eb8N%2FDHrNDM61Pg7Qmn%2FPOM4fygDbQ4sFrq0EuYuxL5KVKgdhcssBvx80KNUAiKVJGO2RfEyiECrogww9QK%2BzGYZyBEnortlkYH9gFFyXevDadxaPiDtWGpWHmaBw2B9KPY4x8U8j7Iq4egQajTy3KAWPt5IF32hXAggyJooodlV9Vo0oAkY; userReferer=https%3A%2F%2Fwww.pandalive.co.kr%2F; _ga_W91XDLC3YE=GS1.1.1621253343.1.1.1621253349.0; _ga_NGSHFJTQS1=GS1.1.1621253343.1.1.1621253349.0; innity.dmp.806.sess=2.1621253344369.1621253344369.1621253350158

NgxdaEY0ZX2DdK1XoaA=rankingLive1&Y6K2VQRw0MfwbPfZ4Dna=224&AYNUR1c5v-yi4dNLpZWlOU=126&PL2SAuzDQgv_a4_EcI4Nln1wgRx4Bzo=20&H5XAgw1OdK1zAu2GFv1uthl=_qc5gO2WF7IFiykrBvtLHnCFgqTWFBIDejxfmutVIvzTL8SLpOEieikby7pVIn1TL8SLpOEieikby7pVI71TLOSoN8I6DzjdBvtKHGYWlOU&_i3nY6v7ot9WIAugPuZ6Pj3WlOU=HTtKdae5g82WF7I6Ffl_S4cL6W1BoNTworD9BCkaOucOQ81Ck4ZwY81giSgUQ8d7d7e9p3yV6u2FDTmrwfYEDbeJgbSOt8FiZikfM7oJpoBTDqQSsaF7iykdMvtVInZTL8SLpOEieikby7pVInyTLrQllbDHZilsZ7dB1WBQlaSolrEjeSw_wfnOMI2EoNTlxbEG2PlrxupSEocQhntvceDg6SwV97oBPoBTAqtmZ827DTmrSTtHEWcC5NTON8IGDD3uthl&Yt40SkS4eFP1sNLe4Dna=1621253350&AYohuyc98ugPuZ6Pj3WlOU=09f9f7b9ab322fa6bb55c4d1193857a50fed3c83e41094a7a928a802b053de12&yQv1sB81otLfILAZU_XYXoaA=bb7669b40f599b514fc6be0372eb6f2018841ca38e4b2714233e56fa6a574448&o3GVexFtLZADj4Idn1w0S34Bzo=936515c0c12f54e6777a32eb3bf14cd339744b624dfc0b42839896a33d790954&YtK1kkS4aBf-Yxfc4Dna=webPc&y6RycBO1oZLfADX_9tKZXoaA=1.0.0
2021-05-17 21:09:10 : POST https://api.pandalive.co.kr/live/cache HTTP/1.1
NgxdaEY0ZX2DdK1XoaA=rankingLive1&Y6K2VQRw0MfwbPfZ4Dna=224&AYNUR1c5v-yi4dNLpZWlOU=126&PL2SAuzDQgv_a4_EcI4Nln1wgRx4Bzo=20&H5XAgw1OdK1zAu2GFv1uthl=_qc5gO2WF7IFiykrBvtLHnCFgqTWFBIDejxfmutVIvzTL8SLpOEieikby7pVIn1TL8SLpOEieikby7pVI71TLOSoN8I6DzjdBvtKHGYWlOU&_i3nY6v7ot9WIAugPuZ6Pj3WlOU=HTtKdae5g82WF7I6Ffl_S4cL6W1BoNTworD9BCkaOucOQ81Ck4ZwY81giSgUQ8d7d7e9p3yV6u2FDTmrwfYEDbeJgbSOt8FiZikfM7oJpoBTDqQSsaF7iykdMvtVInZTL8SLpOEieikby7pVInyTLrQllbDHZilsZ7dB1WBQlaSolrEjeSw_wfnOMI2EoNTlxbEG2PlrxupSEocQhntvceDg6SwV97oBPoBTAqtmZ827DTmrSTtHEWcC5NTON8IGDD3uthl&Yt40SkS4eFP1sNLe4Dna=1621253350&AYohuyc98ugPuZ6Pj3WlOU=09f9f7b9ab322fa6bb55c4d1193857a50fed3c83e41094a7a928a802b053de12&yQv1sB81otLfILAZU_XYXoaA=bb7669b40f599b514fc6be0372eb6f2018841ca38e4b2714233e56fa6a574448&o3GVexFtLZADj4Idn1w0S34Bzo=936515c0c12f54e6777a32eb3bf14cd339744b624dfc0b42839896a33d790954&YtK1kkS4aBf-Yxfc4Dna=webPc&y6RycBO1oZLfADX_9tKZXoaA=1.0.0
2021-05-17 21:09:10 : POST /member/loginInfo HTTP/1.1
Host: api.pandalive.co.kr
Connection: keep-alive
Content-Length: 651
sec-ch-ua: " Not A;Brand";v="99", "Chromium";v="90", "Google Chrome";v="90"
Accept: application/json, text/javascript, */*; q=0.01
sec-ch-ua-mobile: ?0
User-Agent: Mozilla/5.0 (Windows NT 10.0; Win64; x64) AppleWebKit/537.36 (KHTML, like Gecko) Chrome/90.0.4430.212 Safari/537.36
Content-Type: application/x-www-form-urlencoded; charset=UTF-8
Origin: https://www.pandalive.co.kr
Sec-Fetch-Site: same-site
Sec-Fetch-Mode: cors
Sec-Fetch-Dest: empty
Referer: https://www.pandalive.co.kr/
Accept-Encoding: gzip, deflate, br
Accept-Language: en-US,en;q=0.9
Cookie: sessKey=bb7669b40f599b514fc6be0372eb6f2018841ca38e4b2714233e56fa6a574448; partner=pandatv; _ga=GA1.1.831979280.1621253343; _gcl_au=1.1.507821996.1621253343; appier_utmz=%7B%22csr%22%3A%22www.pandalive.co.kr%22%2C%22timestamp%22%3A1621253343%7D; _atrk_siteuid=gYCeoCFwSnnOtxIw; _atrk_ssid=pqF4tuG0d-34y6F02ROGEa; _atrk_sessidx=1; appier_pv_counterPageView_fc1d=0; appier_page_isView_PageView_fc1d=1aa2f1a20984838737334bf0f37dd45a0236416bd2a1b7090bfd524ea7d546a6; appier_pv_counterViewTwoPages_a9a9=0; appier_page_isView_ViewTwoPages_a9a9=1aa2f1a20984838737334bf0f37dd45a0236416bd2a1b7090bfd524ea7d546a6; iUUID=3d215aeeb66fcceb2c4bc904a2953cf7; innity.dmp.806.sess.id=172594593.806.1621253344369; innity.dmp.cks.appxs=1; innity.dmp.cks.innity=1; _wp_uid=1-e4d5bdada71033f37e61aacc7d558571-s1621253366.505977|windows_10|chrome-4homfs; userLoginIdx=12836893; userLoginYN=Y; userLoginSaveYN=N; 3be3f8e358abbf54cec643229de77fc9e4f3f0bbc9b171580d45d13aaa374c16=PdCkVUFjO019Eb8N%2FDHrNDM61Pg7Qmn%2FPOM4fygDbQ4sFrq0EuYuxL5KVKgdhcssBvx80KNUAiKVJGO2RfEyiECrogww9QK%2BzGYZyBEnortlkYH9gFFyXevDadxaPiDtWGpWHmaBw2B9KPY4x8U8j7Iq4egQajTy3KAWPt5IF32hXAggyJooodlV9Vo0oAkY; userReferer=https%3A%2F%2Fwww.pandalive.co.kr%2F; _ga_W91XDLC3YE=GS1.1.1621253343.1.1.1621253349.0; _ga_NGSHFJTQS1=GS1.1.1621253343.1.1.1621253349.0; innity.dmp.806.sess=2.1621253344369.1621253344369.1621253350158

_i3nY6v7ot9WIAugPuZ6Pj3WlOU=HTtKdae5g82WF7I6Ffl_S4cL6W1BoNTworD9BCkaOucOQ81Ck4ZwY81giSgUQ8d7d7e9p3yV6u2FDTmrwfYEDbeJgbSOt8FiZikfM7oJpoBTDqQSsaF7iykdMvtVInZTL8SLpOEieikby7pVInyTLrQllbDHZilsZ7dB1WBQlaSolrEjeSw_wfnOMI2EoNTlxbEG2PlrxupSEocQhntvceDg6SwV97oBPoBTAqtmZ827DTmrSTtHEWcC5NTON8IGDD3uthl&Yt40SkS4eFP1sNLe4Dna=1621253350&AYohuyc98ugPuZ6Pj3WlOU=09f9f7b9ab322fa6bb55c4d1193857a50fed3c83e41094a7a928a802b053de12&yQv1sB81otLfILAZU_XYXoaA=bb7669b40f599b514fc6be0372eb6f2018841ca38e4b2714233e56fa6a574448&o3GVexFtLZADj4Idn1w0S34Bzo=936515c0c12f54e6777a32eb3bf14cd339744b624dfc0b42839896a33d790954&YtK1kkS4aBf-Yxfc4Dna=webPc&y6RycBO1oZLfADX_9tKZXoaA=1.0.0
2021-05-17 21:09:10 : POST /live/cache HTTP/1.1
Host: api.pandalive.co.kr
Connection: keep-alive
Content-Length: 908
sec-ch-ua: " Not A;Brand";v="99", "Chromium";v="90", "Google Chrome";v="90"
Accept: application/json, text/javascript, */*; q=0.01
sec-ch-ua-mobile: ?0
User-Agent: Mozilla/5.0 (Windows NT 10.0; Win64; x64) AppleWebKit/537.36 (KHTML, like Gecko) Chrome/90.0.4430.212 Safari/537.36
Content-Type: application/x-www-form-urlencoded; charset=UTF-8
Origin: https://www.pandalive.co.kr
Sec-Fetch-Site: same-site
Sec-Fetch-Mode: cors
Sec-Fetch-Dest: empty
Referer: https://www.pandalive.co.kr/
Accept-Encoding: gzip, deflate, br
Accept-Language: en-US,en;q=0.9
Cookie: sessKey=bb7669b40f599b514fc6be0372eb6f2018841ca38e4b2714233e56fa6a574448; partner=pandatv; _ga=GA1.1.831979280.1621253343; _gcl_au=1.1.507821996.1621253343; appier_utmz=%7B%22csr%22%3A%22www.pandalive.co.kr%22%2C%22timestamp%22%3A1621253343%7D; _atrk_siteuid=gYCeoCFwSnnOtxIw; _atrk_ssid=pqF4tuG0d-34y6F02ROGEa; _atrk_sessidx=1; appier_pv_counterPageView_fc1d=0; appier_page_isView_PageView_fc1d=1aa2f1a20984838737334bf0f37dd45a0236416bd2a1b7090bfd524ea7d546a6; appier_pv_counterViewTwoPages_a9a9=0; appier_page_isView_ViewTwoPages_a9a9=1aa2f1a20984838737334bf0f37dd45a0236416bd2a1b7090bfd524ea7d546a6; iUUID=3d215aeeb66fcceb2c4bc904a2953cf7; innity.dmp.806.sess.id=172594593.806.1621253344369; innity.dmp.cks.appxs=1; innity.dmp.cks.innity=1; _wp_uid=1-e4d5bdada71033f37e61aacc7d558571-s1621253366.505977|windows_10|chrome-4homfs; userLoginIdx=12836893; userLoginYN=Y; userLoginSaveYN=N; 3be3f8e358abbf54cec643229de77fc9e4f3f0bbc9b171580d45d13aaa374c16=PdCkVUFjO019Eb8N%2FDHrNDM61Pg7Qmn%2FPOM4fygDbQ4sFrq0EuYuxL5KVKgdhcssBvx80KNUAiKVJGO2RfEyiECrogww9QK%2BzGYZyBEnortlkYH9gFFyXevDadxaPiDtWGpWHmaBw2B9KPY4x8U8j7Iq4egQajTy3KAWPt5IF32hXAggyJooodlV9Vo0oAkY; userReferer=https%3A%2F%2Fwww.pandalive.co.kr%2F; _ga_W91XDLC3YE=GS1.1.1621253343.1.1.1621253349.0; _ga_NGSHFJTQS1=GS1.1.1621253343.1.1.1621253349.0; innity.dmp.806.sess=2.1621253344369.1621253344369.1621253350158

NgxdaEY0ZX2DdK1XoaA=mainLive&Y6K2VQRw0MfwbPfZ4Dna=224&AYNUR1c5v-yi4dNLpZWlOU=126&PL2SAuzDQgv_a4_EcI4Nln1wgRx4Bzo=15&H5XAgw1OdK1zAu2GFv1uthl=Y5Wc5g8yWFaEkeD0rF8pSEhcAg7SodrEkezxrFhpVInyTL8tON8IDDzjc1npO68cEgqtON8IADzjrwu_KH7bTPnQRtaEFiykdMGpLQocTDqQPsNv4Bzo&_i3nY6v7ot9WIAugPuZ6Pj3WlOU=HTtKdae5g82WF7I6Ffl_S4cL6W1BoNTworD9BCkaOucOQ81Ck4ZwY81giSgUQ8d7d7e9p3yV6u2FDTmrwfYEDbeJgbSOt8FiZikfM7oJpoBTDqQSsaF7iykdMvtVInZTL8SLpOEieikby7pVInyTLrQllbDHZilsZ7dB1WBQlaSolrEjeSw_wfnOMI2EoNTlxbEG2PlrxupSEocQhntvceDg6SwV97oBPoBTAqtmZ827DTmrSTtHEWcC5NTON8IGDD3uthl&Yt40SkS4eFP1sNLe4Dna=1621253350&AYohuyc98ugPuZ6Pj3WlOU=09f9f7b9ab322fa6bb55c4d1193857a50fed3c83e41094a7a928a802b053de12&yQv1sB81otLfILAZU_XYXoaA=bb7669b40f599b514fc6be0372eb6f2018841ca38e4b2714233e56fa6a574448&o3GVexFtLZADj4Idn1w0S34Bzo=936515c0c12f54e6777a32eb3bf14cd339744b624dfc0b42839896a33d790954&YtK1kkS4aBf-Yxfc4Dna=webPc&y6RycBO1oZLfADX_9tKZXoaA=1.0.0
2021-05-17 21:09:10 : POST https://api.pandalive.co.kr/live/cache HTTP/1.1
NgxdaEY0ZX2DdK1XoaA=mainLive&Y6K2VQRw0MfwbPfZ4Dna=224&AYNUR1c5v-yi4dNLpZWlOU=126&PL2SAuzDQgv_a4_EcI4Nln1wgRx4Bzo=15&H5XAgw1OdK1zAu2GFv1uthl=Y5Wc5g8yWFaEkeD0rF8pSEhcAg7SodrEkezxrFhpVInyTL8tON8IDDzjc1npO68cEgqtON8IADzjrwu_KH7bTPnQRtaEFiykdMGpLQocTDqQPsNv4Bzo&_i3nY6v7ot9WIAugPuZ6Pj3WlOU=HTtKdae5g82WF7I6Ffl_S4cL6W1BoNTworD9BCkaOucOQ81Ck4ZwY81giSgUQ8d7d7e9p3yV6u2FDTmrwfYEDbeJgbSOt8FiZikfM7oJpoBTDqQSsaF7iykdMvtVInZTL8SLpOEieikby7pVInyTLrQllbDHZilsZ7dB1WBQlaSolrEjeSw_wfnOMI2EoNTlxbEG2PlrxupSEocQhntvceDg6SwV97oBPoBTAqtmZ827DTmrSTtHEWcC5NTON8IGDD3uthl&Yt40SkS4eFP1sNLe4Dna=1621253350&AYohuyc98ugPuZ6Pj3WlOU=09f9f7b9ab322fa6bb55c4d1193857a50fed3c83e41094a7a928a802b053de12&yQv1sB81otLfILAZU_XYXoaA=bb7669b40f599b514fc6be0372eb6f2018841ca38e4b2714233e56fa6a574448&o3GVexFtLZADj4Idn1w0S34Bzo=936515c0c12f54e6777a32eb3bf14cd339744b624dfc0b42839896a33d790954&YtK1kkS4aBf-Yxfc4Dna=webPc&y6RycBO1oZLfADX_9tKZXoaA=1.0.0
