2021-05-17 22:13:07 : POST /member/loginInfo HTTP/1.1
Host: api.pandalive.co.kr
Connection: keep-alive
Content-Length: 671
sec-ch-ua: " Not A;Brand";v="99", "Chromium";v="90", "Google Chrome";v="90"
Accept: application/json, text/javascript, */*; q=0.01
sec-ch-ua-mobile: ?0
User-Agent: Mozilla/5.0 (Windows NT 10.0; Win64; x64) AppleWebKit/537.36 (KHTML, like Gecko) Chrome/90.0.4430.212 Safari/537.36
Content-Type: application/x-www-form-urlencoded; charset=UTF-8
Origin: https://www.pandalive.co.kr
Sec-Fetch-Site: same-site
Sec-Fetch-Mode: cors
Sec-Fetch-Dest: empty
Referer: https://www.pandalive.co.kr/
Accept-Encoding: gzip, deflate, br
Accept-Language: en-US,en;q=0.9
Cookie: sessKey=c4d2766a4e89373938d5573541702653168d36a4294c5e642e044b261240c0f6; 3be3f8e358abbf54cec643229de77fc9e4f3f0bbc9b171580d45d13aaa374c16=BbTgXARN2BlAg3JbKXUypPjFmHrRZl8VqCgsJxoStluJAAlGpLq2X7LPId0CJBSxXo2PFXb2KLkvxOUtgKgY3uA8ixNcN%2B0GEaxukbeN3YqI%2Fr2nGJPyPSnrCxew%2FnRbYkh3cw1AK2YtF4zYGdjaSiTsyV80oAcVzmpbrNTheJKrn60CyO%2FRjCHE3lbPKuqc; partner=pandatv; userReferer=https%3A%2F%2Fwww.pandalive.co.kr%2Fmember%2Flogin; _ga_W91XDLC3YE=GS1.1.1621257186.1.0.1621257186.0; _ga=GA1.1.1345940329.1621257186; _gcl_au=1.1.405082965.1621257186; _ga_NGSHFJTQS1=GS1.1.1621257186.1.0.1621257186.0

_i3nY6v7ot9WIAugPuZ6Pj3WlOU=HTtJoI1GMYsZsv17Mfxgmhe7l8eAhOsWxu2iaCwoN7oA9oB7cYSMlREhciwntGpBDh2QdYtuwbE7tSgsRhq72qyUpn0w0CIkejx_amZ7d7eCcqSqhODglzkZJ8nPI7bT9nQRtaEFiykdMvtVInZTLbtPtODieikby7pVInyTLrQmdeE8HylbOvoNIpBBZ7Zol8Da5Cw_9vpPMABCoKTmxOEi2Skd17pP6hc8s7tVUOEKcCla9GnA9W29watoleD8DTmrSTtHEoc7cNSNN8IGDD3uthl&Yt40SkS4eFP1sNLe4Dna=1621257186&AYohuyc98ugPuZ6Pj3WlOU=ccd2f71f062ae161f0cf91e57595011881edcd02311166bb2b13c2ffeaa69524&yQv1sB81otLfILAZU_XYXoaA=c4d2766a4e89373938d5573541702653168d36a4294c5e642e044b261240c0f6&o3GVexFtLZADj4Idn1w0S34Bzo=d244778ea78c56d89e7034a019c0e506e16f1997daaca3e405a8356c3173daae&YtK1kkS4aBf-Yxfc4Dna=webPc&y6RycBO1oZLfADX_9tKZXoaA=1.0.0
2021-05-17 22:13:10 : POST /member/login HTTP/1.1
Host: api.pandalive.co.kr
Connection: keep-alive
Content-Length: 779
sec-ch-ua: " Not A;Brand";v="99", "Chromium";v="90", "Google Chrome";v="90"
Accept: application/json, text/javascript, */*; q=0.01
sec-ch-ua-mobile: ?0
User-Agent: Mozilla/5.0 (Windows NT 10.0; Win64; x64) AppleWebKit/537.36 (KHTML, like Gecko) Chrome/90.0.4430.212 Safari/537.36
Content-Type: application/x-www-form-urlencoded; charset=UTF-8
Origin: https://www.pandalive.co.kr
Sec-Fetch-Site: same-site
Sec-Fetch-Mode: cors
Sec-Fetch-Dest: empty
Referer: https://www.pandalive.co.kr/
Accept-Encoding: gzip, deflate, br
Accept-Language: en-US,en;q=0.9
Cookie: sessKey=c4d2766a4e89373938d5573541702653168d36a4294c5e642e044b261240c0f6; 3be3f8e358abbf54cec643229de77fc9e4f3f0bbc9b171580d45d13aaa374c16=BbTgXARN2BlAg3JbKXUypPjFmHrRZl8VqCgsJxoStluJAAlGpLq2X7LPId0CJBSxXo2PFXb2KLkvxOUtgKgY3uA8ixNcN%2B0GEaxukbeN3YqI%2Fr2nGJPyPSnrCxew%2FnRbYkh3cw1AK2YtF4zYGdjaSiTsyV80oAcVzmpbrNTheJKrn60CyO%2FRjCHE3lbPKuqc; partner=pandatv; userReferer=https%3A%2F%2Fwww.pandalive.co.kr%2Fmember%2Flogin; _ga_W91XDLC3YE=GS1.1.1621257186.1.0.1621257186.0; _ga=GA1.1.1345940329.1621257186; _gcl_au=1.1.405082965.1621257186; _ga_NGSHFJTQS1=GS1.1.1621257186.1.0.1621257186.0; appier_utmz=%7B%22csr%22%3A%22www.pandalive.co.kr%22%2C%22timestamp%22%3A1621257187%7D; _atrk_siteuid=xiheiYRzzPN14yha; _atrk_ssid=B1WOIr03Z9iydWjEqmJK_g; _atrk_sessidx=1; appier_pv_counterPageView_fc1d=0; appier_page_isView_PageView_fc1d=1aa2f1a20984838737334bf0f37dd45a0236416bd2a1b7090bfd524ea7d546a6; appier_pv_counterViewTwoPages_a9a9=0; appier_page_isView_ViewTwoPages_a9a9=1aa2f1a20984838737334bf0f37dd45a0236416bd2a1b7090bfd524ea7d546a6; _wp_uid=1-3fc91c4f9539e7db83af22e84efb2210-s1621257209.491217|windows_10|chrome-nvtyzw; iUUID=d6b599422f3f7c2db6b8aab8fb412559; innity.dmp.806.sess=1.1621257188460.1621257188460.1621257188460; innity.dmp.806.sess.id=81445570.806.1621257188460; innity.dmp.cks.appxs=1; innity.dmp.cks.innity=1

29X__Q4yowex4Bzo=dada5850&2wqZ_Q4yowex4Bzo=wnstjr123&AYUcv2W9f-yi4dNLpZWlOU=off&o36w9w_N3d85AZ_Q4yowex4Bzo=&_i3nY6v7ot9WIAugPuZ6Pj3WlOU=HTtJoI1GMYsZsv17Mfxgmhe7l8eAhOsWxu2iaCwoN7oA9oB7cYSMlREhciwntGpBDh2QdYtuwbE7tSgsRhq72qyUpn0w0CIkejx_amZ7d7eCcqSqhODglzkZJ8nPI7bT9nQRtaEFiykdMvtVInZTLbtPtODieikby7pVInyTLrQmdeE8HylbOvoNIpBBZ7Zol8Da5Cw_9vpPMABCoKTmxOEi2Skd17pP6hc8s7tVUOEKcCla9GnA9W29watoleD8DTmrSTtHEoc7cNSNN8IGDD3uthl&Yt40SkS4eFP1sNLe4Dna=1621257190&AYohuyc98ugPuZ6Pj3WlOU=ccd2f71f062ae161f0cf91e57595011881edcd02311166bb2b13c2ffeaa69524&yQv1sB81otLfILAZU_XYXoaA=c4d2766a4e89373938d5573541702653168d36a4294c5e642e044b261240c0f6&o3GVexFtLZADj4Idn1w0S34Bzo=d244778ea78c56d89e7034a019c0e506e16f1997daaca3e405a8356c3173daae&YtK1kkS4aBf-Yxfc4Dna=webPc&y6RycBO1oZLfADX_9tKZXoaA=1.0.0
2021-05-17 22:13:13 : POST /live/cache HTTP/1.1
Host: api.pandalive.co.kr
Connection: keep-alive
Content-Length: 914
sec-ch-ua: " Not A;Brand";v="99", "Chromium";v="90", "Google Chrome";v="90"
Accept: application/json, text/javascript, */*; q=0.01
sec-ch-ua-mobile: ?0
User-Agent: Mozilla/5.0 (Windows NT 10.0; Win64; x64) AppleWebKit/537.36 (KHTML, like Gecko) Chrome/90.0.4430.212 Safari/537.36
Content-Type: application/x-www-form-urlencoded; charset=UTF-8
Origin: https://www.pandalive.co.kr
Sec-Fetch-Site: same-site
Sec-Fetch-Mode: cors
Sec-Fetch-Dest: empty
Referer: https://www.pandalive.co.kr/
Accept-Encoding: gzip, deflate, br
Accept-Language: en-US,en;q=0.9
Cookie: sessKey=c4d2766a4e89373938d5573541702653168d36a4294c5e642e044b261240c0f6; partner=pandatv; _ga=GA1.1.1345940329.1621257186; _gcl_au=1.1.405082965.1621257186; appier_utmz=%7B%22csr%22%3A%22www.pandalive.co.kr%22%2C%22timestamp%22%3A1621257187%7D; _atrk_siteuid=xiheiYRzzPN14yha; _atrk_ssid=B1WOIr03Z9iydWjEqmJK_g; _atrk_sessidx=1; appier_pv_counterPageView_fc1d=0; appier_page_isView_PageView_fc1d=1aa2f1a20984838737334bf0f37dd45a0236416bd2a1b7090bfd524ea7d546a6; appier_pv_counterViewTwoPages_a9a9=0; appier_page_isView_ViewTwoPages_a9a9=1aa2f1a20984838737334bf0f37dd45a0236416bd2a1b7090bfd524ea7d546a6; _wp_uid=1-3fc91c4f9539e7db83af22e84efb2210-s1621257209.491217|windows_10|chrome-nvtyzw; iUUID=d6b599422f3f7c2db6b8aab8fb412559; innity.dmp.806.sess.id=81445570.806.1621257188460; innity.dmp.cks.appxs=1; innity.dmp.cks.innity=1; userLoginIdx=12836893; userLoginYN=Y; userLoginSaveYN=N; 3be3f8e358abbf54cec643229de77fc9e4f3f0bbc9b171580d45d13aaa374c16=lsFIK3sY3qlwMd%2BawYwr6JbSve6aNsp9563fCTLG6OImRyeR%2BasJxxTegfREg9DDxQzuCl26s42LqOytCvjUvZ4ADg434qtZ70Z6IwWMPLeO1hB8gSzOAzoZGxQ%2FfS8InWqGXo%2B4OCj5YHwVh4j3ZowaqTMzWLb1KEyHbUS78WwAI5gAIymc3WD7OFoaHgAR; userReferer=https%3A%2F%2Fwww.pandalive.co.kr%2F; innity.dmp.806.sess=2.1621257188460.1621257188460.1621257192784; _ga_NGSHFJTQS1=GS1.1.1621257186.1.1.1621257192.0; _ga_W91XDLC3YE=GS1.1.1621257186.1.1.1621257192.0

NgxdaEY0ZX2DdK1XoaA=rankingLive1&Y6K2VQRw0MfwbPfZ4Dna=224&AYNUR1c5v-yi4dNLpZWlOU=126&PL2SAuzDQgv_a4_EcI4Nln1wgRx4Bzo=20&H5XAgw1OdK1zAu2GFv1uthl=PJSKtaw7PTgdMGpLQocTDqQPsaFFeSmrFutHQ8bTXnQR18EkejwrFopMIhBAg7SodrEkezxrFWtAVIzTDqQQsaFhgSkXwvpMI8BEDqQusNv4Bzo&_i3nY6v7ot9WIAugPuZ6Pj3WlOU=l4rLhe7l8eAhOsWxu2iaCwoN7oA9oB7cYSMlREhciwntGpBDh2QdYtuwbE7tSgsRhq72qyUpn0w0CIkejx_amZ7d7eCcqSqhODglzkZJ8nPI7bT9nQRtaEFiykdMGpLQ8e5gO1WFNEgeClZQ7pN2Wc5gO2WF7II2vkqNGoNM8BDgKtN1r1GaSloxndPp8cBcntnleCIgCkZyvpLxWcBsaSLhrD9wCkVSnoOpobQp7ymdODGavlqRWn7EbeJoNTMZrCGtSgbRoX4Dna&Yt40SkS4eFP1sNLe4Dna=1621257193&AYohuyc98ugPuZ6Pj3WlOU=49ef5ebe3261eaac64e3d0e0aaceadcf6306cb74a685e579aaa866246de2dbfd&yQv1sB81otLfILAZU_XYXoaA=c4d2766a4e89373938d5573541702653168d36a4294c5e642e044b261240c0f6&o3GVexFtLZADj4Idn1w0S34Bzo=3765ebeb71177a1e3a58529cc7ce8b055292dfbdf4e8475db167bd3a73b0cd9b&YtK1kkS4aBf-Yxfc4Dna=webPc&y6RycBO1oZLfADX_9tKZXoaA=1.0.0
2021-05-17 22:13:13 : POST https://api.pandalive.co.kr/live/cache HTTP/1.1
NgxdaEY0ZX2DdK1XoaA=rankingLive1&Y6K2VQRw0MfwbPfZ4Dna=224&AYNUR1c5v-yi4dNLpZWlOU=126&PL2SAuzDQgv_a4_EcI4Nln1wgRx4Bzo=20&H5XAgw1OdK1zAu2GFv1uthl=PJSKtaw7PTgdMGpLQocTDqQPsaFFeSmrFutHQ8bTXnQR18EkejwrFopMIhBAg7SodrEkezxrFWtAVIzTDqQQsaFhgSkXwvpMI8BEDqQusNv4Bzo&_i3nY6v7ot9WIAugPuZ6Pj3WlOU=l4rLhe7l8eAhOsWxu2iaCwoN7oA9oB7cYSMlREhciwntGpBDh2QdYtuwbE7tSgsRhq72qyUpn0w0CIkejx_amZ7d7eCcqSqhODglzkZJ8nPI7bT9nQRtaEFiykdMGpLQ8e5gO1WFNEgeClZQ7pN2Wc5gO2WF7II2vkqNGoNM8BDgKtN1r1GaSloxndPp8cBcntnleCIgCkZyvpLxWcBsaSLhrD9wCkVSnoOpobQp7ymdODGavlqRWn7EbeJoNTMZrCGtSgbRoX4Dna&Yt40SkS4eFP1sNLe4Dna=1621257193&AYohuyc98ugPuZ6Pj3WlOU=49ef5ebe3261eaac64e3d0e0aaceadcf6306cb74a685e579aaa866246de2dbfd&yQv1sB81otLfILAZU_XYXoaA=c4d2766a4e89373938d5573541702653168d36a4294c5e642e044b261240c0f6&o3GVexFtLZADj4Idn1w0S34Bzo=3765ebeb71177a1e3a58529cc7ce8b055292dfbdf4e8475db167bd3a73b0cd9b&YtK1kkS4aBf-Yxfc4Dna=webPc&y6RycBO1oZLfADX_9tKZXoaA=1.0.0
2021-05-17 22:13:13 : POST /live/cache HTTP/1.1
Host: api.pandalive.co.kr
Connection: keep-alive
Content-Length: 913
sec-ch-ua: " Not A;Brand";v="99", "Chromium";v="90", "Google Chrome";v="90"
Accept: application/json, text/javascript, */*; q=0.01
sec-ch-ua-mobile: ?0
User-Agent: Mozilla/5.0 (Windows NT 10.0; Win64; x64) AppleWebKit/537.36 (KHTML, like Gecko) Chrome/90.0.4430.212 Safari/537.36
Content-Type: application/x-www-form-urlencoded; charset=UTF-8
Origin: https://www.pandalive.co.kr
Sec-Fetch-Site: same-site
Sec-Fetch-Mode: cors
Sec-Fetch-Dest: empty
Referer: https://www.pandalive.co.kr/
Accept-Encoding: gzip, deflate, br
Accept-Language: en-US,en;q=0.9
Cookie: sessKey=c4d2766a4e89373938d5573541702653168d36a4294c5e642e044b261240c0f6; partner=pandatv; _ga=GA1.1.1345940329.1621257186; _gcl_au=1.1.405082965.1621257186; appier_utmz=%7B%22csr%22%3A%22www.pandalive.co.kr%22%2C%22timestamp%22%3A1621257187%7D; _atrk_siteuid=xiheiYRzzPN14yha; _atrk_ssid=B1WOIr03Z9iydWjEqmJK_g; _atrk_sessidx=1; appier_pv_counterPageView_fc1d=0; appier_page_isView_PageView_fc1d=1aa2f1a20984838737334bf0f37dd45a0236416bd2a1b7090bfd524ea7d546a6; appier_pv_counterViewTwoPages_a9a9=0; appier_page_isView_ViewTwoPages_a9a9=1aa2f1a20984838737334bf0f37dd45a0236416bd2a1b7090bfd524ea7d546a6; _wp_uid=1-3fc91c4f9539e7db83af22e84efb2210-s1621257209.491217|windows_10|chrome-nvtyzw; iUUID=d6b599422f3f7c2db6b8aab8fb412559; innity.dmp.806.sess.id=81445570.806.1621257188460; innity.dmp.cks.appxs=1; innity.dmp.cks.innity=1; userLoginIdx=12836893; userLoginYN=Y; userLoginSaveYN=N; 3be3f8e358abbf54cec643229de77fc9e4f3f0bbc9b171580d45d13aaa374c16=lsFIK3sY3qlwMd%2BawYwr6JbSve6aNsp9563fCTLG6OImRyeR%2BasJxxTegfREg9DDxQzuCl26s42LqOytCvjUvZ4ADg434qtZ70Z6IwWMPLeO1hB8gSzOAzoZGxQ%2FfS8InWqGXo%2B4OCj5YHwVh4j3ZowaqTMzWLb1KEyHbUS78WwAI5gAIymc3WD7OFoaHgAR; userReferer=https%3A%2F%2Fwww.pandalive.co.kr%2F; innity.dmp.806.sess=2.1621257188460.1621257188460.1621257192784; _ga_NGSHFJTQS1=GS1.1.1621257186.1.1.1621257192.0; _ga_W91XDLC3YE=GS1.1.1621257186.1.1.1621257192.0

NgxdaEY0ZX2DdK1XoaA=mainLive&Y6K2VQRw0MfwbPfZ4Dna=224&AYNUR1c5v-yi4dNLpZWlOU=126&PL2SAuzDQgv_a4_EcI4Nln1wgRx4Bzo=15&H5XAgw1OdK1zAu2GFv1uthl=aWLl8eBhOsnx8Ej6SkcQvoMl8ePhOsnx8Ej6SkcQvoMl8eRhOsMx8C7PPghw7pVIv2TLOSKtNy7PTgdMGpLQocFZqQKtax7PTgoKm_7l8eIhb3XoaA&_i3nY6v7ot9WIAugPuZ6Pj3WlOU=l4rLhe7l8eAhOsWxu2iaCwoN7oA9oB7cYSMlREhciwntGpBDh2QdYtuwbE7tSgsRhq72qyUpn0w0CIkejx_amZ7d7eCcqSqhODglzkZJ8nPI7bT9nQRtaEFiykdMGpLQ8e5gO1WFNEgeClZQ7pN2Wc5gO2WF7II2vkqNGoNM8BDgKtN1r1GaSloxndPp8cBcntnleCIgCkZyvpLxWcBsaSLhrD9wCkVSnoOpobQp7ymdODGavlqRWn7EbeJoNTMZrCGtSgbRoX4Dna&Yt40SkS4eFP1sNLe4Dna=1621257193&AYohuyc98ugPuZ6Pj3WlOU=49ef5ebe3261eaac64e3d0e0aaceadcf6306cb74a685e579aaa866246de2dbfd&yQv1sB81otLfILAZU_XYXoaA=c4d2766a4e89373938d5573541702653168d36a4294c5e642e044b261240c0f6&o3GVexFtLZADj4Idn1w0S34Bzo=3765ebeb71177a1e3a58529cc7ce8b055292dfbdf4e8475db167bd3a73b0cd9b&YtK1kkS4aBf-Yxfc4Dna=webPc&y6RycBO1oZLfADX_9tKZXoaA=1.0.0
2021-05-17 22:13:13 : POST https://api.pandalive.co.kr/live/cache HTTP/1.1
NgxdaEY0ZX2DdK1XoaA=mainLive&Y6K2VQRw0MfwbPfZ4Dna=224&AYNUR1c5v-yi4dNLpZWlOU=126&PL2SAuzDQgv_a4_EcI4Nln1wgRx4Bzo=15&H5XAgw1OdK1zAu2GFv1uthl=aWLl8eBhOsnx8Ej6SkcQvoMl8ePhOsnx8Ej6SkcQvoMl8eRhOsMx8C7PPghw7pVIv2TLOSKtNy7PTgdMGpLQocFZqQKtax7PTgoKm_7l8eIhb3XoaA&_i3nY6v7ot9WIAugPuZ6Pj3WlOU=l4rLhe7l8eAhOsWxu2iaCwoN7oA9oB7cYSMlREhciwntGpBDh2QdYtuwbE7tSgsRhq72qyUpn0w0CIkejx_amZ7d7eCcqSqhODglzkZJ8nPI7bT9nQRtaEFiykdMGpLQ8e5gO1WFNEgeClZQ7pN2Wc5gO2WF7II2vkqNGoNM8BDgKtN1r1GaSloxndPp8cBcntnleCIgCkZyvpLxWcBsaSLhrD9wCkVSnoOpobQp7ymdODGavlqRWn7EbeJoNTMZrCGtSgbRoX4Dna&Yt40SkS4eFP1sNLe4Dna=1621257193&AYohuyc98ugPuZ6Pj3WlOU=49ef5ebe3261eaac64e3d0e0aaceadcf6306cb74a685e579aaa866246de2dbfd&yQv1sB81otLfILAZU_XYXoaA=c4d2766a4e89373938d5573541702653168d36a4294c5e642e044b261240c0f6&o3GVexFtLZADj4Idn1w0S34Bzo=3765ebeb71177a1e3a58529cc7ce8b055292dfbdf4e8475db167bd3a73b0cd9b&YtK1kkS4aBf-Yxfc4Dna=webPc&y6RycBO1oZLfADX_9tKZXoaA=1.0.0
2021-05-17 22:13:13 : POST /member/loginInfo HTTP/1.1
Host: api.pandalive.co.kr
Connection: keep-alive
Content-Length: 658
sec-ch-ua: " Not A;Brand";v="99", "Chromium";v="90", "Google Chrome";v="90"
Accept: application/json, text/javascript, */*; q=0.01
sec-ch-ua-mobile: ?0
User-Agent: Mozilla/5.0 (Windows NT 10.0; Win64; x64) AppleWebKit/537.36 (KHTML, like Gecko) Chrome/90.0.4430.212 Safari/537.36
Content-Type: application/x-www-form-urlencoded; charset=UTF-8
Origin: https://www.pandalive.co.kr
Sec-Fetch-Site: same-site
Sec-Fetch-Mode: cors
Sec-Fetch-Dest: empty
Referer: https://www.pandalive.co.kr/
Accept-Encoding: gzip, deflate, br
Accept-Language: en-US,en;q=0.9
Cookie: sessKey=c4d2766a4e89373938d5573541702653168d36a4294c5e642e044b261240c0f6; partner=pandatv; _ga=GA1.1.1345940329.1621257186; _gcl_au=1.1.405082965.1621257186; appier_utmz=%7B%22csr%22%3A%22www.pandalive.co.kr%22%2C%22timestamp%22%3A1621257187%7D; _atrk_siteuid=xiheiYRzzPN14yha; _atrk_ssid=B1WOIr03Z9iydWjEqmJK_g; _atrk_sessidx=1; appier_pv_counterPageView_fc1d=0; appier_page_isView_PageView_fc1d=1aa2f1a20984838737334bf0f37dd45a0236416bd2a1b7090bfd524ea7d546a6; appier_pv_counterViewTwoPages_a9a9=0; appier_page_isView_ViewTwoPages_a9a9=1aa2f1a20984838737334bf0f37dd45a0236416bd2a1b7090bfd524ea7d546a6; _wp_uid=1-3fc91c4f9539e7db83af22e84efb2210-s1621257209.491217|windows_10|chrome-nvtyzw; iUUID=d6b599422f3f7c2db6b8aab8fb412559; innity.dmp.806.sess.id=81445570.806.1621257188460; innity.dmp.cks.appxs=1; innity.dmp.cks.innity=1; userLoginIdx=12836893; userLoginYN=Y; userLoginSaveYN=N; 3be3f8e358abbf54cec643229de77fc9e4f3f0bbc9b171580d45d13aaa374c16=lsFIK3sY3qlwMd%2BawYwr6JbSve6aNsp9563fCTLG6OImRyeR%2BasJxxTegfREg9DDxQzuCl26s42LqOytCvjUvZ4ADg434qtZ70Z6IwWMPLeO1hB8gSzOAzoZGxQ%2FfS8InWqGXo%2B4OCj5YHwVh4j3ZowaqTMzWLb1KEyHbUS78WwAI5gAIymc3WD7OFoaHgAR; userReferer=https%3A%2F%2Fwww.pandalive.co.kr%2F; innity.dmp.806.sess=2.1621257188460.1621257188460.1621257192784; _ga_NGSHFJTQS1=GS1.1.1621257186.1.1.1621257192.0; _ga_W91XDLC3YE=GS1.1.1621257186.1.1.1621257192.0

_i3nY6v7ot9WIAugPuZ6Pj3WlOU=l4rLhe7l8eAhOsWxu2iaCwoN7oA9oB7cYSMlREhciwntGpBDh2QdYtuwbE7tSgsRhq72qyUpn0w0CIkejx_amZ7d7eCcqSqhODglzkZJ8nPI7bT9nQRtaEFiykdMGpLQ8e5gO1WFNEgeClZQ7pN2Wc5gO2WF7II2vkqNGoNM8BDgKtN1r1GaSloxndPp8cBcntnleCIgCkZyvpLxWcBsaSLhrD9wCkVSnoOpobQp7ymdODGavlqRWn7EbeJoNTMZrCGtSgbRoX4Dna&Yt40SkS4eFP1sNLe4Dna=1621257193&AYohuyc98ugPuZ6Pj3WlOU=49ef5ebe3261eaac64e3d0e0aaceadcf6306cb74a685e579aaa866246de2dbfd&yQv1sB81otLfILAZU_XYXoaA=c4d2766a4e89373938d5573541702653168d36a4294c5e642e044b261240c0f6&o3GVexFtLZADj4Idn1w0S34Bzo=3765ebeb71177a1e3a58529cc7ce8b055292dfbdf4e8475db167bd3a73b0cd9b&YtK1kkS4aBf-Yxfc4Dna=webPc&y6RycBO1oZLfADX_9tKZXoaA=1.0.0
