2021-05-17 20:10:33 : POST /member/loginInfo HTTP/1.1
Host: api.pandalive.co.kr
Connection: keep-alive
Content-Length: 664
sec-ch-ua: " Not A;Brand";v="99", "Chromium";v="90", "Google Chrome";v="90"
Accept: application/json, text/javascript, */*; q=0.01
sec-ch-ua-mobile: ?0
User-Agent: Mozilla/5.0 (Windows NT 10.0; Win64; x64) AppleWebKit/537.36 (KHTML, like Gecko) Chrome/90.0.4430.212 Safari/537.36
Content-Type: application/x-www-form-urlencoded; charset=UTF-8
Origin: https://www.pandalive.co.kr
Sec-Fetch-Site: same-site
Sec-Fetch-Mode: cors
Sec-Fetch-Dest: empty
Referer: https://www.pandalive.co.kr/
Accept-Encoding: gzip, deflate, br
Accept-Language: en-US,en;q=0.9
Cookie: sessKey=2aa89c60f58cbca9963ed5d9da30ea00ea81fda0534260ca71d375dbd50109bd; 3be3f8e358abbf54cec643229de77fc9e4f3f0bbc9b171580d45d13aaa374c16=ucYwJ0BaBj9jS5ZAWm01EqiRbGvqua1EDEABFyCQuvrgUrLbM7bdXhG4a%2FwhWuejm8xbaIRxwtEyRJixrqBfb%2BD%2BXKV4y7v4qJgD2XfWs2xkFcovxz%2BHgPHvJFAOegZSrji2yD8cJXsBDnnbTPOZXGPAsZxQ85fdQkTZI36JFy7%2ByGNkINtX3N2JnTszzFfV; partner=pandatv; userReferer=https%3A%2F%2Fwww.pandalive.co.kr%2Fmember%2Flogin

_i3nY6v7ot9WIAugPuZ6Pj3WlOU=YH7zM2Y0R2a3G5Pwgx4_Kdae5g82WF7I6Ffl_S4cL6W1BoNTworD9BCkaOucOQ81Ck4ZwY81giSgUQ8d7d7e9p3yV6u2FDTmrwfYEDbeJgbSOt8FiZikfM7oJpoBTDqQSsaF7iykrBvtLHnCEsNTkl8EgeSlcBvtPHnCTonyk1rEF6yxrV4oSEo1E17yv08DGaCkZM7d91Xc7c4ZP1r2aHCksV4n95o1QlqtkRr28D9wWwvcL2h2657yws8IkeD1rF8oTp8BCDqQosNv4Bzo&Yt40SkS4eFP1sNLe4Dna=1621249832&AYohuyc98ugPuZ6Pj3WlOU=8d0121f3afb4f75deb3d0d9379cae58a5f0d0b005693d1cb758c7124ee99b7f7&yQv1sB81otLfILAZU_XYXoaA=2aa89c60f58cbca9963ed5d9da30ea00ea81fda0534260ca71d375dbd50109bd&o3GVexFtLZADj4Idn1w0S34Bzo=6fd55ac5720b29a2a6f1c86cb272dd5bd435e724d339ece95840cddf52bb6b77&YtK1kkS4aBf-Yxfc4Dna=webPc&y6RycBO1oZLfADX_9tKZXoaA=1.0.0
2021-05-17 20:10:37 : POST /member/login HTTP/1.1
Host: api.pandalive.co.kr
Connection: keep-alive
Content-Length: 772
sec-ch-ua: " Not A;Brand";v="99", "Chromium";v="90", "Google Chrome";v="90"
Accept: application/json, text/javascript, */*; q=0.01
sec-ch-ua-mobile: ?0
User-Agent: Mozilla/5.0 (Windows NT 10.0; Win64; x64) AppleWebKit/537.36 (KHTML, like Gecko) Chrome/90.0.4430.212 Safari/537.36
Content-Type: application/x-www-form-urlencoded; charset=UTF-8
Origin: https://www.pandalive.co.kr
Sec-Fetch-Site: same-site
Sec-Fetch-Mode: cors
Sec-Fetch-Dest: empty
Referer: https://www.pandalive.co.kr/
Accept-Encoding: gzip, deflate, br
Accept-Language: en-US,en;q=0.9
Cookie: sessKey=2aa89c60f58cbca9963ed5d9da30ea00ea81fda0534260ca71d375dbd50109bd; 3be3f8e358abbf54cec643229de77fc9e4f3f0bbc9b171580d45d13aaa374c16=ucYwJ0BaBj9jS5ZAWm01EqiRbGvqua1EDEABFyCQuvrgUrLbM7bdXhG4a%2FwhWuejm8xbaIRxwtEyRJixrqBfb%2BD%2BXKV4y7v4qJgD2XfWs2xkFcovxz%2BHgPHvJFAOegZSrji2yD8cJXsBDnnbTPOZXGPAsZxQ85fdQkTZI36JFy7%2ByGNkINtX3N2JnTszzFfV; partner=pandatv; userReferer=https%3A%2F%2Fwww.pandalive.co.kr%2Fmember%2Flogin; _ga_W91XDLC3YE=GS1.1.1621249833.1.0.1621249833.0; _ga=GA1.1.545789793.1621249833; appier_utmz=%7B%22csr%22%3A%22www.pandalive.co.kr%22%2C%22timestamp%22%3A1621249833%7D; _atrk_siteuid=2gt7ARF6Hxx207L_; _atrk_ssid=bstYixQvzGratXCh6JDC89; _atrk_sessidx=1; appier_pv_counterPageView_fc1d=0; appier_page_isView_PageView_fc1d=1aa2f1a20984838737334bf0f37dd45a0236416bd2a1b7090bfd524ea7d546a6; appier_pv_counterViewTwoPages_a9a9=0; appier_page_isView_ViewTwoPages_a9a9=1aa2f1a20984838737334bf0f37dd45a0236416bd2a1b7090bfd524ea7d546a6; _gcl_au=1.1.920123142.1621249833; _ga_NGSHFJTQS1=GS1.1.1621249833.1.0.1621249833.0; _wp_uid=1-bffacf53172cd0181c1b04253627f741-s1621249853.619436|windows_10|chrome-ynsua8; iUUID=8dafde130ed17cb0eef439c32bafefba; innity.dmp.806.sess=1.1621249835106.1621249835106.1621249835106; innity.dmp.806.sess.id=239755530.806.1621249835106; innity.dmp.cks.appxs=1; innity.dmp.cks.innity=1

29X__Q4yowex4Bzo=dada5850&2wqZ_Q4yowex4Bzo=wnstjr123&AYUcv2W9f-yi4dNLpZWlOU=off&o36w9w_N3d85AZ_Q4yowex4Bzo=&_i3nY6v7ot9WIAugPuZ6Pj3WlOU=YH7zM2Y0R2a3G5Pwgx4_Kdae5g82WF7I6Ffl_S4cL6W1BoNTworD9BCkaOucOQ81Ck4ZwY81giSgUQ8d7d7e9p3yV6u2FDTmrwfYEDbeJgbSOt8FiZikfM7oJpoBTDqQSsaF7iykrBvtLHnCEsNTkl8EgeSlcBvtPHnCTonyk1rEF6yxrV4oSEo1E17yv08DGaCkZM7d91Xc7c4ZP1r2aHCksV4n95o1QlqtkRr28D9wWwvcL2h2657yws8IkeD1rF8oTp8BCDqQosNv4Bzo&Yt40SkS4eFP1sNLe4Dna=1621249837&AYohuyc98ugPuZ6Pj3WlOU=8d0121f3afb4f75deb3d0d9379cae58a5f0d0b005693d1cb758c7124ee99b7f7&yQv1sB81otLfILAZU_XYXoaA=2aa89c60f58cbca9963ed5d9da30ea00ea81fda0534260ca71d375dbd50109bd&o3GVexFtLZADj4Idn1w0S34Bzo=6fd55ac5720b29a2a6f1c86cb272dd5bd435e724d339ece95840cddf52bb6b77&YtK1kkS4aBf-Yxfc4Dna=webPc&y6RycBO1oZLfADX_9tKZXoaA=1.0.0
2021-05-17 20:10:40 : POST /member/loginInfo HTTP/1.1
Host: api.pandalive.co.kr
Connection: keep-alive
Content-Length: 659
sec-ch-ua: " Not A;Brand";v="99", "Chromium";v="90", "Google Chrome";v="90"
Accept: application/json, text/javascript, */*; q=0.01
sec-ch-ua-mobile: ?0
User-Agent: Mozilla/5.0 (Windows NT 10.0; Win64; x64) AppleWebKit/537.36 (KHTML, like Gecko) Chrome/90.0.4430.212 Safari/537.36
Content-Type: application/x-www-form-urlencoded; charset=UTF-8
Origin: https://www.pandalive.co.kr
Sec-Fetch-Site: same-site
Sec-Fetch-Mode: cors
Sec-Fetch-Dest: empty
Referer: https://www.pandalive.co.kr/
Accept-Encoding: gzip, deflate, br
Accept-Language: en-US,en;q=0.9
Cookie: sessKey=2aa89c60f58cbca9963ed5d9da30ea00ea81fda0534260ca71d375dbd50109bd; partner=pandatv; _ga=GA1.1.545789793.1621249833; appier_utmz=%7B%22csr%22%3A%22www.pandalive.co.kr%22%2C%22timestamp%22%3A1621249833%7D; _atrk_siteuid=2gt7ARF6Hxx207L_; _atrk_ssid=bstYixQvzGratXCh6JDC89; _atrk_sessidx=1; appier_pv_counterPageView_fc1d=0; appier_page_isView_PageView_fc1d=1aa2f1a20984838737334bf0f37dd45a0236416bd2a1b7090bfd524ea7d546a6; appier_pv_counterViewTwoPages_a9a9=0; appier_page_isView_ViewTwoPages_a9a9=1aa2f1a20984838737334bf0f37dd45a0236416bd2a1b7090bfd524ea7d546a6; _gcl_au=1.1.920123142.1621249833; _wp_uid=1-bffacf53172cd0181c1b04253627f741-s1621249853.619436|windows_10|chrome-ynsua8; iUUID=8dafde130ed17cb0eef439c32bafefba; innity.dmp.806.sess.id=239755530.806.1621249835106; innity.dmp.cks.appxs=1; innity.dmp.cks.innity=1; userLoginIdx=12836893; userLoginYN=Y; userLoginSaveYN=N; 3be3f8e358abbf54cec643229de77fc9e4f3f0bbc9b171580d45d13aaa374c16=Vw4pJVThI%2FKg9tiEEeiTRRjRnrtDXXT9KCszp4okmhXo6lhgll4qKvrv9Sirz%2FU82xaoMlsDZrdjGvl%2BKaQitp7%2B8UbnMTeBZicPqbiJ%2FE2CNiOwYRcmiMe7dnspjkpsLbF4hacW%2FdNkFJZ4QRV0nyrNco5f0OYITBew5s0349F4L%2FAz6W1bFN63KSY0CDDL; userReferer=https%3A%2F%2Fwww.pandalive.co.kr%2F; _ga_W91XDLC3YE=GS1.1.1621249833.1.1.1621249838.0; _ga_NGSHFJTQS1=GS1.1.1621249833.1.1.1621249839.0; innity.dmp.806.sess=2.1621249835106.1621249835106.1621249839949

_i3nY6v7ot9WIAugPuZ6Pj3WlOU=PmQpFAIkej2rFWt6LXBBk4ZPhr1Haymst7o9DhcCcnZn181hcfxs2vcMQ8e5g8yWF7II9ewpK4dLH7bTsK2SoCIDeDkcQvqQxWcHZ7tqRbD7tSgkRhq7QocFZNSP1bEFiSgUQhZ7dnbA57TNtrEG2ikUQhY7d7eRh4TPxbEiaPwpxnoOAXc8cYyPd8EHcildOfcBLobUtKSPxu1FciwpaGcQAX1Cw7TkxR27BvmZyfpREXb7c4yot7C7cOghUGnR2ocCDqQosNv4Bzo&Yt40SkS4eFP1sNLe4Dna=1621249839&AYohuyc98ugPuZ6Pj3WlOU=178a468cbd0b05108620a7c7c4714649f63931406554d2f214e122a32e3f3a91&yQv1sB81otLfILAZU_XYXoaA=2aa89c60f58cbca9963ed5d9da30ea00ea81fda0534260ca71d375dbd50109bd&o3GVexFtLZADj4Idn1w0S34Bzo=5b5a739dd45ab960ef6560723f0c211f31f391bdb63996c9481903b67c3e5635&YtK1kkS4aBf-Yxfc4Dna=webPc&y6RycBO1oZLfADX_9tKZXoaA=1.0.0
2021-05-17 20:10:40 : POST /live/cache HTTP/1.1
Host: api.pandalive.co.kr
Connection: keep-alive
Content-Length: 916
sec-ch-ua: " Not A;Brand";v="99", "Chromium";v="90", "Google Chrome";v="90"
Accept: application/json, text/javascript, */*; q=0.01
sec-ch-ua-mobile: ?0
User-Agent: Mozilla/5.0 (Windows NT 10.0; Win64; x64) AppleWebKit/537.36 (KHTML, like Gecko) Chrome/90.0.4430.212 Safari/537.36
Content-Type: application/x-www-form-urlencoded; charset=UTF-8
Origin: https://www.pandalive.co.kr
Sec-Fetch-Site: same-site
Sec-Fetch-Mode: cors
Sec-Fetch-Dest: empty
Referer: https://www.pandalive.co.kr/
Accept-Encoding: gzip, deflate, br
Accept-Language: en-US,en;q=0.9
Cookie: sessKey=2aa89c60f58cbca9963ed5d9da30ea00ea81fda0534260ca71d375dbd50109bd; partner=pandatv; _ga=GA1.1.545789793.1621249833; appier_utmz=%7B%22csr%22%3A%22www.pandalive.co.kr%22%2C%22timestamp%22%3A1621249833%7D; _atrk_siteuid=2gt7ARF6Hxx207L_; _atrk_ssid=bstYixQvzGratXCh6JDC89; _atrk_sessidx=1; appier_pv_counterPageView_fc1d=0; appier_page_isView_PageView_fc1d=1aa2f1a20984838737334bf0f37dd45a0236416bd2a1b7090bfd524ea7d546a6; appier_pv_counterViewTwoPages_a9a9=0; appier_page_isView_ViewTwoPages_a9a9=1aa2f1a20984838737334bf0f37dd45a0236416bd2a1b7090bfd524ea7d546a6; _gcl_au=1.1.920123142.1621249833; _wp_uid=1-bffacf53172cd0181c1b04253627f741-s1621249853.619436|windows_10|chrome-ynsua8; iUUID=8dafde130ed17cb0eef439c32bafefba; innity.dmp.806.sess.id=239755530.806.1621249835106; innity.dmp.cks.appxs=1; innity.dmp.cks.innity=1; userLoginIdx=12836893; userLoginYN=Y; userLoginSaveYN=N; 3be3f8e358abbf54cec643229de77fc9e4f3f0bbc9b171580d45d13aaa374c16=Vw4pJVThI%2FKg9tiEEeiTRRjRnrtDXXT9KCszp4okmhXo6lhgll4qKvrv9Sirz%2FU82xaoMlsDZrdjGvl%2BKaQitp7%2B8UbnMTeBZicPqbiJ%2FE2CNiOwYRcmiMe7dnspjkpsLbF4hacW%2FdNkFJZ4QRV0nyrNco5f0OYITBew5s0349F4L%2FAz6W1bFN63KSY0CDDL; userReferer=https%3A%2F%2Fwww.pandalive.co.kr%2F; _ga_W91XDLC3YE=GS1.1.1621249833.1.1.1621249838.0; _ga_NGSHFJTQS1=GS1.1.1621249833.1.1.1621249839.0; innity.dmp.806.sess=2.1621249835106.1621249835106.1621249839949

NgxdaEY0ZX2DdK1XoaA=rankingLive1&Y6K2VQRw0MfwbPfZ4Dna=224&AYNUR1c5v-yi4dNLpZWlOU=126&PL2SAuzDQgv_a4_EcI4Nln1wgRx4Bzo=20&H5XAgw1OdK1zAu2GFv1uthl=R67oTpoBDcqSmx8C72PghMvpVInzTLOSKtNy7PzkbBvt6HnCFDqQNsaF7iykdMGpLQ8e5gO1WF7Iak90rBvtIHnC7sNTkl8EgeSlcBvt9HGYWlOU&_i3nY6v7ot9WIAugPuZ6Pj3WlOU=PmQpFAIkej2rFWt6LXBBk4ZPhr1Haymst7o9DhcCcnZn181hcfxs2vcMQ8e5g8yWF7II9ewpK4dLH7bTsK2SoCIDeDkcQvqQxWcHZ7tqRbD7tSgkRhq7QocFZNSP1bEFiSgUQhZ7dnbA57TNtrEG2ikUQhY7d7eRh4TPxbEiaPwpxnoOAXc8cYyPd8EHcildOfcBLobUtKSPxu1FciwpaGcQAX1Cw7TkxR27BvmZyfpREXb7c4yot7C7cOghUGnR2ocCDqQosNv4Bzo&Yt40SkS4eFP1sNLe4Dna=1621249840&AYohuyc98ugPuZ6Pj3WlOU=178a468cbd0b05108620a7c7c4714649f63931406554d2f214e122a32e3f3a91&yQv1sB81otLfILAZU_XYXoaA=2aa89c60f58cbca9963ed5d9da30ea00ea81fda0534260ca71d375dbd50109bd&o3GVexFtLZADj4Idn1w0S34Bzo=5b5a739dd45ab960ef6560723f0c211f31f391bdb63996c9481903b67c3e5635&YtK1kkS4aBf-Yxfc4Dna=webPc&y6RycBO1oZLfADX_9tKZXoaA=1.0.0
2021-05-17 20:10:40 : POST https://api.pandalive.co.kr/live/cache HTTP/1.1
NgxdaEY0ZX2DdK1XoaA=rankingLive1&Y6K2VQRw0MfwbPfZ4Dna=224&AYNUR1c5v-yi4dNLpZWlOU=126&PL2SAuzDQgv_a4_EcI4Nln1wgRx4Bzo=20&H5XAgw1OdK1zAu2GFv1uthl=R67oTpoBDcqSmx8C72PghMvpVInzTLOSKtNy7PzkbBvt6HnCFDqQNsaF7iykdMGpLQ8e5gO1WF7Iak90rBvtIHnC7sNTkl8EgeSlcBvt9HGYWlOU&_i3nY6v7ot9WIAugPuZ6Pj3WlOU=PmQpFAIkej2rFWt6LXBBk4ZPhr1Haymst7o9DhcCcnZn181hcfxs2vcMQ8e5g8yWF7II9ewpK4dLH7bTsK2SoCIDeDkcQvqQxWcHZ7tqRbD7tSgkRhq7QocFZNSP1bEFiSgUQhZ7dnbA57TNtrEG2ikUQhY7d7eRh4TPxbEiaPwpxnoOAXc8cYyPd8EHcildOfcBLobUtKSPxu1FciwpaGcQAX1Cw7TkxR27BvmZyfpREXb7c4yot7C7cOghUGnR2ocCDqQosNv4Bzo&Yt40SkS4eFP1sNLe4Dna=1621249840&AYohuyc98ugPuZ6Pj3WlOU=178a468cbd0b05108620a7c7c4714649f63931406554d2f214e122a32e3f3a91&yQv1sB81otLfILAZU_XYXoaA=2aa89c60f58cbca9963ed5d9da30ea00ea81fda0534260ca71d375dbd50109bd&o3GVexFtLZADj4Idn1w0S34Bzo=5b5a739dd45ab960ef6560723f0c211f31f391bdb63996c9481903b67c3e5635&YtK1kkS4aBf-Yxfc4Dna=webPc&y6RycBO1oZLfADX_9tKZXoaA=1.0.0
2021-05-17 20:10:40 : POST /live/cache HTTP/1.1
Host: api.pandalive.co.kr
Connection: keep-alive
Content-Length: 908
sec-ch-ua: " Not A;Brand";v="99", "Chromium";v="90", "Google Chrome";v="90"
Accept: application/json, text/javascript, */*; q=0.01
sec-ch-ua-mobile: ?0
User-Agent: Mozilla/5.0 (Windows NT 10.0; Win64; x64) AppleWebKit/537.36 (KHTML, like Gecko) Chrome/90.0.4430.212 Safari/537.36
Content-Type: application/x-www-form-urlencoded; charset=UTF-8
Origin: https://www.pandalive.co.kr
Sec-Fetch-Site: same-site
Sec-Fetch-Mode: cors
Sec-Fetch-Dest: empty
Referer: https://www.pandalive.co.kr/
Accept-Encoding: gzip, deflate, br
Accept-Language: en-US,en;q=0.9
Cookie: sessKey=2aa89c60f58cbca9963ed5d9da30ea00ea81fda0534260ca71d375dbd50109bd; partner=pandatv; _ga=GA1.1.545789793.1621249833; appier_utmz=%7B%22csr%22%3A%22www.pandalive.co.kr%22%2C%22timestamp%22%3A1621249833%7D; _atrk_siteuid=2gt7ARF6Hxx207L_; _atrk_ssid=bstYixQvzGratXCh6JDC89; _atrk_sessidx=1; appier_pv_counterPageView_fc1d=0; appier_page_isView_PageView_fc1d=1aa2f1a20984838737334bf0f37dd45a0236416bd2a1b7090bfd524ea7d546a6; appier_pv_counterViewTwoPages_a9a9=0; appier_page_isView_ViewTwoPages_a9a9=1aa2f1a20984838737334bf0f37dd45a0236416bd2a1b7090bfd524ea7d546a6; _gcl_au=1.1.920123142.1621249833; _wp_uid=1-bffacf53172cd0181c1b04253627f741-s1621249853.619436|windows_10|chrome-ynsua8; iUUID=8dafde130ed17cb0eef439c32bafefba; innity.dmp.806.sess.id=239755530.806.1621249835106; innity.dmp.cks.appxs=1; innity.dmp.cks.innity=1; userLoginIdx=12836893; userLoginYN=Y; userLoginSaveYN=N; 3be3f8e358abbf54cec643229de77fc9e4f3f0bbc9b171580d45d13aaa374c16=Vw4pJVThI%2FKg9tiEEeiTRRjRnrtDXXT9KCszp4okmhXo6lhgll4qKvrv9Sirz%2FU82xaoMlsDZrdjGvl%2BKaQitp7%2B8UbnMTeBZicPqbiJ%2FE2CNiOwYRcmiMe7dnspjkpsLbF4hacW%2FdNkFJZ4QRV0nyrNco5f0OYITBew5s0349F4L%2FAz6W1bFN63KSY0CDDL; userReferer=https%3A%2F%2Fwww.pandalive.co.kr%2F; _ga_W91XDLC3YE=GS1.1.1621249833.1.1.1621249838.0; _ga_NGSHFJTQS1=GS1.1.1621249833.1.1.1621249839.0; innity.dmp.806.sess=2.1621249835106.1621249835106.1621249839949

NgxdaEY0ZX2DdK1XoaA=mainLive&Y6K2VQRw0MfwbPfZ4Dna=224&AYNUR1c5v-yi4dNLpZWlOU=126&PL2SAuzDQgv_a4_EcI4Nln1wgRx4Bzo=15&H5XAgw1OdK1zAu2GFv1uthl=mDzkdMGp7l8eFhOslhbCKaSkcQvoMl8ePhOsPN8IfDzjdBvtPHnCTsn0ps7C7NPghw7pVInzTLOTMVrCHeikby7pVIn1TL8tON8I6DD3uthl&_i3nY6v7ot9WIAugPuZ6Pj3WlOU=PmQpFAIkej2rFWt6LXBBk4ZPhr1Haymst7o9DhcCcnZn181hcfxs2vcMQ8e5g8yWF7II9ewpK4dLH7bTsK2SoCIDeDkcQvqQxWcHZ7tqRbD7tSgkRhq7QocFZNSP1bEFiSgUQhZ7dnbA57TNtrEG2ikUQhY7d7eRh4TPxbEiaPwpxnoOAXc8cYyPd8EHcildOfcBLobUtKSPxu1FciwpaGcQAX1Cw7TkxR27BvmZyfpREXb7c4yot7C7cOghUGnR2ocCDqQosNv4Bzo&Yt40SkS4eFP1sNLe4Dna=1621249840&AYohuyc98ugPuZ6Pj3WlOU=178a468cbd0b05108620a7c7c4714649f63931406554d2f214e122a32e3f3a91&yQv1sB81otLfILAZU_XYXoaA=2aa89c60f58cbca9963ed5d9da30ea00ea81fda0534260ca71d375dbd50109bd&o3GVexFtLZADj4Idn1w0S34Bzo=5b5a739dd45ab960ef6560723f0c211f31f391bdb63996c9481903b67c3e5635&YtK1kkS4aBf-Yxfc4Dna=webPc&y6RycBO1oZLfADX_9tKZXoaA=1.0.0
2021-05-17 20:10:40 : POST https://api.pandalive.co.kr/live/cache HTTP/1.1
NgxdaEY0ZX2DdK1XoaA=mainLive&Y6K2VQRw0MfwbPfZ4Dna=224&AYNUR1c5v-yi4dNLpZWlOU=126&PL2SAuzDQgv_a4_EcI4Nln1wgRx4Bzo=15&H5XAgw1OdK1zAu2GFv1uthl=mDzkdMGp7l8eFhOslhbCKaSkcQvoMl8ePhOsPN8IfDzjdBvtPHnCTsn0ps7C7NPghw7pVInzTLOTMVrCHeikby7pVIn1TL8tON8I6DD3uthl&_i3nY6v7ot9WIAugPuZ6Pj3WlOU=PmQpFAIkej2rFWt6LXBBk4ZPhr1Haymst7o9DhcCcnZn181hcfxs2vcMQ8e5g8yWF7II9ewpK4dLH7bTsK2SoCIDeDkcQvqQxWcHZ7tqRbD7tSgkRhq7QocFZNSP1bEFiSgUQhZ7dnbA57TNtrEG2ikUQhY7d7eRh4TPxbEiaPwpxnoOAXc8cYyPd8EHcildOfcBLobUtKSPxu1FciwpaGcQAX1Cw7TkxR27BvmZyfpREXb7c4yot7C7cOghUGnR2ocCDqQosNv4Bzo&Yt40SkS4eFP1sNLe4Dna=1621249840&AYohuyc98ugPuZ6Pj3WlOU=178a468cbd0b05108620a7c7c4714649f63931406554d2f214e122a32e3f3a91&yQv1sB81otLfILAZU_XYXoaA=2aa89c60f58cbca9963ed5d9da30ea00ea81fda0534260ca71d375dbd50109bd&o3GVexFtLZADj4Idn1w0S34Bzo=5b5a739dd45ab960ef6560723f0c211f31f391bdb63996c9481903b67c3e5635&YtK1kkS4aBf-Yxfc4Dna=webPc&y6RycBO1oZLfADX_9tKZXoaA=1.0.0
