2021-05-17 20:56:34 : POST /member/loginInfo HTTP/1.1
Host: api.pandalive.co.kr
Connection: keep-alive
Content-Length: 667
sec-ch-ua: " Not A;Brand";v="99", "Chromium";v="90", "Google Chrome";v="90"
Accept: application/json, text/javascript, */*; q=0.01
sec-ch-ua-mobile: ?0
User-Agent: Mozilla/5.0 (Windows NT 10.0; Win64; x64) AppleWebKit/537.36 (KHTML, like Gecko) Chrome/90.0.4430.212 Safari/537.36
Content-Type: application/x-www-form-urlencoded; charset=UTF-8
Origin: https://www.pandalive.co.kr
Sec-Fetch-Site: same-site
Sec-Fetch-Mode: cors
Sec-Fetch-Dest: empty
Referer: https://www.pandalive.co.kr/
Accept-Encoding: gzip, deflate, br
Accept-Language: en-US,en;q=0.9
Cookie: sessKey=0405b47b57eef9fa67fcf21391c523bd0204753e325a3eb7333f00dd0ca37c09; 3be3f8e358abbf54cec643229de77fc9e4f3f0bbc9b171580d45d13aaa374c16=me24YbOH%2BtqTxLA3YdsKMCnoxT0YFAmJ7Kb2zQxubHJEVNI%2BNfpVX1ZNkrMCy7fP4GtvYRM7dsDVcWLBucohX%2FfDyqp7%2FY0niEMfTJckMVXmFL5ZkuVAPbGeZv3DS%2FjUYKZCLHD3%2FklE8%2B9IuhWzodKa80dyO%2FbECDFfBs41SwU%3D; partner=pandatv; userReferer=https%3A%2F%2Fwww.pandalive.co.kr%2Fmember%2Flogin

_i3nY6v7ot9WIAugPuZ6Pj3WlOU=NOgfamcKcICZh3ZWAu1eIzvrBvtQHnCTc4yMlO2aHiloVGoTMIcAoYSnpr2ABykntndALIBPdNSWN8I6DzjryEY69AzU_mQKtq1HU91rFWtOM8cHsatO7aEiljm_QWn7pAeJgOSP18Ikez1rFopM28cAg7SodrEkez2rFWtUQh28k7yv0b19HykntnpOx82Ql7yMtOEaBilXUGpNQo1TlqSMpuEKcikbymdBw8BUx4Tugu1j6SwXUvdQQoBFgrTWpCIDcikWynoUl8eDhb3XoaA&Yt40SkS4eFP1sNLe4Dna=1621252593&AYohuyc98ugPuZ6Pj3WlOU=3a8b521ab746b293dda5ba6121276dbc4fa508a670ffdc63efc057a47d884191&yQv1sB81otLfILAZU_XYXoaA=0405b47b57eef9fa67fcf21391c523bd0204753e325a3eb7333f00dd0ca37c09&o3GVexFtLZADj4Idn1w0S34Bzo=a4939b6bc6d214b29577057baf8d6bb4508f0e6cc506a82fc56db23bb1ebf381&YtK1kkS4aBf-Yxfc4Dna=webPc&y6RycBO1oZLfADX_9tKZXoaA=1.0.0
2021-05-17 20:56:36 : POST /member/login HTTP/1.1
Host: api.pandalive.co.kr
Connection: keep-alive
Content-Length: 775
sec-ch-ua: " Not A;Brand";v="99", "Chromium";v="90", "Google Chrome";v="90"
Accept: application/json, text/javascript, */*; q=0.01
sec-ch-ua-mobile: ?0
User-Agent: Mozilla/5.0 (Windows NT 10.0; Win64; x64) AppleWebKit/537.36 (KHTML, like Gecko) Chrome/90.0.4430.212 Safari/537.36
Content-Type: application/x-www-form-urlencoded; charset=UTF-8
Origin: https://www.pandalive.co.kr
Sec-Fetch-Site: same-site
Sec-Fetch-Mode: cors
Sec-Fetch-Dest: empty
Referer: https://www.pandalive.co.kr/
Accept-Encoding: gzip, deflate, br
Accept-Language: en-US,en;q=0.9
Cookie: sessKey=0405b47b57eef9fa67fcf21391c523bd0204753e325a3eb7333f00dd0ca37c09; 3be3f8e358abbf54cec643229de77fc9e4f3f0bbc9b171580d45d13aaa374c16=me24YbOH%2BtqTxLA3YdsKMCnoxT0YFAmJ7Kb2zQxubHJEVNI%2BNfpVX1ZNkrMCy7fP4GtvYRM7dsDVcWLBucohX%2FfDyqp7%2FY0niEMfTJckMVXmFL5ZkuVAPbGeZv3DS%2FjUYKZCLHD3%2FklE8%2B9IuhWzodKa80dyO%2FbECDFfBs41SwU%3D; partner=pandatv; userReferer=https%3A%2F%2Fwww.pandalive.co.kr%2Fmember%2Flogin; _gcl_au=1.1.925137302.1621252594; appier_utmz=%7B%22csr%22%3A%22www.pandalive.co.kr%22%2C%22timestamp%22%3A1621252594%7D; _atrk_siteuid=MOrHYdvwLDC38zYG; _atrk_ssid=_5DEegvy2BGQP_QOJXIs7O; _atrk_sessidx=1; appier_pv_counterPageView_fc1d=0; appier_page_isView_PageView_fc1d=1aa2f1a20984838737334bf0f37dd45a0236416bd2a1b7090bfd524ea7d546a6; appier_pv_counterViewTwoPages_a9a9=0; appier_page_isView_ViewTwoPages_a9a9=1aa2f1a20984838737334bf0f37dd45a0236416bd2a1b7090bfd524ea7d546a6; _ga_NGSHFJTQS1=GS1.1.1621252593.1.0.1621252593.0; _ga=GA1.1.469938623.1621252594; _ga_W91XDLC3YE=GS1.1.1621252593.1.0.1621252593.0; iUUID=fa3b9929bb04085372e2de6bcc8f5857; innity.dmp.806.sess=1.1621252594301.1621252594301.1621252594301; innity.dmp.806.sess.id=211102082.806.1621252594301; innity.dmp.cks.appxs=1; innity.dmp.cks.innity=1; _wp_uid=1-0de9ff14ea8e66274b1d7c506037d8fc-s1621252615.169441|windows_10|chrome-1m7galj

29X__Q4yowex4Bzo=dada5850&2wqZ_Q4yowex4Bzo=wnstjr123&AYUcv2W9f-yi4dNLpZWlOU=off&o36w9w_N3d85AZ_Q4yowex4Bzo=&_i3nY6v7ot9WIAugPuZ6Pj3WlOU=NOgfamcKcICZh3ZWAu1eIzvrBvtQHnCTc4yMlO2aHiloVGoTMIcAoYSnpr2ABykntndALIBPdNSWN8I6DzjryEY69AzU_mQKtq1HU91rFWtOM8cHsatO7aEiljm_QWn7pAeJgOSP18Ikez1rFopM28cAg7SodrEkez2rFWtUQh28k7yv0b19HykntnpOx82Ql7yMtOEaBilXUGpNQo1TlqSMpuEKcikbymdBw8BUx4Tugu1j6SwXUvdQQoBFgrTWpCIDcikWynoUl8eDhb3XoaA&Yt40SkS4eFP1sNLe4Dna=1621252596&AYohuyc98ugPuZ6Pj3WlOU=3a8b521ab746b293dda5ba6121276dbc4fa508a670ffdc63efc057a47d884191&yQv1sB81otLfILAZU_XYXoaA=0405b47b57eef9fa67fcf21391c523bd0204753e325a3eb7333f00dd0ca37c09&o3GVexFtLZADj4Idn1w0S34Bzo=a4939b6bc6d214b29577057baf8d6bb4508f0e6cc506a82fc56db23bb1ebf381&YtK1kkS4aBf-Yxfc4Dna=webPc&y6RycBO1oZLfADX_9tKZXoaA=1.0.0
2021-05-17 20:56:38 : POST /member/loginInfo HTTP/1.1
Host: api.pandalive.co.kr
Connection: keep-alive
Content-Length: 658
sec-ch-ua: " Not A;Brand";v="99", "Chromium";v="90", "Google Chrome";v="90"
Accept: application/json, text/javascript, */*; q=0.01
sec-ch-ua-mobile: ?0
User-Agent: Mozilla/5.0 (Windows NT 10.0; Win64; x64) AppleWebKit/537.36 (KHTML, like Gecko) Chrome/90.0.4430.212 Safari/537.36
Content-Type: application/x-www-form-urlencoded; charset=UTF-8
Origin: https://www.pandalive.co.kr
Sec-Fetch-Site: same-site
Sec-Fetch-Mode: cors
Sec-Fetch-Dest: empty
Referer: https://www.pandalive.co.kr/
Accept-Encoding: gzip, deflate, br
Accept-Language: en-US,en;q=0.9
Cookie: sessKey=0405b47b57eef9fa67fcf21391c523bd0204753e325a3eb7333f00dd0ca37c09; partner=pandatv; _gcl_au=1.1.925137302.1621252594; appier_utmz=%7B%22csr%22%3A%22www.pandalive.co.kr%22%2C%22timestamp%22%3A1621252594%7D; _atrk_siteuid=MOrHYdvwLDC38zYG; _atrk_ssid=_5DEegvy2BGQP_QOJXIs7O; _atrk_sessidx=1; appier_pv_counterPageView_fc1d=0; appier_page_isView_PageView_fc1d=1aa2f1a20984838737334bf0f37dd45a0236416bd2a1b7090bfd524ea7d546a6; appier_pv_counterViewTwoPages_a9a9=0; appier_page_isView_ViewTwoPages_a9a9=1aa2f1a20984838737334bf0f37dd45a0236416bd2a1b7090bfd524ea7d546a6; _ga=GA1.1.469938623.1621252594; iUUID=fa3b9929bb04085372e2de6bcc8f5857; innity.dmp.806.sess.id=211102082.806.1621252594301; innity.dmp.cks.appxs=1; innity.dmp.cks.innity=1; _wp_uid=1-0de9ff14ea8e66274b1d7c506037d8fc-s1621252615.169441|windows_10|chrome-1m7galj; userLoginIdx=12836893; userLoginYN=Y; userLoginSaveYN=N; 3be3f8e358abbf54cec643229de77fc9e4f3f0bbc9b171580d45d13aaa374c16=irLgFDj39PL6%2BUhgv%2BvsyA%2FIr5dsG2%2Bxx%2B1sqiapkTBw9eQDAnm0tT%2F9VV2GVk%2BrKEe2KilSfjz3mDdpJ5fOTFKa9ODKo9FQDasnfnDZ33JmcqFb47lJcLRri5%2FMHAJ1RFGVs1KhJSR%2FSzA5kRQ10euRgenZ%2FuB3OjOeH6OzPQvhRxAiNzfahmgvDwFjrdWn; userReferer=https%3A%2F%2Fwww.pandalive.co.kr%2F; _ga_W91XDLC3YE=GS1.1.1621252593.1.1.1621252597.0; _ga_NGSHFJTQS1=GS1.1.1621252593.1.1.1621252597.0; innity.dmp.806.sess=2.1621252594301.1621252594301.1621252598222

_i3nY6v7ot9WIAugPuZ6Pj3WlOU=l4rLhe7l8eAhOsWxu2iaCwoN7oA9oB7cYSMlREhciwntGpBDh2QdYtuwbE7tSgsRhq72qyUpn0w0CIkejx_amZ7d7eCcqSqhODglzkZJ8nPI7bT9nQRtaEFiykdMGpLQ8e5gO1WFaCg2SkZQ7pN2Wc5gO2WF7IKiCwXS7d8Po1R_NSuoOEhZSwot7dQIhcQl7tLlbEGiyxrtvpQEXc6k7SodR2AySlsZ4nB5X18sqyLl82iiyldQWn7EbeJ17TkhrDhtSgbRoX4Dna&Yt40SkS4eFP1sNLe4Dna=1621252598&AYohuyc98ugPuZ6Pj3WlOU=adc544ac8743f5fa1d084bff4d5a782e248ce53e86d75538befa4345da3cdccc&yQv1sB81otLfILAZU_XYXoaA=0405b47b57eef9fa67fcf21391c523bd0204753e325a3eb7333f00dd0ca37c09&o3GVexFtLZADj4Idn1w0S34Bzo=292b7bf1aba7ac8abcc8bb0be32fee0a6c9db00eef765234787172a0cb150f6c&YtK1kkS4aBf-Yxfc4Dna=webPc&y6RycBO1oZLfADX_9tKZXoaA=1.0.0
2021-05-17 20:56:38 : POST /live/cache HTTP/1.1
Host: api.pandalive.co.kr
Connection: keep-alive
Content-Length: 909
sec-ch-ua: " Not A;Brand";v="99", "Chromium";v="90", "Google Chrome";v="90"
Accept: application/json, text/javascript, */*; q=0.01
sec-ch-ua-mobile: ?0
User-Agent: Mozilla/5.0 (Windows NT 10.0; Win64; x64) AppleWebKit/537.36 (KHTML, like Gecko) Chrome/90.0.4430.212 Safari/537.36
Content-Type: application/x-www-form-urlencoded; charset=UTF-8
Origin: https://www.pandalive.co.kr
Sec-Fetch-Site: same-site
Sec-Fetch-Mode: cors
Sec-Fetch-Dest: empty
Referer: https://www.pandalive.co.kr/
Accept-Encoding: gzip, deflate, br
Accept-Language: en-US,en;q=0.9
Cookie: sessKey=0405b47b57eef9fa67fcf21391c523bd0204753e325a3eb7333f00dd0ca37c09; partner=pandatv; _gcl_au=1.1.925137302.1621252594; _atrk_siteuid=MOrHYdvwLDC38zYG; _atrk_ssid=_5DEegvy2BGQP_QOJXIs7O; _ga=GA1.1.469938623.1621252594; iUUID=fa3b9929bb04085372e2de6bcc8f5857; innity.dmp.806.sess.id=211102082.806.1621252594301; innity.dmp.cks.appxs=1; innity.dmp.cks.innity=1; _wp_uid=1-0de9ff14ea8e66274b1d7c506037d8fc-s1621252615.169441|windows_10|chrome-1m7galj; userLoginIdx=12836893; userLoginYN=Y; userLoginSaveYN=N; 3be3f8e358abbf54cec643229de77fc9e4f3f0bbc9b171580d45d13aaa374c16=irLgFDj39PL6%2BUhgv%2BvsyA%2FIr5dsG2%2Bxx%2B1sqiapkTBw9eQDAnm0tT%2F9VV2GVk%2BrKEe2KilSfjz3mDdpJ5fOTFKa9ODKo9FQDasnfnDZ33JmcqFb47lJcLRri5%2FMHAJ1RFGVs1KhJSR%2FSzA5kRQ10euRgenZ%2FuB3OjOeH6OzPQvhRxAiNzfahmgvDwFjrdWn; userReferer=https%3A%2F%2Fwww.pandalive.co.kr%2F; _ga_W91XDLC3YE=GS1.1.1621252593.1.1.1621252597.0; _ga_NGSHFJTQS1=GS1.1.1621252593.1.1.1621252597.0; innity.dmp.806.sess=2.1621252594301.1621252594301.1621252598222; appier_utmz=%7B%22csr%22%3A%22www.pandalive.co.kr%22%2C%22timestamp%22%3A1621252594%2C%22lcsr%22%3A%22www.pandalive.co.kr%22%7D; appier_pv_counterPageView_fc1d=1; appier_page_isView_PageView_fc1d=9055efaad168a7c8a207dc9ba07d25d1e999861da0b3e1bbeeb36fc4ff1b4618; appier_pv_counterViewTwoPages_a9a9=1; appier_page_isView_ViewTwoPages_a9a9=9055efaad168a7c8a207dc9ba07d25d1e999861da0b3e1bbeeb36fc4ff1b4618; _atrk_sessidx=3

NgxdaEY0ZX2DdK1XoaA=rankingLive1&Y6K2VQRw0MfwbPfZ4Dna=224&AYNUR1c5v-yi4dNLpZWlOU=126&PL2SAuzDQgv_a4_EcI4Nln1wgRx4Bzo=20&H5XAgw1OdK1zAu2GFv1uthl=ouFtSg_RhqTM8BDsqSOt8DgtSgnRhqLl8eGhOslx8DG6SkcQvoMl8eRhOsW1bE7tSgdRhqLI8bTLnQRtq1EIPgUQ8_7dncDDqQwsNv4Bzo&_i3nY6v7ot9WIAugPuZ6Pj3WlOU=l4rLhe7l8eAhOsWxu2iaCwoN7oA9oB7cYSMlREhciwntGpBDh2QdYtuwbE7tSgsRhq72qyUpn0w0CIkejx_amZ7d7eCcqSqhODglzkZJ8nPI7bT9nQRtaEFiykdMGpLQ8e5gO1WFaCg2SkZQ7pN2Wc5gO2WF7IKiCwXS7d8Po1R_NSuoOEhZSwot7dQIhcQl7tLlbEGiyxrtvpQEXc6k7SodR2AySlsZ4nB5X18sqyLl82iiyldQWn7EbeJ17TkhrDhtSgbRoX4Dna&Yt40SkS4eFP1sNLe4Dna=1621252598&AYohuyc98ugPuZ6Pj3WlOU=adc544ac8743f5fa1d084bff4d5a782e248ce53e86d75538befa4345da3cdccc&yQv1sB81otLfILAZU_XYXoaA=0405b47b57eef9fa67fcf21391c523bd0204753e325a3eb7333f00dd0ca37c09&o3GVexFtLZADj4Idn1w0S34Bzo=292b7bf1aba7ac8abcc8bb0be32fee0a6c9db00eef765234787172a0cb150f6c&YtK1kkS4aBf-Yxfc4Dna=webPc&y6RycBO1oZLfADX_9tKZXoaA=1.0.0
2021-05-17 20:56:38 : POST https://api.pandalive.co.kr/live/cache HTTP/1.1
NgxdaEY0ZX2DdK1XoaA=rankingLive1&Y6K2VQRw0MfwbPfZ4Dna=224&AYNUR1c5v-yi4dNLpZWlOU=126&PL2SAuzDQgv_a4_EcI4Nln1wgRx4Bzo=20&H5XAgw1OdK1zAu2GFv1uthl=ouFtSg_RhqTM8BDsqSOt8DgtSgnRhqLl8eGhOslx8DG6SkcQvoMl8eRhOsW1bE7tSgdRhqLI8bTLnQRtq1EIPgUQ8_7dncDDqQwsNv4Bzo&_i3nY6v7ot9WIAugPuZ6Pj3WlOU=l4rLhe7l8eAhOsWxu2iaCwoN7oA9oB7cYSMlREhciwntGpBDh2QdYtuwbE7tSgsRhq72qyUpn0w0CIkejx_amZ7d7eCcqSqhODglzkZJ8nPI7bT9nQRtaEFiykdMGpLQ8e5gO1WFaCg2SkZQ7pN2Wc5gO2WF7IKiCwXS7d8Po1R_NSuoOEhZSwot7dQIhcQl7tLlbEGiyxrtvpQEXc6k7SodR2AySlsZ4nB5X18sqyLl82iiyldQWn7EbeJ17TkhrDhtSgbRoX4Dna&Yt40SkS4eFP1sNLe4Dna=1621252598&AYohuyc98ugPuZ6Pj3WlOU=adc544ac8743f5fa1d084bff4d5a782e248ce53e86d75538befa4345da3cdccc&yQv1sB81otLfILAZU_XYXoaA=0405b47b57eef9fa67fcf21391c523bd0204753e325a3eb7333f00dd0ca37c09&o3GVexFtLZADj4Idn1w0S34Bzo=292b7bf1aba7ac8abcc8bb0be32fee0a6c9db00eef765234787172a0cb150f6c&YtK1kkS4aBf-Yxfc4Dna=webPc&y6RycBO1oZLfADX_9tKZXoaA=1.0.0
2021-05-17 20:56:38 : POST /live/cache HTTP/1.1
Host: api.pandalive.co.kr
Connection: keep-alive
Content-Length: 911
sec-ch-ua: " Not A;Brand";v="99", "Chromium";v="90", "Google Chrome";v="90"
Accept: application/json, text/javascript, */*; q=0.01
sec-ch-ua-mobile: ?0
User-Agent: Mozilla/5.0 (Windows NT 10.0; Win64; x64) AppleWebKit/537.36 (KHTML, like Gecko) Chrome/90.0.4430.212 Safari/537.36
Content-Type: application/x-www-form-urlencoded; charset=UTF-8
Origin: https://www.pandalive.co.kr
Sec-Fetch-Site: same-site
Sec-Fetch-Mode: cors
Sec-Fetch-Dest: empty
Referer: https://www.pandalive.co.kr/
Accept-Encoding: gzip, deflate, br
Accept-Language: en-US,en;q=0.9
Cookie: sessKey=0405b47b57eef9fa67fcf21391c523bd0204753e325a3eb7333f00dd0ca37c09; partner=pandatv; _gcl_au=1.1.925137302.1621252594; _atrk_siteuid=MOrHYdvwLDC38zYG; _atrk_ssid=_5DEegvy2BGQP_QOJXIs7O; _ga=GA1.1.469938623.1621252594; iUUID=fa3b9929bb04085372e2de6bcc8f5857; innity.dmp.806.sess.id=211102082.806.1621252594301; innity.dmp.cks.appxs=1; innity.dmp.cks.innity=1; _wp_uid=1-0de9ff14ea8e66274b1d7c506037d8fc-s1621252615.169441|windows_10|chrome-1m7galj; userLoginIdx=12836893; userLoginYN=Y; userLoginSaveYN=N; 3be3f8e358abbf54cec643229de77fc9e4f3f0bbc9b171580d45d13aaa374c16=irLgFDj39PL6%2BUhgv%2BvsyA%2FIr5dsG2%2Bxx%2B1sqiapkTBw9eQDAnm0tT%2F9VV2GVk%2BrKEe2KilSfjz3mDdpJ5fOTFKa9ODKo9FQDasnfnDZ33JmcqFb47lJcLRri5%2FMHAJ1RFGVs1KhJSR%2FSzA5kRQ10euRgenZ%2FuB3OjOeH6OzPQvhRxAiNzfahmgvDwFjrdWn; userReferer=https%3A%2F%2Fwww.pandalive.co.kr%2F; _ga_W91XDLC3YE=GS1.1.1621252593.1.1.1621252597.0; _ga_NGSHFJTQS1=GS1.1.1621252593.1.1.1621252597.0; innity.dmp.806.sess=2.1621252594301.1621252594301.1621252598222; appier_utmz=%7B%22csr%22%3A%22www.pandalive.co.kr%22%2C%22timestamp%22%3A1621252594%2C%22lcsr%22%3A%22www.pandalive.co.kr%22%7D; appier_pv_counterPageView_fc1d=1; appier_page_isView_PageView_fc1d=9055efaad168a7c8a207dc9ba07d25d1e999861da0b3e1bbeeb36fc4ff1b4618; appier_pv_counterViewTwoPages_a9a9=1; appier_page_isView_ViewTwoPages_a9a9=9055efaad168a7c8a207dc9ba07d25d1e999861da0b3e1bbeeb36fc4ff1b4618; _atrk_sessidx=3

NgxdaEY0ZX2DdK1XoaA=mainLive&Y6K2VQRw0MfwbPfZ4Dna=224&AYNUR1c5v-yi4dNLpZWlOU=126&PL2SAuzDQgv_a4_EcI4Nln1wgRx4Bzo=15&H5XAgw1OdK1zAu2GFv1uthl=Rx7pVIv2TLOTOd8Eieikby7pVI71TLrQU6Ry7tSggRhqQM8bTLnQRtaEFiykdMGp7l8eFhOsPN8IHDzjWOvoN68cEgqtON8I9DzjdBvtKHGYWlOU&_i3nY6v7ot9WIAugPuZ6Pj3WlOU=l4rLhe7l8eAhOsWxu2iaCwoN7oA9oB7cYSMlREhciwntGpBDh2QdYtuwbE7tSgsRhq72qyUpn0w0CIkejx_amZ7d7eCcqSqhODglzkZJ8nPI7bT9nQRtaEFiykdMGpLQ8e5gO1WFaCg2SkZQ7pN2Wc5gO2WF7IKiCwXS7d8Po1R_NSuoOEhZSwot7dQIhcQl7tLlbEGiyxrtvpQEXc6k7SodR2AySlsZ4nB5X18sqyLl82iiyldQWn7EbeJ17TkhrDhtSgbRoX4Dna&Yt40SkS4eFP1sNLe4Dna=1621252598&AYohuyc98ugPuZ6Pj3WlOU=adc544ac8743f5fa1d084bff4d5a782e248ce53e86d75538befa4345da3cdccc&yQv1sB81otLfILAZU_XYXoaA=0405b47b57eef9fa67fcf21391c523bd0204753e325a3eb7333f00dd0ca37c09&o3GVexFtLZADj4Idn1w0S34Bzo=292b7bf1aba7ac8abcc8bb0be32fee0a6c9db00eef765234787172a0cb150f6c&YtK1kkS4aBf-Yxfc4Dna=webPc&y6RycBO1oZLfADX_9tKZXoaA=1.0.0
2021-05-17 20:56:38 : POST https://api.pandalive.co.kr/live/cache HTTP/1.1
NgxdaEY0ZX2DdK1XoaA=mainLive&Y6K2VQRw0MfwbPfZ4Dna=224&AYNUR1c5v-yi4dNLpZWlOU=126&PL2SAuzDQgv_a4_EcI4Nln1wgRx4Bzo=15&H5XAgw1OdK1zAu2GFv1uthl=Rx7pVIv2TLOTOd8Eieikby7pVI71TLrQU6Ry7tSggRhqQM8bTLnQRtaEFiykdMGp7l8eFhOsPN8IHDzjWOvoN68cEgqtON8I9DzjdBvtKHGYWlOU&_i3nY6v7ot9WIAugPuZ6Pj3WlOU=l4rLhe7l8eAhOsWxu2iaCwoN7oA9oB7cYSMlREhciwntGpBDh2QdYtuwbE7tSgsRhq72qyUpn0w0CIkejx_amZ7d7eCcqSqhODglzkZJ8nPI7bT9nQRtaEFiykdMGpLQ8e5gO1WFaCg2SkZQ7pN2Wc5gO2WF7IKiCwXS7d8Po1R_NSuoOEhZSwot7dQIhcQl7tLlbEGiyxrtvpQEXc6k7SodR2AySlsZ4nB5X18sqyLl82iiyldQWn7EbeJ17TkhrDhtSgbRoX4Dna&Yt40SkS4eFP1sNLe4Dna=1621252598&AYohuyc98ugPuZ6Pj3WlOU=adc544ac8743f5fa1d084bff4d5a782e248ce53e86d75538befa4345da3cdccc&yQv1sB81otLfILAZU_XYXoaA=0405b47b57eef9fa67fcf21391c523bd0204753e325a3eb7333f00dd0ca37c09&o3GVexFtLZADj4Idn1w0S34Bzo=292b7bf1aba7ac8abcc8bb0be32fee0a6c9db00eef765234787172a0cb150f6c&YtK1kkS4aBf-Yxfc4Dna=webPc&y6RycBO1oZLfADX_9tKZXoaA=1.0.0
