2021-05-17 20:59:38 : POST /member/loginInfo HTTP/1.1
Host: api.pandalive.co.kr
Connection: keep-alive
Content-Length: 675
sec-ch-ua: " Not A;Brand";v="99", "Chromium";v="90", "Google Chrome";v="90"
Accept: application/json, text/javascript, */*; q=0.01
sec-ch-ua-mobile: ?0
User-Agent: Mozilla/5.0 (Windows NT 10.0; Win64; x64) AppleWebKit/537.36 (KHTML, like Gecko) Chrome/90.0.4430.212 Safari/537.36
Content-Type: application/x-www-form-urlencoded; charset=UTF-8
Origin: https://www.pandalive.co.kr
Sec-Fetch-Site: same-site
Sec-Fetch-Mode: cors
Sec-Fetch-Dest: empty
Referer: https://www.pandalive.co.kr/
Accept-Encoding: gzip, deflate, br
Accept-Language: en-US,en;q=0.9
Cookie: sessKey=19e4e70e79ae377bf85c8d2ac43adcd34f17389c058786aea6aa062437d6189d; 3be3f8e358abbf54cec643229de77fc9e4f3f0bbc9b171580d45d13aaa374c16=%2F5Gs4wASSzLqMT8H8ntj0Td8GHPWqbrtG%2FoLkL%2F9m2ilHYWsRfqcxNsULjJgWHOnnKTgdzMi8u4BczTX7CQrqMZaksYop98gJiQjaom7uHorJYpylTAp9GsOvZLbhj3rz9VNyQnpttAYnEkYwuAYzeQgeTz1%2FMH5%2BwuPnOCIk3N4DkHzGhBEto5zeDNzbGa%2B; partner=pandatv; userReferer=https%3A%2F%2Fwww.pandalive.co.kr%2Fmember%2Flogin

_i3nY6v7ot9WIAugPuZ6Pj3WlOU=_beHAYZpERF1Dexri4cIRn3TDqQMsaF7gfwZUndAPWBQpNtlxREia9kaS7dBDocPlayUwRDAFykrBvt6HnCTwJ2wkBy6HOgUQ8cPoIZTLrQnx8EE6ClcJhpQWvbBgrTWRBIDezkdMGpLQocFZqQKtax7PzmV1vpQIWcDw7SKtaw7PTgpaGnM2o18kNtodbE6FPlsx4dRthB7sNSvQbChZiknVnp9Dp1UlNtvwBE9wCwZ5vc7whBCs4ykZr1FZix_w4nMI7bTkmQR1ODHaCkVBvtNHGYWlOU&Yt40SkS4eFP1sNLe4Dna=1621252778&AYohuyc98ugPuZ6Pj3WlOU=a47bc3f38aa5b827295ab428d3388d85891480e5d9823a690c63dde466239bbc&yQv1sB81otLfILAZU_XYXoaA=19e4e70e79ae377bf85c8d2ac43adcd34f17389c058786aea6aa062437d6189d&o3GVexFtLZADj4Idn1w0S34Bzo=9204a6d049c2161ca90adc0cec596329992d924c32da9b23fe00aefcb4722c46&YtK1kkS4aBf-Yxfc4Dna=webPc&y6RycBO1oZLfADX_9tKZXoaA=1.0.0
2021-05-17 20:59:41 : POST /member/login HTTP/1.1
Host: api.pandalive.co.kr
Connection: keep-alive
Content-Length: 783
sec-ch-ua: " Not A;Brand";v="99", "Chromium";v="90", "Google Chrome";v="90"
Accept: application/json, text/javascript, */*; q=0.01
sec-ch-ua-mobile: ?0
User-Agent: Mozilla/5.0 (Windows NT 10.0; Win64; x64) AppleWebKit/537.36 (KHTML, like Gecko) Chrome/90.0.4430.212 Safari/537.36
Content-Type: application/x-www-form-urlencoded; charset=UTF-8
Origin: https://www.pandalive.co.kr
Sec-Fetch-Site: same-site
Sec-Fetch-Mode: cors
Sec-Fetch-Dest: empty
Referer: https://www.pandalive.co.kr/
Accept-Encoding: gzip, deflate, br
Accept-Language: en-US,en;q=0.9
Cookie: sessKey=19e4e70e79ae377bf85c8d2ac43adcd34f17389c058786aea6aa062437d6189d; 3be3f8e358abbf54cec643229de77fc9e4f3f0bbc9b171580d45d13aaa374c16=%2F5Gs4wASSzLqMT8H8ntj0Td8GHPWqbrtG%2FoLkL%2F9m2ilHYWsRfqcxNsULjJgWHOnnKTgdzMi8u4BczTX7CQrqMZaksYop98gJiQjaom7uHorJYpylTAp9GsOvZLbhj3rz9VNyQnpttAYnEkYwuAYzeQgeTz1%2FMH5%2BwuPnOCIk3N4DkHzGhBEto5zeDNzbGa%2B; partner=pandatv; userReferer=https%3A%2F%2Fwww.pandalive.co.kr%2Fmember%2Flogin; appier_utmz=%7B%22csr%22%3A%22www.pandalive.co.kr%22%2C%22timestamp%22%3A1621252779%7D; _atrk_siteuid=lUXtV3nMVWq7-bAT; _atrk_ssid=8P85VgDD02LyZhyleaenIV; _atrk_sessidx=1; appier_pv_counterPageView_fc1d=0; appier_page_isView_PageView_fc1d=1aa2f1a20984838737334bf0f37dd45a0236416bd2a1b7090bfd524ea7d546a6; appier_pv_counterViewTwoPages_a9a9=0; appier_page_isView_ViewTwoPages_a9a9=1aa2f1a20984838737334bf0f37dd45a0236416bd2a1b7090bfd524ea7d546a6; _ga_W91XDLC3YE=GS1.1.1621252778.1.0.1621252778.0; _ga=GA1.1.673685175.1621252779; _gcl_au=1.1.368712613.1621252779; _wp_uid=1-dbf13c34f5436cc9dd5d135e174978f7-s1621252799.470882|windows_10|chrome-33v31l; iUUID=e4f68b5f8bd2d1cac3c4b65c882f4563; innity.dmp.806.sess=1.1621252779378.1621252779378.1621252779378; innity.dmp.806.sess.id=29224168.806.1621252779378; innity.dmp.cks.appxs=1; innity.dmp.cks.innity=1; _ga_NGSHFJTQS1=GS1.1.1621252778.1.0.1621252778.0

29X__Q4yowex4Bzo=dada5850&2wqZ_Q4yowex4Bzo=wnstjr123&AYUcv2W9f-yi4dNLpZWlOU=off&o36w9w_N3d85AZ_Q4yowex4Bzo=&_i3nY6v7ot9WIAugPuZ6Pj3WlOU=_beHAYZpERF1Dexri4cIRn3TDqQMsaF7gfwZUndAPWBQpNtlxREia9kaS7dBDocPlayUwRDAFykrBvt6HnCTwJ2wkBy6HOgUQ8cPoIZTLrQnx8EE6ClcJhpQWvbBgrTWRBIDezkdMGpLQocFZqQKtax7PzmV1vpQIWcDw7SKtaw7PTgpaGnM2o18kNtodbE6FPlsx4dRthB7sNSvQbChZiknVnp9Dp1UlNtvwBE9wCwZ5vc7whBCs4ykZr1FZix_w4nMI7bTkmQR1ODHaCkVBvtNHGYWlOU&Yt40SkS4eFP1sNLe4Dna=1621252781&AYohuyc98ugPuZ6Pj3WlOU=a47bc3f38aa5b827295ab428d3388d85891480e5d9823a690c63dde466239bbc&yQv1sB81otLfILAZU_XYXoaA=19e4e70e79ae377bf85c8d2ac43adcd34f17389c058786aea6aa062437d6189d&o3GVexFtLZADj4Idn1w0S34Bzo=9204a6d049c2161ca90adc0cec596329992d924c32da9b23fe00aefcb4722c46&YtK1kkS4aBf-Yxfc4Dna=webPc&y6RycBO1oZLfADX_9tKZXoaA=1.0.0
2021-05-17 20:59:43 : POST /live/cache HTTP/1.1
Host: api.pandalive.co.kr
Connection: keep-alive
Content-Length: 907
sec-ch-ua: " Not A;Brand";v="99", "Chromium";v="90", "Google Chrome";v="90"
Accept: application/json, text/javascript, */*; q=0.01
sec-ch-ua-mobile: ?0
User-Agent: Mozilla/5.0 (Windows NT 10.0; Win64; x64) AppleWebKit/537.36 (KHTML, like Gecko) Chrome/90.0.4430.212 Safari/537.36
Content-Type: application/x-www-form-urlencoded; charset=UTF-8
Origin: https://www.pandalive.co.kr
Sec-Fetch-Site: same-site
Sec-Fetch-Mode: cors
Sec-Fetch-Dest: empty
Referer: https://www.pandalive.co.kr/
Accept-Encoding: gzip, deflate, br
Accept-Language: en-US,en;q=0.9
Cookie: sessKey=19e4e70e79ae377bf85c8d2ac43adcd34f17389c058786aea6aa062437d6189d; partner=pandatv; appier_utmz=%7B%22csr%22%3A%22www.pandalive.co.kr%22%2C%22timestamp%22%3A1621252779%7D; _atrk_siteuid=lUXtV3nMVWq7-bAT; _atrk_ssid=8P85VgDD02LyZhyleaenIV; _atrk_sessidx=1; appier_pv_counterPageView_fc1d=0; appier_page_isView_PageView_fc1d=1aa2f1a20984838737334bf0f37dd45a0236416bd2a1b7090bfd524ea7d546a6; appier_pv_counterViewTwoPages_a9a9=0; appier_page_isView_ViewTwoPages_a9a9=1aa2f1a20984838737334bf0f37dd45a0236416bd2a1b7090bfd524ea7d546a6; _ga=GA1.1.673685175.1621252779; _gcl_au=1.1.368712613.1621252779; _wp_uid=1-dbf13c34f5436cc9dd5d135e174978f7-s1621252799.470882|windows_10|chrome-33v31l; iUUID=e4f68b5f8bd2d1cac3c4b65c882f4563; innity.dmp.806.sess.id=29224168.806.1621252779378; innity.dmp.cks.appxs=1; innity.dmp.cks.innity=1; userLoginIdx=12836893; userLoginYN=Y; userLoginSaveYN=N; 3be3f8e358abbf54cec643229de77fc9e4f3f0bbc9b171580d45d13aaa374c16=5x91AidorO%2FVUEbOvnFhPnmXvhRtPjUfVSM29tvVi7VKMUFDFnOhmIG0Wm3tUsyIeVv1v9%2BLmV9PNf%2BvQYo30USoUo3W6fXCFU3QsBUecTGseQc41uy6tchFgJmiGppRnJvY4ZKpdrxciQhwEOjQISYtQjNh5PnYTdAVckTFxOgcMmT8UOofi3DioohrOhOZ; userReferer=https%3A%2F%2Fwww.pandalive.co.kr%2F; _ga_W91XDLC3YE=GS1.1.1621252778.1.1.1621252782.0; _ga_NGSHFJTQS1=GS1.1.1621252778.1.1.1621252782.0; innity.dmp.806.sess=2.1621252779378.1621252779378.1621252783159

NgxdaEY0ZX2DdK1XoaA=rankingLive1&Y6K2VQRw0MfwbPfZ4Dna=224&AYNUR1c5v-yi4dNLpZWlOU=126&PL2SAuzDQgv_a4_EcI4Nln1wgRx4Bzo=20&H5XAgw1OdK1zAu2GFv1uthl=I08C7aOghSGpTIWBDcqSmx8C72PghMvpVInzTLOSKtNy7PTgdQWn7QbeJg8Zq2BIkej0rFopLt8cAg7SodrEkezxrFhpNl8eUhb3XoaA&_i3nY6v7ot9WIAugPuZ6Pj3WlOU=l4rLhe7l8eAhOsWxu2iaCwoN7oA9oB7cYSMlREhciwntGpBDh2QdYtuwbE7tSgsRhq72qyUpn0w0CIkejx_amZ7d7eCcqSqhODglzkZJ8nPI7bT9nQRtaEFiykdMGpLQ8e5gO1WFNEFxSkZQ7pN2Wc5gO2WF7I9UymcyGcSEoBDwNSwwBD65fwY5noT6ocSANTnZrEA9Ckptfc6DoBSdnSVUO2ixSxr2noO6X2617ZPZr1H6fmcQWn7EbeJ9qtllrDgtSgbRoX4Dna&Yt40SkS4eFP1sNLe4Dna=1621252783&AYohuyc98ugPuZ6Pj3WlOU=2baf4c1bf0c24ddecb7650dd4dda07e27dbc9a23aed9ac571d4ac34423a39bd1&yQv1sB81otLfILAZU_XYXoaA=19e4e70e79ae377bf85c8d2ac43adcd34f17389c058786aea6aa062437d6189d&o3GVexFtLZADj4Idn1w0S34Bzo=e31fa641bdee76d17136da50eca69ed3e4cbbc253726e93ad0ba67484c2a3333&YtK1kkS4aBf-Yxfc4Dna=webPc&y6RycBO1oZLfADX_9tKZXoaA=1.0.0
2021-05-17 20:59:43 : POST https://api.pandalive.co.kr/live/cache HTTP/1.1
NgxdaEY0ZX2DdK1XoaA=rankingLive1&Y6K2VQRw0MfwbPfZ4Dna=224&AYNUR1c5v-yi4dNLpZWlOU=126&PL2SAuzDQgv_a4_EcI4Nln1wgRx4Bzo=20&H5XAgw1OdK1zAu2GFv1uthl=I08C7aOghSGpTIWBDcqSmx8C72PghMvpVInzTLOSKtNy7PTgdQWn7QbeJg8Zq2BIkej0rFopLt8cAg7SodrEkezxrFhpNl8eUhb3XoaA&_i3nY6v7ot9WIAugPuZ6Pj3WlOU=l4rLhe7l8eAhOsWxu2iaCwoN7oA9oB7cYSMlREhciwntGpBDh2QdYtuwbE7tSgsRhq72qyUpn0w0CIkejx_amZ7d7eCcqSqhODglzkZJ8nPI7bT9nQRtaEFiykdMGpLQ8e5gO1WFNEFxSkZQ7pN2Wc5gO2WF7I9UymcyGcSEoBDwNSwwBD65fwY5noT6ocSANTnZrEA9Ckptfc6DoBSdnSVUO2ixSxr2noO6X2617ZPZr1H6fmcQWn7EbeJ9qtllrDgtSgbRoX4Dna&Yt40SkS4eFP1sNLe4Dna=1621252783&AYohuyc98ugPuZ6Pj3WlOU=2baf4c1bf0c24ddecb7650dd4dda07e27dbc9a23aed9ac571d4ac34423a39bd1&yQv1sB81otLfILAZU_XYXoaA=19e4e70e79ae377bf85c8d2ac43adcd34f17389c058786aea6aa062437d6189d&o3GVexFtLZADj4Idn1w0S34Bzo=e31fa641bdee76d17136da50eca69ed3e4cbbc253726e93ad0ba67484c2a3333&YtK1kkS4aBf-Yxfc4Dna=webPc&y6RycBO1oZLfADX_9tKZXoaA=1.0.0
2021-05-17 20:59:43 : POST /live/cache HTTP/1.1
Host: api.pandalive.co.kr
Connection: keep-alive
Content-Length: 914
sec-ch-ua: " Not A;Brand";v="99", "Chromium";v="90", "Google Chrome";v="90"
Accept: application/json, text/javascript, */*; q=0.01
sec-ch-ua-mobile: ?0
User-Agent: Mozilla/5.0 (Windows NT 10.0; Win64; x64) AppleWebKit/537.36 (KHTML, like Gecko) Chrome/90.0.4430.212 Safari/537.36
Content-Type: application/x-www-form-urlencoded; charset=UTF-8
Origin: https://www.pandalive.co.kr
Sec-Fetch-Site: same-site
Sec-Fetch-Mode: cors
Sec-Fetch-Dest: empty
Referer: https://www.pandalive.co.kr/
Accept-Encoding: gzip, deflate, br
Accept-Language: en-US,en;q=0.9
Cookie: sessKey=19e4e70e79ae377bf85c8d2ac43adcd34f17389c058786aea6aa062437d6189d; partner=pandatv; appier_utmz=%7B%22csr%22%3A%22www.pandalive.co.kr%22%2C%22timestamp%22%3A1621252779%7D; _atrk_siteuid=lUXtV3nMVWq7-bAT; _atrk_ssid=8P85VgDD02LyZhyleaenIV; _atrk_sessidx=1; appier_pv_counterPageView_fc1d=0; appier_page_isView_PageView_fc1d=1aa2f1a20984838737334bf0f37dd45a0236416bd2a1b7090bfd524ea7d546a6; appier_pv_counterViewTwoPages_a9a9=0; appier_page_isView_ViewTwoPages_a9a9=1aa2f1a20984838737334bf0f37dd45a0236416bd2a1b7090bfd524ea7d546a6; _ga=GA1.1.673685175.1621252779; _gcl_au=1.1.368712613.1621252779; _wp_uid=1-dbf13c34f5436cc9dd5d135e174978f7-s1621252799.470882|windows_10|chrome-33v31l; iUUID=e4f68b5f8bd2d1cac3c4b65c882f4563; innity.dmp.806.sess.id=29224168.806.1621252779378; innity.dmp.cks.appxs=1; innity.dmp.cks.innity=1; userLoginIdx=12836893; userLoginYN=Y; userLoginSaveYN=N; 3be3f8e358abbf54cec643229de77fc9e4f3f0bbc9b171580d45d13aaa374c16=5x91AidorO%2FVUEbOvnFhPnmXvhRtPjUfVSM29tvVi7VKMUFDFnOhmIG0Wm3tUsyIeVv1v9%2BLmV9PNf%2BvQYo30USoUo3W6fXCFU3QsBUecTGseQc41uy6tchFgJmiGppRnJvY4ZKpdrxciQhwEOjQISYtQjNh5PnYTdAVckTFxOgcMmT8UOofi3DioohrOhOZ; userReferer=https%3A%2F%2Fwww.pandalive.co.kr%2F; _ga_W91XDLC3YE=GS1.1.1621252778.1.1.1621252782.0; _ga_NGSHFJTQS1=GS1.1.1621252778.1.1.1621252782.0; innity.dmp.806.sess=2.1621252779378.1621252779378.1621252783159

NgxdaEY0ZX2DdK1XoaA=mainLive&Y6K2VQRw0MfwbPfZ4Dna=224&AYNUR1c5v-yi4dNLpZWlOU=126&PL2SAuzDQgv_a4_EcI4Nln1wgRx4Bzo=15&H5XAgw1OdK1zAu2GFv1uthl=BCIFiykdMGpLQocTDqQPsaFFtSg_RhqOQobDsqSOt8DgtSgnRhq76AzGhrTWBBID6ikUQ8d7dnc5gb0WFNEFxSkZQ7pN2Wc5gOZWFqDgtSghRoX4Dna&_i3nY6v7ot9WIAugPuZ6Pj3WlOU=l4rLhe7l8eAhOsWxu2iaCwoN7oA9oB7cYSMlREhciwntGpBDh2QdYtuwbE7tSgsRhq72qyUpn0w0CIkejx_amZ7d7eCcqSqhODglzkZJ8nPI7bT9nQRtaEFiykdMGpLQ8e5gO1WFNEFxSkZQ7pN2Wc5gO2WF7I9UymcyGcSEoBDwNSwwBD65fwY5noT6ocSANTnZrEA9Ckptfc6DoBSdnSVUO2ixSxr2noO6X2617ZPZr1H6fmcQWn7EbeJ9qtllrDgtSgbRoX4Dna&Yt40SkS4eFP1sNLe4Dna=1621252783&AYohuyc98ugPuZ6Pj3WlOU=2baf4c1bf0c24ddecb7650dd4dda07e27dbc9a23aed9ac571d4ac34423a39bd1&yQv1sB81otLfILAZU_XYXoaA=19e4e70e79ae377bf85c8d2ac43adcd34f17389c058786aea6aa062437d6189d&o3GVexFtLZADj4Idn1w0S34Bzo=e31fa641bdee76d17136da50eca69ed3e4cbbc253726e93ad0ba67484c2a3333&YtK1kkS4aBf-Yxfc4Dna=webPc&y6RycBO1oZLfADX_9tKZXoaA=1.0.0
2021-05-17 20:59:43 : POST https://api.pandalive.co.kr/live/cache HTTP/1.1
NgxdaEY0ZX2DdK1XoaA=mainLive&Y6K2VQRw0MfwbPfZ4Dna=224&AYNUR1c5v-yi4dNLpZWlOU=126&PL2SAuzDQgv_a4_EcI4Nln1wgRx4Bzo=15&H5XAgw1OdK1zAu2GFv1uthl=BCIFiykdMGpLQocTDqQPsaFFtSg_RhqOQobDsqSOt8DgtSgnRhq76AzGhrTWBBID6ikUQ8d7dnc5gb0WFNEFxSkZQ7pN2Wc5gOZWFqDgtSghRoX4Dna&_i3nY6v7ot9WIAugPuZ6Pj3WlOU=l4rLhe7l8eAhOsWxu2iaCwoN7oA9oB7cYSMlREhciwntGpBDh2QdYtuwbE7tSgsRhq72qyUpn0w0CIkejx_amZ7d7eCcqSqhODglzkZJ8nPI7bT9nQRtaEFiykdMGpLQ8e5gO1WFNEFxSkZQ7pN2Wc5gO2WF7I9UymcyGcSEoBDwNSwwBD65fwY5noT6ocSANTnZrEA9Ckptfc6DoBSdnSVUO2ixSxr2noO6X2617ZPZr1H6fmcQWn7EbeJ9qtllrDgtSgbRoX4Dna&Yt40SkS4eFP1sNLe4Dna=1621252783&AYohuyc98ugPuZ6Pj3WlOU=2baf4c1bf0c24ddecb7650dd4dda07e27dbc9a23aed9ac571d4ac34423a39bd1&yQv1sB81otLfILAZU_XYXoaA=19e4e70e79ae377bf85c8d2ac43adcd34f17389c058786aea6aa062437d6189d&o3GVexFtLZADj4Idn1w0S34Bzo=e31fa641bdee76d17136da50eca69ed3e4cbbc253726e93ad0ba67484c2a3333&YtK1kkS4aBf-Yxfc4Dna=webPc&y6RycBO1oZLfADX_9tKZXoaA=1.0.0
2021-05-17 20:59:43 : POST /member/loginInfo HTTP/1.1
Host: api.pandalive.co.kr
Connection: keep-alive
Content-Length: 658
sec-ch-ua: " Not A;Brand";v="99", "Chromium";v="90", "Google Chrome";v="90"
Accept: application/json, text/javascript, */*; q=0.01
sec-ch-ua-mobile: ?0
User-Agent: Mozilla/5.0 (Windows NT 10.0; Win64; x64) AppleWebKit/537.36 (KHTML, like Gecko) Chrome/90.0.4430.212 Safari/537.36
Content-Type: application/x-www-form-urlencoded; charset=UTF-8
Origin: https://www.pandalive.co.kr
Sec-Fetch-Site: same-site
Sec-Fetch-Mode: cors
Sec-Fetch-Dest: empty
Referer: https://www.pandalive.co.kr/
Accept-Encoding: gzip, deflate, br
Accept-Language: en-US,en;q=0.9
Cookie: sessKey=19e4e70e79ae377bf85c8d2ac43adcd34f17389c058786aea6aa062437d6189d; partner=pandatv; appier_utmz=%7B%22csr%22%3A%22www.pandalive.co.kr%22%2C%22timestamp%22%3A1621252779%7D; _atrk_siteuid=lUXtV3nMVWq7-bAT; _atrk_ssid=8P85VgDD02LyZhyleaenIV; _atrk_sessidx=1; appier_pv_counterPageView_fc1d=0; appier_page_isView_PageView_fc1d=1aa2f1a20984838737334bf0f37dd45a0236416bd2a1b7090bfd524ea7d546a6; appier_pv_counterViewTwoPages_a9a9=0; appier_page_isView_ViewTwoPages_a9a9=1aa2f1a20984838737334bf0f37dd45a0236416bd2a1b7090bfd524ea7d546a6; _ga=GA1.1.673685175.1621252779; _gcl_au=1.1.368712613.1621252779; _wp_uid=1-dbf13c34f5436cc9dd5d135e174978f7-s1621252799.470882|windows_10|chrome-33v31l; iUUID=e4f68b5f8bd2d1cac3c4b65c882f4563; innity.dmp.806.sess.id=29224168.806.1621252779378; innity.dmp.cks.appxs=1; innity.dmp.cks.innity=1; userLoginIdx=12836893; userLoginYN=Y; userLoginSaveYN=N; 3be3f8e358abbf54cec643229de77fc9e4f3f0bbc9b171580d45d13aaa374c16=5x91AidorO%2FVUEbOvnFhPnmXvhRtPjUfVSM29tvVi7VKMUFDFnOhmIG0Wm3tUsyIeVv1v9%2BLmV9PNf%2BvQYo30USoUo3W6fXCFU3QsBUecTGseQc41uy6tchFgJmiGppRnJvY4ZKpdrxciQhwEOjQISYtQjNh5PnYTdAVckTFxOgcMmT8UOofi3DioohrOhOZ; userReferer=https%3A%2F%2Fwww.pandalive.co.kr%2F; _ga_W91XDLC3YE=GS1.1.1621252778.1.1.1621252782.0; _ga_NGSHFJTQS1=GS1.1.1621252778.1.1.1621252782.0; innity.dmp.806.sess=2.1621252779378.1621252779378.1621252783159

_i3nY6v7ot9WIAugPuZ6Pj3WlOU=l4rLhe7l8eAhOsWxu2iaCwoN7oA9oB7cYSMlREhciwntGpBDh2QdYtuwbE7tSgsRhq72qyUpn0w0CIkejx_amZ7d7eCcqSqhODglzkZJ8nPI7bT9nQRtaEFiykdMGpLQ8e5gO1WFNEFxSkZQ7pN2Wc5gO2WF7I9UymcyGcSEoBDwNSwwBD65fwY5noT6ocSANTnZrEA9Ckptfc6DoBSdnSVUO2ixSxr2noO6X2617ZPZr1H6fmcQWn7EbeJ9qtllrDgtSgbRoX4Dna&Yt40SkS4eFP1sNLe4Dna=1621252783&AYohuyc98ugPuZ6Pj3WlOU=2baf4c1bf0c24ddecb7650dd4dda07e27dbc9a23aed9ac571d4ac34423a39bd1&yQv1sB81otLfILAZU_XYXoaA=19e4e70e79ae377bf85c8d2ac43adcd34f17389c058786aea6aa062437d6189d&o3GVexFtLZADj4Idn1w0S34Bzo=e31fa641bdee76d17136da50eca69ed3e4cbbc253726e93ad0ba67484c2a3333&YtK1kkS4aBf-Yxfc4Dna=webPc&y6RycBO1oZLfADX_9tKZXoaA=1.0.0
